[ 2017-02-07T15:27:10+08:00 ] 127.0.0.1 /Home/Index/tmpData
INFO: [ app_init ] --START--
INFO: Run Behavior\BuildLiteBehavior [ RunTime:0.000000s ]
INFO: [ app_init ] --END-- [ RunTime:0.016001s ]
INFO: [ app_begin ] --START--
INFO: Run Behavior\ReadHtmlCacheBehavior [ RunTime:0.002000s ]
INFO: Run Behavior\CheckLangBehavior [ RunTime:0.024002s ]
INFO: [ app_begin ] --END-- [ RunTime:0.027002s ]
NOTIC: [8192] mysql_connect(): The mysql extension is deprecated and will be removed in the future: use mysqli or PDO instead D:\xampp\htdocs\myShop\Application\Home\Controller\IndexController.class.php 第 19 行.
NOTIC: [2] mysql_connect():  D:\xampp\htdocs\myShop\Application\Home\Controller\IndexController.class.php 第 19 行.

[ 2017-02-07T15:32:35+08:00 ] 127.0.0.1 /Home/Index/tmpData
INFO: [ app_init ] --START--
INFO: Run Behavior\BuildLiteBehavior [ RunTime:0.000000s ]
INFO: [ app_init ] --END-- [ RunTime:0.000000s ]
INFO: [ app_begin ] --START--
INFO: Run Behavior\ReadHtmlCacheBehavior [ RunTime:0.002001s ]
INFO: Run Behavior\CheckLangBehavior [ RunTime:0.119006s ]
INFO: [ app_begin ] --END-- [ RunTime:0.121007s ]
NOTIC: [8192] mysql_connect(): The mysql extension is deprecated and will be removed in the future: use mysqli or PDO instead D:\xampp\htdocs\myShop\Application\Home\Controller\IndexController.class.php 第 19 行.
NOTIC: [2] mysql_connect():  D:\xampp\htdocs\myShop\Application\Home\Controller\IndexController.class.php 第 19 行.

[ 2017-02-07T15:32:39+08:00 ] 127.0.0.1 /Home/Index/tmpData
INFO: [ app_init ] --START--
INFO: Run Behavior\BuildLiteBehavior [ RunTime:0.000000s ]
INFO: [ app_init ] --END-- [ RunTime:0.000000s ]
INFO: [ app_begin ] --START--
INFO: Run Behavior\ReadHtmlCacheBehavior [ RunTime:0.001000s ]
INFO: Run Behavior\CheckLangBehavior [ RunTime:0.001000s ]
INFO: [ app_begin ] --END-- [ RunTime:0.002000s ]
NOTIC: [8192] mysql_connect(): The mysql extension is deprecated and will be removed in the future: use mysqli or PDO instead D:\xampp\htdocs\myShop\Application\Home\Controller\IndexController.class.php 第 19 行.
NOTIC: [2] mysql_connect():  D:\xampp\htdocs\myShop\Application\Home\Controller\IndexController.class.php 第 19 行.

[ 2017-02-07T15:56:35+08:00 ] 127.0.0.1 /Home/Index/tmpData
INFO: [ app_init ] --START--
INFO: Run Behavior\BuildLiteBehavior [ RunTime:0.000000s ]
INFO: [ app_init ] --END-- [ RunTime:0.000000s ]
INFO: [ app_begin ] --START--
INFO: Run Behavior\ReadHtmlCacheBehavior [ RunTime:0.001000s ]
INFO: Run Behavior\CheckLangBehavior [ RunTime:0.067004s ]
INFO: [ app_begin ] --END-- [ RunTime:0.069004s ]
NOTIC: [8192] mysql_connect(): The mysql extension is deprecated and will be removed in the future: use mysqli or PDO instead D:\xampp\htdocs\myShop\Application\Home\Controller\IndexController.class.php 第 19 行.
NOTIC: [2] mysql_fetch_assoc() expects parameter 1 to be resource, boolean given D:\xampp\htdocs\myShop\Application\Home\Controller\IndexController.class.php 第 24 行.
INFO: [ app_end ] --START--
INFO: Run Behavior\ShowPageTraceBehavior [ RunTime:0.010001s ]
INFO: [ app_end ] --END-- [ RunTime:0.010001s ]

[ 2017-02-07T15:56:38+08:00 ] 127.0.0.1 /Home/Index/tmpData
INFO: [ app_init ] --START--
INFO: Run Behavior\BuildLiteBehavior [ RunTime:0.000000s ]
INFO: [ app_init ] --END-- [ RunTime:0.000000s ]
INFO: [ app_begin ] --START--
INFO: Run Behavior\ReadHtmlCacheBehavior [ RunTime:0.001000s ]
INFO: Run Behavior\CheckLangBehavior [ RunTime:0.002000s ]
INFO: [ app_begin ] --END-- [ RunTime:0.003000s ]
NOTIC: [8192] mysql_connect(): The mysql extension is deprecated and will be removed in the future: use mysqli or PDO instead D:\xampp\htdocs\myShop\Application\Home\Controller\IndexController.class.php 第 19 行.
NOTIC: [2] mysql_fetch_assoc() expects parameter 1 to be resource, boolean given D:\xampp\htdocs\myShop\Application\Home\Controller\IndexController.class.php 第 24 行.
INFO: [ app_end ] --START--
INFO: Run Behavior\ShowPageTraceBehavior [ RunTime:0.000000s ]
INFO: [ app_end ] --END-- [ RunTime:0.001000s ]

[ 2017-02-07T15:56:52+08:00 ] 127.0.0.1 /Home/Index/tmpData
INFO: [ app_init ] --START--
INFO: Run Behavior\BuildLiteBehavior [ RunTime:0.000000s ]
INFO: [ app_init ] --END-- [ RunTime:0.000000s ]
INFO: [ app_begin ] --START--
INFO: Run Behavior\ReadHtmlCacheBehavior [ RunTime:0.001000s ]
INFO: Run Behavior\CheckLangBehavior [ RunTime:0.001000s ]
INFO: [ app_begin ] --END-- [ RunTime:0.002000s ]
NOTIC: [8192] mysql_connect(): The mysql extension is deprecated and will be removed in the future: use mysqli or PDO instead D:\xampp\htdocs\myShop\Application\Home\Controller\IndexController.class.php 第 19 行.
NOTIC: [2] mysql_fetch_assoc() expects parameter 1 to be resource, boolean given D:\xampp\htdocs\myShop\Application\Home\Controller\IndexController.class.php 第 24 行.
INFO: [ app_end ] --START--
INFO: Run Behavior\ShowPageTraceBehavior [ RunTime:0.001000s ]
INFO: [ app_end ] --END-- [ RunTime:0.001000s ]

[ 2017-02-07T15:56:53+08:00 ] 127.0.0.1 /Home/Index/tmpData
INFO: [ app_init ] --START--
INFO: Run Behavior\BuildLiteBehavior [ RunTime:0.000000s ]
INFO: [ app_init ] --END-- [ RunTime:0.000000s ]
INFO: [ app_begin ] --START--
INFO: Run Behavior\ReadHtmlCacheBehavior [ RunTime:0.001000s ]
INFO: Run Behavior\CheckLangBehavior [ RunTime:0.001000s ]
INFO: [ app_begin ] --END-- [ RunTime:0.002000s ]
NOTIC: [8192] mysql_connect(): The mysql extension is deprecated and will be removed in the future: use mysqli or PDO instead D:\xampp\htdocs\myShop\Application\Home\Controller\IndexController.class.php 第 19 行.
NOTIC: [2] mysql_fetch_assoc() expects parameter 1 to be resource, boolean given D:\xampp\htdocs\myShop\Application\Home\Controller\IndexController.class.php 第 24 行.
INFO: [ app_end ] --START--
INFO: Run Behavior\ShowPageTraceBehavior [ RunTime:0.001000s ]
INFO: [ app_end ] --END-- [ RunTime:0.001000s ]

[ 2017-02-07T15:56:53+08:00 ] 127.0.0.1 /Home/Index/tmpData
INFO: [ app_init ] --START--
INFO: Run Behavior\BuildLiteBehavior [ RunTime:0.000000s ]
INFO: [ app_init ] --END-- [ RunTime:0.000000s ]
INFO: [ app_begin ] --START--
INFO: Run Behavior\ReadHtmlCacheBehavior [ RunTime:0.001000s ]
INFO: Run Behavior\CheckLangBehavior [ RunTime:0.002000s ]
INFO: [ app_begin ] --END-- [ RunTime:0.003000s ]
NOTIC: [8192] mysql_connect(): The mysql extension is deprecated and will be removed in the future: use mysqli or PDO instead D:\xampp\htdocs\myShop\Application\Home\Controller\IndexController.class.php 第 19 行.
NOTIC: [2] mysql_fetch_assoc() expects parameter 1 to be resource, boolean given D:\xampp\htdocs\myShop\Application\Home\Controller\IndexController.class.php 第 24 行.
INFO: [ app_end ] --START--
INFO: Run Behavior\ShowPageTraceBehavior [ RunTime:0.004000s ]
INFO: [ app_end ] --END-- [ RunTime:0.004000s ]

[ 2017-02-07T15:56:53+08:00 ] 127.0.0.1 /Home/Index/tmpData
INFO: [ app_init ] --START--
INFO: Run Behavior\BuildLiteBehavior [ RunTime:0.000000s ]
INFO: [ app_init ] --END-- [ RunTime:0.000000s ]
INFO: [ app_begin ] --START--
INFO: Run Behavior\ReadHtmlCacheBehavior [ RunTime:0.000000s ]
INFO: Run Behavior\CheckLangBehavior [ RunTime:0.001000s ]
INFO: [ app_begin ] --END-- [ RunTime:0.002000s ]
NOTIC: [8192] mysql_connect(): The mysql extension is deprecated and will be removed in the future: use mysqli or PDO instead D:\xampp\htdocs\myShop\Application\Home\Controller\IndexController.class.php 第 19 行.
NOTIC: [2] mysql_fetch_assoc() expects parameter 1 to be resource, boolean given D:\xampp\htdocs\myShop\Application\Home\Controller\IndexController.class.php 第 24 行.
INFO: [ app_end ] --START--
INFO: Run Behavior\ShowPageTraceBehavior [ RunTime:0.001000s ]
INFO: [ app_end ] --END-- [ RunTime:0.001000s ]

[ 2017-02-07T15:56:53+08:00 ] 127.0.0.1 /Home/Index/tmpData
INFO: [ app_init ] --START--
INFO: Run Behavior\BuildLiteBehavior [ RunTime:0.000000s ]
INFO: [ app_init ] --END-- [ RunTime:0.001000s ]
INFO: [ app_begin ] --START--
INFO: Run Behavior\ReadHtmlCacheBehavior [ RunTime:0.003000s ]
INFO: Run Behavior\CheckLangBehavior [ RunTime:0.003000s ]
INFO: [ app_begin ] --END-- [ RunTime:0.006000s ]
NOTIC: [8192] mysql_connect(): The mysql extension is deprecated and will be removed in the future: use mysqli or PDO instead D:\xampp\htdocs\myShop\Application\Home\Controller\IndexController.class.php 第 19 行.
NOTIC: [2] mysql_fetch_assoc() expects parameter 1 to be resource, boolean given D:\xampp\htdocs\myShop\Application\Home\Controller\IndexController.class.php 第 24 行.
INFO: [ app_end ] --START--
INFO: Run Behavior\ShowPageTraceBehavior [ RunTime:0.001001s ]
INFO: [ app_end ] --END-- [ RunTime:0.001001s ]

[ 2017-02-07T15:56:54+08:00 ] 127.0.0.1 /Home/Index/tmpData
INFO: [ app_init ] --START--
INFO: Run Behavior\BuildLiteBehavior [ RunTime:0.000000s ]
INFO: [ app_init ] --END-- [ RunTime:0.000000s ]
INFO: [ app_begin ] --START--
INFO: Run Behavior\ReadHtmlCacheBehavior [ RunTime:0.001000s ]
INFO: Run Behavior\CheckLangBehavior [ RunTime:0.001000s ]
INFO: [ app_begin ] --END-- [ RunTime:0.002000s ]
NOTIC: [8192] mysql_connect(): The mysql extension is deprecated and will be removed in the future: use mysqli or PDO instead D:\xampp\htdocs\myShop\Application\Home\Controller\IndexController.class.php 第 19 行.
NOTIC: [2] mysql_fetch_assoc() expects parameter 1 to be resource, boolean given D:\xampp\htdocs\myShop\Application\Home\Controller\IndexController.class.php 第 24 行.
INFO: [ app_end ] --START--
INFO: Run Behavior\ShowPageTraceBehavior [ RunTime:0.001000s ]
INFO: [ app_end ] --END-- [ RunTime:0.001000s ]

[ 2017-02-07T18:30:52+08:00 ] 127.0.0.1 /Home/Index/tmpData
INFO: [ app_init ] --START--
INFO: Run Behavior\BuildLiteBehavior [ RunTime:0.000000s ]
INFO: [ app_init ] --END-- [ RunTime:0.000000s ]
INFO: [ app_begin ] --START--
INFO: Run Behavior\ReadHtmlCacheBehavior [ RunTime:0.001000s ]
INFO: Run Behavior\CheckLangBehavior [ RunTime:0.018001s ]
INFO: [ app_begin ] --END-- [ RunTime:0.020001s ]
NOTIC: [8192] mysql_connect(): The mysql extension is deprecated and will be removed in the future: use mysqli or PDO instead D:\xampp\htdocs\myShop\Application\Home\Controller\IndexController.class.php 第 19 行.
INFO: [ app_end ] --START--
INFO: Run Behavior\ShowPageTraceBehavior [ RunTime:0.235013s ]
INFO: [ app_end ] --END-- [ RunTime:0.235013s ]

[ 2017-02-07T18:33:26+08:00 ] 127.0.0.1 /Home/Index/tmpData
INFO: [ app_init ] --START--
INFO: Run Behavior\BuildLiteBehavior [ RunTime:0.000000s ]
INFO: [ app_init ] --END-- [ RunTime:0.000000s ]
INFO: [ app_begin ] --START--
INFO: Run Behavior\ReadHtmlCacheBehavior [ RunTime:0.001000s ]
INFO: Run Behavior\CheckLangBehavior [ RunTime:0.001000s ]
INFO: [ app_begin ] --END-- [ RunTime:0.002000s ]
NOTIC: [8192] mysql_connect(): The mysql extension is deprecated and will be removed in the future: use mysqli or PDO instead D:\xampp\htdocs\myShop\Application\Home\Controller\IndexController.class.php 第 19 行.
INFO: [ app_end ] --START--
INFO: Run Behavior\ShowPageTraceBehavior [ RunTime:0.001000s ]
INFO: [ app_end ] --END-- [ RunTime:0.001000s ]

