[ 2017-06-15T08:57:21+08:00 ] 127.0.0.1 /index.php/Index/goods/id/5.html
INFO: [ app_init ] --START--
INFO: Run Behavior\BuildLiteBehavior [ RunTime:0.000000s ]
INFO: [ app_init ] --END-- [ RunTime:0.001000s ]
INFO: [ app_begin ] --START--
INFO: Run Behavior\ReadHtmlCacheBehavior [ RunTime:0.200012s ]
INFO: [ app_begin ] --END-- [ RunTime:0.200012s ]
SQL: SHOW COLUMNS FROM `php34_goods` [ RunTime:0.0330s ]
SQL: SELECT * FROM `php34_goods` WHERE `id` = 5 LIMIT 1   [ RunTime:0.0310s ]
SQL: SHOW COLUMNS FROM `php34_goods_pics` [ RunTime:0.0320s ]
SQL: SELECT * FROM `php34_goods_pics` WHERE `goods_id` = '5'  [ RunTime:0.0300s ]
SQL: SHOW COLUMNS FROM `php34_goods_attr` [ RunTime:0.0310s ]
SQL: SELECT a.*,b.attr_name FROM php34_goods_attr a LEFT JOIN php34_attribute b ON a.attr_id=b.id  WHERE a.goods_id = '5' AND b.attr_type = 1  [ RunTime:0.0330s ]
SQL: SELECT a.*,b.attr_name FROM php34_goods_attr a LEFT JOIN php34_attribute b ON a.attr_id=b.id  WHERE a.goods_id = '5' AND b.attr_type = 0  [ RunTime:0.0300s ]
SQL: SHOW COLUMNS FROM `php34_category` [ RunTime:0.0340s ]
SQL: SELECT * FROM `php34_category`  [ RunTime:0.0290s ]
INFO: [ view_parse ] --START--
NOTIC: [2] file_get_contents(./Application/Home/View/Layout/footer.html): failed to open stream: No such file or directory D:\xampp\htdocs\shop\ThinkPHP\Library\Think\Template.class.php 第 696 行.
INFO: [ template_filter ] --START--
INFO: Run Behavior\ContentReplaceBehavior [ RunTime:0.001000s ]
INFO: [ template_filter ] --END-- [ RunTime:0.002000s ]
NOTIC: [2] Missing argument 3 for showImage(), called in D:\xampp\htdocs\shop\Application\Runtime\Cache\Home\862a52d698112494831f0f0bc6d3727d.php on line 348 and defined D:\xampp\htdocs\shop\Application\Common\Common\function.php 第 447 行.
NOTIC: [8] Undefined variable: height D:\xampp\htdocs\shop\Application\Common\Common\function.php 第 450 行.
NOTIC: [8] Undefined variable: height D:\xampp\htdocs\shop\Application\Common\Common\function.php 第 451 行.
NOTIC: [2] Missing argument 2 for showImage(), called in D:\xampp\htdocs\shop\Application\Runtime\Cache\Home\862a52d698112494831f0f0bc6d3727d.php on line 360 and defined D:\xampp\htdocs\shop\Application\Common\Common\function.php 第 447 行.
NOTIC: [2] Missing argument 3 for showImage(), called in D:\xampp\htdocs\shop\Application\Runtime\Cache\Home\862a52d698112494831f0f0bc6d3727d.php on line 360 and defined D:\xampp\htdocs\shop\Application\Common\Common\function.php 第 447 行.
NOTIC: [8] Undefined variable: width D:\xampp\htdocs\shop\Application\Common\Common\function.php 第 449 行.
NOTIC: [8] Undefined variable: height D:\xampp\htdocs\shop\Application\Common\Common\function.php 第 450 行.
NOTIC: [8] Undefined variable: width D:\xampp\htdocs\shop\Application\Common\Common\function.php 第 451 行.
NOTIC: [8] Undefined variable: height D:\xampp\htdocs\shop\Application\Common\Common\function.php 第 451 行.
INFO: Run Behavior\ParseTemplateBehavior [ RunTime:0.167010s ]
INFO: [ view_parse ] --END-- [ RunTime:0.167010s ]
INFO: [ view_filter ] --START--
INFO: Run Behavior\WriteHtmlCacheBehavior [ RunTime:0.013000s ]
INFO: [ view_filter ] --END-- [ RunTime:0.013000s ]
INFO: [ app_end ] --START--
INFO: Run Behavior\ShowPageTraceBehavior [ RunTime:0.013001s ]
INFO: [ app_end ] --END-- [ RunTime:0.013001s ]

[ 2017-06-15T08:57:28+08:00 ] 127.0.0.1 /index.php/Index/goods/id/5.html
INFO: [ app_init ] --START--
INFO: Run Behavior\BuildLiteBehavior [ RunTime:0.000000s ]
INFO: [ app_init ] --END-- [ RunTime:0.000000s ]
INFO: [ app_begin ] --START--

[ 2017-06-15T08:57:29+08:00 ] 127.0.0.1 /Public/Home/images/zoomloader.gif
INFO: [ app_init ] --START--
INFO: Run Behavior\BuildLiteBehavior [ RunTime:0.000000s ]
INFO: [ app_init ] --END-- [ RunTime:0.000000s ]

[ 2017-06-15T08:57:29+08:00 ] 127.0.0.1 /Home/Index/ajaxGetPrice/goods_id/5.html
INFO: [ app_init ] --START--
INFO: Run Behavior\BuildLiteBehavior [ RunTime:0.000000s ]
INFO: [ app_init ] --END-- [ RunTime:0.000000s ]
INFO: [ app_begin ] --START--
INFO: Run Behavior\ReadHtmlCacheBehavior [ RunTime:0.000000s ]
INFO: [ app_begin ] --END-- [ RunTime:0.000000s ]
SQL: SHOW COLUMNS FROM `php34_goods` [ RunTime:0.0560s ]
SQL: SELECT `shop_price`,`is_promote`,`promote_price`,`promote_start_time`,`promote_end_time` FROM `php34_goods` WHERE `id` = 5 LIMIT 1   [ RunTime:0.0620s ]

[ 2017-06-15T08:57:29+08:00 ] 127.0.0.1 /Home/Index/ajaxGetRecentDisGoods.html
INFO: [ app_init ] --START--
INFO: Run Behavior\BuildLiteBehavior [ RunTime:0.000000s ]
INFO: [ app_init ] --END-- [ RunTime:0.000000s ]
INFO: [ app_begin ] --START--
INFO: Run Behavior\ReadHtmlCacheBehavior [ RunTime:0.001001s ]
INFO: [ app_begin ] --END-- [ RunTime:0.001001s ]
INFO: [ app_end ] --START--
INFO: Run Behavior\ShowPageTraceBehavior [ RunTime:0.000000s ]
INFO: [ app_end ] --END-- [ RunTime:0.000000s ]

[ 2017-06-15T08:57:29+08:00 ] 127.0.0.1 /Home/Index/ajaxGetComment?goods_id=5
INFO: [ app_init ] --START--
INFO: Run Behavior\BuildLiteBehavior [ RunTime:0.000000s ]
INFO: [ app_init ] --END-- [ RunTime:0.000000s ]
INFO: [ app_begin ] --START--
INFO: Run Behavior\ReadHtmlCacheBehavior [ RunTime:0.001000s ]
INFO: [ app_begin ] --END-- [ RunTime:0.001000s ]
INFO: [ app_end ] --START--
INFO: Run Behavior\ShowPageTraceBehavior [ RunTime:0.001000s ]
INFO: [ app_end ] --END-- [ RunTime:0.001000s ]

[ 2017-06-15T08:57:30+08:00 ] 127.0.0.1 /Home/Member/ajaxChkLogin.html
INFO: [ app_init ] --START--
INFO: Run Behavior\BuildLiteBehavior [ RunTime:0.000000s ]
INFO: [ app_init ] --END-- [ RunTime:0.000000s ]
INFO: [ app_begin ] --START--
INFO: Run Behavior\ReadHtmlCacheBehavior [ RunTime:0.001000s ]
INFO: [ app_begin ] --END-- [ RunTime:0.001000s ]

