[ 2017-06-01T09:36:57+08:00 ] 127.0.0.1 /Home/Index/index
INFO: [ app_init ] --START--
INFO: Run Behavior\BuildLiteBehavior [ RunTime:0.000000s ]
INFO: [ app_init ] --END-- [ RunTime:0.000000s ]
INFO: [ app_begin ] --START--
INFO: Run Behavior\ReadHtmlCacheBehavior [ RunTime:0.055003s ]
INFO: [ app_begin ] --END-- [ RunTime:0.056003s ]
SQL: SHOW COLUMNS FROM `php34_goods` [ RunTime:0.0820s ]
SQL: SELECT `id`,`goods_name`,`promote_price`,`sm_logo` FROM `php34_goods` WHERE `is_on_sale` = 1 AND `is_delete` = 0 AND `is_promote` = 1 AND `promote_start_time` <= 1496281016 AND `promote_end_time` >= 1496281016 ORDER BY sort_num ASC LIMIT 5   [ RunTime:0.0340s ]
SQL: SELECT `id`,`goods_name`,`shop_price`,`sm_logo` FROM `php34_goods` WHERE `is_on_sale` = 1 AND `is_delete` = 0 AND `is_hot` = 1 ORDER BY sort_num ASC LIMIT 5   [ RunTime:0.0350s ]
SQL: SELECT `id`,`goods_name`,`shop_price`,`sm_logo` FROM `php34_goods` WHERE `is_on_sale` = 1 AND `is_delete` = 0 AND `is_best` = 1 ORDER BY sort_num asc LIMIT 5   [ RunTime:0.0430s ]
SQL: SELECT `id`,`goods_name`,`shop_price`,`sm_logo` FROM `php34_goods` WHERE `is_on_sale` = 1 AND `is_delete` = 0 AND `is_new` = 1 ORDER BY sort_num desc LIMIT 5   [ RunTime:0.0480s ]
SQL: SHOW COLUMNS FROM `php34_category` [ RunTime:0.0300s ]
SQL: SELECT * FROM `php34_category`  [ RunTime:0.0350s ]
INFO: [ view_parse ] --START--
INFO: [ template_filter ] --START--
INFO: Run Behavior\ContentReplaceBehavior [ RunTime:0.000000s ]
INFO: [ template_filter ] --END-- [ RunTime:0.000000s ]
NOTIC: [2] Missing argument 2 for showImage(), called in D:\xampp\htdocs\shop\Application\Runtime\Cache\Home\2a94b8bda04ff446dcedd42276fc99ee.php on line 351 and defined D:\xampp\htdocs\shop\Application\Common\Common\function.php 第 447 行.
NOTIC: [2] Missing argument 3 for showImage(), called in D:\xampp\htdocs\shop\Application\Runtime\Cache\Home\2a94b8bda04ff446dcedd42276fc99ee.php on line 351 and defined D:\xampp\htdocs\shop\Application\Common\Common\function.php 第 447 行.
NOTIC: [8] Undefined variable: width D:\xampp\htdocs\shop\Application\Common\Common\function.php 第 449 行.
NOTIC: [8] Undefined variable: height D:\xampp\htdocs\shop\Application\Common\Common\function.php 第 450 行.
NOTIC: [8] Undefined variable: width D:\xampp\htdocs\shop\Application\Common\Common\function.php 第 451 行.
NOTIC: [8] Undefined variable: height D:\xampp\htdocs\shop\Application\Common\Common\function.php 第 451 行.
NOTIC: [2] Missing argument 2 for showImage(), called in D:\xampp\htdocs\shop\Application\Runtime\Cache\Home\2a94b8bda04ff446dcedd42276fc99ee.php on line 351 and defined D:\xampp\htdocs\shop\Application\Common\Common\function.php 第 447 行.
NOTIC: [2] Missing argument 3 for showImage(), called in D:\xampp\htdocs\shop\Application\Runtime\Cache\Home\2a94b8bda04ff446dcedd42276fc99ee.php on line 351 and defined D:\xampp\htdocs\shop\Application\Common\Common\function.php 第 447 行.
NOTIC: [8] Undefined variable: width D:\xampp\htdocs\shop\Application\Common\Common\function.php 第 449 行.
NOTIC: [8] Undefined variable: height D:\xampp\htdocs\shop\Application\Common\Common\function.php 第 450 行.
NOTIC: [8] Undefined variable: width D:\xampp\htdocs\shop\Application\Common\Common\function.php 第 451 行.
NOTIC: [8] Undefined variable: height D:\xampp\htdocs\shop\Application\Common\Common\function.php 第 451 行.
NOTIC: [2] Missing argument 2 for showImage(), called in D:\xampp\htdocs\shop\Application\Runtime\Cache\Home\2a94b8bda04ff446dcedd42276fc99ee.php on line 351 and defined D:\xampp\htdocs\shop\Application\Common\Common\function.php 第 447 行.
NOTIC: [2] Missing argument 3 for showImage(), called in D:\xampp\htdocs\shop\Application\Runtime\Cache\Home\2a94b8bda04ff446dcedd42276fc99ee.php on line 351 and defined D:\xampp\htdocs\shop\Application\Common\Common\function.php 第 447 行.
NOTIC: [8] Undefined variable: width D:\xampp\htdocs\shop\Application\Common\Common\function.php 第 449 行.
NOTIC: [8] Undefined variable: height D:\xampp\htdocs\shop\Application\Common\Common\function.php 第 450 行.
NOTIC: [8] Undefined variable: width D:\xampp\htdocs\shop\Application\Common\Common\function.php 第 451 行.
NOTIC: [8] Undefined variable: height D:\xampp\htdocs\shop\Application\Common\Common\function.php 第 451 行.
NOTIC: [2] Missing argument 2 for showImage(), called in D:\xampp\htdocs\shop\Application\Runtime\Cache\Home\2a94b8bda04ff446dcedd42276fc99ee.php on line 351 and defined D:\xampp\htdocs\shop\Application\Common\Common\function.php 第 447 行.
NOTIC: [2] Missing argument 3 for showImage(), called in D:\xampp\htdocs\shop\Application\Runtime\Cache\Home\2a94b8bda04ff446dcedd42276fc99ee.php on line 351 and defined D:\xampp\htdocs\shop\Application\Common\Common\function.php 第 447 行.
NOTIC: [8] Undefined variable: width D:\xampp\htdocs\shop\Application\Common\Common\function.php 第 449 行.
NOTIC: [8] Undefined variable: height D:\xampp\htdocs\shop\Application\Common\Common\function.php 第 450 行.
NOTIC: [8] Undefined variable: width D:\xampp\htdocs\shop\Application\Common\Common\function.php 第 451 行.
NOTIC: [8] Undefined variable: height D:\xampp\htdocs\shop\Application\Common\Common\function.php 第 451 行.
NOTIC: [2] Missing argument 2 for showImage(), called in D:\xampp\htdocs\shop\Application\Runtime\Cache\Home\2a94b8bda04ff446dcedd42276fc99ee.php on line 351 and defined D:\xampp\htdocs\shop\Application\Common\Common\function.php 第 447 行.
NOTIC: [2] Missing argument 3 for showImage(), called in D:\xampp\htdocs\shop\Application\Runtime\Cache\Home\2a94b8bda04ff446dcedd42276fc99ee.php on line 351 and defined D:\xampp\htdocs\shop\Application\Common\Common\function.php 第 447 行.
NOTIC: [8] Undefined variable: width D:\xampp\htdocs\shop\Application\Common\Common\function.php 第 449 行.
NOTIC: [8] Undefined variable: height D:\xampp\htdocs\shop\Application\Common\Common\function.php 第 450 行.
NOTIC: [8] Undefined variable: width D:\xampp\htdocs\shop\Application\Common\Common\function.php 第 451 行.
NOTIC: [8] Undefined variable: height D:\xampp\htdocs\shop\Application\Common\Common\function.php 第 451 行.
NOTIC: [2] Missing argument 2 for showImage(), called in D:\xampp\htdocs\shop\Application\Runtime\Cache\Home\2a94b8bda04ff446dcedd42276fc99ee.php on line 367 and defined D:\xampp\htdocs\shop\Application\Common\Common\function.php 第 447 行.
NOTIC: [2] Missing argument 3 for showImage(), called in D:\xampp\htdocs\shop\Application\Runtime\Cache\Home\2a94b8bda04ff446dcedd42276fc99ee.php on line 367 and defined D:\xampp\htdocs\shop\Application\Common\Common\function.php 第 447 行.
NOTIC: [8] Undefined variable: width D:\xampp\htdocs\shop\Application\Common\Common\function.php 第 449 行.
NOTIC: [8] Undefined variable: height D:\xampp\htdocs\shop\Application\Common\Common\function.php 第 450 行.
NOTIC: [8] Undefined variable: width D:\xampp\htdocs\shop\Application\Common\Common\function.php 第 451 行.
NOTIC: [8] Undefined variable: height D:\xampp\htdocs\shop\Application\Common\Common\function.php 第 451 行.
NOTIC: [2] Missing argument 2 for showImage(), called in D:\xampp\htdocs\shop\Application\Runtime\Cache\Home\2a94b8bda04ff446dcedd42276fc99ee.php on line 383 and defined D:\xampp\htdocs\shop\Application\Common\Common\function.php 第 447 行.
NOTIC: [2] Missing argument 3 for showImage(), called in D:\xampp\htdocs\shop\Application\Runtime\Cache\Home\2a94b8bda04ff446dcedd42276fc99ee.php on line 383 and defined D:\xampp\htdocs\shop\Application\Common\Common\function.php 第 447 行.
NOTIC: [8] Undefined variable: width D:\xampp\htdocs\shop\Application\Common\Common\function.php 第 449 行.
NOTIC: [8] Undefined variable: height D:\xampp\htdocs\shop\Application\Common\Common\function.php 第 450 行.
NOTIC: [8] Undefined variable: width D:\xampp\htdocs\shop\Application\Common\Common\function.php 第 451 行.
NOTIC: [8] Undefined variable: height D:\xampp\htdocs\shop\Application\Common\Common\function.php 第 451 行.
NOTIC: [2] Missing argument 2 for showImage(), called in D:\xampp\htdocs\shop\Application\Runtime\Cache\Home\2a94b8bda04ff446dcedd42276fc99ee.php on line 383 and defined D:\xampp\htdocs\shop\Application\Common\Common\function.php 第 447 行.
NOTIC: [2] Missing argument 3 for showImage(), called in D:\xampp\htdocs\shop\Application\Runtime\Cache\Home\2a94b8bda04ff446dcedd42276fc99ee.php on line 383 and defined D:\xampp\htdocs\shop\Application\Common\Common\function.php 第 447 行.
NOTIC: [8] Undefined variable: width D:\xampp\htdocs\shop\Application\Common\Common\function.php 第 449 行.
NOTIC: [8] Undefined variable: height D:\xampp\htdocs\shop\Application\Common\Common\function.php 第 450 行.
NOTIC: [8] Undefined variable: width D:\xampp\htdocs\shop\Application\Common\Common\function.php 第 451 行.
NOTIC: [8] Undefined variable: height D:\xampp\htdocs\shop\Application\Common\Common\function.php 第 451 行.
NOTIC: [2] Missing argument 2 for showImage(), called in D:\xampp\htdocs\shop\Application\Runtime\Cache\Home\2a94b8bda04ff446dcedd42276fc99ee.php on line 383 and defined D:\xampp\htdocs\shop\Application\Common\Common\function.php 第 447 行.
NOTIC: [2] Missing argument 3 for showImage(), called in D:\xampp\htdocs\shop\Application\Runtime\Cache\Home\2a94b8bda04ff446dcedd42276fc99ee.php on line 383 and defined D:\xampp\htdocs\shop\Application\Common\Common\function.php 第 447 行.
NOTIC: [8] Undefined variable: width D:\xampp\htdocs\shop\Application\Common\Common\function.php 第 449 行.
NOTIC: [8] Undefined variable: height D:\xampp\htdocs\shop\Application\Common\Common\function.php 第 450 行.
NOTIC: [8] Undefined variable: width D:\xampp\htdocs\shop\Application\Common\Common\function.php 第 451 行.
NOTIC: [8] Undefined variable: height D:\xampp\htdocs\shop\Application\Common\Common\function.php 第 451 行.
NOTIC: [2] Missing argument 2 for showImage(), called in D:\xampp\htdocs\shop\Application\Runtime\Cache\Home\2a94b8bda04ff446dcedd42276fc99ee.php on line 383 and defined D:\xampp\htdocs\shop\Application\Common\Common\function.php 第 447 行.
NOTIC: [2] Missing argument 3 for showImage(), called in D:\xampp\htdocs\shop\Application\Runtime\Cache\Home\2a94b8bda04ff446dcedd42276fc99ee.php on line 383 and defined D:\xampp\htdocs\shop\Application\Common\Common\function.php 第 447 行.
NOTIC: [8] Undefined variable: width D:\xampp\htdocs\shop\Application\Common\Common\function.php 第 449 行.
NOTIC: [8] Undefined variable: height D:\xampp\htdocs\shop\Application\Common\Common\function.php 第 450 行.
NOTIC: [8] Undefined variable: width D:\xampp\htdocs\shop\Application\Common\Common\function.php 第 451 行.
NOTIC: [8] Undefined variable: height D:\xampp\htdocs\shop\Application\Common\Common\function.php 第 451 行.
INFO: Run Behavior\ParseTemplateBehavior [ RunTime:0.136008s ]
INFO: [ view_parse ] --END-- [ RunTime:0.136008s ]
INFO: [ view_filter ] --START--
INFO: Run Behavior\WriteHtmlCacheBehavior [ RunTime:0.052003s ]
INFO: [ view_filter ] --END-- [ RunTime:0.053003s ]
INFO: [ app_end ] --START--
INFO: Run Behavior\ShowPageTraceBehavior [ RunTime:0.003000s ]
INFO: [ app_end ] --END-- [ RunTime:0.003000s ]

[ 2017-06-01T09:36:58+08:00 ] 127.0.0.1 /index.php/Home/Member/ajaxChkLogin.html
INFO: [ app_init ] --START--
INFO: Run Behavior\BuildLiteBehavior [ RunTime:0.000000s ]
INFO: [ app_init ] --END-- [ RunTime:0.000000s ]
INFO: [ app_begin ] --START--
INFO: Run Behavior\ReadHtmlCacheBehavior [ RunTime:0.001000s ]
INFO: [ app_begin ] --END-- [ RunTime:0.001000s ]

[ 2017-06-01T09:36:59+08:00 ] 127.0.0.1 /favicon.ico
INFO: [ app_init ] --START--
INFO: Run Behavior\BuildLiteBehavior [ RunTime:0.000000s ]
INFO: [ app_init ] --END-- [ RunTime:0.000000s ]

[ 2017-06-01T10:18:04+08:00 ] 127.0.0.1 /Home/Index/index
INFO: [ app_init ] --START--
INFO: Run Behavior\BuildLiteBehavior [ RunTime:0.000000s ]
INFO: [ app_init ] --END-- [ RunTime:0.000000s ]
INFO: [ app_begin ] --START--
INFO: Run Behavior\ReadHtmlCacheBehavior [ RunTime:0.007000s ]
INFO: [ app_begin ] --END-- [ RunTime:0.007000s ]
SQL: SHOW COLUMNS FROM `php34_goods` [ RunTime:0.0330s ]
SQL: SELECT `id`,`goods_name`,`promote_price`,`sm_logo` FROM `php34_goods` WHERE `is_on_sale` = 1 AND `is_delete` = 0 AND `is_promote` = 1 AND `promote_start_time` <= 1496283484 AND `promote_end_time` >= 1496283484 ORDER BY sort_num ASC LIMIT 5   [ RunTime:0.0310s ]
SQL: SELECT `id`,`goods_name`,`shop_price`,`sm_logo` FROM `php34_goods` WHERE `is_on_sale` = 1 AND `is_delete` = 0 AND `is_hot` = 1 ORDER BY sort_num ASC LIMIT 5   [ RunTime:0.0310s ]
SQL: SELECT `id`,`goods_name`,`shop_price`,`sm_logo` FROM `php34_goods` WHERE `is_on_sale` = 1 AND `is_delete` = 0 AND `is_best` = 1 ORDER BY sort_num asc LIMIT 5   [ RunTime:0.0310s ]
SQL: SELECT `id`,`goods_name`,`shop_price`,`sm_logo` FROM `php34_goods` WHERE `is_on_sale` = 1 AND `is_delete` = 0 AND `is_new` = 1 ORDER BY sort_num desc LIMIT 5   [ RunTime:0.0310s ]
SQL: SHOW COLUMNS FROM `php34_category` [ RunTime:0.0310s ]
SQL: SELECT * FROM `php34_category`  [ RunTime:0.0340s ]
INFO: [ view_parse ] --START--
INFO: [ template_filter ] --START--
INFO: Run Behavior\ContentReplaceBehavior [ RunTime:0.001000s ]
INFO: [ template_filter ] --END-- [ RunTime:0.001000s ]
NOTIC: [2] Missing argument 2 for showImage(), called in D:\xampp\htdocs\shop\Application\Runtime\Cache\Home\2a94b8bda04ff446dcedd42276fc99ee.php on line 351 and defined D:\xampp\htdocs\shop\Application\Common\Common\function.php 第 447 行.
NOTIC: [2] Missing argument 3 for showImage(), called in D:\xampp\htdocs\shop\Application\Runtime\Cache\Home\2a94b8bda04ff446dcedd42276fc99ee.php on line 351 and defined D:\xampp\htdocs\shop\Application\Common\Common\function.php 第 447 行.
NOTIC: [8] Undefined variable: width D:\xampp\htdocs\shop\Application\Common\Common\function.php 第 449 行.
NOTIC: [8] Undefined variable: height D:\xampp\htdocs\shop\Application\Common\Common\function.php 第 450 行.
NOTIC: [8] Undefined variable: width D:\xampp\htdocs\shop\Application\Common\Common\function.php 第 451 行.
NOTIC: [8] Undefined variable: height D:\xampp\htdocs\shop\Application\Common\Common\function.php 第 451 行.
NOTIC: [2] Missing argument 2 for showImage(), called in D:\xampp\htdocs\shop\Application\Runtime\Cache\Home\2a94b8bda04ff446dcedd42276fc99ee.php on line 351 and defined D:\xampp\htdocs\shop\Application\Common\Common\function.php 第 447 行.
NOTIC: [2] Missing argument 3 for showImage(), called in D:\xampp\htdocs\shop\Application\Runtime\Cache\Home\2a94b8bda04ff446dcedd42276fc99ee.php on line 351 and defined D:\xampp\htdocs\shop\Application\Common\Common\function.php 第 447 行.
NOTIC: [8] Undefined variable: width D:\xampp\htdocs\shop\Application\Common\Common\function.php 第 449 行.
NOTIC: [8] Undefined variable: height D:\xampp\htdocs\shop\Application\Common\Common\function.php 第 450 行.
NOTIC: [8] Undefined variable: width D:\xampp\htdocs\shop\Application\Common\Common\function.php 第 451 行.
NOTIC: [8] Undefined variable: height D:\xampp\htdocs\shop\Application\Common\Common\function.php 第 451 行.
NOTIC: [2] Missing argument 2 for showImage(), called in D:\xampp\htdocs\shop\Application\Runtime\Cache\Home\2a94b8bda04ff446dcedd42276fc99ee.php on line 351 and defined D:\xampp\htdocs\shop\Application\Common\Common\function.php 第 447 行.
NOTIC: [2] Missing argument 3 for showImage(), called in D:\xampp\htdocs\shop\Application\Runtime\Cache\Home\2a94b8bda04ff446dcedd42276fc99ee.php on line 351 and defined D:\xampp\htdocs\shop\Application\Common\Common\function.php 第 447 行.
NOTIC: [8] Undefined variable: width D:\xampp\htdocs\shop\Application\Common\Common\function.php 第 449 行.
NOTIC: [8] Undefined variable: height D:\xampp\htdocs\shop\Application\Common\Common\function.php 第 450 行.
NOTIC: [8] Undefined variable: width D:\xampp\htdocs\shop\Application\Common\Common\function.php 第 451 行.
NOTIC: [8] Undefined variable: height D:\xampp\htdocs\shop\Application\Common\Common\function.php 第 451 行.
NOTIC: [2] Missing argument 2 for showImage(), called in D:\xampp\htdocs\shop\Application\Runtime\Cache\Home\2a94b8bda04ff446dcedd42276fc99ee.php on line 351 and defined D:\xampp\htdocs\shop\Application\Common\Common\function.php 第 447 行.
NOTIC: [2] Missing argument 3 for showImage(), called in D:\xampp\htdocs\shop\Application\Runtime\Cache\Home\2a94b8bda04ff446dcedd42276fc99ee.php on line 351 and defined D:\xampp\htdocs\shop\Application\Common\Common\function.php 第 447 行.
NOTIC: [8] Undefined variable: width D:\xampp\htdocs\shop\Application\Common\Common\function.php 第 449 行.
NOTIC: [8] Undefined variable: height D:\xampp\htdocs\shop\Application\Common\Common\function.php 第 450 行.
NOTIC: [8] Undefined variable: width D:\xampp\htdocs\shop\Application\Common\Common\function.php 第 451 行.
NOTIC: [8] Undefined variable: height D:\xampp\htdocs\shop\Application\Common\Common\function.php 第 451 行.
NOTIC: [2] Missing argument 2 for showImage(), called in D:\xampp\htdocs\shop\Application\Runtime\Cache\Home\2a94b8bda04ff446dcedd42276fc99ee.php on line 351 and defined D:\xampp\htdocs\shop\Application\Common\Common\function.php 第 447 行.
NOTIC: [2] Missing argument 3 for showImage(), called in D:\xampp\htdocs\shop\Application\Runtime\Cache\Home\2a94b8bda04ff446dcedd42276fc99ee.php on line 351 and defined D:\xampp\htdocs\shop\Application\Common\Common\function.php 第 447 行.
NOTIC: [8] Undefined variable: width D:\xampp\htdocs\shop\Application\Common\Common\function.php 第 449 行.
NOTIC: [8] Undefined variable: height D:\xampp\htdocs\shop\Application\Common\Common\function.php 第 450 行.
NOTIC: [8] Undefined variable: width D:\xampp\htdocs\shop\Application\Common\Common\function.php 第 451 行.
NOTIC: [8] Undefined variable: height D:\xampp\htdocs\shop\Application\Common\Common\function.php 第 451 行.
NOTIC: [2] Missing argument 2 for showImage(), called in D:\xampp\htdocs\shop\Application\Runtime\Cache\Home\2a94b8bda04ff446dcedd42276fc99ee.php on line 367 and defined D:\xampp\htdocs\shop\Application\Common\Common\function.php 第 447 行.
NOTIC: [2] Missing argument 3 for showImage(), called in D:\xampp\htdocs\shop\Application\Runtime\Cache\Home\2a94b8bda04ff446dcedd42276fc99ee.php on line 367 and defined D:\xampp\htdocs\shop\Application\Common\Common\function.php 第 447 行.
NOTIC: [8] Undefined variable: width D:\xampp\htdocs\shop\Application\Common\Common\function.php 第 449 行.
NOTIC: [8] Undefined variable: height D:\xampp\htdocs\shop\Application\Common\Common\function.php 第 450 行.
NOTIC: [8] Undefined variable: width D:\xampp\htdocs\shop\Application\Common\Common\function.php 第 451 行.
NOTIC: [8] Undefined variable: height D:\xampp\htdocs\shop\Application\Common\Common\function.php 第 451 行.
NOTIC: [2] Missing argument 2 for showImage(), called in D:\xampp\htdocs\shop\Application\Runtime\Cache\Home\2a94b8bda04ff446dcedd42276fc99ee.php on line 383 and defined D:\xampp\htdocs\shop\Application\Common\Common\function.php 第 447 行.
NOTIC: [2] Missing argument 3 for showImage(), called in D:\xampp\htdocs\shop\Application\Runtime\Cache\Home\2a94b8bda04ff446dcedd42276fc99ee.php on line 383 and defined D:\xampp\htdocs\shop\Application\Common\Common\function.php 第 447 行.
NOTIC: [8] Undefined variable: width D:\xampp\htdocs\shop\Application\Common\Common\function.php 第 449 行.
NOTIC: [8] Undefined variable: height D:\xampp\htdocs\shop\Application\Common\Common\function.php 第 450 行.
NOTIC: [8] Undefined variable: width D:\xampp\htdocs\shop\Application\Common\Common\function.php 第 451 行.
NOTIC: [8] Undefined variable: height D:\xampp\htdocs\shop\Application\Common\Common\function.php 第 451 行.
NOTIC: [2] Missing argument 2 for showImage(), called in D:\xampp\htdocs\shop\Application\Runtime\Cache\Home\2a94b8bda04ff446dcedd42276fc99ee.php on line 383 and defined D:\xampp\htdocs\shop\Application\Common\Common\function.php 第 447 行.
NOTIC: [2] Missing argument 3 for showImage(), called in D:\xampp\htdocs\shop\Application\Runtime\Cache\Home\2a94b8bda04ff446dcedd42276fc99ee.php on line 383 and defined D:\xampp\htdocs\shop\Application\Common\Common\function.php 第 447 行.
NOTIC: [8] Undefined variable: width D:\xampp\htdocs\shop\Application\Common\Common\function.php 第 449 行.
NOTIC: [8] Undefined variable: height D:\xampp\htdocs\shop\Application\Common\Common\function.php 第 450 行.
NOTIC: [8] Undefined variable: width D:\xampp\htdocs\shop\Application\Common\Common\function.php 第 451 行.
NOTIC: [8] Undefined variable: height D:\xampp\htdocs\shop\Application\Common\Common\function.php 第 451 行.
NOTIC: [2] Missing argument 2 for showImage(), called in D:\xampp\htdocs\shop\Application\Runtime\Cache\Home\2a94b8bda04ff446dcedd42276fc99ee.php on line 383 and defined D:\xampp\htdocs\shop\Application\Common\Common\function.php 第 447 行.
NOTIC: [2] Missing argument 3 for showImage(), called in D:\xampp\htdocs\shop\Application\Runtime\Cache\Home\2a94b8bda04ff446dcedd42276fc99ee.php on line 383 and defined D:\xampp\htdocs\shop\Application\Common\Common\function.php 第 447 行.
NOTIC: [8] Undefined variable: width D:\xampp\htdocs\shop\Application\Common\Common\function.php 第 449 行.
NOTIC: [8] Undefined variable: height D:\xampp\htdocs\shop\Application\Common\Common\function.php 第 450 行.
NOTIC: [8] Undefined variable: width D:\xampp\htdocs\shop\Application\Common\Common\function.php 第 451 行.
NOTIC: [8] Undefined variable: height D:\xampp\htdocs\shop\Application\Common\Common\function.php 第 451 行.
NOTIC: [2] Missing argument 2 for showImage(), called in D:\xampp\htdocs\shop\Application\Runtime\Cache\Home\2a94b8bda04ff446dcedd42276fc99ee.php on line 383 and defined D:\xampp\htdocs\shop\Application\Common\Common\function.php 第 447 行.
NOTIC: [2] Missing argument 3 for showImage(), called in D:\xampp\htdocs\shop\Application\Runtime\Cache\Home\2a94b8bda04ff446dcedd42276fc99ee.php on line 383 and defined D:\xampp\htdocs\shop\Application\Common\Common\function.php 第 447 行.
NOTIC: [8] Undefined variable: width D:\xampp\htdocs\shop\Application\Common\Common\function.php 第 449 行.
NOTIC: [8] Undefined variable: height D:\xampp\htdocs\shop\Application\Common\Common\function.php 第 450 行.
NOTIC: [8] Undefined variable: width D:\xampp\htdocs\shop\Application\Common\Common\function.php 第 451 行.
NOTIC: [8] Undefined variable: height D:\xampp\htdocs\shop\Application\Common\Common\function.php 第 451 行.
INFO: Run Behavior\ParseTemplateBehavior [ RunTime:0.101006s ]
INFO: [ view_parse ] --END-- [ RunTime:0.101006s ]
INFO: [ view_filter ] --START--
INFO: Run Behavior\WriteHtmlCacheBehavior [ RunTime:0.014000s ]
INFO: [ view_filter ] --END-- [ RunTime:0.014000s ]
INFO: [ app_end ] --START--
INFO: Run Behavior\ShowPageTraceBehavior [ RunTime:0.002000s ]
INFO: [ app_end ] --END-- [ RunTime:0.002000s ]

[ 2017-06-01T10:18:05+08:00 ] 127.0.0.1 /index.php/Home/Member/ajaxChkLogin.html
INFO: [ app_init ] --START--
INFO: Run Behavior\BuildLiteBehavior [ RunTime:0.000000s ]
INFO: [ app_init ] --END-- [ RunTime:0.000000s ]
INFO: [ app_begin ] --START--
INFO: Run Behavior\ReadHtmlCacheBehavior [ RunTime:0.000000s ]
INFO: [ app_begin ] --END-- [ RunTime:0.000000s ]

[ 2017-06-01T10:18:17+08:00 ] 127.0.0.1 /index.php/Index/goods/id/16.html
INFO: [ app_init ] --START--
INFO: Run Behavior\BuildLiteBehavior [ RunTime:0.000000s ]
INFO: [ app_init ] --END-- [ RunTime:0.000000s ]
INFO: [ app_begin ] --START--
INFO: Run Behavior\ReadHtmlCacheBehavior [ RunTime:0.001000s ]
INFO: [ app_begin ] --END-- [ RunTime:0.001000s ]
SQL: SHOW COLUMNS FROM `php34_goods` [ RunTime:0.0670s ]
SQL: SELECT * FROM `php34_goods` WHERE `id` = 16 LIMIT 1   [ RunTime:0.0450s ]
SQL: SHOW COLUMNS FROM `php34_goods_pics` [ RunTime:0.0720s ]
SQL: SELECT * FROM `php34_goods_pics` WHERE `goods_id` = '16'  [ RunTime:0.0500s ]
SQL: SHOW COLUMNS FROM `php34_goods_attr` [ RunTime:0.0690s ]
SQL: SELECT a.*,b.attr_name FROM php34_goods_attr a LEFT JOIN php34_attribute b ON a.attr_id=b.id  WHERE a.goods_id = '16' AND b.attr_type = 1  [ RunTime:0.0420s ]
SQL: SELECT a.*,b.attr_name FROM php34_goods_attr a LEFT JOIN php34_attribute b ON a.attr_id=b.id  WHERE a.goods_id = '16' AND b.attr_type = 0  [ RunTime:0.0400s ]
SQL: SHOW COLUMNS FROM `php34_category` [ RunTime:0.0350s ]
SQL: SELECT * FROM `php34_category`  [ RunTime:0.0330s ]
INFO: [ view_parse ] --START--
NOTIC: [2] file_get_contents(./Application/Home/View/Layout/footer.html): failed to open stream: No such file or directory D:\xampp\htdocs\shop\ThinkPHP\Library\Think\Template.class.php 第 696 行.
INFO: [ template_filter ] --START--
INFO: Run Behavior\ContentReplaceBehavior [ RunTime:0.000000s ]
INFO: [ template_filter ] --END-- [ RunTime:0.000000s ]
NOTIC: [2] Missing argument 3 for showImage(), called in D:\xampp\htdocs\shop\Application\Runtime\Cache\Home\862a52d698112494831f0f0bc6d3727d.php on line 332 and defined D:\xampp\htdocs\shop\Application\Common\Common\function.php 第 447 行.
NOTIC: [8] Undefined variable: height D:\xampp\htdocs\shop\Application\Common\Common\function.php 第 450 行.
NOTIC: [8] Undefined variable: height D:\xampp\htdocs\shop\Application\Common\Common\function.php 第 451 行.
NOTIC: [2] Missing argument 2 for showImage(), called in D:\xampp\htdocs\shop\Application\Runtime\Cache\Home\862a52d698112494831f0f0bc6d3727d.php on line 344 and defined D:\xampp\htdocs\shop\Application\Common\Common\function.php 第 447 行.
NOTIC: [2] Missing argument 3 for showImage(), called in D:\xampp\htdocs\shop\Application\Runtime\Cache\Home\862a52d698112494831f0f0bc6d3727d.php on line 344 and defined D:\xampp\htdocs\shop\Application\Common\Common\function.php 第 447 行.
NOTIC: [8] Undefined variable: width D:\xampp\htdocs\shop\Application\Common\Common\function.php 第 449 行.
NOTIC: [8] Undefined variable: height D:\xampp\htdocs\shop\Application\Common\Common\function.php 第 450 行.
NOTIC: [8] Undefined variable: width D:\xampp\htdocs\shop\Application\Common\Common\function.php 第 451 行.
NOTIC: [8] Undefined variable: height D:\xampp\htdocs\shop\Application\Common\Common\function.php 第 451 行.
INFO: Run Behavior\ParseTemplateBehavior [ RunTime:0.096006s ]
INFO: [ view_parse ] --END-- [ RunTime:0.096006s ]
INFO: [ view_filter ] --START--
INFO: Run Behavior\WriteHtmlCacheBehavior [ RunTime:0.000000s ]
INFO: [ view_filter ] --END-- [ RunTime:0.000000s ]
INFO: [ app_end ] --START--
INFO: Run Behavior\ShowPageTraceBehavior [ RunTime:0.003000s ]
INFO: [ app_end ] --END-- [ RunTime:0.003000s ]

[ 2017-06-01T10:18:18+08:00 ] 127.0.0.1 /index.php/Index/ajaxGetPrice/goods_id/16
INFO: [ app_init ] --START--
INFO: Run Behavior\BuildLiteBehavior [ RunTime:0.000000s ]
INFO: [ app_init ] --END-- [ RunTime:0.000000s ]
INFO: [ app_begin ] --START--
INFO: Run Behavior\ReadHtmlCacheBehavior [ RunTime:0.001000s ]
INFO: [ app_begin ] --END-- [ RunTime:0.001000s ]
ERR: 非法操作:ajaxGetPrice

[ 2017-06-01T10:18:18+08:00 ] 127.0.0.1 /index.php/Index/ajaxGetComment/goods_id/16
INFO: [ app_init ] --START--
INFO: Run Behavior\BuildLiteBehavior [ RunTime:0.000000s ]
INFO: [ app_init ] --END-- [ RunTime:0.000000s ]
INFO: [ app_begin ] --START--
INFO: Run Behavior\ReadHtmlCacheBehavior [ RunTime:0.001000s ]
INFO: [ app_begin ] --END-- [ RunTime:0.001000s ]
ERR: 非法操作:ajaxGetComment

[ 2017-06-01T10:18:18+08:00 ] 127.0.0.1 /index.php/Home/Member/ajaxChkLogin.html
INFO: [ app_init ] --START--
INFO: Run Behavior\BuildLiteBehavior [ RunTime:0.000000s ]
INFO: [ app_init ] --END-- [ RunTime:0.000000s ]
INFO: [ app_begin ] --START--
INFO: Run Behavior\ReadHtmlCacheBehavior [ RunTime:0.000000s ]
INFO: [ app_begin ] --END-- [ RunTime:0.000000s ]

[ 2017-06-01T10:18:18+08:00 ] 127.0.0.1 /Public/Home/images/zoomloader.gif
INFO: [ app_init ] --START--
INFO: Run Behavior\BuildLiteBehavior [ RunTime:0.000000s ]
INFO: [ app_init ] --END-- [ RunTime:0.000000s ]

[ 2017-06-01T10:18:38+08:00 ] 127.0.0.1 /index.php/Index/goods/id/16.html
INFO: [ app_init ] --START--
INFO: Run Behavior\BuildLiteBehavior [ RunTime:0.000000s ]
INFO: [ app_init ] --END-- [ RunTime:0.000000s ]
INFO: [ app_begin ] --START--
INFO: Run Behavior\ReadHtmlCacheBehavior [ RunTime:0.000000s ]
INFO: [ app_begin ] --END-- [ RunTime:0.001000s ]
SQL: SHOW COLUMNS FROM `php34_goods` [ RunTime:0.0350s ]
SQL: SELECT * FROM `php34_goods` WHERE `id` = 16 LIMIT 1   [ RunTime:0.0330s ]
SQL: SHOW COLUMNS FROM `php34_goods_pics` [ RunTime:0.0350s ]
SQL: SELECT * FROM `php34_goods_pics` WHERE `goods_id` = '16'  [ RunTime:0.0310s ]
SQL: SHOW COLUMNS FROM `php34_goods_attr` [ RunTime:0.0500s ]
SQL: SELECT a.*,b.attr_name FROM php34_goods_attr a LEFT JOIN php34_attribute b ON a.attr_id=b.id  WHERE a.goods_id = '16' AND b.attr_type = 1  [ RunTime:0.0490s ]
SQL: SELECT a.*,b.attr_name FROM php34_goods_attr a LEFT JOIN php34_attribute b ON a.attr_id=b.id  WHERE a.goods_id = '16' AND b.attr_type = 0  [ RunTime:0.0500s ]
SQL: SHOW COLUMNS FROM `php34_category` [ RunTime:0.0360s ]
SQL: SELECT * FROM `php34_category`  [ RunTime:0.0390s ]
INFO: [ view_parse ] --START--
NOTIC: [2] file_get_contents(./Application/Home/View/Layout/footer.html): failed to open stream: No such file or directory D:\xampp\htdocs\shop\ThinkPHP\Library\Think\Template.class.php 第 696 行.
INFO: [ template_filter ] --START--
INFO: Run Behavior\ContentReplaceBehavior [ RunTime:0.000000s ]
INFO: [ template_filter ] --END-- [ RunTime:0.000000s ]
NOTIC: [2] Missing argument 3 for showImage(), called in D:\xampp\htdocs\shop\Application\Runtime\Cache\Home\862a52d698112494831f0f0bc6d3727d.php on line 332 and defined D:\xampp\htdocs\shop\Application\Common\Common\function.php 第 447 行.
NOTIC: [8] Undefined variable: height D:\xampp\htdocs\shop\Application\Common\Common\function.php 第 450 行.
NOTIC: [8] Undefined variable: height D:\xampp\htdocs\shop\Application\Common\Common\function.php 第 451 行.
NOTIC: [2] Missing argument 2 for showImage(), called in D:\xampp\htdocs\shop\Application\Runtime\Cache\Home\862a52d698112494831f0f0bc6d3727d.php on line 344 and defined D:\xampp\htdocs\shop\Application\Common\Common\function.php 第 447 行.
NOTIC: [2] Missing argument 3 for showImage(), called in D:\xampp\htdocs\shop\Application\Runtime\Cache\Home\862a52d698112494831f0f0bc6d3727d.php on line 344 and defined D:\xampp\htdocs\shop\Application\Common\Common\function.php 第 447 行.
NOTIC: [8] Undefined variable: width D:\xampp\htdocs\shop\Application\Common\Common\function.php 第 449 行.
NOTIC: [8] Undefined variable: height D:\xampp\htdocs\shop\Application\Common\Common\function.php 第 450 行.
NOTIC: [8] Undefined variable: width D:\xampp\htdocs\shop\Application\Common\Common\function.php 第 451 行.
NOTIC: [8] Undefined variable: height D:\xampp\htdocs\shop\Application\Common\Common\function.php 第 451 行.
INFO: Run Behavior\ParseTemplateBehavior [ RunTime:0.015001s ]
INFO: [ view_parse ] --END-- [ RunTime:0.015001s ]
INFO: [ view_filter ] --START--
INFO: Run Behavior\WriteHtmlCacheBehavior [ RunTime:0.000000s ]
INFO: [ view_filter ] --END-- [ RunTime:0.000000s ]
INFO: [ app_end ] --START--
INFO: Run Behavior\ShowPageTraceBehavior [ RunTime:0.001000s ]
INFO: [ app_end ] --END-- [ RunTime:0.001000s ]

[ 2017-06-01T10:18:38+08:00 ] 127.0.0.1 /index.php/Index/ajaxGetComment/goods_id/16
INFO: [ app_init ] --START--
INFO: Run Behavior\BuildLiteBehavior [ RunTime:0.000000s ]
INFO: [ app_init ] --END-- [ RunTime:0.000000s ]
INFO: [ app_begin ] --START--
INFO: Run Behavior\ReadHtmlCacheBehavior [ RunTime:0.001000s ]
INFO: [ app_begin ] --END-- [ RunTime:0.001000s ]
ERR: 非法操作:ajaxGetComment

[ 2017-06-01T10:18:38+08:00 ] 127.0.0.1 /index.php/Index/ajaxGetPrice/goods_id/16
INFO: [ app_init ] --START--
INFO: Run Behavior\BuildLiteBehavior [ RunTime:0.000000s ]
INFO: [ app_init ] --END-- [ RunTime:0.000000s ]
INFO: [ app_begin ] --START--
INFO: Run Behavior\ReadHtmlCacheBehavior [ RunTime:0.000000s ]
INFO: [ app_begin ] --END-- [ RunTime:0.000000s ]
ERR: 非法操作:ajaxGetPrice

[ 2017-06-01T10:18:39+08:00 ] 127.0.0.1 /index.php/Home/Member/ajaxChkLogin.html
INFO: [ app_init ] --START--
INFO: Run Behavior\BuildLiteBehavior [ RunTime:0.000000s ]
INFO: [ app_init ] --END-- [ RunTime:0.000000s ]
INFO: [ app_begin ] --START--
INFO: Run Behavior\ReadHtmlCacheBehavior [ RunTime:0.000000s ]
INFO: [ app_begin ] --END-- [ RunTime:0.000000s ]

[ 2017-06-01T10:18:39+08:00 ] 127.0.0.1 /Public/Home/images/zoomloader.gif
INFO: [ app_init ] --START--
INFO: Run Behavior\BuildLiteBehavior [ RunTime:0.000000s ]
INFO: [ app_init ] --END-- [ RunTime:0.000000s ]

[ 2017-06-01T10:19:01+08:00 ] 127.0.0.1 /index.php/Index/goods/id/16.html
INFO: [ app_init ] --START--
INFO: Run Behavior\BuildLiteBehavior [ RunTime:0.000000s ]
INFO: [ app_init ] --END-- [ RunTime:0.000000s ]
INFO: [ app_begin ] --START--
INFO: Run Behavior\ReadHtmlCacheBehavior [ RunTime:0.001000s ]
INFO: [ app_begin ] --END-- [ RunTime:0.001000s ]
SQL: SHOW COLUMNS FROM `php34_goods` [ RunTime:0.0350s ]
SQL: SELECT * FROM `php34_goods` WHERE `id` = 16 LIMIT 1   [ RunTime:0.0310s ]
SQL: SHOW COLUMNS FROM `php34_goods_pics` [ RunTime:0.0310s ]
SQL: SELECT * FROM `php34_goods_pics` WHERE `goods_id` = '16'  [ RunTime:0.0340s ]
SQL: SHOW COLUMNS FROM `php34_goods_attr` [ RunTime:0.0330s ]
SQL: SELECT a.*,b.attr_name FROM php34_goods_attr a LEFT JOIN php34_attribute b ON a.attr_id=b.id  WHERE a.goods_id = '16' AND b.attr_type = 1  [ RunTime:0.0330s ]
SQL: SELECT a.*,b.attr_name FROM php34_goods_attr a LEFT JOIN php34_attribute b ON a.attr_id=b.id  WHERE a.goods_id = '16' AND b.attr_type = 0  [ RunTime:0.0300s ]
SQL: SHOW COLUMNS FROM `php34_category` [ RunTime:0.0320s ]
SQL: SELECT * FROM `php34_category`  [ RunTime:0.0320s ]
INFO: [ view_parse ] --START--
NOTIC: [2] file_get_contents(./Application/Home/View/Layout/footer.html): failed to open stream: No such file or directory D:\xampp\htdocs\shop\ThinkPHP\Library\Think\Template.class.php 第 696 行.
INFO: [ template_filter ] --START--
INFO: Run Behavior\ContentReplaceBehavior [ RunTime:0.000000s ]
INFO: [ template_filter ] --END-- [ RunTime:0.000000s ]
NOTIC: [2] Missing argument 3 for showImage(), called in D:\xampp\htdocs\shop\Application\Runtime\Cache\Home\862a52d698112494831f0f0bc6d3727d.php on line 332 and defined D:\xampp\htdocs\shop\Application\Common\Common\function.php 第 447 行.
NOTIC: [8] Undefined variable: height D:\xampp\htdocs\shop\Application\Common\Common\function.php 第 450 行.
NOTIC: [8] Undefined variable: height D:\xampp\htdocs\shop\Application\Common\Common\function.php 第 451 行.
NOTIC: [2] Missing argument 2 for showImage(), called in D:\xampp\htdocs\shop\Application\Runtime\Cache\Home\862a52d698112494831f0f0bc6d3727d.php on line 344 and defined D:\xampp\htdocs\shop\Application\Common\Common\function.php 第 447 行.
NOTIC: [2] Missing argument 3 for showImage(), called in D:\xampp\htdocs\shop\Application\Runtime\Cache\Home\862a52d698112494831f0f0bc6d3727d.php on line 344 and defined D:\xampp\htdocs\shop\Application\Common\Common\function.php 第 447 行.
NOTIC: [8] Undefined variable: width D:\xampp\htdocs\shop\Application\Common\Common\function.php 第 449 行.
NOTIC: [8] Undefined variable: height D:\xampp\htdocs\shop\Application\Common\Common\function.php 第 450 行.
NOTIC: [8] Undefined variable: width D:\xampp\htdocs\shop\Application\Common\Common\function.php 第 451 行.
NOTIC: [8] Undefined variable: height D:\xampp\htdocs\shop\Application\Common\Common\function.php 第 451 行.
INFO: Run Behavior\ParseTemplateBehavior [ RunTime:0.031002s ]
INFO: [ view_parse ] --END-- [ RunTime:0.031002s ]
INFO: [ view_filter ] --START--
INFO: Run Behavior\WriteHtmlCacheBehavior [ RunTime:0.073004s ]
INFO: [ view_filter ] --END-- [ RunTime:0.073004s ]
INFO: [ app_end ] --START--
INFO: Run Behavior\ShowPageTraceBehavior [ RunTime:0.004000s ]
INFO: [ app_end ] --END-- [ RunTime:0.005000s ]

[ 2017-06-01T10:19:01+08:00 ] 127.0.0.1 /index.php/Index/ajaxGetPrice/goods_id/16
INFO: [ app_init ] --START--
INFO: Run Behavior\BuildLiteBehavior [ RunTime:0.000000s ]
INFO: [ app_init ] --END-- [ RunTime:0.000000s ]
INFO: [ app_begin ] --START--
INFO: Run Behavior\ReadHtmlCacheBehavior [ RunTime:0.001000s ]
INFO: [ app_begin ] --END-- [ RunTime:0.001000s ]
ERR: 非法操作:ajaxGetPrice

[ 2017-06-01T10:19:01+08:00 ] 127.0.0.1 /index.php/Index/ajaxGetComment/goods_id/16
INFO: [ app_init ] --START--
INFO: Run Behavior\BuildLiteBehavior [ RunTime:0.000000s ]
INFO: [ app_init ] --END-- [ RunTime:0.000000s ]
INFO: [ app_begin ] --START--
INFO: Run Behavior\ReadHtmlCacheBehavior [ RunTime:0.000000s ]
INFO: [ app_begin ] --END-- [ RunTime:0.000000s ]
ERR: 非法操作:ajaxGetComment

[ 2017-06-01T10:19:01+08:00 ] 127.0.0.1 /index.php/Home/Member/ajaxChkLogin.html
INFO: [ app_init ] --START--
INFO: Run Behavior\BuildLiteBehavior [ RunTime:0.000000s ]
INFO: [ app_init ] --END-- [ RunTime:0.000000s ]
INFO: [ app_begin ] --START--
INFO: Run Behavior\ReadHtmlCacheBehavior [ RunTime:0.001000s ]
INFO: [ app_begin ] --END-- [ RunTime:0.001000s ]

[ 2017-06-01T10:19:01+08:00 ] 127.0.0.1 /Public/Home/images/zoomloader.gif
INFO: [ app_init ] --START--
INFO: Run Behavior\BuildLiteBehavior [ RunTime:0.000000s ]
INFO: [ app_init ] --END-- [ RunTime:0.000000s ]

[ 2017-06-01T10:19:14+08:00 ] 127.0.0.1 /index.php/Home/Member/ajaxChkLogin.html
INFO: [ app_init ] --START--
INFO: Run Behavior\BuildLiteBehavior [ RunTime:0.000000s ]
INFO: [ app_init ] --END-- [ RunTime:0.000000s ]
INFO: [ app_begin ] --START--
INFO: Run Behavior\ReadHtmlCacheBehavior [ RunTime:0.001000s ]
INFO: [ app_begin ] --END-- [ RunTime:0.001000s ]

[ 2017-06-01T10:19:20+08:00 ] 127.0.0.1 /index.php/Index/goods/id/22.html
INFO: [ app_init ] --START--
INFO: Run Behavior\BuildLiteBehavior [ RunTime:0.000000s ]
INFO: [ app_init ] --END-- [ RunTime:0.000000s ]
INFO: [ app_begin ] --START--
INFO: Run Behavior\ReadHtmlCacheBehavior [ RunTime:0.000000s ]
INFO: [ app_begin ] --END-- [ RunTime:0.000000s ]
SQL: SHOW COLUMNS FROM `php34_goods` [ RunTime:0.0330s ]
SQL: SELECT * FROM `php34_goods` WHERE `id` = 22 LIMIT 1   [ RunTime:0.0310s ]
SQL: SHOW COLUMNS FROM `php34_goods_pics` [ RunTime:0.0310s ]
SQL: SELECT * FROM `php34_goods_pics` WHERE `goods_id` = '22'  [ RunTime:0.0330s ]
SQL: SHOW COLUMNS FROM `php34_goods_attr` [ RunTime:0.0330s ]
SQL: SELECT a.*,b.attr_name FROM php34_goods_attr a LEFT JOIN php34_attribute b ON a.attr_id=b.id  WHERE a.goods_id = '22' AND b.attr_type = 1  [ RunTime:0.1000s ]
SQL: SELECT a.*,b.attr_name FROM php34_goods_attr a LEFT JOIN php34_attribute b ON a.attr_id=b.id  WHERE a.goods_id = '22' AND b.attr_type = 0  [ RunTime:0.0310s ]
SQL: SHOW COLUMNS FROM `php34_category` [ RunTime:0.0300s ]
SQL: SELECT * FROM `php34_category`  [ RunTime:0.0310s ]
INFO: [ view_parse ] --START--
NOTIC: [2] file_get_contents(./Application/Home/View/Layout/footer.html): failed to open stream: No such file or directory D:\xampp\htdocs\shop\ThinkPHP\Library\Think\Template.class.php 第 696 行.
INFO: [ template_filter ] --START--
INFO: Run Behavior\ContentReplaceBehavior [ RunTime:0.000000s ]
INFO: [ template_filter ] --END-- [ RunTime:0.000000s ]
NOTIC: [2] Missing argument 3 for showImage(), called in D:\xampp\htdocs\shop\Application\Runtime\Cache\Home\862a52d698112494831f0f0bc6d3727d.php on line 332 and defined D:\xampp\htdocs\shop\Application\Common\Common\function.php 第 447 行.
NOTIC: [8] Undefined variable: height D:\xampp\htdocs\shop\Application\Common\Common\function.php 第 450 行.
NOTIC: [8] Undefined variable: height D:\xampp\htdocs\shop\Application\Common\Common\function.php 第 451 行.
NOTIC: [2] Missing argument 2 for showImage(), called in D:\xampp\htdocs\shop\Application\Runtime\Cache\Home\862a52d698112494831f0f0bc6d3727d.php on line 344 and defined D:\xampp\htdocs\shop\Application\Common\Common\function.php 第 447 行.
NOTIC: [2] Missing argument 3 for showImage(), called in D:\xampp\htdocs\shop\Application\Runtime\Cache\Home\862a52d698112494831f0f0bc6d3727d.php on line 344 and defined D:\xampp\htdocs\shop\Application\Common\Common\function.php 第 447 行.
NOTIC: [8] Undefined variable: width D:\xampp\htdocs\shop\Application\Common\Common\function.php 第 449 行.
NOTIC: [8] Undefined variable: height D:\xampp\htdocs\shop\Application\Common\Common\function.php 第 450 行.
NOTIC: [8] Undefined variable: width D:\xampp\htdocs\shop\Application\Common\Common\function.php 第 451 行.
NOTIC: [8] Undefined variable: height D:\xampp\htdocs\shop\Application\Common\Common\function.php 第 451 行.
NOTIC: [2] Missing argument 2 for showImage(), called in D:\xampp\htdocs\shop\Application\Runtime\Cache\Home\862a52d698112494831f0f0bc6d3727d.php on line 348 and defined D:\xampp\htdocs\shop\Application\Common\Common\function.php 第 447 行.
NOTIC: [2] Missing argument 3 for showImage(), called in D:\xampp\htdocs\shop\Application\Runtime\Cache\Home\862a52d698112494831f0f0bc6d3727d.php on line 348 and defined D:\xampp\htdocs\shop\Application\Common\Common\function.php 第 447 行.
NOTIC: [8] Undefined variable: width D:\xampp\htdocs\shop\Application\Common\Common\function.php 第 449 行.
NOTIC: [8] Undefined variable: height D:\xampp\htdocs\shop\Application\Common\Common\function.php 第 450 行.
NOTIC: [8] Undefined variable: width D:\xampp\htdocs\shop\Application\Common\Common\function.php 第 451 行.
NOTIC: [8] Undefined variable: height D:\xampp\htdocs\shop\Application\Common\Common\function.php 第 451 行.
INFO: Run Behavior\ParseTemplateBehavior [ RunTime:0.017001s ]
INFO: [ view_parse ] --END-- [ RunTime:0.017001s ]
INFO: [ view_filter ] --START--
INFO: Run Behavior\WriteHtmlCacheBehavior [ RunTime:0.045003s ]
INFO: [ view_filter ] --END-- [ RunTime:0.045003s ]
INFO: [ app_end ] --START--
INFO: Run Behavior\ShowPageTraceBehavior [ RunTime:0.000000s ]
INFO: [ app_end ] --END-- [ RunTime:0.000000s ]

[ 2017-06-01T10:19:20+08:00 ] 127.0.0.1 /index.php/Index/ajaxGetComment/goods_id/22
INFO: [ app_init ] --START--
INFO: Run Behavior\BuildLiteBehavior [ RunTime:0.000000s ]
INFO: [ app_init ] --END-- [ RunTime:0.000000s ]
INFO: [ app_begin ] --START--
INFO: Run Behavior\ReadHtmlCacheBehavior [ RunTime:0.001000s ]
INFO: [ app_begin ] --END-- [ RunTime:0.001000s ]
ERR: 非法操作:ajaxGetComment

[ 2017-06-01T10:19:20+08:00 ] 127.0.0.1 /index.php/Index/ajaxGetPrice/goods_id/22
INFO: [ app_init ] --START--
INFO: Run Behavior\BuildLiteBehavior [ RunTime:0.000000s ]
INFO: [ app_init ] --END-- [ RunTime:0.001000s ]
INFO: [ app_begin ] --START--
INFO: Run Behavior\ReadHtmlCacheBehavior [ RunTime:0.000000s ]
INFO: [ app_begin ] --END-- [ RunTime:0.000000s ]
ERR: 非法操作:ajaxGetPrice

[ 2017-06-01T10:19:20+08:00 ] 127.0.0.1 /index.php/Home/Member/ajaxChkLogin.html
INFO: [ app_init ] --START--
INFO: Run Behavior\BuildLiteBehavior [ RunTime:0.000000s ]
INFO: [ app_init ] --END-- [ RunTime:0.000000s ]
INFO: [ app_begin ] --START--
INFO: Run Behavior\ReadHtmlCacheBehavior [ RunTime:0.001000s ]
INFO: [ app_begin ] --END-- [ RunTime:0.001000s ]

[ 2017-06-01T10:19:20+08:00 ] 127.0.0.1 /Public/Home/images/zoomloader.gif
INFO: [ app_init ] --START--
INFO: Run Behavior\BuildLiteBehavior [ RunTime:0.000000s ]
INFO: [ app_init ] --END-- [ RunTime:0.000000s ]

[ 2017-06-01T10:19:52+08:00 ] 127.0.0.1 /index.php/Home/Member/ajaxChkLogin.html
INFO: [ app_init ] --START--
INFO: Run Behavior\BuildLiteBehavior [ RunTime:0.000000s ]
INFO: [ app_init ] --END-- [ RunTime:0.000000s ]
INFO: [ app_begin ] --START--
INFO: Run Behavior\ReadHtmlCacheBehavior [ RunTime:0.001000s ]
INFO: [ app_begin ] --END-- [ RunTime:0.001000s ]

[ 2017-06-01T10:19:54+08:00 ] 127.0.0.1 /index.php/Index/goods/id/22.html
INFO: [ app_init ] --START--
INFO: Run Behavior\BuildLiteBehavior [ RunTime:0.000000s ]
INFO: [ app_init ] --END-- [ RunTime:0.000000s ]
INFO: [ app_begin ] --START--

[ 2017-06-01T10:19:54+08:00 ] 127.0.0.1 /index.php/Index/ajaxGetComment/goods_id/22
INFO: [ app_init ] --START--
INFO: Run Behavior\BuildLiteBehavior [ RunTime:0.000000s ]
INFO: [ app_init ] --END-- [ RunTime:0.000000s ]
INFO: [ app_begin ] --START--
INFO: Run Behavior\ReadHtmlCacheBehavior [ RunTime:0.000000s ]
INFO: [ app_begin ] --END-- [ RunTime:0.000000s ]
ERR: 非法操作:ajaxGetComment

[ 2017-06-01T10:19:54+08:00 ] 127.0.0.1 /index.php/Index/ajaxGetPrice/goods_id/22
INFO: [ app_init ] --START--
INFO: Run Behavior\BuildLiteBehavior [ RunTime:0.000000s ]
INFO: [ app_init ] --END-- [ RunTime:0.000000s ]
INFO: [ app_begin ] --START--
INFO: Run Behavior\ReadHtmlCacheBehavior [ RunTime:0.001000s ]
INFO: [ app_begin ] --END-- [ RunTime:0.001000s ]
ERR: 非法操作:ajaxGetPrice

[ 2017-06-01T10:19:54+08:00 ] 127.0.0.1 /index.php/Home/Member/ajaxChkLogin.html
INFO: [ app_init ] --START--
INFO: Run Behavior\BuildLiteBehavior [ RunTime:0.000000s ]
INFO: [ app_init ] --END-- [ RunTime:0.000000s ]
INFO: [ app_begin ] --START--
INFO: Run Behavior\ReadHtmlCacheBehavior [ RunTime:0.001000s ]
INFO: [ app_begin ] --END-- [ RunTime:0.001000s ]

[ 2017-06-01T10:19:54+08:00 ] 127.0.0.1 /Public/Home/images/zoomloader.gif
INFO: [ app_init ] --START--
INFO: Run Behavior\BuildLiteBehavior [ RunTime:0.000000s ]
INFO: [ app_init ] --END-- [ RunTime:0.001000s ]

[ 2017-06-01T10:20:40+08:00 ] 127.0.0.1 /index.php/Home/Member/ajaxChkLogin.html
INFO: [ app_init ] --START--
INFO: Run Behavior\BuildLiteBehavior [ RunTime:0.000000s ]
INFO: [ app_init ] --END-- [ RunTime:0.000000s ]
INFO: [ app_begin ] --START--
INFO: Run Behavior\ReadHtmlCacheBehavior [ RunTime:0.001000s ]
INFO: [ app_begin ] --END-- [ RunTime:0.001000s ]

[ 2017-06-01T14:04:11+08:00 ] 127.0.0.1 /favicon.ico
INFO: [ app_init ] --START--
INFO: Run Behavior\BuildLiteBehavior [ RunTime:0.000000s ]
INFO: [ app_init ] --END-- [ RunTime:0.000000s ]

[ 2017-06-01T14:18:55+08:00 ] 127.0.0.1 /favicon.ico
INFO: [ app_init ] --START--
INFO: Run Behavior\BuildLiteBehavior [ RunTime:0.000000s ]
INFO: [ app_init ] --END-- [ RunTime:0.000000s ]

[ 2017-06-01T16:05:02+08:00 ] 127.0.0.1 /favicon.ico
INFO: [ app_init ] --START--
INFO: Run Behavior\BuildLiteBehavior [ RunTime:0.000000s ]
INFO: [ app_init ] --END-- [ RunTime:0.000000s ]

[ 2017-06-01T16:05:26+08:00 ] 127.0.0.1 /favicon.ico
INFO: [ app_init ] --START--
INFO: Run Behavior\BuildLiteBehavior [ RunTime:0.000000s ]
INFO: [ app_init ] --END-- [ RunTime:0.000000s ]

[ 2017-06-01T16:32:55+08:00 ] 127.0.0.1 /favicon.ico
INFO: [ app_init ] --START--
INFO: Run Behavior\BuildLiteBehavior [ RunTime:0.000000s ]
INFO: [ app_init ] --END-- [ RunTime:0.000000s ]

[ 2017-06-01T22:56:25+08:00 ] 127.0.0.1 /Home/Index/index
INFO: [ app_init ] --START--
INFO: Run Behavior\BuildLiteBehavior [ RunTime:0.000000s ]
INFO: [ app_init ] --END-- [ RunTime:0.000000s ]
INFO: [ app_begin ] --START--
INFO: Run Behavior\ReadHtmlCacheBehavior [ RunTime:0.030002s ]
INFO: [ app_begin ] --END-- [ RunTime:0.030002s ]
SQL: SHOW COLUMNS FROM `php34_goods` [ RunTime:0.0300s ]
SQL: SELECT `id`,`goods_name`,`promote_price`,`sm_logo` FROM `php34_goods` WHERE `is_on_sale` = 1 AND `is_delete` = 0 AND `is_promote` = 1 AND `promote_start_time` <= 1496328985 AND `promote_end_time` >= 1496328985 ORDER BY sort_num ASC LIMIT 5   [ RunTime:0.0330s ]
SQL: SELECT `id`,`goods_name`,`shop_price`,`sm_logo` FROM `php34_goods` WHERE `is_on_sale` = 1 AND `is_delete` = 0 AND `is_hot` = 1 ORDER BY sort_num ASC LIMIT 5   [ RunTime:0.0310s ]
SQL: SELECT `id`,`goods_name`,`shop_price`,`sm_logo` FROM `php34_goods` WHERE `is_on_sale` = 1 AND `is_delete` = 0 AND `is_best` = 1 ORDER BY sort_num asc LIMIT 5   [ RunTime:0.0300s ]
SQL: SELECT `id`,`goods_name`,`shop_price`,`sm_logo` FROM `php34_goods` WHERE `is_on_sale` = 1 AND `is_delete` = 0 AND `is_new` = 1 ORDER BY sort_num desc LIMIT 5   [ RunTime:0.0300s ]
SQL: SHOW COLUMNS FROM `php34_category` [ RunTime:0.0300s ]
SQL: SELECT * FROM `php34_category`  [ RunTime:0.0290s ]
INFO: [ view_parse ] --START--
INFO: [ template_filter ] --START--
INFO: Run Behavior\ContentReplaceBehavior [ RunTime:0.001000s ]
INFO: [ template_filter ] --END-- [ RunTime:0.001000s ]
NOTIC: [2] Missing argument 2 for showImage(), called in D:\xampp\htdocs\shop\Application\Runtime\Cache\Home\2a94b8bda04ff446dcedd42276fc99ee.php on line 351 and defined D:\xampp\htdocs\shop\Application\Common\Common\function.php 第 447 行.
NOTIC: [2] Missing argument 3 for showImage(), called in D:\xampp\htdocs\shop\Application\Runtime\Cache\Home\2a94b8bda04ff446dcedd42276fc99ee.php on line 351 and defined D:\xampp\htdocs\shop\Application\Common\Common\function.php 第 447 行.
NOTIC: [8] Undefined variable: width D:\xampp\htdocs\shop\Application\Common\Common\function.php 第 449 行.
NOTIC: [8] Undefined variable: height D:\xampp\htdocs\shop\Application\Common\Common\function.php 第 450 行.
NOTIC: [8] Undefined variable: width D:\xampp\htdocs\shop\Application\Common\Common\function.php 第 451 行.
NOTIC: [8] Undefined variable: height D:\xampp\htdocs\shop\Application\Common\Common\function.php 第 451 行.
NOTIC: [2] Missing argument 2 for showImage(), called in D:\xampp\htdocs\shop\Application\Runtime\Cache\Home\2a94b8bda04ff446dcedd42276fc99ee.php on line 351 and defined D:\xampp\htdocs\shop\Application\Common\Common\function.php 第 447 行.
NOTIC: [2] Missing argument 3 for showImage(), called in D:\xampp\htdocs\shop\Application\Runtime\Cache\Home\2a94b8bda04ff446dcedd42276fc99ee.php on line 351 and defined D:\xampp\htdocs\shop\Application\Common\Common\function.php 第 447 行.
NOTIC: [8] Undefined variable: width D:\xampp\htdocs\shop\Application\Common\Common\function.php 第 449 行.
NOTIC: [8] Undefined variable: height D:\xampp\htdocs\shop\Application\Common\Common\function.php 第 450 行.
NOTIC: [8] Undefined variable: width D:\xampp\htdocs\shop\Application\Common\Common\function.php 第 451 行.
NOTIC: [8] Undefined variable: height D:\xampp\htdocs\shop\Application\Common\Common\function.php 第 451 行.
NOTIC: [2] Missing argument 2 for showImage(), called in D:\xampp\htdocs\shop\Application\Runtime\Cache\Home\2a94b8bda04ff446dcedd42276fc99ee.php on line 351 and defined D:\xampp\htdocs\shop\Application\Common\Common\function.php 第 447 行.
NOTIC: [2] Missing argument 3 for showImage(), called in D:\xampp\htdocs\shop\Application\Runtime\Cache\Home\2a94b8bda04ff446dcedd42276fc99ee.php on line 351 and defined D:\xampp\htdocs\shop\Application\Common\Common\function.php 第 447 行.
NOTIC: [8] Undefined variable: width D:\xampp\htdocs\shop\Application\Common\Common\function.php 第 449 行.
NOTIC: [8] Undefined variable: height D:\xampp\htdocs\shop\Application\Common\Common\function.php 第 450 行.
NOTIC: [8] Undefined variable: width D:\xampp\htdocs\shop\Application\Common\Common\function.php 第 451 行.
NOTIC: [8] Undefined variable: height D:\xampp\htdocs\shop\Application\Common\Common\function.php 第 451 行.
NOTIC: [2] Missing argument 2 for showImage(), called in D:\xampp\htdocs\shop\Application\Runtime\Cache\Home\2a94b8bda04ff446dcedd42276fc99ee.php on line 351 and defined D:\xampp\htdocs\shop\Application\Common\Common\function.php 第 447 行.
NOTIC: [2] Missing argument 3 for showImage(), called in D:\xampp\htdocs\shop\Application\Runtime\Cache\Home\2a94b8bda04ff446dcedd42276fc99ee.php on line 351 and defined D:\xampp\htdocs\shop\Application\Common\Common\function.php 第 447 行.
NOTIC: [8] Undefined variable: width D:\xampp\htdocs\shop\Application\Common\Common\function.php 第 449 行.
NOTIC: [8] Undefined variable: height D:\xampp\htdocs\shop\Application\Common\Common\function.php 第 450 行.
NOTIC: [8] Undefined variable: width D:\xampp\htdocs\shop\Application\Common\Common\function.php 第 451 行.
NOTIC: [8] Undefined variable: height D:\xampp\htdocs\shop\Application\Common\Common\function.php 第 451 行.
NOTIC: [2] Missing argument 2 for showImage(), called in D:\xampp\htdocs\shop\Application\Runtime\Cache\Home\2a94b8bda04ff446dcedd42276fc99ee.php on line 351 and defined D:\xampp\htdocs\shop\Application\Common\Common\function.php 第 447 行.
NOTIC: [2] Missing argument 3 for showImage(), called in D:\xampp\htdocs\shop\Application\Runtime\Cache\Home\2a94b8bda04ff446dcedd42276fc99ee.php on line 351 and defined D:\xampp\htdocs\shop\Application\Common\Common\function.php 第 447 行.
NOTIC: [8] Undefined variable: width D:\xampp\htdocs\shop\Application\Common\Common\function.php 第 449 行.
NOTIC: [8] Undefined variable: height D:\xampp\htdocs\shop\Application\Common\Common\function.php 第 450 行.
NOTIC: [8] Undefined variable: width D:\xampp\htdocs\shop\Application\Common\Common\function.php 第 451 行.
NOTIC: [8] Undefined variable: height D:\xampp\htdocs\shop\Application\Common\Common\function.php 第 451 行.
NOTIC: [2] Missing argument 2 for showImage(), called in D:\xampp\htdocs\shop\Application\Runtime\Cache\Home\2a94b8bda04ff446dcedd42276fc99ee.php on line 367 and defined D:\xampp\htdocs\shop\Application\Common\Common\function.php 第 447 行.
NOTIC: [2] Missing argument 3 for showImage(), called in D:\xampp\htdocs\shop\Application\Runtime\Cache\Home\2a94b8bda04ff446dcedd42276fc99ee.php on line 367 and defined D:\xampp\htdocs\shop\Application\Common\Common\function.php 第 447 行.
NOTIC: [8] Undefined variable: width D:\xampp\htdocs\shop\Application\Common\Common\function.php 第 449 行.
NOTIC: [8] Undefined variable: height D:\xampp\htdocs\shop\Application\Common\Common\function.php 第 450 行.
NOTIC: [8] Undefined variable: width D:\xampp\htdocs\shop\Application\Common\Common\function.php 第 451 行.
NOTIC: [8] Undefined variable: height D:\xampp\htdocs\shop\Application\Common\Common\function.php 第 451 行.
NOTIC: [2] Missing argument 2 for showImage(), called in D:\xampp\htdocs\shop\Application\Runtime\Cache\Home\2a94b8bda04ff446dcedd42276fc99ee.php on line 383 and defined D:\xampp\htdocs\shop\Application\Common\Common\function.php 第 447 行.
NOTIC: [2] Missing argument 3 for showImage(), called in D:\xampp\htdocs\shop\Application\Runtime\Cache\Home\2a94b8bda04ff446dcedd42276fc99ee.php on line 383 and defined D:\xampp\htdocs\shop\Application\Common\Common\function.php 第 447 行.
NOTIC: [8] Undefined variable: width D:\xampp\htdocs\shop\Application\Common\Common\function.php 第 449 行.
NOTIC: [8] Undefined variable: height D:\xampp\htdocs\shop\Application\Common\Common\function.php 第 450 行.
NOTIC: [8] Undefined variable: width D:\xampp\htdocs\shop\Application\Common\Common\function.php 第 451 行.
NOTIC: [8] Undefined variable: height D:\xampp\htdocs\shop\Application\Common\Common\function.php 第 451 行.
NOTIC: [2] Missing argument 2 for showImage(), called in D:\xampp\htdocs\shop\Application\Runtime\Cache\Home\2a94b8bda04ff446dcedd42276fc99ee.php on line 383 and defined D:\xampp\htdocs\shop\Application\Common\Common\function.php 第 447 行.
NOTIC: [2] Missing argument 3 for showImage(), called in D:\xampp\htdocs\shop\Application\Runtime\Cache\Home\2a94b8bda04ff446dcedd42276fc99ee.php on line 383 and defined D:\xampp\htdocs\shop\Application\Common\Common\function.php 第 447 行.
NOTIC: [8] Undefined variable: width D:\xampp\htdocs\shop\Application\Common\Common\function.php 第 449 行.
NOTIC: [8] Undefined variable: height D:\xampp\htdocs\shop\Application\Common\Common\function.php 第 450 行.
NOTIC: [8] Undefined variable: width D:\xampp\htdocs\shop\Application\Common\Common\function.php 第 451 行.
NOTIC: [8] Undefined variable: height D:\xampp\htdocs\shop\Application\Common\Common\function.php 第 451 行.
NOTIC: [2] Missing argument 2 for showImage(), called in D:\xampp\htdocs\shop\Application\Runtime\Cache\Home\2a94b8bda04ff446dcedd42276fc99ee.php on line 383 and defined D:\xampp\htdocs\shop\Application\Common\Common\function.php 第 447 行.
NOTIC: [2] Missing argument 3 for showImage(), called in D:\xampp\htdocs\shop\Application\Runtime\Cache\Home\2a94b8bda04ff446dcedd42276fc99ee.php on line 383 and defined D:\xampp\htdocs\shop\Application\Common\Common\function.php 第 447 行.
NOTIC: [8] Undefined variable: width D:\xampp\htdocs\shop\Application\Common\Common\function.php 第 449 行.
NOTIC: [8] Undefined variable: height D:\xampp\htdocs\shop\Application\Common\Common\function.php 第 450 行.
NOTIC: [8] Undefined variable: width D:\xampp\htdocs\shop\Application\Common\Common\function.php 第 451 行.
NOTIC: [8] Undefined variable: height D:\xampp\htdocs\shop\Application\Common\Common\function.php 第 451 行.
NOTIC: [2] Missing argument 2 for showImage(), called in D:\xampp\htdocs\shop\Application\Runtime\Cache\Home\2a94b8bda04ff446dcedd42276fc99ee.php on line 383 and defined D:\xampp\htdocs\shop\Application\Common\Common\function.php 第 447 行.
NOTIC: [2] Missing argument 3 for showImage(), called in D:\xampp\htdocs\shop\Application\Runtime\Cache\Home\2a94b8bda04ff446dcedd42276fc99ee.php on line 383 and defined D:\xampp\htdocs\shop\Application\Common\Common\function.php 第 447 行.
NOTIC: [8] Undefined variable: width D:\xampp\htdocs\shop\Application\Common\Common\function.php 第 449 行.
NOTIC: [8] Undefined variable: height D:\xampp\htdocs\shop\Application\Common\Common\function.php 第 450 行.
NOTIC: [8] Undefined variable: width D:\xampp\htdocs\shop\Application\Common\Common\function.php 第 451 行.
NOTIC: [8] Undefined variable: height D:\xampp\htdocs\shop\Application\Common\Common\function.php 第 451 行.
INFO: Run Behavior\ParseTemplateBehavior [ RunTime:0.082005s ]
INFO: [ view_parse ] --END-- [ RunTime:0.082005s ]
INFO: [ view_filter ] --START--
INFO: Run Behavior\WriteHtmlCacheBehavior [ RunTime:0.016001s ]
INFO: [ view_filter ] --END-- [ RunTime:0.016001s ]
INFO: [ app_end ] --START--
INFO: Run Behavior\ShowPageTraceBehavior [ RunTime:0.001000s ]
INFO: [ app_end ] --END-- [ RunTime:0.001000s ]

[ 2017-06-01T22:56:25+08:00 ] 127.0.0.1 /index.php/Home/Member/ajaxChkLogin.html
INFO: [ app_init ] --START--
INFO: Run Behavior\BuildLiteBehavior [ RunTime:0.000000s ]
INFO: [ app_init ] --END-- [ RunTime:0.000000s ]
INFO: [ app_begin ] --START--
INFO: Run Behavior\ReadHtmlCacheBehavior [ RunTime:0.000000s ]
INFO: [ app_begin ] --END-- [ RunTime:0.000000s ]

[ 2017-06-01T22:56:26+08:00 ] 127.0.0.1 /favicon.ico
INFO: [ app_init ] --START--
INFO: Run Behavior\BuildLiteBehavior [ RunTime:0.000000s ]
INFO: [ app_init ] --END-- [ RunTime:0.000000s ]

[ 2017-06-01T22:56:29+08:00 ] 127.0.0.1 /index.php/Home/Member/login.html
INFO: [ app_init ] --START--
INFO: Run Behavior\BuildLiteBehavior [ RunTime:0.000000s ]
INFO: [ app_init ] --END-- [ RunTime:0.000000s ]
INFO: [ app_begin ] --START--
INFO: Run Behavior\ReadHtmlCacheBehavior [ RunTime:0.001000s ]
INFO: [ app_begin ] --END-- [ RunTime:0.001000s ]
SQL: SHOW COLUMNS FROM `php34_category` [ RunTime:0.2720s ]
SQL: SELECT * FROM `php34_category`  [ RunTime:0.0310s ]
INFO: [ view_parse ] --START--
INFO: [ template_filter ] --START--
INFO: Run Behavior\ContentReplaceBehavior [ RunTime:0.000000s ]
INFO: [ template_filter ] --END-- [ RunTime:0.000000s ]
INFO: Run Behavior\ParseTemplateBehavior [ RunTime:0.076005s ]
INFO: [ view_parse ] --END-- [ RunTime:0.076005s ]
INFO: [ view_filter ] --START--
INFO: Run Behavior\WriteHtmlCacheBehavior [ RunTime:0.001000s ]
INFO: [ view_filter ] --END-- [ RunTime:0.001000s ]
INFO: [ app_end ] --START--
INFO: Run Behavior\ShowPageTraceBehavior [ RunTime:0.001000s ]
INFO: [ app_end ] --END-- [ RunTime:0.001000s ]

[ 2017-06-01T22:56:30+08:00 ] 127.0.0.1 /index.php/Member/chkcode.html
INFO: [ app_init ] --START--
INFO: Run Behavior\BuildLiteBehavior [ RunTime:0.000000s ]
INFO: [ app_init ] --END-- [ RunTime:0.000000s ]
INFO: [ app_begin ] --START--
INFO: Run Behavior\ReadHtmlCacheBehavior [ RunTime:0.000000s ]
INFO: [ app_begin ] --END-- [ RunTime:0.000000s ]
INFO: [ app_end ] --START--
INFO: Run Behavior\ShowPageTraceBehavior [ RunTime:0.001000s ]
INFO: [ app_end ] --END-- [ RunTime:0.001000s ]

[ 2017-06-01T22:56:30+08:00 ] 127.0.0.1 /index.php/Home/Member/ajaxChkLogin.html
INFO: [ app_init ] --START--
INFO: Run Behavior\BuildLiteBehavior [ RunTime:0.000000s ]
INFO: [ app_init ] --END-- [ RunTime:0.000000s ]
INFO: [ app_begin ] --START--
INFO: Run Behavior\ReadHtmlCacheBehavior [ RunTime:0.001001s ]
INFO: [ app_begin ] --END-- [ RunTime:0.001001s ]

[ 2017-06-01T22:56:57+08:00 ] 127.0.0.1 /index.php/Home/Member/login.html
INFO: [ app_init ] --START--
INFO: Run Behavior\BuildLiteBehavior [ RunTime:0.000000s ]
INFO: [ app_init ] --END-- [ RunTime:0.000000s ]
INFO: [ app_begin ] --START--
INFO: Run Behavior\ReadHtmlCacheBehavior [ RunTime:0.001000s ]
INFO: [ app_begin ] --END-- [ RunTime:0.001000s ]
ERR: SQLSTATE[HY000] [2002] ӷһʱûȷ𸴻ӵûзӦӳʧܡ


[ 2017-06-01T22:57:31+08:00 ] 127.0.0.1 /index.php/Home/Member/login.html
INFO: [ app_init ] --START--
INFO: Run Behavior\BuildLiteBehavior [ RunTime:0.000000s ]
INFO: [ app_init ] --END-- [ RunTime:0.000000s ]
INFO: [ app_begin ] --START--
INFO: Run Behavior\ReadHtmlCacheBehavior [ RunTime:0.001000s ]
INFO: [ app_begin ] --END-- [ RunTime:0.001000s ]
SQL: SHOW COLUMNS FROM `php34_category` [ RunTime:0.0310s ]
SQL: SELECT * FROM `php34_category`  [ RunTime:0.0290s ]
INFO: [ view_parse ] --START--
INFO: [ template_filter ] --START--
INFO: Run Behavior\ContentReplaceBehavior [ RunTime:0.000000s ]
INFO: [ template_filter ] --END-- [ RunTime:0.001000s ]
INFO: Run Behavior\ParseTemplateBehavior [ RunTime:0.027002s ]
INFO: [ view_parse ] --END-- [ RunTime:0.027002s ]
INFO: [ view_filter ] --START--
INFO: Run Behavior\WriteHtmlCacheBehavior [ RunTime:0.001000s ]
INFO: [ view_filter ] --END-- [ RunTime:0.001000s ]
INFO: [ app_end ] --START--
INFO: Run Behavior\ShowPageTraceBehavior [ RunTime:0.001000s ]
INFO: [ app_end ] --END-- [ RunTime:0.002000s ]

[ 2017-06-01T22:57:31+08:00 ] 127.0.0.1 /index.php/Member/chkcode.html
INFO: [ app_init ] --START--
INFO: Run Behavior\BuildLiteBehavior [ RunTime:0.000000s ]
INFO: [ app_init ] --END-- [ RunTime:0.000000s ]
INFO: [ app_begin ] --START--
INFO: Run Behavior\ReadHtmlCacheBehavior [ RunTime:0.001000s ]
INFO: [ app_begin ] --END-- [ RunTime:0.001000s ]
INFO: [ app_end ] --START--
INFO: Run Behavior\ShowPageTraceBehavior [ RunTime:0.001000s ]
INFO: [ app_end ] --END-- [ RunTime:0.001000s ]

[ 2017-06-01T22:57:31+08:00 ] 127.0.0.1 /index.php/Home/Member/ajaxChkLogin.html
INFO: [ app_init ] --START--
INFO: Run Behavior\BuildLiteBehavior [ RunTime:0.000000s ]
INFO: [ app_init ] --END-- [ RunTime:0.000000s ]
INFO: [ app_begin ] --START--
INFO: Run Behavior\ReadHtmlCacheBehavior [ RunTime:0.001000s ]
INFO: [ app_begin ] --END-- [ RunTime:0.001000s ]

[ 2017-06-01T22:57:41+08:00 ] 127.0.0.1 /index.php/Member/chkcode.html
INFO: [ app_init ] --START--
INFO: Run Behavior\BuildLiteBehavior [ RunTime:0.000000s ]
INFO: [ app_init ] --END-- [ RunTime:0.000000s ]
INFO: [ app_begin ] --START--
INFO: Run Behavior\ReadHtmlCacheBehavior [ RunTime:0.001000s ]
INFO: [ app_begin ] --END-- [ RunTime:0.001000s ]
INFO: [ app_end ] --START--
INFO: Run Behavior\ShowPageTraceBehavior [ RunTime:0.001000s ]
INFO: [ app_end ] --END-- [ RunTime:0.001000s ]

[ 2017-06-01T22:57:47+08:00 ] 127.0.0.1 /index.php/Home/Member/login.html
INFO: [ app_init ] --START--
INFO: Run Behavior\BuildLiteBehavior [ RunTime:0.000000s ]
INFO: [ app_init ] --END-- [ RunTime:0.000000s ]
INFO: [ app_begin ] --START--
INFO: Run Behavior\ReadHtmlCacheBehavior [ RunTime:0.001000s ]
INFO: [ app_begin ] --END-- [ RunTime:0.001000s ]
SQL: SHOW COLUMNS FROM `php34_member` [ RunTime:0.0300s ]
NOTIC: [8] Undefined index: auto D:\xampp\htdocs\shop\ThinkPHP\Library\Think\Model.class.php 第 1128 行.
SQL: SELECT * FROM `php34_member` WHERE `email` = 'gspdss@163.com' LIMIT 1   [ RunTime:0.0360s ]
SQL: SHOW COLUMNS FROM `php34_member_level` [ RunTime:0.0340s ]
ERR: 1064:You have an error in your SQL syntax; check the manual that corresponds to your MySQL server version for the right syntax to use near 'bteween bottom_num and top_num ) LIMIT 1' at line 1
 [ SQL语句 ] : SELECT `id`,`rate` FROM `php34_member_level` WHERE ( 0 bteween bottom_num and top_num ) LIMIT 1  
ERR: 1064:You have an error in your SQL syntax; check the manual that corresponds to your MySQL server version for the right syntax to use near 'bteween bottom_num and top_num ) LIMIT 1' at line 1
 [ SQL语句 ] : SELECT `id`,`rate` FROM `php34_member_level` WHERE ( 0 bteween bottom_num and top_num ) LIMIT 1  

[ 2017-06-01T22:59:22+08:00 ] 127.0.0.1 /index.php/Home/Member/login.html
INFO: [ app_init ] --START--
INFO: Run Behavior\BuildLiteBehavior [ RunTime:0.000000s ]
INFO: [ app_init ] --END-- [ RunTime:0.000000s ]
INFO: [ app_begin ] --START--
INFO: Run Behavior\ReadHtmlCacheBehavior [ RunTime:0.001000s ]
INFO: [ app_begin ] --END-- [ RunTime:0.001000s ]
SQL: SHOW COLUMNS FROM `php34_category` [ RunTime:0.0330s ]
SQL: SELECT * FROM `php34_category`  [ RunTime:0.0300s ]
INFO: [ view_parse ] --START--
INFO: [ template_filter ] --START--
INFO: Run Behavior\ContentReplaceBehavior [ RunTime:0.000000s ]
INFO: [ template_filter ] --END-- [ RunTime:0.000000s ]
INFO: Run Behavior\ParseTemplateBehavior [ RunTime:0.016001s ]
INFO: [ view_parse ] --END-- [ RunTime:0.016001s ]
INFO: [ view_filter ] --START--
INFO: Run Behavior\WriteHtmlCacheBehavior [ RunTime:0.000000s ]
INFO: [ view_filter ] --END-- [ RunTime:0.000000s ]
INFO: [ app_end ] --START--
INFO: Run Behavior\ShowPageTraceBehavior [ RunTime:0.001000s ]
INFO: [ app_end ] --END-- [ RunTime:0.001000s ]

[ 2017-06-01T22:59:22+08:00 ] 127.0.0.1 /index.php/Member/chkcode.html
INFO: [ app_init ] --START--
INFO: Run Behavior\BuildLiteBehavior [ RunTime:0.000000s ]
INFO: [ app_init ] --END-- [ RunTime:0.000000s ]
INFO: [ app_begin ] --START--
INFO: Run Behavior\ReadHtmlCacheBehavior [ RunTime:0.000000s ]
INFO: [ app_begin ] --END-- [ RunTime:0.000000s ]
INFO: [ app_end ] --START--
INFO: Run Behavior\ShowPageTraceBehavior [ RunTime:0.001000s ]
INFO: [ app_end ] --END-- [ RunTime:0.001000s ]

[ 2017-06-01T22:59:22+08:00 ] 127.0.0.1 /index.php/Home/Member/ajaxChkLogin.html
INFO: [ app_init ] --START--
INFO: Run Behavior\BuildLiteBehavior [ RunTime:0.000000s ]
INFO: [ app_init ] --END-- [ RunTime:0.000000s ]
INFO: [ app_begin ] --START--
INFO: Run Behavior\ReadHtmlCacheBehavior [ RunTime:0.001000s ]
INFO: [ app_begin ] --END-- [ RunTime:0.001000s ]

[ 2017-06-01T22:59:31+08:00 ] 127.0.0.1 /index.php/Home/Member/login.html
INFO: [ app_init ] --START--
INFO: Run Behavior\BuildLiteBehavior [ RunTime:0.000000s ]
INFO: [ app_init ] --END-- [ RunTime:0.000000s ]
INFO: [ app_begin ] --START--
INFO: Run Behavior\ReadHtmlCacheBehavior [ RunTime:0.000000s ]
INFO: [ app_begin ] --END-- [ RunTime:0.000000s ]
SQL: SHOW COLUMNS FROM `php34_member` [ RunTime:0.0290s ]
INFO: [ view_parse ] --START--
INFO: [ template_filter ] --START--
INFO: Run Behavior\ContentReplaceBehavior [ RunTime:0.000000s ]
INFO: [ template_filter ] --END-- [ RunTime:0.000000s ]
INFO: Run Behavior\ParseTemplateBehavior [ RunTime:0.056003s ]
INFO: [ view_parse ] --END-- [ RunTime:0.056003s ]
INFO: [ view_filter ] --START--
INFO: Run Behavior\WriteHtmlCacheBehavior [ RunTime:0.001000s ]
INFO: [ view_filter ] --END-- [ RunTime:0.001000s ]

[ 2017-06-01T22:59:37+08:00 ] 127.0.0.1 /index.php/Home/Member/login.html
INFO: [ app_init ] --START--
INFO: Run Behavior\BuildLiteBehavior [ RunTime:0.000000s ]
INFO: [ app_init ] --END-- [ RunTime:0.000000s ]
INFO: [ app_begin ] --START--
INFO: Run Behavior\ReadHtmlCacheBehavior [ RunTime:0.001000s ]
INFO: [ app_begin ] --END-- [ RunTime:0.001000s ]
SQL: SHOW COLUMNS FROM `php34_category` [ RunTime:0.0290s ]
SQL: SELECT * FROM `php34_category`  [ RunTime:0.0320s ]
INFO: [ view_parse ] --START--
INFO: [ template_filter ] --START--
INFO: Run Behavior\ContentReplaceBehavior [ RunTime:0.000000s ]
INFO: [ template_filter ] --END-- [ RunTime:0.000000s ]
INFO: Run Behavior\ParseTemplateBehavior [ RunTime:0.021001s ]
INFO: [ view_parse ] --END-- [ RunTime:0.021001s ]
INFO: [ view_filter ] --START--
INFO: Run Behavior\WriteHtmlCacheBehavior [ RunTime:0.001000s ]
INFO: [ view_filter ] --END-- [ RunTime:0.001000s ]
INFO: [ app_end ] --START--
INFO: Run Behavior\ShowPageTraceBehavior [ RunTime:0.001000s ]
INFO: [ app_end ] --END-- [ RunTime:0.002000s ]

[ 2017-06-01T22:59:38+08:00 ] 127.0.0.1 /index.php/Member/chkcode.html
INFO: [ app_init ] --START--
INFO: Run Behavior\BuildLiteBehavior [ RunTime:0.000000s ]
INFO: [ app_init ] --END-- [ RunTime:0.000000s ]
INFO: [ app_begin ] --START--
INFO: Run Behavior\ReadHtmlCacheBehavior [ RunTime:0.000000s ]
INFO: [ app_begin ] --END-- [ RunTime:0.000000s ]
INFO: [ app_end ] --START--
INFO: Run Behavior\ShowPageTraceBehavior [ RunTime:0.001000s ]
INFO: [ app_end ] --END-- [ RunTime:0.001000s ]

[ 2017-06-01T22:59:38+08:00 ] 127.0.0.1 /index.php/Home/Member/ajaxChkLogin.html
INFO: [ app_init ] --START--
INFO: Run Behavior\BuildLiteBehavior [ RunTime:0.000000s ]
INFO: [ app_init ] --END-- [ RunTime:0.000000s ]
INFO: [ app_begin ] --START--
INFO: Run Behavior\ReadHtmlCacheBehavior [ RunTime:0.001000s ]
INFO: [ app_begin ] --END-- [ RunTime:0.001000s ]

[ 2017-06-01T22:59:41+08:00 ] 127.0.0.1 /index.php/Member/chkcode.html
INFO: [ app_init ] --START--
INFO: Run Behavior\BuildLiteBehavior [ RunTime:0.000000s ]
INFO: [ app_init ] --END-- [ RunTime:0.000000s ]
INFO: [ app_begin ] --START--
INFO: Run Behavior\ReadHtmlCacheBehavior [ RunTime:0.001000s ]
INFO: [ app_begin ] --END-- [ RunTime:0.001000s ]
INFO: [ app_end ] --START--
INFO: Run Behavior\ShowPageTraceBehavior [ RunTime:0.001000s ]
INFO: [ app_end ] --END-- [ RunTime:0.001000s ]

[ 2017-06-01T22:59:42+08:00 ] 127.0.0.1 /index.php/Member/chkcode.html
INFO: [ app_init ] --START--
INFO: Run Behavior\BuildLiteBehavior [ RunTime:0.000000s ]
INFO: [ app_init ] --END-- [ RunTime:0.000000s ]
INFO: [ app_begin ] --START--
INFO: Run Behavior\ReadHtmlCacheBehavior [ RunTime:0.001000s ]
INFO: [ app_begin ] --END-- [ RunTime:0.001000s ]
INFO: [ app_end ] --START--
INFO: Run Behavior\ShowPageTraceBehavior [ RunTime:0.001000s ]
INFO: [ app_end ] --END-- [ RunTime:0.001000s ]

[ 2017-06-01T22:59:43+08:00 ] 127.0.0.1 /index.php/Member/chkcode.html
INFO: [ app_init ] --START--
INFO: Run Behavior\BuildLiteBehavior [ RunTime:0.000000s ]
INFO: [ app_init ] --END-- [ RunTime:0.000000s ]
INFO: [ app_begin ] --START--
INFO: Run Behavior\ReadHtmlCacheBehavior [ RunTime:0.001000s ]
INFO: [ app_begin ] --END-- [ RunTime:0.001000s ]
INFO: [ app_end ] --START--
INFO: Run Behavior\ShowPageTraceBehavior [ RunTime:0.001000s ]
INFO: [ app_end ] --END-- [ RunTime:0.001000s ]

[ 2017-06-01T22:59:57+08:00 ] 127.0.0.1 /index.php/Home/Member/login.html
INFO: [ app_init ] --START--
INFO: Run Behavior\BuildLiteBehavior [ RunTime:0.000000s ]
INFO: [ app_init ] --END-- [ RunTime:0.000000s ]
INFO: [ app_begin ] --START--
INFO: Run Behavior\ReadHtmlCacheBehavior [ RunTime:0.001000s ]
INFO: [ app_begin ] --END-- [ RunTime:0.001000s ]
SQL: SHOW COLUMNS FROM `php34_member` [ RunTime:0.0310s ]
NOTIC: [8] Undefined index: auto D:\xampp\htdocs\shop\ThinkPHP\Library\Think\Model.class.php 第 1128 行.
SQL: SELECT * FROM `php34_member` WHERE `email` = 'gspdss@163.com' LIMIT 1   [ RunTime:0.0280s ]
SQL: SHOW COLUMNS FROM `php34_member_level` [ RunTime:0.0290s ]
ERR: 1064:You have an error in your SQL syntax; check the manual that corresponds to your MySQL server version for the right syntax to use near 'bteween bottom_num and top_num ) LIMIT 1' at line 1
 [ SQL语句 ] : SELECT `id`,`rate` FROM `php34_member_level` WHERE ( 0 bteween bottom_num and top_num ) LIMIT 1  
ERR: 1064:You have an error in your SQL syntax; check the manual that corresponds to your MySQL server version for the right syntax to use near 'bteween bottom_num and top_num ) LIMIT 1' at line 1
 [ SQL语句 ] : SELECT `id`,`rate` FROM `php34_member_level` WHERE ( 0 bteween bottom_num and top_num ) LIMIT 1  

[ 2017-06-01T23:00:49+08:00 ] 127.0.0.1 /index.php/Home/Member/login.html
INFO: [ app_init ] --START--
INFO: Run Behavior\BuildLiteBehavior [ RunTime:0.000000s ]
INFO: [ app_init ] --END-- [ RunTime:0.001000s ]
INFO: [ app_begin ] --START--
INFO: Run Behavior\ReadHtmlCacheBehavior [ RunTime:0.000000s ]
INFO: [ app_begin ] --END-- [ RunTime:0.000000s ]
SQL: SHOW COLUMNS FROM `php34_category` [ RunTime:0.0310s ]
SQL: SELECT * FROM `php34_category`  [ RunTime:0.0480s ]
INFO: [ view_parse ] --START--
INFO: [ template_filter ] --START--
INFO: Run Behavior\ContentReplaceBehavior [ RunTime:0.000000s ]
INFO: [ template_filter ] --END-- [ RunTime:0.000000s ]
INFO: Run Behavior\ParseTemplateBehavior [ RunTime:0.009001s ]
INFO: [ view_parse ] --END-- [ RunTime:0.009001s ]
INFO: [ view_filter ] --START--
INFO: Run Behavior\WriteHtmlCacheBehavior [ RunTime:0.000000s ]
INFO: [ view_filter ] --END-- [ RunTime:0.000000s ]
INFO: [ app_end ] --START--
INFO: Run Behavior\ShowPageTraceBehavior [ RunTime:0.000000s ]
INFO: [ app_end ] --END-- [ RunTime:0.000000s ]

[ 2017-06-01T23:00:49+08:00 ] 127.0.0.1 /index.php/Member/chkcode.html
INFO: [ app_init ] --START--
INFO: Run Behavior\BuildLiteBehavior [ RunTime:0.000000s ]
INFO: [ app_init ] --END-- [ RunTime:0.000000s ]
INFO: [ app_begin ] --START--
INFO: Run Behavior\ReadHtmlCacheBehavior [ RunTime:0.001000s ]
INFO: [ app_begin ] --END-- [ RunTime:0.001000s ]
INFO: [ app_end ] --START--
INFO: Run Behavior\ShowPageTraceBehavior [ RunTime:0.001000s ]
INFO: [ app_end ] --END-- [ RunTime:0.001000s ]

[ 2017-06-01T23:00:49+08:00 ] 127.0.0.1 /index.php/Home/Member/ajaxChkLogin.html
INFO: [ app_init ] --START--
INFO: Run Behavior\BuildLiteBehavior [ RunTime:0.000000s ]
INFO: [ app_init ] --END-- [ RunTime:0.000000s ]
INFO: [ app_begin ] --START--
INFO: Run Behavior\ReadHtmlCacheBehavior [ RunTime:0.001000s ]
INFO: [ app_begin ] --END-- [ RunTime:0.001000s ]

[ 2017-06-01T23:00:53+08:00 ] 127.0.0.1 /index.php/Member/chkcode.html
INFO: [ app_init ] --START--
INFO: Run Behavior\BuildLiteBehavior [ RunTime:0.000000s ]
INFO: [ app_init ] --END-- [ RunTime:0.000000s ]
INFO: [ app_begin ] --START--
INFO: Run Behavior\ReadHtmlCacheBehavior [ RunTime:0.001000s ]
INFO: [ app_begin ] --END-- [ RunTime:0.001000s ]
INFO: [ app_end ] --START--
INFO: Run Behavior\ShowPageTraceBehavior [ RunTime:0.000000s ]
INFO: [ app_end ] --END-- [ RunTime:0.001000s ]

[ 2017-06-01T23:00:53+08:00 ] 127.0.0.1 /index.php/Member/chkcode.html
INFO: [ app_init ] --START--
INFO: Run Behavior\BuildLiteBehavior [ RunTime:0.000000s ]
INFO: [ app_init ] --END-- [ RunTime:0.000000s ]
INFO: [ app_begin ] --START--
INFO: Run Behavior\ReadHtmlCacheBehavior [ RunTime:0.001000s ]
INFO: [ app_begin ] --END-- [ RunTime:0.001000s ]
INFO: [ app_end ] --START--
INFO: Run Behavior\ShowPageTraceBehavior [ RunTime:0.001000s ]
INFO: [ app_end ] --END-- [ RunTime:0.001000s ]

[ 2017-06-01T23:00:54+08:00 ] 127.0.0.1 /index.php/Member/chkcode.html
INFO: [ app_init ] --START--
INFO: Run Behavior\BuildLiteBehavior [ RunTime:0.000000s ]
INFO: [ app_init ] --END-- [ RunTime:0.000000s ]
INFO: [ app_begin ] --START--
INFO: Run Behavior\ReadHtmlCacheBehavior [ RunTime:0.001000s ]
INFO: [ app_begin ] --END-- [ RunTime:0.001000s ]
INFO: [ app_end ] --START--
INFO: Run Behavior\ShowPageTraceBehavior [ RunTime:0.001001s ]
INFO: [ app_end ] --END-- [ RunTime:0.001001s ]

[ 2017-06-01T23:00:55+08:00 ] 127.0.0.1 /index.php/Member/chkcode.html
INFO: [ app_init ] --START--
INFO: Run Behavior\BuildLiteBehavior [ RunTime:0.000000s ]
INFO: [ app_init ] --END-- [ RunTime:0.000000s ]
INFO: [ app_begin ] --START--
INFO: Run Behavior\ReadHtmlCacheBehavior [ RunTime:0.000000s ]
INFO: [ app_begin ] --END-- [ RunTime:0.001000s ]
INFO: [ app_end ] --START--
INFO: Run Behavior\ShowPageTraceBehavior [ RunTime:0.001000s ]
INFO: [ app_end ] --END-- [ RunTime:0.001000s ]

[ 2017-06-01T23:00:59+08:00 ] 127.0.0.1 /index.php/Home/Member/login.html
INFO: [ app_init ] --START--
INFO: Run Behavior\BuildLiteBehavior [ RunTime:0.000000s ]
INFO: [ app_init ] --END-- [ RunTime:0.000000s ]
INFO: [ app_begin ] --START--
INFO: Run Behavior\ReadHtmlCacheBehavior [ RunTime:0.000000s ]
INFO: [ app_begin ] --END-- [ RunTime:0.000000s ]
SQL: SHOW COLUMNS FROM `php34_member` [ RunTime:0.0380s ]
INFO: [ view_parse ] --START--
INFO: [ template_filter ] --START--
INFO: Run Behavior\ContentReplaceBehavior [ RunTime:0.000000s ]
INFO: [ template_filter ] --END-- [ RunTime:0.000000s ]
INFO: Run Behavior\ParseTemplateBehavior [ RunTime:0.005001s ]
INFO: [ view_parse ] --END-- [ RunTime:0.005001s ]
INFO: [ view_filter ] --START--
INFO: Run Behavior\WriteHtmlCacheBehavior [ RunTime:0.001000s ]
INFO: [ view_filter ] --END-- [ RunTime:0.001000s ]

[ 2017-06-01T23:01:05+08:00 ] 127.0.0.1 /index.php/Home/Member/login.html
INFO: [ app_init ] --START--
INFO: Run Behavior\BuildLiteBehavior [ RunTime:0.000000s ]
INFO: [ app_init ] --END-- [ RunTime:0.000000s ]
INFO: [ app_begin ] --START--
INFO: Run Behavior\ReadHtmlCacheBehavior [ RunTime:0.001001s ]
INFO: [ app_begin ] --END-- [ RunTime:0.001001s ]
SQL: SHOW COLUMNS FROM `php34_category` [ RunTime:0.0280s ]
SQL: SELECT * FROM `php34_category`  [ RunTime:0.0270s ]
INFO: [ view_parse ] --START--
INFO: [ template_filter ] --START--
INFO: Run Behavior\ContentReplaceBehavior [ RunTime:0.001000s ]
INFO: [ template_filter ] --END-- [ RunTime:0.001000s ]
INFO: Run Behavior\ParseTemplateBehavior [ RunTime:0.021001s ]
INFO: [ view_parse ] --END-- [ RunTime:0.021001s ]
INFO: [ view_filter ] --START--
INFO: Run Behavior\WriteHtmlCacheBehavior [ RunTime:0.001000s ]
INFO: [ view_filter ] --END-- [ RunTime:0.001000s ]
INFO: [ app_end ] --START--
INFO: Run Behavior\ShowPageTraceBehavior [ RunTime:0.002000s ]
INFO: [ app_end ] --END-- [ RunTime:0.002000s ]

[ 2017-06-01T23:01:05+08:00 ] 127.0.0.1 /index.php/Member/chkcode.html
INFO: [ app_init ] --START--
INFO: Run Behavior\BuildLiteBehavior [ RunTime:0.000000s ]
INFO: [ app_init ] --END-- [ RunTime:0.000000s ]
INFO: [ app_begin ] --START--
INFO: Run Behavior\ReadHtmlCacheBehavior [ RunTime:0.001001s ]
INFO: [ app_begin ] --END-- [ RunTime:0.001001s ]
INFO: [ app_end ] --START--
INFO: Run Behavior\ShowPageTraceBehavior [ RunTime:0.001000s ]
INFO: [ app_end ] --END-- [ RunTime:0.001000s ]

[ 2017-06-01T23:01:05+08:00 ] 127.0.0.1 /index.php/Home/Member/ajaxChkLogin.html
INFO: [ app_init ] --START--
INFO: Run Behavior\BuildLiteBehavior [ RunTime:0.000000s ]
INFO: [ app_init ] --END-- [ RunTime:0.000000s ]
INFO: [ app_begin ] --START--
INFO: Run Behavior\ReadHtmlCacheBehavior [ RunTime:0.001000s ]
INFO: [ app_begin ] --END-- [ RunTime:0.001000s ]

[ 2017-06-01T23:01:10+08:00 ] 127.0.0.1 /index.php/Member/chkcode.html
INFO: [ app_init ] --START--
INFO: Run Behavior\BuildLiteBehavior [ RunTime:0.000000s ]
INFO: [ app_init ] --END-- [ RunTime:0.000000s ]
INFO: [ app_begin ] --START--
INFO: Run Behavior\ReadHtmlCacheBehavior [ RunTime:0.000000s ]
INFO: [ app_begin ] --END-- [ RunTime:0.001000s ]
INFO: [ app_end ] --START--
INFO: Run Behavior\ShowPageTraceBehavior [ RunTime:0.001000s ]
INFO: [ app_end ] --END-- [ RunTime:0.001000s ]

[ 2017-06-01T23:01:10+08:00 ] 127.0.0.1 /index.php/Member/chkcode.html
INFO: [ app_init ] --START--
INFO: Run Behavior\BuildLiteBehavior [ RunTime:0.000000s ]
INFO: [ app_init ] --END-- [ RunTime:0.000000s ]
INFO: [ app_begin ] --START--
INFO: Run Behavior\ReadHtmlCacheBehavior [ RunTime:0.000000s ]
INFO: [ app_begin ] --END-- [ RunTime:0.000000s ]
INFO: [ app_end ] --START--
INFO: Run Behavior\ShowPageTraceBehavior [ RunTime:0.001000s ]
INFO: [ app_end ] --END-- [ RunTime:0.001000s ]

[ 2017-06-01T23:01:11+08:00 ] 127.0.0.1 /index.php/Member/chkcode.html
INFO: [ app_init ] --START--
INFO: Run Behavior\BuildLiteBehavior [ RunTime:0.000000s ]
INFO: [ app_init ] --END-- [ RunTime:0.000000s ]
INFO: [ app_begin ] --START--
INFO: Run Behavior\ReadHtmlCacheBehavior [ RunTime:0.000000s ]
INFO: [ app_begin ] --END-- [ RunTime:0.000000s ]
INFO: [ app_end ] --START--
INFO: Run Behavior\ShowPageTraceBehavior [ RunTime:0.001000s ]
INFO: [ app_end ] --END-- [ RunTime:0.001000s ]

[ 2017-06-01T23:01:12+08:00 ] 127.0.0.1 /index.php/Member/chkcode.html
INFO: [ app_init ] --START--
INFO: Run Behavior\BuildLiteBehavior [ RunTime:0.000000s ]
INFO: [ app_init ] --END-- [ RunTime:0.000000s ]
INFO: [ app_begin ] --START--
INFO: Run Behavior\ReadHtmlCacheBehavior [ RunTime:0.001000s ]
INFO: [ app_begin ] --END-- [ RunTime:0.001000s ]
INFO: [ app_end ] --START--
INFO: Run Behavior\ShowPageTraceBehavior [ RunTime:0.001000s ]
INFO: [ app_end ] --END-- [ RunTime:0.001000s ]

[ 2017-06-01T23:01:13+08:00 ] 127.0.0.1 /index.php/Member/chkcode.html
INFO: [ app_init ] --START--
INFO: Run Behavior\BuildLiteBehavior [ RunTime:0.000000s ]
INFO: [ app_init ] --END-- [ RunTime:0.000000s ]
INFO: [ app_begin ] --START--
INFO: Run Behavior\ReadHtmlCacheBehavior [ RunTime:0.001000s ]
INFO: [ app_begin ] --END-- [ RunTime:0.001000s ]
INFO: [ app_end ] --START--
INFO: Run Behavior\ShowPageTraceBehavior [ RunTime:0.001000s ]
INFO: [ app_end ] --END-- [ RunTime:0.001000s ]

[ 2017-06-01T23:01:14+08:00 ] 127.0.0.1 /index.php/Member/chkcode.html
INFO: [ app_init ] --START--
INFO: Run Behavior\BuildLiteBehavior [ RunTime:0.000000s ]
INFO: [ app_init ] --END-- [ RunTime:0.000000s ]
INFO: [ app_begin ] --START--
INFO: Run Behavior\ReadHtmlCacheBehavior [ RunTime:0.000000s ]
INFO: [ app_begin ] --END-- [ RunTime:0.000000s ]
INFO: [ app_end ] --START--
INFO: Run Behavior\ShowPageTraceBehavior [ RunTime:0.001000s ]
INFO: [ app_end ] --END-- [ RunTime:0.001000s ]

[ 2017-06-01T23:01:15+08:00 ] 127.0.0.1 /index.php/Member/chkcode.html
INFO: [ app_init ] --START--
INFO: Run Behavior\BuildLiteBehavior [ RunTime:0.000000s ]
INFO: [ app_init ] --END-- [ RunTime:0.000000s ]
INFO: [ app_begin ] --START--
INFO: Run Behavior\ReadHtmlCacheBehavior [ RunTime:0.002000s ]
INFO: [ app_begin ] --END-- [ RunTime:0.002000s ]
INFO: [ app_end ] --START--
INFO: Run Behavior\ShowPageTraceBehavior [ RunTime:0.001000s ]
INFO: [ app_end ] --END-- [ RunTime:0.001000s ]

[ 2017-06-01T23:01:29+08:00 ] 127.0.0.1 /index.php/Home/Member/login.html
INFO: [ app_init ] --START--
INFO: Run Behavior\BuildLiteBehavior [ RunTime:0.000000s ]
INFO: [ app_init ] --END-- [ RunTime:0.000000s ]
INFO: [ app_begin ] --START--
INFO: Run Behavior\ReadHtmlCacheBehavior [ RunTime:0.001000s ]
INFO: [ app_begin ] --END-- [ RunTime:0.001000s ]
SQL: SHOW COLUMNS FROM `php34_member` [ RunTime:0.0290s ]
NOTIC: [8] Undefined index: auto D:\xampp\htdocs\shop\ThinkPHP\Library\Think\Model.class.php 第 1128 行.
SQL: SELECT * FROM `php34_member` WHERE `email` = 'gspdss@163.com' LIMIT 1   [ RunTime:0.0350s ]
NOTIC: [8] Undefined variable: mlModel D:\xampp\htdocs\shop\Application\Home\Model\MemberModel.class.php 第 72 行.

