[ 2017-04-19T09:08:49+08:00 ] 127.0.0.1 /Home/Pay/doalipay
INFO: [ app_init ] --START--
INFO: Run Behavior\BuildLiteBehavior [ RunTime:0.000000s ]
INFO: [ app_init ] --END-- [ RunTime:0.000000s ]
INFO: [ app_begin ] --START--
INFO: Run Behavior\ReadHtmlCacheBehavior [ RunTime:0.003000s ]
INFO: Run Behavior\CheckLangBehavior [ RunTime:0.019001s ]
INFO: [ app_begin ] --END-- [ RunTime:0.022001s ]
NOTIC: [2048] Declaration of Home\Controller\HomeBaseController::error() should be compatible with Think\Controller::error($message = '', $jumpUrl = '', $ajax = false) D:\xampp\htdocs\myShop\Application\Home\Controller\HomeBaseController.class.php 第 65 行.
NOTIC: [2048] Declaration of Home\Controller\HomeBaseController::success() should be compatible with Think\Controller::success($message = '', $jumpUrl = '', $ajax = false) D:\xampp\htdocs\myShop\Application\Home\Controller\HomeBaseController.class.php 第 65 行.
SQL: SHOW COLUMNS FROM `p2p_customer_contact` [ RunTime:0.0480s ]
SQL: SHOW COLUMNS FROM `p2p_customer_contact` [ RunTime:0.0630s ]
SQL: SELECT con.last_login,con.name as con_name,con.input_time,con.customer_manager as cu_manageer,cus.c_name,cus.identification,ad.mobile,ad.name as ad_name,ad.pic,cin.thumb,cin.thumbqq,cin.points,count(msg.id) as number FROM p2p_customer_contact con left JOIN p2p_admin ad on ad.admin_id = con.customer_manager left JOIN p2p_customer cus on cus.c_id = con.c_id left JOIN p2p_contact_info cin on cin.user_id = con.user_id left JOIN p2p_user_msg msg on msg.user_id = con.user_id  WHERE ( con.user_id = 9270 ) LIMIT 1   [ RunTime:0.0440s ]
NOTIC: [8] Undefined variable: _isUseCluster D:\xampp\htdocs\myShop\Application\Common\MyLib\RedisCluster.class.php 第 143 行.
NOTIC: [8] Undefined variable: _isUseCluster D:\xampp\htdocs\myShop\Application\Common\MyLib\RedisCluster.class.php 第 143 行.
NOTIC: [8] Undefined variable: _isUseCluster D:\xampp\htdocs\myShop\Application\Common\MyLib\RedisCluster.class.php 第 143 行.
NOTIC: [8] Undefined variable: _isUseCluster D:\xampp\htdocs\myShop\Application\Common\MyLib\RedisCluster.class.php 第 143 行.
NOTIC: [8] Undefined variable: _isUseCluster D:\xampp\htdocs\myShop\Application\Common\MyLib\RedisCluster.class.php 第 143 行.
NOTIC: [8] Undefined variable: _isUseCluster D:\xampp\htdocs\myShop\Application\Common\MyLib\RedisCluster.class.php 第 143 行.
NOTIC: [8] Undefined variable: _isUseCluster D:\xampp\htdocs\myShop\Application\Common\MyLib\RedisCluster.class.php 第 143 行.
NOTIC: [8] Undefined variable: _isUseCluster D:\xampp\htdocs\myShop\Application\Common\MyLib\RedisCluster.class.php 第 143 行.
NOTIC: [8] Undefined variable: _isUseCluster D:\xampp\htdocs\myShop\Application\Common\MyLib\RedisCluster.class.php 第 143 行.
NOTIC: [8] Undefined variable: _isUseCluster D:\xampp\htdocs\myShop\Application\Common\MyLib\RedisCluster.class.php 第 143 行.
NOTIC: [8] Undefined variable: _isUseCluster D:\xampp\htdocs\myShop\Application\Common\MyLib\RedisCluster.class.php 第 143 行.
NOTIC: [8] Undefined variable: _isUseCluster D:\xampp\htdocs\myShop\Application\Common\MyLib\RedisCluster.class.php 第 143 行.
NOTIC: [8] Undefined variable: _isUseCluster D:\xampp\htdocs\myShop\Application\Common\MyLib\RedisCluster.class.php 第 143 行.
NOTIC: [8] Undefined variable: _isUseCluster D:\xampp\htdocs\myShop\Application\Common\MyLib\RedisCluster.class.php 第 143 行.
NOTIC: [8] Undefined variable: _isUseCluster D:\xampp\htdocs\myShop\Application\Common\MyLib\RedisCluster.class.php 第 143 行.
NOTIC: [8] Undefined variable: _isUseCluster D:\xampp\htdocs\myShop\Application\Common\MyLib\RedisCluster.class.php 第 143 行.
NOTIC: [8] Undefined variable: _isUseCluster D:\xampp\htdocs\myShop\Application\Common\MyLib\RedisCluster.class.php 第 143 行.
NOTIC: [8] Undefined variable: _isUseCluster D:\xampp\htdocs\myShop\Application\Common\MyLib\RedisCluster.class.php 第 143 行.
NOTIC: [8] Undefined variable: _isUseCluster D:\xampp\htdocs\myShop\Application\Common\MyLib\RedisCluster.class.php 第 143 行.
NOTIC: [8] Undefined variable: _isUseCluster D:\xampp\htdocs\myShop\Application\Common\MyLib\RedisCluster.class.php 第 143 行.
NOTIC: [8] Undefined variable: _isUseCluster D:\xampp\htdocs\myShop\Application\Common\MyLib\RedisCluster.class.php 第 143 行.
NOTIC: [8] Undefined variable: _isUseCluster D:\xampp\htdocs\myShop\Application\Common\MyLib\RedisCluster.class.php 第 143 行.
NOTIC: [8] Undefined variable: _isUseCluster D:\xampp\htdocs\myShop\Application\Common\MyLib\RedisCluster.class.php 第 143 行.
NOTIC: [8] Undefined variable: _isUseCluster D:\xampp\htdocs\myShop\Application\Common\MyLib\RedisCluster.class.php 第 143 行.
NOTIC: [8] Undefined variable: _isUseCluster D:\xampp\htdocs\myShop\Application\Common\MyLib\RedisCluster.class.php 第 143 行.
NOTIC: [8] Undefined variable: _isUseCluster D:\xampp\htdocs\myShop\Application\Common\MyLib\RedisCluster.class.php 第 143 行.
NOTIC: [8] Undefined variable: _isUseCluster D:\xampp\htdocs\myShop\Application\Common\MyLib\RedisCluster.class.php 第 143 行.
NOTIC: [8] Undefined variable: _isUseCluster D:\xampp\htdocs\myShop\Application\Common\MyLib\RedisCluster.class.php 第 143 行.
NOTIC: [8] Undefined variable: _isUseCluster D:\xampp\htdocs\myShop\Application\Common\MyLib\RedisCluster.class.php 第 143 行.
NOTIC: [8] Undefined variable: _isUseCluster D:\xampp\htdocs\myShop\Application\Common\MyLib\RedisCluster.class.php 第 143 行.
NOTIC: [8] Undefined variable: _isUseCluster D:\xampp\htdocs\myShop\Application\Common\MyLib\RedisCluster.class.php 第 143 行.
NOTIC: [8] Undefined variable: _isUseCluster D:\xampp\htdocs\myShop\Application\Common\MyLib\RedisCluster.class.php 第 143 行.
NOTIC: [8] Undefined variable: _isUseCluster D:\xampp\htdocs\myShop\Application\Common\MyLib\RedisCluster.class.php 第 143 行.
NOTIC: [8] Undefined variable: _isUseCluster D:\xampp\htdocs\myShop\Application\Common\MyLib\RedisCluster.class.php 第 143 行.
NOTIC: [8] Undefined index: WIDout_trade_no D:\xampp\htdocs\myShop\Application\Home\Controller\PayController.class.php 第 40 行.
NOTIC: [8] Undefined index: WIDsubject D:\xampp\htdocs\myShop\Application\Home\Controller\PayController.class.php 第 41 行.
NOTIC: [8] Undefined index: WIDtotal_fee D:\xampp\htdocs\myShop\Application\Home\Controller\PayController.class.php 第 42 行.
NOTIC: [8] Undefined index: WIDbody D:\xampp\htdocs\myShop\Application\Home\Controller\PayController.class.php 第 43 行.
NOTIC: [8] Undefined index: ordshow_url D:\xampp\htdocs\myShop\Application\Home\Controller\PayController.class.php 第 44 行.
INFO: [ app_end ] --START--
INFO: Run Behavior\ShowPageTraceBehavior [ RunTime:0.007001s ]
INFO: [ app_end ] --END-- [ RunTime:0.007001s ]

[ 2017-04-19T09:08:49+08:00 ] 127.0.0.1 /favicon.ico
INFO: [ app_init ] --START--
INFO: Run Behavior\BuildLiteBehavior [ RunTime:0.000000s ]
INFO: [ app_init ] --END-- [ RunTime:0.000000s ]

[ 2017-04-19T09:12:57+08:00 ] 127.0.0.1 /Home/Pay/notifyurl
INFO: [ app_init ] --START--
INFO: Run Behavior\BuildLiteBehavior [ RunTime:0.000000s ]
INFO: [ app_init ] --END-- [ RunTime:0.000000s ]
INFO: [ app_begin ] --START--
INFO: Run Behavior\ReadHtmlCacheBehavior [ RunTime:0.001000s ]
INFO: Run Behavior\CheckLangBehavior [ RunTime:0.000000s ]
INFO: [ app_begin ] --END-- [ RunTime:0.001000s ]
NOTIC: [2048] Declaration of Home\Controller\HomeBaseController::error() should be compatible with Think\Controller::error($message = '', $jumpUrl = '', $ajax = false) D:\xampp\htdocs\myShop\Application\Home\Controller\HomeBaseController.class.php 第 65 行.
NOTIC: [2048] Declaration of Home\Controller\HomeBaseController::success() should be compatible with Think\Controller::success($message = '', $jumpUrl = '', $ajax = false) D:\xampp\htdocs\myShop\Application\Home\Controller\HomeBaseController.class.php 第 65 行.
SQL: SHOW COLUMNS FROM `p2p_customer_contact` [ RunTime:0.0530s ]
SQL: SHOW COLUMNS FROM `p2p_customer_contact` [ RunTime:0.0780s ]
SQL: SELECT con.last_login,con.name as con_name,con.input_time,con.customer_manager as cu_manageer,cus.c_name,cus.identification,ad.mobile,ad.name as ad_name,ad.pic,cin.thumb,cin.thumbqq,cin.points,count(msg.id) as number FROM p2p_customer_contact con left JOIN p2p_admin ad on ad.admin_id = con.customer_manager left JOIN p2p_customer cus on cus.c_id = con.c_id left JOIN p2p_contact_info cin on cin.user_id = con.user_id left JOIN p2p_user_msg msg on msg.user_id = con.user_id  WHERE ( con.user_id = 9270 ) LIMIT 1   [ RunTime:0.0350s ]
NOTIC: [8] Undefined variable: _isUseCluster D:\xampp\htdocs\myShop\Application\Common\MyLib\RedisCluster.class.php 第 143 行.
NOTIC: [8] Undefined variable: _isUseCluster D:\xampp\htdocs\myShop\Application\Common\MyLib\RedisCluster.class.php 第 143 行.
NOTIC: [8] Undefined variable: _isUseCluster D:\xampp\htdocs\myShop\Application\Common\MyLib\RedisCluster.class.php 第 143 行.
INFO: [ app_end ] --START--
INFO: Run Behavior\ShowPageTraceBehavior [ RunTime:0.001000s ]
INFO: [ app_end ] --END-- [ RunTime:0.001000s ]

[ 2017-04-19T10:06:16+08:00 ] 127.0.0.1 /Home/Pay/doalipay
INFO: [ app_init ] --START--
INFO: Run Behavior\BuildLiteBehavior [ RunTime:0.000000s ]
INFO: [ app_init ] --END-- [ RunTime:0.000000s ]
INFO: [ app_begin ] --START--
INFO: Run Behavior\ReadHtmlCacheBehavior [ RunTime:0.001000s ]
INFO: Run Behavior\CheckLangBehavior [ RunTime:0.001000s ]
INFO: [ app_begin ] --END-- [ RunTime:0.002000s ]
NOTIC: [2048] Declaration of Home\Controller\HomeBaseController::error() should be compatible with Think\Controller::error($message = '', $jumpUrl = '', $ajax = false) D:\xampp\htdocs\myShop\Application\Home\Controller\HomeBaseController.class.php 第 65 行.
NOTIC: [2048] Declaration of Home\Controller\HomeBaseController::success() should be compatible with Think\Controller::success($message = '', $jumpUrl = '', $ajax = false) D:\xampp\htdocs\myShop\Application\Home\Controller\HomeBaseController.class.php 第 65 行.
SQL: SHOW COLUMNS FROM `p2p_customer_contact` [ RunTime:0.0370s ]
SQL: SHOW COLUMNS FROM `p2p_customer_contact` [ RunTime:0.0430s ]
SQL: SELECT con.last_login,con.name as con_name,con.input_time,con.customer_manager as cu_manageer,cus.c_name,cus.identification,ad.mobile,ad.name as ad_name,ad.pic,cin.thumb,cin.thumbqq,cin.points,count(msg.id) as number FROM p2p_customer_contact con left JOIN p2p_admin ad on ad.admin_id = con.customer_manager left JOIN p2p_customer cus on cus.c_id = con.c_id left JOIN p2p_contact_info cin on cin.user_id = con.user_id left JOIN p2p_user_msg msg on msg.user_id = con.user_id  WHERE ( con.user_id = 9270 ) LIMIT 1   [ RunTime:0.0340s ]
NOTIC: [8] Undefined variable: _isUseCluster D:\xampp\htdocs\myShop\Application\Common\MyLib\RedisCluster.class.php 第 143 行.
NOTIC: [8] Undefined variable: _isUseCluster D:\xampp\htdocs\myShop\Application\Common\MyLib\RedisCluster.class.php 第 143 行.
NOTIC: [8] Undefined variable: _isUseCluster D:\xampp\htdocs\myShop\Application\Common\MyLib\RedisCluster.class.php 第 143 行.
NOTIC: [8] Undefined index: WIDout_trade_no D:\xampp\htdocs\myShop\Application\Home\Controller\PayController.class.php 第 40 行.
NOTIC: [8] Undefined index: WIDsubject D:\xampp\htdocs\myShop\Application\Home\Controller\PayController.class.php 第 41 行.
NOTIC: [8] Undefined index: WIDtotal_fee D:\xampp\htdocs\myShop\Application\Home\Controller\PayController.class.php 第 42 行.
NOTIC: [8] Undefined index: WIDbody D:\xampp\htdocs\myShop\Application\Home\Controller\PayController.class.php 第 43 行.
NOTIC: [8] Undefined index: ordshow_url D:\xampp\htdocs\myShop\Application\Home\Controller\PayController.class.php 第 44 行.
INFO: [ app_end ] --START--
INFO: Run Behavior\ShowPageTraceBehavior [ RunTime:0.002000s ]
INFO: [ app_end ] --END-- [ RunTime:0.002000s ]

[ 2017-04-19T10:06:21+08:00 ] 127.0.0.1 /Home/Pay/notifyurl
INFO: [ app_init ] --START--
INFO: Run Behavior\BuildLiteBehavior [ RunTime:0.000000s ]
INFO: [ app_init ] --END-- [ RunTime:0.000000s ]
INFO: [ app_begin ] --START--
INFO: Run Behavior\ReadHtmlCacheBehavior [ RunTime:0.001000s ]
INFO: Run Behavior\CheckLangBehavior [ RunTime:0.000000s ]
INFO: [ app_begin ] --END-- [ RunTime:0.001000s ]
NOTIC: [2048] Declaration of Home\Controller\HomeBaseController::error() should be compatible with Think\Controller::error($message = '', $jumpUrl = '', $ajax = false) D:\xampp\htdocs\myShop\Application\Home\Controller\HomeBaseController.class.php 第 65 行.
NOTIC: [2048] Declaration of Home\Controller\HomeBaseController::success() should be compatible with Think\Controller::success($message = '', $jumpUrl = '', $ajax = false) D:\xampp\htdocs\myShop\Application\Home\Controller\HomeBaseController.class.php 第 65 行.
SQL: SHOW COLUMNS FROM `p2p_customer_contact` [ RunTime:0.0370s ]
SQL: SHOW COLUMNS FROM `p2p_customer_contact` [ RunTime:0.0730s ]
SQL: SELECT con.last_login,con.name as con_name,con.input_time,con.customer_manager as cu_manageer,cus.c_name,cus.identification,ad.mobile,ad.name as ad_name,ad.pic,cin.thumb,cin.thumbqq,cin.points,count(msg.id) as number FROM p2p_customer_contact con left JOIN p2p_admin ad on ad.admin_id = con.customer_manager left JOIN p2p_customer cus on cus.c_id = con.c_id left JOIN p2p_contact_info cin on cin.user_id = con.user_id left JOIN p2p_user_msg msg on msg.user_id = con.user_id  WHERE ( con.user_id = 9270 ) LIMIT 1   [ RunTime:0.0470s ]
NOTIC: [8] Undefined variable: _isUseCluster D:\xampp\htdocs\myShop\Application\Common\MyLib\RedisCluster.class.php 第 143 行.
NOTIC: [8] Undefined variable: _isUseCluster D:\xampp\htdocs\myShop\Application\Common\MyLib\RedisCluster.class.php 第 143 行.
NOTIC: [8] Undefined variable: _isUseCluster D:\xampp\htdocs\myShop\Application\Common\MyLib\RedisCluster.class.php 第 143 行.
INFO: [ app_end ] --START--
INFO: Run Behavior\ShowPageTraceBehavior [ RunTime:0.001000s ]
INFO: [ app_end ] --END-- [ RunTime:0.001000s ]

[ 2017-04-19T10:06:36+08:00 ] 127.0.0.1 /favicon.ico
INFO: [ app_init ] --START--
INFO: Run Behavior\BuildLiteBehavior [ RunTime:0.000000s ]
INFO: [ app_init ] --END-- [ RunTime:0.000000s ]

[ 2017-04-19T10:06:38+08:00 ] 127.0.0.1 /Home/Pay/doalipay
INFO: [ app_init ] --START--
INFO: Run Behavior\BuildLiteBehavior [ RunTime:0.000000s ]
INFO: [ app_init ] --END-- [ RunTime:0.000000s ]
INFO: [ app_begin ] --START--
INFO: Run Behavior\ReadHtmlCacheBehavior [ RunTime:0.001000s ]
INFO: Run Behavior\CheckLangBehavior [ RunTime:0.002000s ]
INFO: [ app_begin ] --END-- [ RunTime:0.003000s ]
NOTIC: [2048] Declaration of Home\Controller\HomeBaseController::error() should be compatible with Think\Controller::error($message = '', $jumpUrl = '', $ajax = false) D:\xampp\htdocs\myShop\Application\Home\Controller\HomeBaseController.class.php 第 65 行.
NOTIC: [2048] Declaration of Home\Controller\HomeBaseController::success() should be compatible with Think\Controller::success($message = '', $jumpUrl = '', $ajax = false) D:\xampp\htdocs\myShop\Application\Home\Controller\HomeBaseController.class.php 第 65 行.
SQL: SHOW COLUMNS FROM `p2p_customer_contact` [ RunTime:0.0610s ]
SQL: SHOW COLUMNS FROM `p2p_customer_contact` [ RunTime:0.2820s ]
SQL: SELECT con.last_login,con.name as con_name,con.input_time,con.customer_manager as cu_manageer,cus.c_name,cus.identification,ad.mobile,ad.name as ad_name,ad.pic,cin.thumb,cin.thumbqq,cin.points,count(msg.id) as number FROM p2p_customer_contact con left JOIN p2p_admin ad on ad.admin_id = con.customer_manager left JOIN p2p_customer cus on cus.c_id = con.c_id left JOIN p2p_contact_info cin on cin.user_id = con.user_id left JOIN p2p_user_msg msg on msg.user_id = con.user_id  WHERE ( con.user_id = 9270 ) LIMIT 1   [ RunTime:0.1030s ]
NOTIC: [8] Undefined variable: _isUseCluster D:\xampp\htdocs\myShop\Application\Common\MyLib\RedisCluster.class.php 第 143 行.
NOTIC: [8] Undefined variable: _isUseCluster D:\xampp\htdocs\myShop\Application\Common\MyLib\RedisCluster.class.php 第 143 行.
NOTIC: [8] Undefined variable: _isUseCluster D:\xampp\htdocs\myShop\Application\Common\MyLib\RedisCluster.class.php 第 143 行.
NOTIC: [8] Undefined variable: _isUseCluster D:\xampp\htdocs\myShop\Application\Common\MyLib\RedisCluster.class.php 第 143 行.
NOTIC: [8] Undefined variable: _isUseCluster D:\xampp\htdocs\myShop\Application\Common\MyLib\RedisCluster.class.php 第 143 行.
NOTIC: [8] Undefined variable: _isUseCluster D:\xampp\htdocs\myShop\Application\Common\MyLib\RedisCluster.class.php 第 143 行.
NOTIC: [8] Undefined variable: _isUseCluster D:\xampp\htdocs\myShop\Application\Common\MyLib\RedisCluster.class.php 第 143 行.
NOTIC: [8] Undefined variable: _isUseCluster D:\xampp\htdocs\myShop\Application\Common\MyLib\RedisCluster.class.php 第 143 行.
NOTIC: [8] Undefined variable: _isUseCluster D:\xampp\htdocs\myShop\Application\Common\MyLib\RedisCluster.class.php 第 143 行.
NOTIC: [8] Undefined variable: _isUseCluster D:\xampp\htdocs\myShop\Application\Common\MyLib\RedisCluster.class.php 第 143 行.
NOTIC: [8] Undefined variable: _isUseCluster D:\xampp\htdocs\myShop\Application\Common\MyLib\RedisCluster.class.php 第 143 行.
NOTIC: [8] Undefined variable: _isUseCluster D:\xampp\htdocs\myShop\Application\Common\MyLib\RedisCluster.class.php 第 143 行.
NOTIC: [8] Undefined variable: _isUseCluster D:\xampp\htdocs\myShop\Application\Common\MyLib\RedisCluster.class.php 第 143 行.
NOTIC: [8] Undefined variable: _isUseCluster D:\xampp\htdocs\myShop\Application\Common\MyLib\RedisCluster.class.php 第 143 行.
NOTIC: [8] Undefined variable: _isUseCluster D:\xampp\htdocs\myShop\Application\Common\MyLib\RedisCluster.class.php 第 143 行.
NOTIC: [8] Undefined variable: _isUseCluster D:\xampp\htdocs\myShop\Application\Common\MyLib\RedisCluster.class.php 第 143 行.
NOTIC: [8] Undefined variable: _isUseCluster D:\xampp\htdocs\myShop\Application\Common\MyLib\RedisCluster.class.php 第 143 行.
NOTIC: [8] Undefined variable: _isUseCluster D:\xampp\htdocs\myShop\Application\Common\MyLib\RedisCluster.class.php 第 143 行.
NOTIC: [8] Undefined variable: _isUseCluster D:\xampp\htdocs\myShop\Application\Common\MyLib\RedisCluster.class.php 第 143 行.
NOTIC: [8] Undefined variable: _isUseCluster D:\xampp\htdocs\myShop\Application\Common\MyLib\RedisCluster.class.php 第 143 行.
NOTIC: [8] Undefined variable: _isUseCluster D:\xampp\htdocs\myShop\Application\Common\MyLib\RedisCluster.class.php 第 143 行.
NOTIC: [8] Undefined variable: _isUseCluster D:\xampp\htdocs\myShop\Application\Common\MyLib\RedisCluster.class.php 第 143 行.
NOTIC: [8] Undefined variable: _isUseCluster D:\xampp\htdocs\myShop\Application\Common\MyLib\RedisCluster.class.php 第 143 行.
NOTIC: [8] Undefined variable: _isUseCluster D:\xampp\htdocs\myShop\Application\Common\MyLib\RedisCluster.class.php 第 143 行.
NOTIC: [8] Undefined variable: _isUseCluster D:\xampp\htdocs\myShop\Application\Common\MyLib\RedisCluster.class.php 第 143 行.
NOTIC: [8] Undefined variable: _isUseCluster D:\xampp\htdocs\myShop\Application\Common\MyLib\RedisCluster.class.php 第 143 行.
NOTIC: [8] Undefined variable: _isUseCluster D:\xampp\htdocs\myShop\Application\Common\MyLib\RedisCluster.class.php 第 143 行.
NOTIC: [8] Undefined variable: _isUseCluster D:\xampp\htdocs\myShop\Application\Common\MyLib\RedisCluster.class.php 第 143 行.
NOTIC: [8] Undefined variable: _isUseCluster D:\xampp\htdocs\myShop\Application\Common\MyLib\RedisCluster.class.php 第 143 行.
NOTIC: [8] Undefined variable: _isUseCluster D:\xampp\htdocs\myShop\Application\Common\MyLib\RedisCluster.class.php 第 143 行.
NOTIC: [8] Undefined variable: _isUseCluster D:\xampp\htdocs\myShop\Application\Common\MyLib\RedisCluster.class.php 第 143 行.
NOTIC: [8] Undefined variable: _isUseCluster D:\xampp\htdocs\myShop\Application\Common\MyLib\RedisCluster.class.php 第 143 行.
NOTIC: [8] Undefined variable: _isUseCluster D:\xampp\htdocs\myShop\Application\Common\MyLib\RedisCluster.class.php 第 143 行.
NOTIC: [8] Undefined variable: _isUseCluster D:\xampp\htdocs\myShop\Application\Common\MyLib\RedisCluster.class.php 第 143 行.
NOTIC: [8] Undefined index: WIDout_trade_no D:\xampp\htdocs\myShop\Application\Home\Controller\PayController.class.php 第 40 行.
NOTIC: [8] Undefined index: WIDsubject D:\xampp\htdocs\myShop\Application\Home\Controller\PayController.class.php 第 41 行.
NOTIC: [8] Undefined index: WIDtotal_fee D:\xampp\htdocs\myShop\Application\Home\Controller\PayController.class.php 第 42 行.
NOTIC: [8] Undefined index: WIDbody D:\xampp\htdocs\myShop\Application\Home\Controller\PayController.class.php 第 43 行.
NOTIC: [8] Undefined index: ordshow_url D:\xampp\htdocs\myShop\Application\Home\Controller\PayController.class.php 第 44 行.
INFO: [ app_end ] --START--
INFO: Run Behavior\ShowPageTraceBehavior [ RunTime:0.000000s ]
INFO: [ app_end ] --END-- [ RunTime:0.000000s ]

[ 2017-04-19T10:14:28+08:00 ] 127.0.0.1 /Home/Pay/index
INFO: [ app_init ] --START--
INFO: Run Behavior\BuildLiteBehavior [ RunTime:0.000000s ]
INFO: [ app_init ] --END-- [ RunTime:0.000000s ]
INFO: [ app_begin ] --START--
INFO: Run Behavior\ReadHtmlCacheBehavior [ RunTime:0.000000s ]
INFO: Run Behavior\CheckLangBehavior [ RunTime:0.001000s ]
INFO: [ app_begin ] --END-- [ RunTime:0.001000s ]
NOTIC: [2048] Declaration of Home\Controller\HomeBaseController::error() should be compatible with Think\Controller::error($message = '', $jumpUrl = '', $ajax = false) D:\xampp\htdocs\myShop\Application\Home\Controller\HomeBaseController.class.php 第 65 行.
NOTIC: [2048] Declaration of Home\Controller\HomeBaseController::success() should be compatible with Think\Controller::success($message = '', $jumpUrl = '', $ajax = false) D:\xampp\htdocs\myShop\Application\Home\Controller\HomeBaseController.class.php 第 65 行.
SQL: SHOW COLUMNS FROM `p2p_customer_contact` [ RunTime:0.0410s ]
SQL: SHOW COLUMNS FROM `p2p_customer_contact` [ RunTime:0.0320s ]
SQL: SELECT con.last_login,con.name as con_name,con.input_time,con.customer_manager as cu_manageer,cus.c_name,cus.identification,ad.mobile,ad.name as ad_name,ad.pic,cin.thumb,cin.thumbqq,cin.points,count(msg.id) as number FROM p2p_customer_contact con left JOIN p2p_admin ad on ad.admin_id = con.customer_manager left JOIN p2p_customer cus on cus.c_id = con.c_id left JOIN p2p_contact_info cin on cin.user_id = con.user_id left JOIN p2p_user_msg msg on msg.user_id = con.user_id  WHERE ( con.user_id = 9270 ) LIMIT 1   [ RunTime:0.0340s ]
NOTIC: [8] Undefined variable: _isUseCluster D:\xampp\htdocs\myShop\Application\Common\MyLib\RedisCluster.class.php 第 143 行.
NOTIC: [8] Undefined variable: _isUseCluster D:\xampp\htdocs\myShop\Application\Common\MyLib\RedisCluster.class.php 第 143 行.
NOTIC: [8] Undefined variable: _isUseCluster D:\xampp\htdocs\myShop\Application\Common\MyLib\RedisCluster.class.php 第 143 行.
NOTIC: [8] Undefined variable: _isUseCluster D:\xampp\htdocs\myShop\Application\Common\MyLib\RedisCluster.class.php 第 143 行.
NOTIC: [8] Undefined variable: _isUseCluster D:\xampp\htdocs\myShop\Application\Common\MyLib\RedisCluster.class.php 第 143 行.
NOTIC: [8] Undefined variable: _isUseCluster D:\xampp\htdocs\myShop\Application\Common\MyLib\RedisCluster.class.php 第 143 行.
NOTIC: [8] Undefined variable: _isUseCluster D:\xampp\htdocs\myShop\Application\Common\MyLib\RedisCluster.class.php 第 143 行.
NOTIC: [8] Undefined variable: _isUseCluster D:\xampp\htdocs\myShop\Application\Common\MyLib\RedisCluster.class.php 第 143 行.
NOTIC: [8] Undefined variable: _isUseCluster D:\xampp\htdocs\myShop\Application\Common\MyLib\RedisCluster.class.php 第 143 行.
NOTIC: [8] Undefined variable: _isUseCluster D:\xampp\htdocs\myShop\Application\Common\MyLib\RedisCluster.class.php 第 143 行.
NOTIC: [8] Undefined variable: _isUseCluster D:\xampp\htdocs\myShop\Application\Common\MyLib\RedisCluster.class.php 第 143 行.
NOTIC: [8] Undefined variable: _isUseCluster D:\xampp\htdocs\myShop\Application\Common\MyLib\RedisCluster.class.php 第 143 行.
NOTIC: [8] Undefined variable: _isUseCluster D:\xampp\htdocs\myShop\Application\Common\MyLib\RedisCluster.class.php 第 143 行.
NOTIC: [8] Undefined variable: _isUseCluster D:\xampp\htdocs\myShop\Application\Common\MyLib\RedisCluster.class.php 第 143 行.
NOTIC: [8] Undefined variable: _isUseCluster D:\xampp\htdocs\myShop\Application\Common\MyLib\RedisCluster.class.php 第 143 行.
NOTIC: [8] Undefined variable: _isUseCluster D:\xampp\htdocs\myShop\Application\Common\MyLib\RedisCluster.class.php 第 143 行.
NOTIC: [8] Undefined variable: _isUseCluster D:\xampp\htdocs\myShop\Application\Common\MyLib\RedisCluster.class.php 第 143 行.
NOTIC: [8] Undefined variable: _isUseCluster D:\xampp\htdocs\myShop\Application\Common\MyLib\RedisCluster.class.php 第 143 行.
NOTIC: [8] Undefined variable: _isUseCluster D:\xampp\htdocs\myShop\Application\Common\MyLib\RedisCluster.class.php 第 143 行.
NOTIC: [8] Undefined variable: _isUseCluster D:\xampp\htdocs\myShop\Application\Common\MyLib\RedisCluster.class.php 第 143 行.
NOTIC: [8] Undefined variable: _isUseCluster D:\xampp\htdocs\myShop\Application\Common\MyLib\RedisCluster.class.php 第 143 行.
NOTIC: [8] Undefined variable: _isUseCluster D:\xampp\htdocs\myShop\Application\Common\MyLib\RedisCluster.class.php 第 143 行.
NOTIC: [8] Undefined variable: _isUseCluster D:\xampp\htdocs\myShop\Application\Common\MyLib\RedisCluster.class.php 第 143 行.
NOTIC: [8] Undefined variable: _isUseCluster D:\xampp\htdocs\myShop\Application\Common\MyLib\RedisCluster.class.php 第 143 行.
NOTIC: [8] Undefined variable: _isUseCluster D:\xampp\htdocs\myShop\Application\Common\MyLib\RedisCluster.class.php 第 143 行.
NOTIC: [8] Undefined variable: _isUseCluster D:\xampp\htdocs\myShop\Application\Common\MyLib\RedisCluster.class.php 第 143 行.
NOTIC: [8] Undefined variable: _isUseCluster D:\xampp\htdocs\myShop\Application\Common\MyLib\RedisCluster.class.php 第 143 行.
NOTIC: [8] Undefined variable: _isUseCluster D:\xampp\htdocs\myShop\Application\Common\MyLib\RedisCluster.class.php 第 143 行.
NOTIC: [8] Undefined variable: _isUseCluster D:\xampp\htdocs\myShop\Application\Common\MyLib\RedisCluster.class.php 第 143 行.
NOTIC: [8] Undefined variable: _isUseCluster D:\xampp\htdocs\myShop\Application\Common\MyLib\RedisCluster.class.php 第 143 行.
NOTIC: [8] Undefined variable: _isUseCluster D:\xampp\htdocs\myShop\Application\Common\MyLib\RedisCluster.class.php 第 143 行.
NOTIC: [8] Undefined variable: _isUseCluster D:\xampp\htdocs\myShop\Application\Common\MyLib\RedisCluster.class.php 第 143 行.
NOTIC: [8] Undefined variable: _isUseCluster D:\xampp\htdocs\myShop\Application\Common\MyLib\RedisCluster.class.php 第 143 行.
NOTIC: [8] Undefined variable: _isUseCluster D:\xampp\htdocs\myShop\Application\Common\MyLib\RedisCluster.class.php 第 143 行.
INFO: [ view_parse ] --START--
INFO: [ template_filter ] --START--
INFO: Run Behavior\ContentReplaceBehavior [ RunTime:0.001000s ]
INFO: [ template_filter ] --END-- [ RunTime:0.001000s ]
INFO: Run Behavior\ParseTemplateBehavior [ RunTime:0.184011s ]
INFO: [ view_parse ] --END-- [ RunTime:0.185011s ]
INFO: [ view_filter ] --START--
INFO: Run Behavior\WriteHtmlCacheBehavior [ RunTime:0.011001s ]
INFO: [ view_filter ] --END-- [ RunTime:0.011001s ]
INFO: [ app_end ] --START--
INFO: Run Behavior\ShowPageTraceBehavior [ RunTime:0.003000s ]
INFO: [ app_end ] --END-- [ RunTime:0.003000s ]

[ 2017-04-19T10:14:29+08:00 ] 127.0.0.1 /Home/Pay/img/little_qrcode.jpg
INFO: [ app_init ] --START--
INFO: Run Behavior\BuildLiteBehavior [ RunTime:0.000000s ]
INFO: [ app_init ] --END-- [ RunTime:0.000000s ]

[ 2017-04-19T10:14:29+08:00 ] 127.0.0.1 /Home/Pay/img/guanzhu_qrcode.png
INFO: [ app_init ] --START--
INFO: Run Behavior\BuildLiteBehavior [ RunTime:0.000000s ]
INFO: [ app_init ] --END-- [ RunTime:0.000000s ]

[ 2017-04-19T10:14:29+08:00 ] 127.0.0.1 /Home/Pay/img/alipay_logo.png
INFO: [ app_init ] --START--
INFO: Run Behavior\BuildLiteBehavior [ RunTime:0.000000s ]
INFO: [ app_init ] --END-- [ RunTime:0.000000s ]

[ 2017-04-19T10:14:48+08:00 ] 127.0.0.1 /Home/Pay/doalipay
INFO: [ app_init ] --START--
INFO: Run Behavior\BuildLiteBehavior [ RunTime:0.000000s ]
INFO: [ app_init ] --END-- [ RunTime:0.000000s ]
INFO: [ app_begin ] --START--
INFO: Run Behavior\ReadHtmlCacheBehavior [ RunTime:0.001000s ]
INFO: Run Behavior\CheckLangBehavior [ RunTime:0.001001s ]
INFO: [ app_begin ] --END-- [ RunTime:0.002001s ]
NOTIC: [2048] Declaration of Home\Controller\HomeBaseController::error() should be compatible with Think\Controller::error($message = '', $jumpUrl = '', $ajax = false) D:\xampp\htdocs\myShop\Application\Home\Controller\HomeBaseController.class.php 第 65 行.
NOTIC: [2048] Declaration of Home\Controller\HomeBaseController::success() should be compatible with Think\Controller::success($message = '', $jumpUrl = '', $ajax = false) D:\xampp\htdocs\myShop\Application\Home\Controller\HomeBaseController.class.php 第 65 行.
SQL: SHOW COLUMNS FROM `p2p_customer_contact` [ RunTime:0.0360s ]
SQL: SHOW COLUMNS FROM `p2p_customer_contact` [ RunTime:0.0340s ]
SQL: SELECT con.last_login,con.name as con_name,con.input_time,con.customer_manager as cu_manageer,cus.c_name,cus.identification,ad.mobile,ad.name as ad_name,ad.pic,cin.thumb,cin.thumbqq,cin.points,count(msg.id) as number FROM p2p_customer_contact con left JOIN p2p_admin ad on ad.admin_id = con.customer_manager left JOIN p2p_customer cus on cus.c_id = con.c_id left JOIN p2p_contact_info cin on cin.user_id = con.user_id left JOIN p2p_user_msg msg on msg.user_id = con.user_id  WHERE ( con.user_id = 9270 ) LIMIT 1   [ RunTime:0.0320s ]
NOTIC: [8] Undefined variable: _isUseCluster D:\xampp\htdocs\myShop\Application\Common\MyLib\RedisCluster.class.php 第 143 行.
NOTIC: [8] Undefined variable: _isUseCluster D:\xampp\htdocs\myShop\Application\Common\MyLib\RedisCluster.class.php 第 143 行.
NOTIC: [8] Undefined variable: _isUseCluster D:\xampp\htdocs\myShop\Application\Common\MyLib\RedisCluster.class.php 第 143 行.
NOTIC: [8] Undefined index: ordshow_url D:\xampp\htdocs\myShop\Application\Home\Controller\PayController.class.php 第 44 行.
INFO: [ app_end ] --START--
INFO: Run Behavior\ShowPageTraceBehavior [ RunTime:0.001000s ]
INFO: [ app_end ] --END-- [ RunTime:0.001000s ]

[ 2017-04-19T10:15:09+08:00 ] 127.0.0.1 /Home/Pay/doalipay
INFO: [ app_init ] --START--
INFO: Run Behavior\BuildLiteBehavior [ RunTime:0.000000s ]
INFO: [ app_init ] --END-- [ RunTime:0.001000s ]
INFO: [ app_begin ] --START--
INFO: Run Behavior\ReadHtmlCacheBehavior [ RunTime:0.000000s ]
INFO: Run Behavior\CheckLangBehavior [ RunTime:0.001000s ]
INFO: [ app_begin ] --END-- [ RunTime:0.001000s ]
NOTIC: [2048] Declaration of Home\Controller\HomeBaseController::error() should be compatible with Think\Controller::error($message = '', $jumpUrl = '', $ajax = false) D:\xampp\htdocs\myShop\Application\Home\Controller\HomeBaseController.class.php 第 65 行.
NOTIC: [2048] Declaration of Home\Controller\HomeBaseController::success() should be compatible with Think\Controller::success($message = '', $jumpUrl = '', $ajax = false) D:\xampp\htdocs\myShop\Application\Home\Controller\HomeBaseController.class.php 第 65 行.
SQL: SHOW COLUMNS FROM `p2p_customer_contact` [ RunTime:0.0360s ]
SQL: SHOW COLUMNS FROM `p2p_customer_contact` [ RunTime:0.0470s ]
SQL: SELECT con.last_login,con.name as con_name,con.input_time,con.customer_manager as cu_manageer,cus.c_name,cus.identification,ad.mobile,ad.name as ad_name,ad.pic,cin.thumb,cin.thumbqq,cin.points,count(msg.id) as number FROM p2p_customer_contact con left JOIN p2p_admin ad on ad.admin_id = con.customer_manager left JOIN p2p_customer cus on cus.c_id = con.c_id left JOIN p2p_contact_info cin on cin.user_id = con.user_id left JOIN p2p_user_msg msg on msg.user_id = con.user_id  WHERE ( con.user_id = 9270 ) LIMIT 1   [ RunTime:0.0420s ]
NOTIC: [8] Undefined variable: _isUseCluster D:\xampp\htdocs\myShop\Application\Common\MyLib\RedisCluster.class.php 第 143 行.
NOTIC: [8] Undefined variable: _isUseCluster D:\xampp\htdocs\myShop\Application\Common\MyLib\RedisCluster.class.php 第 143 行.
NOTIC: [8] Undefined variable: _isUseCluster D:\xampp\htdocs\myShop\Application\Common\MyLib\RedisCluster.class.php 第 143 行.
NOTIC: [8] Undefined index: ordshow_url D:\xampp\htdocs\myShop\Application\Home\Controller\PayController.class.php 第 44 行.
INFO: [ app_end ] --START--
INFO: Run Behavior\ShowPageTraceBehavior [ RunTime:0.001000s ]
INFO: [ app_end ] --END-- [ RunTime:0.002000s ]

[ 2017-04-19T10:15:25+08:00 ] 127.0.0.1 /Home/Pay/doalipay
INFO: [ app_init ] --START--
INFO: Run Behavior\BuildLiteBehavior [ RunTime:0.000000s ]
INFO: [ app_init ] --END-- [ RunTime:0.000000s ]
INFO: [ app_begin ] --START--
INFO: Run Behavior\ReadHtmlCacheBehavior [ RunTime:0.001001s ]
INFO: Run Behavior\CheckLangBehavior [ RunTime:0.001000s ]
INFO: [ app_begin ] --END-- [ RunTime:0.002001s ]
NOTIC: [2048] Declaration of Home\Controller\HomeBaseController::error() should be compatible with Think\Controller::error($message = '', $jumpUrl = '', $ajax = false) D:\xampp\htdocs\myShop\Application\Home\Controller\HomeBaseController.class.php 第 65 行.
NOTIC: [2048] Declaration of Home\Controller\HomeBaseController::success() should be compatible with Think\Controller::success($message = '', $jumpUrl = '', $ajax = false) D:\xampp\htdocs\myShop\Application\Home\Controller\HomeBaseController.class.php 第 65 行.
SQL: SHOW COLUMNS FROM `p2p_customer_contact` [ RunTime:0.0480s ]
SQL: SHOW COLUMNS FROM `p2p_customer_contact` [ RunTime:0.0380s ]
SQL: SELECT con.last_login,con.name as con_name,con.input_time,con.customer_manager as cu_manageer,cus.c_name,cus.identification,ad.mobile,ad.name as ad_name,ad.pic,cin.thumb,cin.thumbqq,cin.points,count(msg.id) as number FROM p2p_customer_contact con left JOIN p2p_admin ad on ad.admin_id = con.customer_manager left JOIN p2p_customer cus on cus.c_id = con.c_id left JOIN p2p_contact_info cin on cin.user_id = con.user_id left JOIN p2p_user_msg msg on msg.user_id = con.user_id  WHERE ( con.user_id = 9270 ) LIMIT 1   [ RunTime:0.0340s ]
NOTIC: [8] Undefined variable: _isUseCluster D:\xampp\htdocs\myShop\Application\Common\MyLib\RedisCluster.class.php 第 143 行.
NOTIC: [8] Undefined variable: _isUseCluster D:\xampp\htdocs\myShop\Application\Common\MyLib\RedisCluster.class.php 第 143 行.
NOTIC: [8] Undefined variable: _isUseCluster D:\xampp\htdocs\myShop\Application\Common\MyLib\RedisCluster.class.php 第 143 行.
NOTIC: [8] Undefined index: ordshow_url D:\xampp\htdocs\myShop\Application\Home\Controller\PayController.class.php 第 44 行.
INFO: [ app_end ] --START--
INFO: Run Behavior\ShowPageTraceBehavior [ RunTime:0.001000s ]
INFO: [ app_end ] --END-- [ RunTime:0.001000s ]

[ 2017-04-19T10:15:43+08:00 ] 127.0.0.1 /Home/Pay/index
INFO: [ app_init ] --START--
INFO: Run Behavior\BuildLiteBehavior [ RunTime:0.000000s ]
INFO: [ app_init ] --END-- [ RunTime:0.000000s ]
INFO: [ app_begin ] --START--
INFO: Run Behavior\ReadHtmlCacheBehavior [ RunTime:0.001000s ]
INFO: Run Behavior\CheckLangBehavior [ RunTime:0.001000s ]
INFO: [ app_begin ] --END-- [ RunTime:0.003000s ]
NOTIC: [2048] Declaration of Home\Controller\HomeBaseController::error() should be compatible with Think\Controller::error($message = '', $jumpUrl = '', $ajax = false) D:\xampp\htdocs\myShop\Application\Home\Controller\HomeBaseController.class.php 第 65 行.
NOTIC: [2048] Declaration of Home\Controller\HomeBaseController::success() should be compatible with Think\Controller::success($message = '', $jumpUrl = '', $ajax = false) D:\xampp\htdocs\myShop\Application\Home\Controller\HomeBaseController.class.php 第 65 行.
SQL: SHOW COLUMNS FROM `p2p_customer_contact` [ RunTime:0.0340s ]
SQL: SHOW COLUMNS FROM `p2p_customer_contact` [ RunTime:0.0430s ]
SQL: SELECT con.last_login,con.name as con_name,con.input_time,con.customer_manager as cu_manageer,cus.c_name,cus.identification,ad.mobile,ad.name as ad_name,ad.pic,cin.thumb,cin.thumbqq,cin.points,count(msg.id) as number FROM p2p_customer_contact con left JOIN p2p_admin ad on ad.admin_id = con.customer_manager left JOIN p2p_customer cus on cus.c_id = con.c_id left JOIN p2p_contact_info cin on cin.user_id = con.user_id left JOIN p2p_user_msg msg on msg.user_id = con.user_id  WHERE ( con.user_id = 9270 ) LIMIT 1   [ RunTime:0.0320s ]
NOTIC: [8] Undefined variable: _isUseCluster D:\xampp\htdocs\myShop\Application\Common\MyLib\RedisCluster.class.php 第 143 行.
NOTIC: [8] Undefined variable: _isUseCluster D:\xampp\htdocs\myShop\Application\Common\MyLib\RedisCluster.class.php 第 143 行.
NOTIC: [8] Undefined variable: _isUseCluster D:\xampp\htdocs\myShop\Application\Common\MyLib\RedisCluster.class.php 第 143 行.
NOTIC: [8] Undefined variable: _isUseCluster D:\xampp\htdocs\myShop\Application\Common\MyLib\RedisCluster.class.php 第 143 行.
NOTIC: [8] Undefined variable: _isUseCluster D:\xampp\htdocs\myShop\Application\Common\MyLib\RedisCluster.class.php 第 143 行.
NOTIC: [8] Undefined variable: _isUseCluster D:\xampp\htdocs\myShop\Application\Common\MyLib\RedisCluster.class.php 第 143 行.
NOTIC: [8] Undefined variable: _isUseCluster D:\xampp\htdocs\myShop\Application\Common\MyLib\RedisCluster.class.php 第 143 行.
NOTIC: [8] Undefined variable: _isUseCluster D:\xampp\htdocs\myShop\Application\Common\MyLib\RedisCluster.class.php 第 143 行.
NOTIC: [8] Undefined variable: _isUseCluster D:\xampp\htdocs\myShop\Application\Common\MyLib\RedisCluster.class.php 第 143 行.
NOTIC: [8] Undefined variable: _isUseCluster D:\xampp\htdocs\myShop\Application\Common\MyLib\RedisCluster.class.php 第 143 行.
NOTIC: [8] Undefined variable: _isUseCluster D:\xampp\htdocs\myShop\Application\Common\MyLib\RedisCluster.class.php 第 143 行.
NOTIC: [8] Undefined variable: _isUseCluster D:\xampp\htdocs\myShop\Application\Common\MyLib\RedisCluster.class.php 第 143 行.
NOTIC: [8] Undefined variable: _isUseCluster D:\xampp\htdocs\myShop\Application\Common\MyLib\RedisCluster.class.php 第 143 行.
NOTIC: [8] Undefined variable: _isUseCluster D:\xampp\htdocs\myShop\Application\Common\MyLib\RedisCluster.class.php 第 143 行.
NOTIC: [8] Undefined variable: _isUseCluster D:\xampp\htdocs\myShop\Application\Common\MyLib\RedisCluster.class.php 第 143 行.
NOTIC: [8] Undefined variable: _isUseCluster D:\xampp\htdocs\myShop\Application\Common\MyLib\RedisCluster.class.php 第 143 行.
NOTIC: [8] Undefined variable: _isUseCluster D:\xampp\htdocs\myShop\Application\Common\MyLib\RedisCluster.class.php 第 143 行.
NOTIC: [8] Undefined variable: _isUseCluster D:\xampp\htdocs\myShop\Application\Common\MyLib\RedisCluster.class.php 第 143 行.
NOTIC: [8] Undefined variable: _isUseCluster D:\xampp\htdocs\myShop\Application\Common\MyLib\RedisCluster.class.php 第 143 行.
NOTIC: [8] Undefined variable: _isUseCluster D:\xampp\htdocs\myShop\Application\Common\MyLib\RedisCluster.class.php 第 143 行.
NOTIC: [8] Undefined variable: _isUseCluster D:\xampp\htdocs\myShop\Application\Common\MyLib\RedisCluster.class.php 第 143 行.
NOTIC: [8] Undefined variable: _isUseCluster D:\xampp\htdocs\myShop\Application\Common\MyLib\RedisCluster.class.php 第 143 行.
NOTIC: [8] Undefined variable: _isUseCluster D:\xampp\htdocs\myShop\Application\Common\MyLib\RedisCluster.class.php 第 143 行.
NOTIC: [8] Undefined variable: _isUseCluster D:\xampp\htdocs\myShop\Application\Common\MyLib\RedisCluster.class.php 第 143 行.
NOTIC: [8] Undefined variable: _isUseCluster D:\xampp\htdocs\myShop\Application\Common\MyLib\RedisCluster.class.php 第 143 行.
NOTIC: [8] Undefined variable: _isUseCluster D:\xampp\htdocs\myShop\Application\Common\MyLib\RedisCluster.class.php 第 143 行.
NOTIC: [8] Undefined variable: _isUseCluster D:\xampp\htdocs\myShop\Application\Common\MyLib\RedisCluster.class.php 第 143 行.
NOTIC: [8] Undefined variable: _isUseCluster D:\xampp\htdocs\myShop\Application\Common\MyLib\RedisCluster.class.php 第 143 行.
NOTIC: [8] Undefined variable: _isUseCluster D:\xampp\htdocs\myShop\Application\Common\MyLib\RedisCluster.class.php 第 143 行.
NOTIC: [8] Undefined variable: _isUseCluster D:\xampp\htdocs\myShop\Application\Common\MyLib\RedisCluster.class.php 第 143 行.
NOTIC: [8] Undefined variable: _isUseCluster D:\xampp\htdocs\myShop\Application\Common\MyLib\RedisCluster.class.php 第 143 行.
NOTIC: [8] Undefined variable: _isUseCluster D:\xampp\htdocs\myShop\Application\Common\MyLib\RedisCluster.class.php 第 143 行.
NOTIC: [8] Undefined variable: _isUseCluster D:\xampp\htdocs\myShop\Application\Common\MyLib\RedisCluster.class.php 第 143 行.
NOTIC: [8] Undefined variable: _isUseCluster D:\xampp\htdocs\myShop\Application\Common\MyLib\RedisCluster.class.php 第 143 行.
INFO: [ view_parse ] --START--
INFO: [ template_filter ] --START--
INFO: Run Behavior\ContentReplaceBehavior [ RunTime:0.001000s ]
INFO: [ template_filter ] --END-- [ RunTime:0.001000s ]
INFO: Run Behavior\ParseTemplateBehavior [ RunTime:0.016001s ]
INFO: [ view_parse ] --END-- [ RunTime:0.016001s ]
INFO: [ view_filter ] --START--
INFO: Run Behavior\WriteHtmlCacheBehavior [ RunTime:0.001000s ]
INFO: [ view_filter ] --END-- [ RunTime:0.001000s ]
INFO: [ app_end ] --START--
INFO: Run Behavior\ShowPageTraceBehavior [ RunTime:0.001000s ]
INFO: [ app_end ] --END-- [ RunTime:0.001000s ]

[ 2017-04-19T10:15:43+08:00 ] 127.0.0.1 /Home/Pay/img/little_qrcode.jpg
INFO: [ app_init ] --START--
INFO: Run Behavior\BuildLiteBehavior [ RunTime:0.000000s ]
INFO: [ app_init ] --END-- [ RunTime:0.000000s ]

[ 2017-04-19T10:15:43+08:00 ] 127.0.0.1 /Home/Pay/img/guanzhu_qrcode.png
INFO: [ app_init ] --START--
INFO: Run Behavior\BuildLiteBehavior [ RunTime:0.000000s ]
INFO: [ app_init ] --END-- [ RunTime:0.001000s ]

[ 2017-04-19T10:15:43+08:00 ] 127.0.0.1 /Home/Pay/img/alipay_logo.png
INFO: [ app_init ] --START--
INFO: Run Behavior\BuildLiteBehavior [ RunTime:0.000000s ]
INFO: [ app_init ] --END-- [ RunTime:0.000000s ]

[ 2017-04-19T10:15:43+08:00 ] 127.0.0.1 /Home/Pay/img/little_qrcode.jpg
INFO: [ app_init ] --START--
INFO: Run Behavior\BuildLiteBehavior [ RunTime:0.000000s ]
INFO: [ app_init ] --END-- [ RunTime:0.000000s ]

[ 2017-04-19T10:15:43+08:00 ] 127.0.0.1 /Home/Pay/img/guanzhu_qrcode.png
INFO: [ app_init ] --START--
INFO: Run Behavior\BuildLiteBehavior [ RunTime:0.000000s ]
INFO: [ app_init ] --END-- [ RunTime:0.000000s ]

[ 2017-04-19T10:15:43+08:00 ] 127.0.0.1 /Home/Pay/img/alipay_logo.png
INFO: [ app_init ] --START--
INFO: Run Behavior\BuildLiteBehavior [ RunTime:0.000000s ]
INFO: [ app_init ] --END-- [ RunTime:0.000000s ]

[ 2017-04-19T10:15:43+08:00 ] 127.0.0.1 /favicon.ico
INFO: [ app_init ] --START--
INFO: Run Behavior\BuildLiteBehavior [ RunTime:0.000000s ]
INFO: [ app_init ] --END-- [ RunTime:0.000000s ]

[ 2017-04-19T10:15:46+08:00 ] 127.0.0.1 /Home/Pay/doalipay
INFO: [ app_init ] --START--
INFO: Run Behavior\BuildLiteBehavior [ RunTime:0.000000s ]
INFO: [ app_init ] --END-- [ RunTime:0.000000s ]
INFO: [ app_begin ] --START--
INFO: Run Behavior\ReadHtmlCacheBehavior [ RunTime:0.001000s ]
INFO: Run Behavior\CheckLangBehavior [ RunTime:0.002000s ]
INFO: [ app_begin ] --END-- [ RunTime:0.003000s ]
NOTIC: [2048] Declaration of Home\Controller\HomeBaseController::error() should be compatible with Think\Controller::error($message = '', $jumpUrl = '', $ajax = false) D:\xampp\htdocs\myShop\Application\Home\Controller\HomeBaseController.class.php 第 65 行.
NOTIC: [2048] Declaration of Home\Controller\HomeBaseController::success() should be compatible with Think\Controller::success($message = '', $jumpUrl = '', $ajax = false) D:\xampp\htdocs\myShop\Application\Home\Controller\HomeBaseController.class.php 第 65 行.
SQL: SHOW COLUMNS FROM `p2p_customer_contact` [ RunTime:0.0390s ]
SQL: SHOW COLUMNS FROM `p2p_customer_contact` [ RunTime:0.0370s ]
SQL: SELECT con.last_login,con.name as con_name,con.input_time,con.customer_manager as cu_manageer,cus.c_name,cus.identification,ad.mobile,ad.name as ad_name,ad.pic,cin.thumb,cin.thumbqq,cin.points,count(msg.id) as number FROM p2p_customer_contact con left JOIN p2p_admin ad on ad.admin_id = con.customer_manager left JOIN p2p_customer cus on cus.c_id = con.c_id left JOIN p2p_contact_info cin on cin.user_id = con.user_id left JOIN p2p_user_msg msg on msg.user_id = con.user_id  WHERE ( con.user_id = 9270 ) LIMIT 1   [ RunTime:0.0360s ]
NOTIC: [8] Undefined variable: _isUseCluster D:\xampp\htdocs\myShop\Application\Common\MyLib\RedisCluster.class.php 第 143 行.
NOTIC: [8] Undefined variable: _isUseCluster D:\xampp\htdocs\myShop\Application\Common\MyLib\RedisCluster.class.php 第 143 行.
NOTIC: [8] Undefined variable: _isUseCluster D:\xampp\htdocs\myShop\Application\Common\MyLib\RedisCluster.class.php 第 143 行.
NOTIC: [8] Undefined index: ordshow_url D:\xampp\htdocs\myShop\Application\Home\Controller\PayController.class.php 第 44 行.
INFO: [ app_end ] --START--
INFO: Run Behavior\ShowPageTraceBehavior [ RunTime:0.001000s ]
INFO: [ app_end ] --END-- [ RunTime:0.001000s ]

[ 2017-04-19T10:16:31+08:00 ] 127.0.0.1 /Home/Pay/doalipay
INFO: [ app_init ] --START--
INFO: Run Behavior\BuildLiteBehavior [ RunTime:0.000000s ]
INFO: [ app_init ] --END-- [ RunTime:0.000000s ]
INFO: [ app_begin ] --START--
INFO: Run Behavior\ReadHtmlCacheBehavior [ RunTime:0.004001s ]
INFO: Run Behavior\CheckLangBehavior [ RunTime:0.002000s ]
INFO: [ app_begin ] --END-- [ RunTime:0.007001s ]
NOTIC: [2048] Declaration of Home\Controller\HomeBaseController::error() should be compatible with Think\Controller::error($message = '', $jumpUrl = '', $ajax = false) D:\xampp\htdocs\myShop\Application\Home\Controller\HomeBaseController.class.php 第 65 行.
NOTIC: [2048] Declaration of Home\Controller\HomeBaseController::success() should be compatible with Think\Controller::success($message = '', $jumpUrl = '', $ajax = false) D:\xampp\htdocs\myShop\Application\Home\Controller\HomeBaseController.class.php 第 65 行.
SQL: SHOW COLUMNS FROM `p2p_customer_contact` [ RunTime:0.0350s ]
SQL: SHOW COLUMNS FROM `p2p_customer_contact` [ RunTime:0.0450s ]
SQL: SELECT con.last_login,con.name as con_name,con.input_time,con.customer_manager as cu_manageer,cus.c_name,cus.identification,ad.mobile,ad.name as ad_name,ad.pic,cin.thumb,cin.thumbqq,cin.points,count(msg.id) as number FROM p2p_customer_contact con left JOIN p2p_admin ad on ad.admin_id = con.customer_manager left JOIN p2p_customer cus on cus.c_id = con.c_id left JOIN p2p_contact_info cin on cin.user_id = con.user_id left JOIN p2p_user_msg msg on msg.user_id = con.user_id  WHERE ( con.user_id = 9270 ) LIMIT 1   [ RunTime:0.0480s ]
NOTIC: [8] Undefined variable: _isUseCluster D:\xampp\htdocs\myShop\Application\Common\MyLib\RedisCluster.class.php 第 143 行.
NOTIC: [8] Undefined variable: _isUseCluster D:\xampp\htdocs\myShop\Application\Common\MyLib\RedisCluster.class.php 第 143 行.
NOTIC: [8] Undefined variable: _isUseCluster D:\xampp\htdocs\myShop\Application\Common\MyLib\RedisCluster.class.php 第 143 行.
NOTIC: [8] Undefined index: ordshow_url D:\xampp\htdocs\myShop\Application\Home\Controller\PayController.class.php 第 44 行.
INFO: [ app_end ] --START--
INFO: Run Behavior\ShowPageTraceBehavior [ RunTime:0.002000s ]
INFO: [ app_end ] --END-- [ RunTime:0.002000s ]

[ 2017-04-19T10:22:05+08:00 ] 127.0.0.1 /Home/Pay/doalipay
INFO: [ app_init ] --START--
INFO: Run Behavior\BuildLiteBehavior [ RunTime:0.000000s ]
INFO: [ app_init ] --END-- [ RunTime:0.000000s ]
INFO: [ app_begin ] --START--
INFO: Run Behavior\ReadHtmlCacheBehavior [ RunTime:0.001000s ]
INFO: Run Behavior\CheckLangBehavior [ RunTime:0.003000s ]
INFO: [ app_begin ] --END-- [ RunTime:0.004000s ]
NOTIC: [2048] Declaration of Home\Controller\HomeBaseController::error() should be compatible with Think\Controller::error($message = '', $jumpUrl = '', $ajax = false) D:\xampp\htdocs\myShop\Application\Home\Controller\HomeBaseController.class.php 第 65 行.
NOTIC: [2048] Declaration of Home\Controller\HomeBaseController::success() should be compatible with Think\Controller::success($message = '', $jumpUrl = '', $ajax = false) D:\xampp\htdocs\myShop\Application\Home\Controller\HomeBaseController.class.php 第 65 行.
SQL: SHOW COLUMNS FROM `p2p_customer_contact` [ RunTime:0.1240s ]
SQL: SHOW COLUMNS FROM `p2p_customer_contact` [ RunTime:0.0490s ]
SQL: SELECT con.last_login,con.name as con_name,con.input_time,con.customer_manager as cu_manageer,cus.c_name,cus.identification,ad.mobile,ad.name as ad_name,ad.pic,cin.thumb,cin.thumbqq,cin.points,count(msg.id) as number FROM p2p_customer_contact con left JOIN p2p_admin ad on ad.admin_id = con.customer_manager left JOIN p2p_customer cus on cus.c_id = con.c_id left JOIN p2p_contact_info cin on cin.user_id = con.user_id left JOIN p2p_user_msg msg on msg.user_id = con.user_id  WHERE ( con.user_id = 9270 ) LIMIT 1   [ RunTime:0.0670s ]
NOTIC: [8] Undefined variable: _isUseCluster D:\xampp\htdocs\myShop\Application\Common\MyLib\RedisCluster.class.php 第 143 行.
NOTIC: [8] Undefined variable: _isUseCluster D:\xampp\htdocs\myShop\Application\Common\MyLib\RedisCluster.class.php 第 143 行.
NOTIC: [8] Undefined variable: _isUseCluster D:\xampp\htdocs\myShop\Application\Common\MyLib\RedisCluster.class.php 第 143 行.
NOTIC: [8] Undefined index: ordshow_url D:\xampp\htdocs\myShop\Application\Home\Controller\PayController.class.php 第 44 行.
INFO: [ app_end ] --START--
INFO: Run Behavior\ShowPageTraceBehavior [ RunTime:0.002000s ]
INFO: [ app_end ] --END-- [ RunTime:0.002000s ]

