[ 2017-03-03T18:20:29+08:00 ] 127.0.0.1 /Home/Resource/init
INFO: [ app_init ] --START--
INFO: Run Behavior\BuildLiteBehavior [ RunTime:0.000000s ]
INFO: [ app_init ] --END-- [ RunTime:0.000000s ]
INFO: [ app_begin ] --START--
INFO: Run Behavior\ReadHtmlCacheBehavior [ RunTime:0.000000s ]
INFO: Run Behavior\CheckLangBehavior [ RunTime:0.001000s ]
INFO: [ app_begin ] --END-- [ RunTime:0.002000s ]
NOTIC: [2048] Declaration of Home\Controller\HomeBaseController::error() should be compatible with Think\Controller::error($message = '', $jumpUrl = '', $ajax = false) D:\xampp\htdocs\myShop\Application\Home\Controller\HomeBaseController.class.php 第 41 行.
NOTIC: [2048] Declaration of Home\Controller\HomeBaseController::success() should be compatible with Think\Controller::success($message = '', $jumpUrl = '', $ajax = false) D:\xampp\htdocs\myShop\Application\Home\Controller\HomeBaseController.class.php 第 41 行.
SQL: SHOW COLUMNS FROM `p2p_resourcelib` [ RunTime:0.0330s ]
SQL: SHOW COLUMNS FROM `p2p_customer_contact` [ RunTime:0.0320s ]
SQL: SHOW COLUMNS FROM `p2p_customer_contact` [ RunTime:0.0320s ]
SQL: SELECT con.last_login,con.name as con_name,con.input_time,con.customer_manager as cu_manageer,cus.c_name,cus.identification,ad.mobile,ad.name as ad_name,ad.pic,cin.thumb,cin.thumbqq,cin.points,count(msg.id) as number FROM p2p_customer_contact con left JOIN p2p_admin ad on ad.admin_id = con.customer_manager left JOIN p2p_customer cus on cus.c_id = con.c_id left JOIN p2p_contact_info cin on cin.user_id = con.user_id left JOIN p2p_user_msg msg on msg.user_id = con.user_id  WHERE ( con.user_id = 9270 ) LIMIT 1   [ RunTime:0.0310s ]
SQL: SHOW COLUMNS FROM `p2p_setting` [ RunTime:0.0300s ]
SQL: SELECT * FROM `p2p_setting`  [ RunTime:0.0300s ]
SQL: SELECT con.user_id,con.name,con.mobile,cus.c_name,ad.name as adname,ad.mobile as admobile,info.points FROM p2p_customer_contact con left JOIN p2p_customer cus on cus.c_id = con.c_id left JOIN p2p_admin ad on ad.admin_id = cus.customer_manager INNER JOIN p2p_contact_info info on info.user_id = con.user_id  WHERE ( con.user_id = 9270 ) LIMIT 1   [ RunTime:0.0300s ]
SQL: SHOW COLUMNS FROM `p2p_points_bill` [ RunTime:0.0300s ]
SQL: SELECT * FROM `p2p_points_bill` WHERE ( uid=9270 and type=1 and addtime>1488470400 ) LIMIT 1   [ RunTime:0.0300s ]
SQL: SELECT * FROM `p2p_points_bill` WHERE ( uid=9270 and type=9 and addtime>1488470400 ) LIMIT 1   [ RunTime:0.0300s ]
SQL: SELECT * FROM `p2p_points_bill` WHERE ( uid=9270 and type=10 and addtime>1488470400 ) LIMIT 1   [ RunTime:0.0330s ]
SQL: SELECT count(*) as count FROM `p2p_resourcelib` WHERE `type` = 1 LIMIT 1   [ RunTime:0.0300s ]
SQL: SELECT count(*) as count FROM `p2p_resourcelib` WHERE `type` = 0 LIMIT 1   [ RunTime:0.0310s ]
SQL: SELECT `value` FROM `p2p_setting` WHERE ( code = 'points' ) LIMIT 1   [ RunTime:0.0290s ]
SQL: SELECT COUNT(*) AS tp_count FROM `p2p_resourcelib` WHERE (  type in (0,1)  ) LIMIT 1   [ RunTime:0.0290s ]
SQL: SELECT * FROM `p2p_resourcelib` WHERE (  type in (0,1)  ) ORDER BY input_time desc LIMIT 0,10   [ RunTime:0.0310s ]
SQL: SHOW COLUMNS FROM `p2p_purchase` [ RunTime:0.0320s ]
SQL: SHOW COLUMNS FROM `p2p_concerned_product` [ RunTime:0.0330s ]
SQL: SELECT `product_id` FROM `p2p_concerned_product` WHERE ( user_id = 9270 ) ORDER BY input_time desc LIMIT 1   [ RunTime:0.0310s ]
SQL: SELECT pur.*,pro.model,pro.f_id as prof_id,pro.product_type,pro.process_type,pro.status as pro_status,pro.remark as pro_remark,fa.f_name FROM p2p_purchase pur INNER JOIN p2p_product pro on pro.id = pur.p_id left JOIN p2p_factory fa on fa.fid = pro.f_id  WHERE ( pur.id = 42 ) LIMIT 1   [ RunTime:0.0310s ]
SQL: SHOW COLUMNS FROM `p2p_lib_region` [ RunTime:0.0310s ]
SQL: SELECT `name` FROM `p2p_lib_region` WHERE ( id=2 ) LIMIT 1   [ RunTime:0.0290s ]
INFO: [ view_parse ] --START--
INFO: [ template_filter ] --START--
INFO: Run Behavior\ContentReplaceBehavior [ RunTime:0.000000s ]
INFO: [ template_filter ] --END-- [ RunTime:0.000000s ]
INFO: Run Behavior\ParseTemplateBehavior [ RunTime:0.049002s ]
INFO: [ view_parse ] --END-- [ RunTime:0.049002s ]
INFO: [ view_filter ] --START--
INFO: Run Behavior\WriteHtmlCacheBehavior [ RunTime:0.011001s ]
INFO: [ view_filter ] --END-- [ RunTime:0.011001s ]
INFO: [ app_end ] --START--
INFO: Run Behavior\ShowPageTraceBehavior [ RunTime:0.001000s ]
INFO: [ app_end ] --END-- [ RunTime:0.001000s ]

[ 2017-03-03T18:20:30+08:00 ] 127.0.0.1 /favicon.ico
INFO: [ app_init ] --START--
INFO: Run Behavior\BuildLiteBehavior [ RunTime:0.000000s ]
INFO: [ app_init ] --END-- [ RunTime:0.000000s ]

[ 2017-03-03T18:23:35+08:00 ] 127.0.0.1 /Home/Resource/init
INFO: [ app_init ] --START--
INFO: Run Behavior\BuildLiteBehavior [ RunTime:0.000000s ]
INFO: [ app_init ] --END-- [ RunTime:0.000000s ]
INFO: [ app_begin ] --START--
INFO: Run Behavior\ReadHtmlCacheBehavior [ RunTime:0.001000s ]
INFO: Run Behavior\CheckLangBehavior [ RunTime:0.001000s ]
INFO: [ app_begin ] --END-- [ RunTime:0.002000s ]
NOTIC: [2048] Declaration of Home\Controller\HomeBaseController::error() should be compatible with Think\Controller::error($message = '', $jumpUrl = '', $ajax = false) D:\xampp\htdocs\myShop\Application\Home\Controller\HomeBaseController.class.php 第 41 行.
NOTIC: [2048] Declaration of Home\Controller\HomeBaseController::success() should be compatible with Think\Controller::success($message = '', $jumpUrl = '', $ajax = false) D:\xampp\htdocs\myShop\Application\Home\Controller\HomeBaseController.class.php 第 41 行.
SQL: SHOW COLUMNS FROM `p2p_resourcelib` [ RunTime:0.0320s ]
SQL: SHOW COLUMNS FROM `p2p_customer_contact` [ RunTime:0.0310s ]
SQL: SHOW COLUMNS FROM `p2p_setting` [ RunTime:0.0300s ]
SQL: SELECT * FROM `p2p_setting`  [ RunTime:0.0300s ]
SQL: SHOW COLUMNS FROM `p2p_customer_contact` [ RunTime:0.0310s ]
SQL: SELECT con.user_id,con.name,con.mobile,cus.c_name,ad.name as adname,ad.mobile as admobile,info.points FROM p2p_customer_contact con left JOIN p2p_customer cus on cus.c_id = con.c_id left JOIN p2p_admin ad on ad.admin_id = cus.customer_manager INNER JOIN p2p_contact_info info on info.user_id = con.user_id  WHERE ( con.user_id = 9270 ) LIMIT 1   [ RunTime:0.0290s ]
SQL: SHOW COLUMNS FROM `p2p_points_bill` [ RunTime:0.0290s ]
SQL: SELECT * FROM `p2p_points_bill` WHERE ( uid=9270 and type=1 and addtime>1488470400 ) LIMIT 1   [ RunTime:0.0290s ]
SQL: SELECT * FROM `p2p_points_bill` WHERE ( uid=9270 and type=9 and addtime>1488470400 ) LIMIT 1   [ RunTime:0.0290s ]
SQL: SELECT * FROM `p2p_points_bill` WHERE ( uid=9270 and type=10 and addtime>1488470400 ) LIMIT 1   [ RunTime:0.0300s ]
SQL: SELECT count(*) as count FROM `p2p_resourcelib` WHERE `type` = 1 LIMIT 1   [ RunTime:0.0300s ]
SQL: SELECT count(*) as count FROM `p2p_resourcelib` WHERE `type` = 0 LIMIT 1   [ RunTime:0.0290s ]
SQL: SELECT COUNT(*) AS tp_count FROM `p2p_resourcelib` WHERE (  type in (0,1)  ) LIMIT 1   [ RunTime:0.0300s ]
SQL: SELECT * FROM `p2p_resourcelib` WHERE (  type in (0,1)  ) ORDER BY input_time desc LIMIT 0,10   [ RunTime:0.0300s ]
SQL: SHOW COLUMNS FROM `p2p_purchase` [ RunTime:0.0320s ]
SQL: SHOW COLUMNS FROM `p2p_concerned_product` [ RunTime:0.0300s ]
SQL: SELECT `product_id` FROM `p2p_concerned_product` WHERE ( user_id = 9270 ) ORDER BY input_time desc LIMIT 1   [ RunTime:0.0290s ]
SQL: SELECT pur.*,pro.model,pro.f_id as prof_id,pro.product_type,pro.process_type,pro.status as pro_status,pro.remark as pro_remark,fa.f_name FROM p2p_purchase pur INNER JOIN p2p_product pro on pro.id = pur.p_id left JOIN p2p_factory fa on fa.fid = pro.f_id  WHERE ( pur.id = 42 ) LIMIT 1   [ RunTime:0.0300s ]
SQL: SHOW COLUMNS FROM `p2p_lib_region` [ RunTime:0.0290s ]
SQL: SELECT `name` FROM `p2p_lib_region` WHERE ( id=2 ) LIMIT 1   [ RunTime:0.0290s ]
INFO: [ view_parse ] --START--
INFO: [ template_filter ] --START--
INFO: Run Behavior\ContentReplaceBehavior [ RunTime:0.001000s ]
INFO: [ template_filter ] --END-- [ RunTime:0.001000s ]

[ 2017-03-03T18:26:33+08:00 ] 127.0.0.1 /Home/Resource/init
INFO: [ app_init ] --START--
INFO: Run Behavior\BuildLiteBehavior [ RunTime:0.000000s ]
INFO: [ app_init ] --END-- [ RunTime:0.000000s ]
INFO: [ app_begin ] --START--
INFO: Run Behavior\ReadHtmlCacheBehavior [ RunTime:0.000000s ]
INFO: Run Behavior\CheckLangBehavior [ RunTime:0.001000s ]
INFO: [ app_begin ] --END-- [ RunTime:0.001000s ]
NOTIC: [2048] Declaration of Home\Controller\HomeBaseController::error() should be compatible with Think\Controller::error($message = '', $jumpUrl = '', $ajax = false) D:\xampp\htdocs\myShop\Application\Home\Controller\HomeBaseController.class.php 第 41 行.
NOTIC: [2048] Declaration of Home\Controller\HomeBaseController::success() should be compatible with Think\Controller::success($message = '', $jumpUrl = '', $ajax = false) D:\xampp\htdocs\myShop\Application\Home\Controller\HomeBaseController.class.php 第 41 行.
SQL: SHOW COLUMNS FROM `p2p_resourcelib` [ RunTime:0.0310s ]
SQL: SHOW COLUMNS FROM `p2p_customer_contact` [ RunTime:0.0310s ]
SQL: SHOW COLUMNS FROM `p2p_setting` [ RunTime:0.0310s ]
SQL: SELECT * FROM `p2p_setting`  [ RunTime:0.0310s ]
SQL: SHOW COLUMNS FROM `p2p_customer_contact` [ RunTime:0.0310s ]
SQL: SELECT con.user_id,con.name,con.mobile,cus.c_name,ad.name as adname,ad.mobile as admobile,info.points FROM p2p_customer_contact con left JOIN p2p_customer cus on cus.c_id = con.c_id left JOIN p2p_admin ad on ad.admin_id = cus.customer_manager INNER JOIN p2p_contact_info info on info.user_id = con.user_id  WHERE ( con.user_id = 9270 ) LIMIT 1   [ RunTime:0.0300s ]
SQL: SHOW COLUMNS FROM `p2p_points_bill` [ RunTime:0.0310s ]
SQL: SELECT * FROM `p2p_points_bill` WHERE ( uid=9270 and type=1 and addtime>1488470400 ) LIMIT 1   [ RunTime:0.0290s ]
SQL: SELECT * FROM `p2p_points_bill` WHERE ( uid=9270 and type=9 and addtime>1488470400 ) LIMIT 1   [ RunTime:0.0300s ]
SQL: SELECT * FROM `p2p_points_bill` WHERE ( uid=9270 and type=10 and addtime>1488470400 ) LIMIT 1   [ RunTime:0.0290s ]
SQL: SELECT count(*) as count FROM `p2p_resourcelib` WHERE `type` = 1 LIMIT 1   [ RunTime:0.0290s ]
SQL: SELECT count(*) as count FROM `p2p_resourcelib` WHERE `type` = 0 LIMIT 1   [ RunTime:0.0290s ]
SQL: SELECT COUNT(*) AS tp_count FROM `p2p_resourcelib` WHERE (  type in (0,1)  ) LIMIT 1   [ RunTime:0.0290s ]
SQL: SELECT * FROM `p2p_resourcelib` WHERE (  type in (0,1)  ) ORDER BY input_time desc LIMIT 0,10   [ RunTime:0.0310s ]
SQL: SHOW COLUMNS FROM `p2p_purchase` [ RunTime:0.0310s ]
SQL: SHOW COLUMNS FROM `p2p_concerned_product` [ RunTime:0.0310s ]
SQL: SELECT `product_id` FROM `p2p_concerned_product` WHERE ( user_id = 9270 ) ORDER BY input_time desc LIMIT 1   [ RunTime:0.0290s ]
SQL: SELECT pur.*,pro.model,pro.f_id as prof_id,pro.product_type,pro.process_type,pro.status as pro_status,pro.remark as pro_remark,fa.f_name FROM p2p_purchase pur INNER JOIN p2p_product pro on pro.id = pur.p_id left JOIN p2p_factory fa on fa.fid = pro.f_id  WHERE ( pur.id = 42 ) LIMIT 1   [ RunTime:0.0300s ]
SQL: SHOW COLUMNS FROM `p2p_lib_region` [ RunTime:0.0300s ]
SQL: SELECT `name` FROM `p2p_lib_region` WHERE ( id=2 ) LIMIT 1   [ RunTime:0.0290s ]
INFO: [ view_parse ] --START--
INFO: [ template_filter ] --START--
INFO: Run Behavior\ContentReplaceBehavior [ RunTime:0.000000s ]
INFO: [ template_filter ] --END-- [ RunTime:0.000000s ]
NOTIC: [8] Undefined index: cate_name D:\xampp\htdocs\myShop\Application\Runtime\Cache\Home\1f500f88dc3c7a30fce9587ab1010eea.php 第 4 行.
NOTIC: [8] Undefined index: cate_name D:\xampp\htdocs\myShop\Application\Runtime\Cache\Home\1f500f88dc3c7a30fce9587ab1010eea.php 第 8 行.
NOTIC: [8] Undefined variable: auth_info D:\xampp\htdocs\myShop\Application\Runtime\Cache\Home\1f500f88dc3c7a30fce9587ab1010eea.php 第 52 行.
NOTIC: [8] Undefined variable: smarty D:\xampp\htdocs\myShop\Application\Runtime\Cache\Home\1f500f88dc3c7a30fce9587ab1010eea.php 第 55 行.
NOTIC: [8] Undefined variable: countall D:\xampp\htdocs\myShop\Application\Runtime\Cache\Home\1f500f88dc3c7a30fce9587ab1010eea.php 第 139 行.
NOTIC: [8] Undefined variable: smarty D:\xampp\htdocs\myShop\Application\Runtime\Cache\Home\1f500f88dc3c7a30fce9587ab1010eea.php 第 150 行.
NOTIC: [8] Undefined variable: countall D:\xampp\htdocs\myShop\Application\Runtime\Cache\Home\1f500f88dc3c7a30fce9587ab1010eea.php 第 151 行.
NOTIC: [8] Undefined variable: v D:\xampp\htdocs\myShop\Application\Runtime\Cache\Home\1f500f88dc3c7a30fce9587ab1010eea.php 第 164 行.
NOTIC: [8] Undefined variable: v D:\xampp\htdocs\myShop\Application\Runtime\Cache\Home\1f500f88dc3c7a30fce9587ab1010eea.php 第 169 行.
NOTIC: [8] Undefined variable: v D:\xampp\htdocs\myShop\Application\Runtime\Cache\Home\1f500f88dc3c7a30fce9587ab1010eea.php 第 169 行.
NOTIC: [8] Undefined variable: v D:\xampp\htdocs\myShop\Application\Runtime\Cache\Home\1f500f88dc3c7a30fce9587ab1010eea.php 第 171 行.
NOTIC: [8] Undefined variable: v D:\xampp\htdocs\myShop\Application\Runtime\Cache\Home\1f500f88dc3c7a30fce9587ab1010eea.php 第 171 行.
NOTIC: [8] Undefined variable: v D:\xampp\htdocs\myShop\Application\Runtime\Cache\Home\1f500f88dc3c7a30fce9587ab1010eea.php 第 173 行.
NOTIC: [8] Undefined variable: v D:\xampp\htdocs\myShop\Application\Runtime\Cache\Home\1f500f88dc3c7a30fce9587ab1010eea.php 第 174 行.
NOTIC: [8] Undefined variable: v D:\xampp\htdocs\myShop\Application\Runtime\Cache\Home\1f500f88dc3c7a30fce9587ab1010eea.php 第 176 行.
NOTIC: [8] Undefined variable: userInfo D:\xampp\htdocs\myShop\Application\Runtime\Cache\Home\1f500f88dc3c7a30fce9587ab1010eea.php 第 196 行.
NOTIC: [8] Undefined variable: value D:\xampp\htdocs\myShop\Application\Runtime\Cache\Home\1f500f88dc3c7a30fce9587ab1010eea.php 第 283 行.
NOTIC: [8] Undefined variable: value D:\xampp\htdocs\myShop\Application\Runtime\Cache\Home\1f500f88dc3c7a30fce9587ab1010eea.php 第 283 行.
NOTIC: [8] Undefined variable: value D:\xampp\htdocs\myShop\Application\Runtime\Cache\Home\1f500f88dc3c7a30fce9587ab1010eea.php 第 283 行.
NOTIC: [8] Undefined variable: value D:\xampp\htdocs\myShop\Application\Runtime\Cache\Home\1f500f88dc3c7a30fce9587ab1010eea.php 第 284 行.
NOTIC: [8] Undefined variable: value D:\xampp\htdocs\myShop\Application\Runtime\Cache\Home\1f500f88dc3c7a30fce9587ab1010eea.php 第 284 行.
NOTIC: [8] Undefined variable: value D:\xampp\htdocs\myShop\Application\Runtime\Cache\Home\1f500f88dc3c7a30fce9587ab1010eea.php 第 289 行.
NOTIC: [8] Undefined variable: value D:\xampp\htdocs\myShop\Application\Runtime\Cache\Home\1f500f88dc3c7a30fce9587ab1010eea.php 第 290 行.
NOTIC: [8] Undefined variable: value D:\xampp\htdocs\myShop\Application\Runtime\Cache\Home\1f500f88dc3c7a30fce9587ab1010eea.php 第 416 行.
NOTIC: [8] Undefined variable: v D:\xampp\htdocs\myShop\Application\Runtime\Cache\Home\1f500f88dc3c7a30fce9587ab1010eea.php 第 418 行.
NOTIC: [8] Undefined variable: v D:\xampp\htdocs\myShop\Application\Runtime\Cache\Home\1f500f88dc3c7a30fce9587ab1010eea.php 第 418 行.
NOTIC: [8] Undefined variable: value D:\xampp\htdocs\myShop\Application\Runtime\Cache\Home\1f500f88dc3c7a30fce9587ab1010eea.php 第 450 行.
NOTIC: [8] Undefined variable: value D:\xampp\htdocs\myShop\Application\Runtime\Cache\Home\1f500f88dc3c7a30fce9587ab1010eea.php 第 451 行.
INFO: Run Behavior\ParseTemplateBehavior [ RunTime:0.012000s ]
INFO: [ view_parse ] --END-- [ RunTime:0.012000s ]
INFO: [ view_filter ] --START--
INFO: Run Behavior\WriteHtmlCacheBehavior [ RunTime:0.001000s ]
INFO: [ view_filter ] --END-- [ RunTime:0.001000s ]
INFO: [ app_end ] --START--
INFO: Run Behavior\ShowPageTraceBehavior [ RunTime:0.001000s ]
INFO: [ app_end ] --END-- [ RunTime:0.001000s ]

[ 2017-03-03T18:26:33+08:00 ] 127.0.0.1 /Public/Uploads/16/06/21/5768d3c0629bf.png
INFO: [ app_init ] --START--
INFO: Run Behavior\BuildLiteBehavior [ RunTime:0.000000s ]
INFO: [ app_init ] --END-- [ RunTime:0.000000s ]

[ 2017-03-03T18:26:33+08:00 ] 127.0.0.1 /Public/Uploads/16/07/27/57985d52d7a9a.jpg
INFO: [ app_init ] --START--
INFO: Run Behavior\BuildLiteBehavior [ RunTime:0.000000s ]
INFO: [ app_init ] --END-- [ RunTime:0.000000s ]

[ 2017-03-03T18:26:33+08:00 ] 127.0.0.1 /Public/Uploads/16/07/22/5791cf36a122e.jpg
INFO: [ app_init ] --START--
INFO: Run Behavior\BuildLiteBehavior [ RunTime:0.001000s ]
INFO: [ app_init ] --END-- [ RunTime:0.001000s ]

[ 2017-03-03T18:26:55+08:00 ] 127.0.0.1 /resource
INFO: [ app_init ] --START--
INFO: Run Behavior\BuildLiteBehavior [ RunTime:0.000000s ]
INFO: [ app_init ] --END-- [ RunTime:0.000000s ]
INFO: [ app_begin ] --START--
INFO: Run Behavior\ReadHtmlCacheBehavior [ RunTime:0.001000s ]
INFO: Run Behavior\CheckLangBehavior [ RunTime:0.001000s ]
INFO: [ app_begin ] --END-- [ RunTime:0.002000s ]
NOTIC: [2048] Declaration of Home\Controller\HomeBaseController::error() should be compatible with Think\Controller::error($message = '', $jumpUrl = '', $ajax = false) D:\xampp\htdocs\myShop\Application\Home\Controller\HomeBaseController.class.php 第 41 行.
NOTIC: [2048] Declaration of Home\Controller\HomeBaseController::success() should be compatible with Think\Controller::success($message = '', $jumpUrl = '', $ajax = false) D:\xampp\htdocs\myShop\Application\Home\Controller\HomeBaseController.class.php 第 41 行.
SQL: SHOW COLUMNS FROM `p2p_resourcelib` [ RunTime:0.0320s ]
SQL: SHOW COLUMNS FROM `p2p_customer_contact` [ RunTime:0.0340s ]
SQL: SHOW COLUMNS FROM `p2p_setting` [ RunTime:0.0320s ]
SQL: SELECT * FROM `p2p_setting`  [ RunTime:0.0310s ]
INFO: [ view_parse ] --START--
INFO: [ template_filter ] --START--
INFO: Run Behavior\ContentReplaceBehavior [ RunTime:0.000000s ]
INFO: [ template_filter ] --END-- [ RunTime:0.000000s ]
NOTIC: [8] Undefined variable: seo D:\xampp\htdocs\myShop\Application\Runtime\Cache\Home\1f500f88dc3c7a30fce9587ab1010eea.php 第 4 行.
NOTIC: [8] Undefined variable: seo D:\xampp\htdocs\myShop\Application\Runtime\Cache\Home\1f500f88dc3c7a30fce9587ab1010eea.php 第 6 行.
NOTIC: [8] Undefined variable: seo D:\xampp\htdocs\myShop\Application\Runtime\Cache\Home\1f500f88dc3c7a30fce9587ab1010eea.php 第 8 行.
NOTIC: [8] Undefined variable: seo D:\xampp\htdocs\myShop\Application\Runtime\Cache\Home\1f500f88dc3c7a30fce9587ab1010eea.php 第 8 行.
NOTIC: [8] Undefined variable: seo D:\xampp\htdocs\myShop\Application\Runtime\Cache\Home\1f500f88dc3c7a30fce9587ab1010eea.php 第 10 行.
NOTIC: [8] Undefined variable: seo D:\xampp\htdocs\myShop\Application\Runtime\Cache\Home\1f500f88dc3c7a30fce9587ab1010eea.php 第 15 行.
NOTIC: [8] Undefined variable: seo D:\xampp\htdocs\myShop\Application\Runtime\Cache\Home\1f500f88dc3c7a30fce9587ab1010eea.php 第 16 行.
NOTIC: [8] Undefined variable: auth_info D:\xampp\htdocs\myShop\Application\Runtime\Cache\Home\1f500f88dc3c7a30fce9587ab1010eea.php 第 52 行.
NOTIC: [8] Undefined variable: smarty D:\xampp\htdocs\myShop\Application\Runtime\Cache\Home\1f500f88dc3c7a30fce9587ab1010eea.php 第 55 行.
NOTIC: [8] Undefined variable: countall D:\xampp\htdocs\myShop\Application\Runtime\Cache\Home\1f500f88dc3c7a30fce9587ab1010eea.php 第 139 行.
NOTIC: [8] Undefined variable: count2 D:\xampp\htdocs\myShop\Application\Runtime\Cache\Home\1f500f88dc3c7a30fce9587ab1010eea.php 第 142 行.
NOTIC: [8] Undefined variable: count1 D:\xampp\htdocs\myShop\Application\Runtime\Cache\Home\1f500f88dc3c7a30fce9587ab1010eea.php 第 145 行.
NOTIC: [8] Undefined variable: smarty D:\xampp\htdocs\myShop\Application\Runtime\Cache\Home\1f500f88dc3c7a30fce9587ab1010eea.php 第 150 行.
NOTIC: [8] Undefined variable: countall D:\xampp\htdocs\myShop\Application\Runtime\Cache\Home\1f500f88dc3c7a30fce9587ab1010eea.php 第 151 行.
NOTIC: [8] Undefined variable: v D:\xampp\htdocs\myShop\Application\Runtime\Cache\Home\1f500f88dc3c7a30fce9587ab1010eea.php 第 164 行.
NOTIC: [8] Undefined variable: v D:\xampp\htdocs\myShop\Application\Runtime\Cache\Home\1f500f88dc3c7a30fce9587ab1010eea.php 第 169 行.
NOTIC: [8] Undefined variable: v D:\xampp\htdocs\myShop\Application\Runtime\Cache\Home\1f500f88dc3c7a30fce9587ab1010eea.php 第 169 行.
NOTIC: [8] Undefined variable: v D:\xampp\htdocs\myShop\Application\Runtime\Cache\Home\1f500f88dc3c7a30fce9587ab1010eea.php 第 171 行.
NOTIC: [8] Undefined variable: v D:\xampp\htdocs\myShop\Application\Runtime\Cache\Home\1f500f88dc3c7a30fce9587ab1010eea.php 第 171 行.
NOTIC: [8] Undefined variable: v D:\xampp\htdocs\myShop\Application\Runtime\Cache\Home\1f500f88dc3c7a30fce9587ab1010eea.php 第 173 行.
NOTIC: [8] Undefined variable: v D:\xampp\htdocs\myShop\Application\Runtime\Cache\Home\1f500f88dc3c7a30fce9587ab1010eea.php 第 174 行.
NOTIC: [8] Undefined variable: v D:\xampp\htdocs\myShop\Application\Runtime\Cache\Home\1f500f88dc3c7a30fce9587ab1010eea.php 第 176 行.
NOTIC: [8] Undefined variable: pages D:\xampp\htdocs\myShop\Application\Runtime\Cache\Home\1f500f88dc3c7a30fce9587ab1010eea.php 第 185 行.
NOTIC: [8] Undefined variable: userInfo D:\xampp\htdocs\myShop\Application\Runtime\Cache\Home\1f500f88dc3c7a30fce9587ab1010eea.php 第 196 行.
NOTIC: [8] Undefined variable: points D:\xampp\htdocs\myShop\Application\Runtime\Cache\Home\1f500f88dc3c7a30fce9587ab1010eea.php 第 225 行.
NOTIC: [8] Undefined variable: points D:\xampp\htdocs\myShop\Application\Runtime\Cache\Home\1f500f88dc3c7a30fce9587ab1010eea.php 第 237 行.
NOTIC: [8] Undefined variable: points D:\xampp\htdocs\myShop\Application\Runtime\Cache\Home\1f500f88dc3c7a30fce9587ab1010eea.php 第 249 行.
NOTIC: [8] Undefined variable: value D:\xampp\htdocs\myShop\Application\Runtime\Cache\Home\1f500f88dc3c7a30fce9587ab1010eea.php 第 283 行.
NOTIC: [8] Undefined variable: value D:\xampp\htdocs\myShop\Application\Runtime\Cache\Home\1f500f88dc3c7a30fce9587ab1010eea.php 第 283 行.
NOTIC: [8] Undefined variable: value D:\xampp\htdocs\myShop\Application\Runtime\Cache\Home\1f500f88dc3c7a30fce9587ab1010eea.php 第 283 行.
NOTIC: [8] Undefined variable: value D:\xampp\htdocs\myShop\Application\Runtime\Cache\Home\1f500f88dc3c7a30fce9587ab1010eea.php 第 284 行.
NOTIC: [8] Undefined variable: value D:\xampp\htdocs\myShop\Application\Runtime\Cache\Home\1f500f88dc3c7a30fce9587ab1010eea.php 第 284 行.
NOTIC: [8] Undefined variable: value D:\xampp\htdocs\myShop\Application\Runtime\Cache\Home\1f500f88dc3c7a30fce9587ab1010eea.php 第 289 行.
NOTIC: [8] Undefined variable: value D:\xampp\htdocs\myShop\Application\Runtime\Cache\Home\1f500f88dc3c7a30fce9587ab1010eea.php 第 290 行.
NOTIC: [8] Undefined variable: value D:\xampp\htdocs\myShop\Application\Runtime\Cache\Home\1f500f88dc3c7a30fce9587ab1010eea.php 第 416 行.
NOTIC: [8] Undefined variable: v D:\xampp\htdocs\myShop\Application\Runtime\Cache\Home\1f500f88dc3c7a30fce9587ab1010eea.php 第 418 行.
NOTIC: [8] Undefined variable: v D:\xampp\htdocs\myShop\Application\Runtime\Cache\Home\1f500f88dc3c7a30fce9587ab1010eea.php 第 418 行.
NOTIC: [8] Undefined variable: value D:\xampp\htdocs\myShop\Application\Runtime\Cache\Home\1f500f88dc3c7a30fce9587ab1010eea.php 第 450 行.
NOTIC: [8] Undefined variable: value D:\xampp\htdocs\myShop\Application\Runtime\Cache\Home\1f500f88dc3c7a30fce9587ab1010eea.php 第 451 行.
INFO: Run Behavior\ParseTemplateBehavior [ RunTime:0.013001s ]
INFO: [ view_parse ] --END-- [ RunTime:0.014001s ]
INFO: [ view_filter ] --START--
INFO: Run Behavior\WriteHtmlCacheBehavior [ RunTime:0.001000s ]
INFO: [ view_filter ] --END-- [ RunTime:0.001000s ]
INFO: [ app_end ] --START--
INFO: Run Behavior\ShowPageTraceBehavior [ RunTime:0.001000s ]
INFO: [ app_end ] --END-- [ RunTime:0.001000s ]

[ 2017-03-03T18:26:55+08:00 ] 127.0.0.1 /Public/Uploads/16/06/21/5768d3c0629bf.png
INFO: [ app_init ] --START--
INFO: Run Behavior\BuildLiteBehavior [ RunTime:0.000000s ]
INFO: [ app_init ] --END-- [ RunTime:0.000000s ]

[ 2017-03-03T18:26:55+08:00 ] 127.0.0.1 /Public/Uploads/16/07/22/5791cf36a122e.jpg
INFO: [ app_init ] --START--
INFO: Run Behavior\BuildLiteBehavior [ RunTime:0.000000s ]
INFO: [ app_init ] --END-- [ RunTime:0.000000s ]

[ 2017-03-03T18:26:55+08:00 ] 127.0.0.1 /Public/Uploads/16/07/27/57985d52d7a9a.jpg
INFO: [ app_init ] --START--
INFO: Run Behavior\BuildLiteBehavior [ RunTime:0.000000s ]
INFO: [ app_init ] --END-- [ RunTime:0.001000s ]

[ 2017-03-03T18:27:00+08:00 ] 127.0.0.1 /finance
INFO: [ app_init ] --START--
INFO: Run Behavior\BuildLiteBehavior [ RunTime:0.000000s ]
INFO: [ app_init ] --END-- [ RunTime:0.000000s ]
INFO: [ app_begin ] --START--
INFO: Run Behavior\ReadHtmlCacheBehavior [ RunTime:0.000000s ]
INFO: Run Behavior\CheckLangBehavior [ RunTime:0.001000s ]
INFO: [ app_begin ] --END-- [ RunTime:0.001000s ]
ERR: 无法加载控制器:Finance

[ 2017-03-03T18:27:07+08:00 ] 127.0.0.1 /offers
INFO: [ app_init ] --START--
INFO: Run Behavior\BuildLiteBehavior [ RunTime:0.000000s ]
INFO: [ app_init ] --END-- [ RunTime:0.000000s ]
INFO: [ app_begin ] --START--
INFO: Run Behavior\ReadHtmlCacheBehavior [ RunTime:0.001001s ]
INFO: Run Behavior\CheckLangBehavior [ RunTime:0.001000s ]
INFO: [ app_begin ] --END-- [ RunTime:0.002001s ]
NOTIC: [2048] Declaration of Home\Controller\HomeBaseController::error() should be compatible with Think\Controller::error($message = '', $jumpUrl = '', $ajax = false) D:\xampp\htdocs\myShop\Application\Home\Controller\HomeBaseController.class.php 第 41 行.
NOTIC: [2048] Declaration of Home\Controller\HomeBaseController::success() should be compatible with Think\Controller::success($message = '', $jumpUrl = '', $ajax = false) D:\xampp\htdocs\myShop\Application\Home\Controller\HomeBaseController.class.php 第 41 行.
SQL: SHOW COLUMNS FROM `p2p_setting` [ RunTime:0.0400s ]
SQL: SELECT * FROM `p2p_setting`  [ RunTime:0.0300s ]
NOTIC: [8] Undefined index: cart D:\xampp\htdocs\myShop\Application\Common\MyLib\Cart.class.php 第 231 行.
SQL: SHOW COLUMNS FROM `p2p_factory` [ RunTime:0.0310s ]
SQL: SELECT DISTINCT  * FROM `p2p_factory` WHERE ( 1 ) LIMIT 28   [ RunTime:0.0310s ]
SQL: SHOW COLUMNS FROM `p2p_big_offers` [ RunTime:0.0300s ]
SQL: SHOW COLUMNS FROM `p2p_purchase` [ RunTime:0.0310s ]
SQL: SELECT COUNT(*) AS tp_count FROM p2p_purchase pur left JOIN p2p_product pro on pro.id = pur.p_id left JOIN p2p_factory fac on fac.fid = pro.f_id  WHERE ( pur.type = 2 and pur.shelve_type =1 and pur.status in (2,3,4) ) LIMIT 1   [ RunTime:0.1010s ]
SQL: SELECT pur.id,pur.supply_count,pur.bargain,pur.user_id,pur.shelve_type,pur.is_union,pur.unit_price,pur.c_id,pur.number,pur.status,pur.cargo_type,pur.period,pur.input_time,pur.type,pro.model,pro.f_id,pro.product_type,pro.process_type,fac.f_name,pur.store_house FROM p2p_purchase pur left JOIN p2p_product pro on pro.id = pur.p_id left JOIN p2p_factory fac on fac.fid = pro.f_id  WHERE ( pur.type = 2 and pur.shelve_type =1 and pur.status in (2,3,4) ) ORDER BY pur.input_time desc LIMIT 0,10   [ RunTime:0.1310s ]
SQL: SHOW COLUMNS FROM `p2p_customer_contact` [ RunTime:0.0300s ]
SQL: SELECT `customer_manager` FROM `p2p_customer_contact` WHERE ( user_id=37089 ) LIMIT 1   [ RunTime:0.0280s ]
SQL: SHOW COLUMNS FROM `p2p_customer_contact` [ RunTime:0.0300s ]
SQL: SELECT con.user_id,con.name,con.mobile,cus.c_name,ad.name as adname,ad.mobile as admobile,info.points FROM p2p_customer_contact con left JOIN p2p_customer cus on cus.c_id = con.c_id left JOIN p2p_admin ad on ad.admin_id = cus.customer_manager INNER JOIN p2p_contact_info info on info.user_id = con.user_id  WHERE ( con.user_id = 37089 ) LIMIT 1   [ RunTime:0.0290s ]
SQL: SELECT `customer_manager` FROM `p2p_customer_contact` WHERE ( user_id=3858 ) LIMIT 1   [ RunTime:0.0290s ]
SQL: SELECT con.user_id,con.name,con.mobile,cus.c_name,ad.name as adname,ad.mobile as admobile,info.points FROM p2p_customer_contact con left JOIN p2p_customer cus on cus.c_id = con.c_id left JOIN p2p_admin ad on ad.admin_id = cus.customer_manager INNER JOIN p2p_contact_info info on info.user_id = con.user_id  WHERE ( con.user_id = 3858 ) LIMIT 1   [ RunTime:0.0300s ]
SQL: SELECT `customer_manager` FROM `p2p_customer_contact` WHERE ( user_id=3858 ) LIMIT 1   [ RunTime:0.0280s ]
SQL: SELECT con.user_id,con.name,con.mobile,cus.c_name,ad.name as adname,ad.mobile as admobile,info.points FROM p2p_customer_contact con left JOIN p2p_customer cus on cus.c_id = con.c_id left JOIN p2p_admin ad on ad.admin_id = cus.customer_manager INNER JOIN p2p_contact_info info on info.user_id = con.user_id  WHERE ( con.user_id = 3858 ) LIMIT 1   [ RunTime:0.0300s ]
SQL: SELECT `customer_manager` FROM `p2p_customer_contact` WHERE ( user_id=3858 ) LIMIT 1   [ RunTime:0.0280s ]
SQL: SELECT con.user_id,con.name,con.mobile,cus.c_name,ad.name as adname,ad.mobile as admobile,info.points FROM p2p_customer_contact con left JOIN p2p_customer cus on cus.c_id = con.c_id left JOIN p2p_admin ad on ad.admin_id = cus.customer_manager INNER JOIN p2p_contact_info info on info.user_id = con.user_id  WHERE ( con.user_id = 3858 ) LIMIT 1   [ RunTime:0.0290s ]
SQL: SELECT `customer_manager` FROM `p2p_customer_contact` WHERE ( user_id=3858 ) LIMIT 1   [ RunTime:0.0290s ]
SQL: SELECT con.user_id,con.name,con.mobile,cus.c_name,ad.name as adname,ad.mobile as admobile,info.points FROM p2p_customer_contact con left JOIN p2p_customer cus on cus.c_id = con.c_id left JOIN p2p_admin ad on ad.admin_id = cus.customer_manager INNER JOIN p2p_contact_info info on info.user_id = con.user_id  WHERE ( con.user_id = 3858 ) LIMIT 1   [ RunTime:0.0320s ]
SQL: SELECT `customer_manager` FROM `p2p_customer_contact` WHERE ( user_id=3858 ) LIMIT 1   [ RunTime:0.0300s ]
SQL: SELECT con.user_id,con.name,con.mobile,cus.c_name,ad.name as adname,ad.mobile as admobile,info.points FROM p2p_customer_contact con left JOIN p2p_customer cus on cus.c_id = con.c_id left JOIN p2p_admin ad on ad.admin_id = cus.customer_manager INNER JOIN p2p_contact_info info on info.user_id = con.user_id  WHERE ( con.user_id = 3858 ) LIMIT 1   [ RunTime:0.0290s ]
SQL: SELECT `customer_manager` FROM `p2p_customer_contact` WHERE ( user_id=3858 ) LIMIT 1   [ RunTime:0.0290s ]
SQL: SELECT con.user_id,con.name,con.mobile,cus.c_name,ad.name as adname,ad.mobile as admobile,info.points FROM p2p_customer_contact con left JOIN p2p_customer cus on cus.c_id = con.c_id left JOIN p2p_admin ad on ad.admin_id = cus.customer_manager INNER JOIN p2p_contact_info info on info.user_id = con.user_id  WHERE ( con.user_id = 3858 ) LIMIT 1   [ RunTime:0.0290s ]
SQL: SELECT `customer_manager` FROM `p2p_customer_contact` WHERE ( user_id=3858 ) LIMIT 1   [ RunTime:0.0290s ]
SQL: SELECT con.user_id,con.name,con.mobile,cus.c_name,ad.name as adname,ad.mobile as admobile,info.points FROM p2p_customer_contact con left JOIN p2p_customer cus on cus.c_id = con.c_id left JOIN p2p_admin ad on ad.admin_id = cus.customer_manager INNER JOIN p2p_contact_info info on info.user_id = con.user_id  WHERE ( con.user_id = 3858 ) LIMIT 1   [ RunTime:0.0290s ]
SQL: SELECT `customer_manager` FROM `p2p_customer_contact` WHERE ( user_id=3858 ) LIMIT 1   [ RunTime:0.0300s ]
SQL: SELECT con.user_id,con.name,con.mobile,cus.c_name,ad.name as adname,ad.mobile as admobile,info.points FROM p2p_customer_contact con left JOIN p2p_customer cus on cus.c_id = con.c_id left JOIN p2p_admin ad on ad.admin_id = cus.customer_manager INNER JOIN p2p_contact_info info on info.user_id = con.user_id  WHERE ( con.user_id = 3858 ) LIMIT 1   [ RunTime:0.0300s ]
SQL: SELECT `customer_manager` FROM `p2p_customer_contact` WHERE ( user_id=3858 ) LIMIT 1   [ RunTime:0.0290s ]
SQL: SELECT con.user_id,con.name,con.mobile,cus.c_name,ad.name as adname,ad.mobile as admobile,info.points FROM p2p_customer_contact con left JOIN p2p_customer cus on cus.c_id = con.c_id left JOIN p2p_admin ad on ad.admin_id = cus.customer_manager INNER JOIN p2p_contact_info info on info.user_id = con.user_id  WHERE ( con.user_id = 3858 ) LIMIT 1   [ RunTime:0.0320s ]
NOTIC: [8] Undefined variable: seotype D:\xampp\htdocs\myShop\Application\Home\Controller\OffersController.class.php 第 101 行.
NOTIC: [8] Undefined variable: seofa D:\xampp\htdocs\myShop\Application\Home\Controller\OffersController.class.php 第 101 行.
NOTIC: [8] Undefined variable: seoprocess D:\xampp\htdocs\myShop\Application\Home\Controller\OffersController.class.php 第 101 行.
INFO: [ view_parse ] --START--
INFO: [ template_filter ] --START--
INFO: Run Behavior\ContentReplaceBehavior [ RunTime:0.000000s ]
INFO: [ template_filter ] --END-- [ RunTime:0.000000s ]
NOTIC: [8] Undefined index: cate_name D:\xampp\htdocs\myShop\Application\Runtime\Cache\Home\f4ac2ef82fac0227e16533300d993be2.php 第 4 行.
NOTIC: [8] Undefined index: cate_name D:\xampp\htdocs\myShop\Application\Runtime\Cache\Home\f4ac2ef82fac0227e16533300d993be2.php 第 8 行.
NOTIC: [8] Undefined index: keywords D:\xampp\htdocs\myShop\Application\Runtime\Cache\Home\f4ac2ef82fac0227e16533300d993be2.php 第 15 行.
NOTIC: [8] Undefined index: description D:\xampp\htdocs\myShop\Application\Runtime\Cache\Home\f4ac2ef82fac0227e16533300d993be2.php 第 16 行.
NOTIC: [8] Undefined variable: auth_info D:\xampp\htdocs\myShop\Application\Runtime\Cache\Home\f4ac2ef82fac0227e16533300d993be2.php 第 52 行.
NOTIC: [8] Undefined variable: smarty D:\xampp\htdocs\myShop\Application\Runtime\Cache\Home\f4ac2ef82fac0227e16533300d993be2.php 第 55 行.
NOTIC: [8] Undefined variable: type D:\xampp\htdocs\myShop\Application\Runtime\Cache\Home\f4ac2ef82fac0227e16533300d993be2.php 第 122 行.
NOTIC: [8] Undefined variable: type D:\xampp\htdocs\myShop\Application\Runtime\Cache\Home\f4ac2ef82fac0227e16533300d993be2.php 第 123 行.
NOTIC: [8] Undefined variable: type D:\xampp\htdocs\myShop\Application\Runtime\Cache\Home\f4ac2ef82fac0227e16533300d993be2.php 第 123 行.
NOTIC: [8] Undefined variable: type D:\xampp\htdocs\myShop\Application\Runtime\Cache\Home\f4ac2ef82fac0227e16533300d993be2.php 第 123 行.
NOTIC: [8] Undefined variable: type D:\xampp\htdocs\myShop\Application\Runtime\Cache\Home\f4ac2ef82fac0227e16533300d993be2.php 第 123 行.
NOTIC: [8] Undefined variable: type D:\xampp\htdocs\myShop\Application\Runtime\Cache\Home\f4ac2ef82fac0227e16533300d993be2.php 第 123 行.
NOTIC: [8] Undefined variable: type D:\xampp\htdocs\myShop\Application\Runtime\Cache\Home\f4ac2ef82fac0227e16533300d993be2.php 第 123 行.
NOTIC: [8] Undefined variable: type D:\xampp\htdocs\myShop\Application\Runtime\Cache\Home\f4ac2ef82fac0227e16533300d993be2.php 第 123 行.
NOTIC: [8] Undefined variable: type D:\xampp\htdocs\myShop\Application\Runtime\Cache\Home\f4ac2ef82fac0227e16533300d993be2.php 第 123 行.
NOTIC: [8] Undefined variable: type D:\xampp\htdocs\myShop\Application\Runtime\Cache\Home\f4ac2ef82fac0227e16533300d993be2.php 第 123 行.
NOTIC: [8] Undefined variable: type D:\xampp\htdocs\myShop\Application\Runtime\Cache\Home\f4ac2ef82fac0227e16533300d993be2.php 第 123 行.
NOTIC: [8] Undefined variable: type D:\xampp\htdocs\myShop\Application\Runtime\Cache\Home\f4ac2ef82fac0227e16533300d993be2.php 第 123 行.
NOTIC: [8] Undefined variable: type D:\xampp\htdocs\myShop\Application\Runtime\Cache\Home\f4ac2ef82fac0227e16533300d993be2.php 第 123 行.
NOTIC: [8] Undefined variable: type D:\xampp\htdocs\myShop\Application\Runtime\Cache\Home\f4ac2ef82fac0227e16533300d993be2.php 第 123 行.
NOTIC: [8] Undefined variable: type D:\xampp\htdocs\myShop\Application\Runtime\Cache\Home\f4ac2ef82fac0227e16533300d993be2.php 第 123 行.
NOTIC: [8] Undefined variable: type D:\xampp\htdocs\myShop\Application\Runtime\Cache\Home\f4ac2ef82fac0227e16533300d993be2.php 第 123 行.
NOTIC: [8] Undefined variable: process D:\xampp\htdocs\myShop\Application\Runtime\Cache\Home\f4ac2ef82fac0227e16533300d993be2.php 第 130 行.
NOTIC: [8] Undefined variable: process D:\xampp\htdocs\myShop\Application\Runtime\Cache\Home\f4ac2ef82fac0227e16533300d993be2.php 第 131 行.
NOTIC: [8] Undefined variable: process D:\xampp\htdocs\myShop\Application\Runtime\Cache\Home\f4ac2ef82fac0227e16533300d993be2.php 第 131 行.
NOTIC: [8] Undefined variable: process D:\xampp\htdocs\myShop\Application\Runtime\Cache\Home\f4ac2ef82fac0227e16533300d993be2.php 第 131 行.
NOTIC: [8] Undefined variable: process D:\xampp\htdocs\myShop\Application\Runtime\Cache\Home\f4ac2ef82fac0227e16533300d993be2.php 第 131 行.
NOTIC: [8] Undefined variable: process D:\xampp\htdocs\myShop\Application\Runtime\Cache\Home\f4ac2ef82fac0227e16533300d993be2.php 第 131 行.
NOTIC: [8] Undefined variable: process D:\xampp\htdocs\myShop\Application\Runtime\Cache\Home\f4ac2ef82fac0227e16533300d993be2.php 第 131 行.
NOTIC: [8] Undefined variable: process D:\xampp\htdocs\myShop\Application\Runtime\Cache\Home\f4ac2ef82fac0227e16533300d993be2.php 第 131 行.
NOTIC: [8] Undefined variable: process D:\xampp\htdocs\myShop\Application\Runtime\Cache\Home\f4ac2ef82fac0227e16533300d993be2.php 第 131 行.
NOTIC: [8] Undefined variable: process D:\xampp\htdocs\myShop\Application\Runtime\Cache\Home\f4ac2ef82fac0227e16533300d993be2.php 第 131 行.
NOTIC: [8] Undefined variable: process D:\xampp\htdocs\myShop\Application\Runtime\Cache\Home\f4ac2ef82fac0227e16533300d993be2.php 第 131 行.
NOTIC: [8] Undefined variable: process D:\xampp\htdocs\myShop\Application\Runtime\Cache\Home\f4ac2ef82fac0227e16533300d993be2.php 第 131 行.
NOTIC: [8] Undefined variable: fa D:\xampp\htdocs\myShop\Application\Runtime\Cache\Home\f4ac2ef82fac0227e16533300d993be2.php 第 140 行.
NOTIC: [8] Use of undefined constant fid - assumed 'fid' D:\xampp\htdocs\myShop\Application\Runtime\Cache\Home\f4ac2ef82fac0227e16533300d993be2.php 第 141 行.
NOTIC: [8] Array to string conversion D:\xampp\htdocs\myShop\Application\Runtime\Cache\Home\f4ac2ef82fac0227e16533300d993be2.php 第 141 行.
NOTIC: [8] Undefined variable: fa D:\xampp\htdocs\myShop\Application\Runtime\Cache\Home\f4ac2ef82fac0227e16533300d993be2.php 第 141 行.
NOTIC: [8] Use of undefined constant fid - assumed 'fid' D:\xampp\htdocs\myShop\Application\Runtime\Cache\Home\f4ac2ef82fac0227e16533300d993be2.php 第 141 行.
NOTIC: [8] Array to string conversion D:\xampp\htdocs\myShop\Application\Runtime\Cache\Home\f4ac2ef82fac0227e16533300d993be2.php 第 141 行.
NOTIC: [8] Undefined variable: fa D:\xampp\htdocs\myShop\Application\Runtime\Cache\Home\f4ac2ef82fac0227e16533300d993be2.php 第 141 行.
NOTIC: [8] Use of undefined constant fid - assumed 'fid' D:\xampp\htdocs\myShop\Application\Runtime\Cache\Home\f4ac2ef82fac0227e16533300d993be2.php 第 141 行.
NOTIC: [8] Array to string conversion D:\xampp\htdocs\myShop\Application\Runtime\Cache\Home\f4ac2ef82fac0227e16533300d993be2.php 第 141 行.
NOTIC: [8] Undefined variable: fa D:\xampp\htdocs\myShop\Application\Runtime\Cache\Home\f4ac2ef82fac0227e16533300d993be2.php 第 141 行.
NOTIC: [8] Use of undefined constant fid - assumed 'fid' D:\xampp\htdocs\myShop\Application\Runtime\Cache\Home\f4ac2ef82fac0227e16533300d993be2.php 第 141 行.
NOTIC: [8] Array to string conversion D:\xampp\htdocs\myShop\Application\Runtime\Cache\Home\f4ac2ef82fac0227e16533300d993be2.php 第 141 行.
NOTIC: [8] Undefined variable: fa D:\xampp\htdocs\myShop\Application\Runtime\Cache\Home\f4ac2ef82fac0227e16533300d993be2.php 第 141 行.
NOTIC: [8] Use of undefined constant fid - assumed 'fid' D:\xampp\htdocs\myShop\Application\Runtime\Cache\Home\f4ac2ef82fac0227e16533300d993be2.php 第 141 行.
NOTIC: [8] Array to string conversion D:\xampp\htdocs\myShop\Application\Runtime\Cache\Home\f4ac2ef82fac0227e16533300d993be2.php 第 141 行.
NOTIC: [8] Undefined variable: fa D:\xampp\htdocs\myShop\Application\Runtime\Cache\Home\f4ac2ef82fac0227e16533300d993be2.php 第 141 行.
NOTIC: [8] Use of undefined constant fid - assumed 'fid' D:\xampp\htdocs\myShop\Application\Runtime\Cache\Home\f4ac2ef82fac0227e16533300d993be2.php 第 141 行.
NOTIC: [8] Array to string conversion D:\xampp\htdocs\myShop\Application\Runtime\Cache\Home\f4ac2ef82fac0227e16533300d993be2.php 第 141 行.
NOTIC: [8] Undefined variable: fa D:\xampp\htdocs\myShop\Application\Runtime\Cache\Home\f4ac2ef82fac0227e16533300d993be2.php 第 141 行.
NOTIC: [8] Use of undefined constant fid - assumed 'fid' D:\xampp\htdocs\myShop\Application\Runtime\Cache\Home\f4ac2ef82fac0227e16533300d993be2.php 第 141 行.
NOTIC: [8] Array to string conversion D:\xampp\htdocs\myShop\Application\Runtime\Cache\Home\f4ac2ef82fac0227e16533300d993be2.php 第 141 行.
NOTIC: [8] Undefined variable: fa D:\xampp\htdocs\myShop\Application\Runtime\Cache\Home\f4ac2ef82fac0227e16533300d993be2.php 第 141 行.
NOTIC: [8] Use of undefined constant fid - assumed 'fid' D:\xampp\htdocs\myShop\Application\Runtime\Cache\Home\f4ac2ef82fac0227e16533300d993be2.php 第 141 行.
NOTIC: [8] Array to string conversion D:\xampp\htdocs\myShop\Application\Runtime\Cache\Home\f4ac2ef82fac0227e16533300d993be2.php 第 141 行.
NOTIC: [8] Undefined variable: fa D:\xampp\htdocs\myShop\Application\Runtime\Cache\Home\f4ac2ef82fac0227e16533300d993be2.php 第 141 行.
NOTIC: [8] Use of undefined constant fid - assumed 'fid' D:\xampp\htdocs\myShop\Application\Runtime\Cache\Home\f4ac2ef82fac0227e16533300d993be2.php 第 141 行.
NOTIC: [8] Array to string conversion D:\xampp\htdocs\myShop\Application\Runtime\Cache\Home\f4ac2ef82fac0227e16533300d993be2.php 第 141 行.
NOTIC: [8] Undefined variable: fa D:\xampp\htdocs\myShop\Application\Runtime\Cache\Home\f4ac2ef82fac0227e16533300d993be2.php 第 141 行.
NOTIC: [8] Use of undefined constant fid - assumed 'fid' D:\xampp\htdocs\myShop\Application\Runtime\Cache\Home\f4ac2ef82fac0227e16533300d993be2.php 第 141 行.
NOTIC: [8] Array to string conversion D:\xampp\htdocs\myShop\Application\Runtime\Cache\Home\f4ac2ef82fac0227e16533300d993be2.php 第 141 行.
NOTIC: [8] Undefined variable: fa D:\xampp\htdocs\myShop\Application\Runtime\Cache\Home\f4ac2ef82fac0227e16533300d993be2.php 第 141 行.
NOTIC: [8] Use of undefined constant fid - assumed 'fid' D:\xampp\htdocs\myShop\Application\Runtime\Cache\Home\f4ac2ef82fac0227e16533300d993be2.php 第 141 行.
NOTIC: [8] Array to string conversion D:\xampp\htdocs\myShop\Application\Runtime\Cache\Home\f4ac2ef82fac0227e16533300d993be2.php 第 141 行.
NOTIC: [8] Undefined variable: fa D:\xampp\htdocs\myShop\Application\Runtime\Cache\Home\f4ac2ef82fac0227e16533300d993be2.php 第 141 行.
NOTIC: [8] Use of undefined constant fid - assumed 'fid' D:\xampp\htdocs\myShop\Application\Runtime\Cache\Home\f4ac2ef82fac0227e16533300d993be2.php 第 141 行.
NOTIC: [8] Array to string conversion D:\xampp\htdocs\myShop\Application\Runtime\Cache\Home\f4ac2ef82fac0227e16533300d993be2.php 第 141 行.
NOTIC: [8] Undefined variable: fa D:\xampp\htdocs\myShop\Application\Runtime\Cache\Home\f4ac2ef82fac0227e16533300d993be2.php 第 141 行.
NOTIC: [8] Use of undefined constant fid - assumed 'fid' D:\xampp\htdocs\myShop\Application\Runtime\Cache\Home\f4ac2ef82fac0227e16533300d993be2.php 第 141 行.
NOTIC: [8] Array to string conversion D:\xampp\htdocs\myShop\Application\Runtime\Cache\Home\f4ac2ef82fac0227e16533300d993be2.php 第 141 行.
NOTIC: [8] Undefined variable: fa D:\xampp\htdocs\myShop\Application\Runtime\Cache\Home\f4ac2ef82fac0227e16533300d993be2.php 第 141 行.
NOTIC: [8] Use of undefined constant fid - assumed 'fid' D:\xampp\htdocs\myShop\Application\Runtime\Cache\Home\f4ac2ef82fac0227e16533300d993be2.php 第 141 行.
NOTIC: [8] Array to string conversion D:\xampp\htdocs\myShop\Application\Runtime\Cache\Home\f4ac2ef82fac0227e16533300d993be2.php 第 141 行.
NOTIC: [8] Undefined variable: fa D:\xampp\htdocs\myShop\Application\Runtime\Cache\Home\f4ac2ef82fac0227e16533300d993be2.php 第 141 行.
NOTIC: [8] Use of undefined constant fid - assumed 'fid' D:\xampp\htdocs\myShop\Application\Runtime\Cache\Home\f4ac2ef82fac0227e16533300d993be2.php 第 141 行.
NOTIC: [8] Array to string conversion D:\xampp\htdocs\myShop\Application\Runtime\Cache\Home\f4ac2ef82fac0227e16533300d993be2.php 第 141 行.
NOTIC: [8] Undefined variable: fa D:\xampp\htdocs\myShop\Application\Runtime\Cache\Home\f4ac2ef82fac0227e16533300d993be2.php 第 141 行.
NOTIC: [8] Use of undefined constant fid - assumed 'fid' D:\xampp\htdocs\myShop\Application\Runtime\Cache\Home\f4ac2ef82fac0227e16533300d993be2.php 第 141 行.
NOTIC: [8] Array to string conversion D:\xampp\htdocs\myShop\Application\Runtime\Cache\Home\f4ac2ef82fac0227e16533300d993be2.php 第 141 行.
NOTIC: [8] Undefined variable: fa D:\xampp\htdocs\myShop\Application\Runtime\Cache\Home\f4ac2ef82fac0227e16533300d993be2.php 第 141 行.
NOTIC: [8] Use of undefined constant fid - assumed 'fid' D:\xampp\htdocs\myShop\Application\Runtime\Cache\Home\f4ac2ef82fac0227e16533300d993be2.php 第 141 行.
NOTIC: [8] Array to string conversion D:\xampp\htdocs\myShop\Application\Runtime\Cache\Home\f4ac2ef82fac0227e16533300d993be2.php 第 141 行.
NOTIC: [8] Undefined variable: fa D:\xampp\htdocs\myShop\Application\Runtime\Cache\Home\f4ac2ef82fac0227e16533300d993be2.php 第 141 行.
NOTIC: [8] Use of undefined constant fid - assumed 'fid' D:\xampp\htdocs\myShop\Application\Runtime\Cache\Home\f4ac2ef82fac0227e16533300d993be2.php 第 141 行.
NOTIC: [8] Array to string conversion D:\xampp\htdocs\myShop\Application\Runtime\Cache\Home\f4ac2ef82fac0227e16533300d993be2.php 第 141 行.
NOTIC: [8] Undefined variable: fa D:\xampp\htdocs\myShop\Application\Runtime\Cache\Home\f4ac2ef82fac0227e16533300d993be2.php 第 141 行.
NOTIC: [8] Use of undefined constant fid - assumed 'fid' D:\xampp\htdocs\myShop\Application\Runtime\Cache\Home\f4ac2ef82fac0227e16533300d993be2.php 第 141 行.
NOTIC: [8] Array to string conversion D:\xampp\htdocs\myShop\Application\Runtime\Cache\Home\f4ac2ef82fac0227e16533300d993be2.php 第 141 行.
NOTIC: [8] Undefined variable: fa D:\xampp\htdocs\myShop\Application\Runtime\Cache\Home\f4ac2ef82fac0227e16533300d993be2.php 第 141 行.
NOTIC: [8] Use of undefined constant fid - assumed 'fid' D:\xampp\htdocs\myShop\Application\Runtime\Cache\Home\f4ac2ef82fac0227e16533300d993be2.php 第 141 行.
NOTIC: [8] Array to string conversion D:\xampp\htdocs\myShop\Application\Runtime\Cache\Home\f4ac2ef82fac0227e16533300d993be2.php 第 141 行.
NOTIC: [8] Undefined variable: fa D:\xampp\htdocs\myShop\Application\Runtime\Cache\Home\f4ac2ef82fac0227e16533300d993be2.php 第 141 行.
NOTIC: [8] Use of undefined constant fid - assumed 'fid' D:\xampp\htdocs\myShop\Application\Runtime\Cache\Home\f4ac2ef82fac0227e16533300d993be2.php 第 141 行.
NOTIC: [8] Array to string conversion D:\xampp\htdocs\myShop\Application\Runtime\Cache\Home\f4ac2ef82fac0227e16533300d993be2.php 第 141 行.
NOTIC: [8] Undefined variable: fa D:\xampp\htdocs\myShop\Application\Runtime\Cache\Home\f4ac2ef82fac0227e16533300d993be2.php 第 141 行.
NOTIC: [8] Use of undefined constant fid - assumed 'fid' D:\xampp\htdocs\myShop\Application\Runtime\Cache\Home\f4ac2ef82fac0227e16533300d993be2.php 第 141 行.
NOTIC: [8] Array to string conversion D:\xampp\htdocs\myShop\Application\Runtime\Cache\Home\f4ac2ef82fac0227e16533300d993be2.php 第 141 行.
NOTIC: [8] Undefined variable: fa D:\xampp\htdocs\myShop\Application\Runtime\Cache\Home\f4ac2ef82fac0227e16533300d993be2.php 第 141 行.
NOTIC: [8] Use of undefined constant fid - assumed 'fid' D:\xampp\htdocs\myShop\Application\Runtime\Cache\Home\f4ac2ef82fac0227e16533300d993be2.php 第 141 行.
NOTIC: [8] Array to string conversion D:\xampp\htdocs\myShop\Application\Runtime\Cache\Home\f4ac2ef82fac0227e16533300d993be2.php 第 141 行.
NOTIC: [8] Undefined variable: fa D:\xampp\htdocs\myShop\Application\Runtime\Cache\Home\f4ac2ef82fac0227e16533300d993be2.php 第 141 行.
NOTIC: [8] Use of undefined constant fid - assumed 'fid' D:\xampp\htdocs\myShop\Application\Runtime\Cache\Home\f4ac2ef82fac0227e16533300d993be2.php 第 141 行.
NOTIC: [8] Array to string conversion D:\xampp\htdocs\myShop\Application\Runtime\Cache\Home\f4ac2ef82fac0227e16533300d993be2.php 第 141 行.
NOTIC: [8] Undefined variable: fa D:\xampp\htdocs\myShop\Application\Runtime\Cache\Home\f4ac2ef82fac0227e16533300d993be2.php 第 141 行.
NOTIC: [8] Use of undefined constant fid - assumed 'fid' D:\xampp\htdocs\myShop\Application\Runtime\Cache\Home\f4ac2ef82fac0227e16533300d993be2.php 第 141 行.
NOTIC: [8] Array to string conversion D:\xampp\htdocs\myShop\Application\Runtime\Cache\Home\f4ac2ef82fac0227e16533300d993be2.php 第 141 行.
NOTIC: [8] Undefined variable: fa D:\xampp\htdocs\myShop\Application\Runtime\Cache\Home\f4ac2ef82fac0227e16533300d993be2.php 第 141 行.
NOTIC: [8] Use of undefined constant fid - assumed 'fid' D:\xampp\htdocs\myShop\Application\Runtime\Cache\Home\f4ac2ef82fac0227e16533300d993be2.php 第 141 行.
NOTIC: [8] Array to string conversion D:\xampp\htdocs\myShop\Application\Runtime\Cache\Home\f4ac2ef82fac0227e16533300d993be2.php 第 141 行.
NOTIC: [8] Undefined variable: fa D:\xampp\htdocs\myShop\Application\Runtime\Cache\Home\f4ac2ef82fac0227e16533300d993be2.php 第 141 行.
NOTIC: [8] Use of undefined constant fid - assumed 'fid' D:\xampp\htdocs\myShop\Application\Runtime\Cache\Home\f4ac2ef82fac0227e16533300d993be2.php 第 141 行.
NOTIC: [8] Array to string conversion D:\xampp\htdocs\myShop\Application\Runtime\Cache\Home\f4ac2ef82fac0227e16533300d993be2.php 第 141 行.
NOTIC: [8] Undefined variable: fa D:\xampp\htdocs\myShop\Application\Runtime\Cache\Home\f4ac2ef82fac0227e16533300d993be2.php 第 141 行.
NOTIC: [8] Use of undefined constant fid - assumed 'fid' D:\xampp\htdocs\myShop\Application\Runtime\Cache\Home\f4ac2ef82fac0227e16533300d993be2.php 第 141 行.
NOTIC: [8] Array to string conversion D:\xampp\htdocs\myShop\Application\Runtime\Cache\Home\f4ac2ef82fac0227e16533300d993be2.php 第 141 行.
NOTIC: [8] Undefined variable: fa D:\xampp\htdocs\myShop\Application\Runtime\Cache\Home\f4ac2ef82fac0227e16533300d993be2.php 第 141 行.
NOTIC: [8] Undefined variable: key_model D:\xampp\htdocs\myShop\Application\Runtime\Cache\Home\f4ac2ef82fac0227e16533300d993be2.php 第 152 行.
NOTIC: [8] Undefined variable: key_name D:\xampp\htdocs\myShop\Application\Runtime\Cache\Home\f4ac2ef82fac0227e16533300d993be2.php 第 153 行.
NOTIC: [8] Undefined variable: union D:\xampp\htdocs\myShop\Application\Runtime\Cache\Home\f4ac2ef82fac0227e16533300d993be2.php 第 154 行.
NOTIC: [8] Undefined variable: union D:\xampp\htdocs\myShop\Application\Runtime\Cache\Home\f4ac2ef82fac0227e16533300d993be2.php 第 155 行.
NOTIC: [8] Undefined variable: key D:\xampp\htdocs\myShop\Application\Runtime\Cache\Home\f4ac2ef82fac0227e16533300d993be2.php 第 162 行.
NOTIC: [8] Undefined variable: value D:\xampp\htdocs\myShop\Application\Runtime\Cache\Home\f4ac2ef82fac0227e16533300d993be2.php 第 162 行.
NOTIC: [8] Undefined variable: type D:\xampp\htdocs\myShop\Application\Runtime\Cache\Home\f4ac2ef82fac0227e16533300d993be2.php 第 166 行.
NOTIC: [8] Undefined variable: process D:\xampp\htdocs\myShop\Application\Runtime\Cache\Home\f4ac2ef82fac0227e16533300d993be2.php 第 167 行.
NOTIC: [8] Undefined variable: ct D:\xampp\htdocs\myShop\Application\Runtime\Cache\Home\f4ac2ef82fac0227e16533300d993be2.php 第 168 行.
NOTIC: [8] Undefined variable: fa D:\xampp\htdocs\myShop\Application\Runtime\Cache\Home\f4ac2ef82fac0227e16533300d993be2.php 第 169 行.
NOTIC: [8] Undefined index: area D:\xampp\htdocs\myShop\Application\Runtime\Cache\Home\f4ac2ef82fac0227e16533300d993be2.php 第 200 行.
NOTIC: [8] Undefined index: area D:\xampp\htdocs\myShop\Application\Runtime\Cache\Home\f4ac2ef82fac0227e16533300d993be2.php 第 200 行.
NOTIC: [8] Undefined index: area D:\xampp\htdocs\myShop\Application\Runtime\Cache\Home\f4ac2ef82fac0227e16533300d993be2.php 第 200 行.
NOTIC: [8] Undefined index: area D:\xampp\htdocs\myShop\Application\Runtime\Cache\Home\f4ac2ef82fac0227e16533300d993be2.php 第 200 行.
NOTIC: [8] Undefined index: area D:\xampp\htdocs\myShop\Application\Runtime\Cache\Home\f4ac2ef82fac0227e16533300d993be2.php 第 200 行.
NOTIC: [8] Undefined index:  D:\xampp\htdocs\myShop\Application\Common\Common\function.php 第 37 行.
NOTIC: [8] Undefined index:  D:\xampp\htdocs\myShop\Application\Common\Common\function.php 第 47 行.
NOTIC: [8] Undefined index: area D:\xampp\htdocs\myShop\Application\Runtime\Cache\Home\f4ac2ef82fac0227e16533300d993be2.php 第 200 行.
NOTIC: [8] Undefined index:  D:\xampp\htdocs\myShop\Application\Common\Common\function.php 第 37 行.
NOTIC: [8] Undefined index:  D:\xampp\htdocs\myShop\Application\Common\Common\function.php 第 47 行.
NOTIC: [8] Undefined index: area D:\xampp\htdocs\myShop\Application\Runtime\Cache\Home\f4ac2ef82fac0227e16533300d993be2.php 第 200 行.
NOTIC: [8] Undefined index:  D:\xampp\htdocs\myShop\Application\Common\Common\function.php 第 37 行.
NOTIC: [8] Undefined index:  D:\xampp\htdocs\myShop\Application\Common\Common\function.php 第 47 行.
NOTIC: [8] Undefined index: area D:\xampp\htdocs\myShop\Application\Runtime\Cache\Home\f4ac2ef82fac0227e16533300d993be2.php 第 200 行.
NOTIC: [8] Undefined index:  D:\xampp\htdocs\myShop\Application\Common\Common\function.php 第 37 行.
NOTIC: [8] Undefined index:  D:\xampp\htdocs\myShop\Application\Common\Common\function.php 第 47 行.
NOTIC: [8] Undefined index: area D:\xampp\htdocs\myShop\Application\Runtime\Cache\Home\f4ac2ef82fac0227e16533300d993be2.php 第 200 行.
NOTIC: [8] Undefined index:  D:\xampp\htdocs\myShop\Application\Common\Common\function.php 第 37 行.
NOTIC: [8] Undefined index:  D:\xampp\htdocs\myShop\Application\Common\Common\function.php 第 47 行.
NOTIC: [8] Undefined index: area D:\xampp\htdocs\myShop\Application\Runtime\Cache\Home\f4ac2ef82fac0227e16533300d993be2.php 第 200 行.
NOTIC: [8] Undefined index: cate_name D:\xampp\htdocs\myShop\Application\Runtime\Cache\Home\f4ac2ef82fac0227e16533300d993be2.php 第 289 行.
NOTIC: [8] Undefined variable: v D:\xampp\htdocs\myShop\Application\Runtime\Cache\Home\f4ac2ef82fac0227e16533300d993be2.php 第 291 行.
NOTIC: [8] Undefined variable: v D:\xampp\htdocs\myShop\Application\Runtime\Cache\Home\f4ac2ef82fac0227e16533300d993be2.php 第 291 行.
NOTIC: [8] Undefined index: url D:\xampp\htdocs\myShop\Application\Runtime\Cache\Home\f4ac2ef82fac0227e16533300d993be2.php 第 323 行.
NOTIC: [8] Undefined index: img D:\xampp\htdocs\myShop\Application\Runtime\Cache\Home\f4ac2ef82fac0227e16533300d993be2.php 第 324 行.
INFO: Run Behavior\ParseTemplateBehavior [ RunTime:0.033002s ]
INFO: [ view_parse ] --END-- [ RunTime:0.033002s ]
INFO: [ view_filter ] --START--
INFO: Run Behavior\WriteHtmlCacheBehavior [ RunTime:0.001000s ]
INFO: [ view_filter ] --END-- [ RunTime:0.001000s ]
INFO: [ app_end ] --START--
INFO: Run Behavior\ShowPageTraceBehavior [ RunTime:0.001000s ]
INFO: [ app_end ] --END-- [ RunTime:0.001000s ]

[ 2017-03-03T18:27:07+08:00 ] 127.0.0.1 /Public/Uploads/16/07/27/57985d52d7a9a.jpg
INFO: [ app_init ] --START--
INFO: Run Behavior\BuildLiteBehavior [ RunTime:0.000000s ]
INFO: [ app_init ] --END-- [ RunTime:0.000000s ]

[ 2017-03-03T18:27:07+08:00 ] 127.0.0.1 /Public/Uploads/16/07/22/5791cf36a122e.jpg
INFO: [ app_init ] --START--
INFO: Run Behavior\BuildLiteBehavior [ RunTime:0.000000s ]
INFO: [ app_init ] --END-- [ RunTime:0.000000s ]

[ 2017-03-03T18:27:07+08:00 ] 127.0.0.1 /Public/Uploads/16/06/21/5768d3c0629bf.png
INFO: [ app_init ] --START--
INFO: Run Behavior\BuildLiteBehavior [ RunTime:0.000000s ]
INFO: [ app_init ] --END-- [ RunTime:0.000000s ]

[ 2017-03-03T18:27:13+08:00 ] 127.0.0.1 /resource
INFO: [ app_init ] --START--
INFO: Run Behavior\BuildLiteBehavior [ RunTime:0.000000s ]
INFO: [ app_init ] --END-- [ RunTime:0.000000s ]
INFO: [ app_begin ] --START--
INFO: Run Behavior\ReadHtmlCacheBehavior [ RunTime:0.002000s ]
INFO: Run Behavior\CheckLangBehavior [ RunTime:0.002000s ]
INFO: [ app_begin ] --END-- [ RunTime:0.004000s ]
NOTIC: [2048] Declaration of Home\Controller\HomeBaseController::error() should be compatible with Think\Controller::error($message = '', $jumpUrl = '', $ajax = false) D:\xampp\htdocs\myShop\Application\Home\Controller\HomeBaseController.class.php 第 41 行.
NOTIC: [2048] Declaration of Home\Controller\HomeBaseController::success() should be compatible with Think\Controller::success($message = '', $jumpUrl = '', $ajax = false) D:\xampp\htdocs\myShop\Application\Home\Controller\HomeBaseController.class.php 第 41 行.
SQL: SHOW COLUMNS FROM `p2p_resourcelib` [ RunTime:0.0320s ]
SQL: SHOW COLUMNS FROM `p2p_customer_contact` [ RunTime:0.0330s ]
SQL: SHOW COLUMNS FROM `p2p_setting` [ RunTime:0.0310s ]
SQL: SELECT * FROM `p2p_setting`  [ RunTime:0.0310s ]
INFO: [ view_parse ] --START--
INFO: [ template_filter ] --START--
INFO: Run Behavior\ContentReplaceBehavior [ RunTime:0.000000s ]
INFO: [ template_filter ] --END-- [ RunTime:0.000000s ]
NOTIC: [8] Undefined variable: seo D:\xampp\htdocs\myShop\Application\Runtime\Cache\Home\1f500f88dc3c7a30fce9587ab1010eea.php 第 4 行.
NOTIC: [8] Undefined variable: seo D:\xampp\htdocs\myShop\Application\Runtime\Cache\Home\1f500f88dc3c7a30fce9587ab1010eea.php 第 6 行.
NOTIC: [8] Undefined variable: seo D:\xampp\htdocs\myShop\Application\Runtime\Cache\Home\1f500f88dc3c7a30fce9587ab1010eea.php 第 8 行.
NOTIC: [8] Undefined variable: seo D:\xampp\htdocs\myShop\Application\Runtime\Cache\Home\1f500f88dc3c7a30fce9587ab1010eea.php 第 8 行.
NOTIC: [8] Undefined variable: seo D:\xampp\htdocs\myShop\Application\Runtime\Cache\Home\1f500f88dc3c7a30fce9587ab1010eea.php 第 10 行.
NOTIC: [8] Undefined variable: seo D:\xampp\htdocs\myShop\Application\Runtime\Cache\Home\1f500f88dc3c7a30fce9587ab1010eea.php 第 15 行.
NOTIC: [8] Undefined variable: seo D:\xampp\htdocs\myShop\Application\Runtime\Cache\Home\1f500f88dc3c7a30fce9587ab1010eea.php 第 16 行.
NOTIC: [8] Undefined variable: auth_info D:\xampp\htdocs\myShop\Application\Runtime\Cache\Home\1f500f88dc3c7a30fce9587ab1010eea.php 第 52 行.
NOTIC: [8] Undefined variable: smarty D:\xampp\htdocs\myShop\Application\Runtime\Cache\Home\1f500f88dc3c7a30fce9587ab1010eea.php 第 55 行.
NOTIC: [8] Undefined variable: countall D:\xampp\htdocs\myShop\Application\Runtime\Cache\Home\1f500f88dc3c7a30fce9587ab1010eea.php 第 139 行.
NOTIC: [8] Undefined variable: count2 D:\xampp\htdocs\myShop\Application\Runtime\Cache\Home\1f500f88dc3c7a30fce9587ab1010eea.php 第 142 行.
NOTIC: [8] Undefined variable: count1 D:\xampp\htdocs\myShop\Application\Runtime\Cache\Home\1f500f88dc3c7a30fce9587ab1010eea.php 第 145 行.
NOTIC: [8] Undefined variable: smarty D:\xampp\htdocs\myShop\Application\Runtime\Cache\Home\1f500f88dc3c7a30fce9587ab1010eea.php 第 150 行.
NOTIC: [8] Undefined variable: countall D:\xampp\htdocs\myShop\Application\Runtime\Cache\Home\1f500f88dc3c7a30fce9587ab1010eea.php 第 151 行.
NOTIC: [8] Undefined variable: v D:\xampp\htdocs\myShop\Application\Runtime\Cache\Home\1f500f88dc3c7a30fce9587ab1010eea.php 第 164 行.
NOTIC: [8] Undefined variable: v D:\xampp\htdocs\myShop\Application\Runtime\Cache\Home\1f500f88dc3c7a30fce9587ab1010eea.php 第 169 行.
NOTIC: [8] Undefined variable: v D:\xampp\htdocs\myShop\Application\Runtime\Cache\Home\1f500f88dc3c7a30fce9587ab1010eea.php 第 169 行.
NOTIC: [8] Undefined variable: v D:\xampp\htdocs\myShop\Application\Runtime\Cache\Home\1f500f88dc3c7a30fce9587ab1010eea.php 第 171 行.
NOTIC: [8] Undefined variable: v D:\xampp\htdocs\myShop\Application\Runtime\Cache\Home\1f500f88dc3c7a30fce9587ab1010eea.php 第 171 行.
NOTIC: [8] Undefined variable: v D:\xampp\htdocs\myShop\Application\Runtime\Cache\Home\1f500f88dc3c7a30fce9587ab1010eea.php 第 173 行.
NOTIC: [8] Undefined variable: v D:\xampp\htdocs\myShop\Application\Runtime\Cache\Home\1f500f88dc3c7a30fce9587ab1010eea.php 第 174 行.
NOTIC: [8] Undefined variable: v D:\xampp\htdocs\myShop\Application\Runtime\Cache\Home\1f500f88dc3c7a30fce9587ab1010eea.php 第 176 行.
NOTIC: [8] Undefined variable: pages D:\xampp\htdocs\myShop\Application\Runtime\Cache\Home\1f500f88dc3c7a30fce9587ab1010eea.php 第 185 行.
NOTIC: [8] Undefined variable: userInfo D:\xampp\htdocs\myShop\Application\Runtime\Cache\Home\1f500f88dc3c7a30fce9587ab1010eea.php 第 196 行.
NOTIC: [8] Undefined variable: points D:\xampp\htdocs\myShop\Application\Runtime\Cache\Home\1f500f88dc3c7a30fce9587ab1010eea.php 第 225 行.
NOTIC: [8] Undefined variable: points D:\xampp\htdocs\myShop\Application\Runtime\Cache\Home\1f500f88dc3c7a30fce9587ab1010eea.php 第 237 行.
NOTIC: [8] Undefined variable: points D:\xampp\htdocs\myShop\Application\Runtime\Cache\Home\1f500f88dc3c7a30fce9587ab1010eea.php 第 249 行.
NOTIC: [8] Undefined variable: value D:\xampp\htdocs\myShop\Application\Runtime\Cache\Home\1f500f88dc3c7a30fce9587ab1010eea.php 第 283 行.
NOTIC: [8] Undefined variable: value D:\xampp\htdocs\myShop\Application\Runtime\Cache\Home\1f500f88dc3c7a30fce9587ab1010eea.php 第 283 行.
NOTIC: [8] Undefined variable: value D:\xampp\htdocs\myShop\Application\Runtime\Cache\Home\1f500f88dc3c7a30fce9587ab1010eea.php 第 283 行.
NOTIC: [8] Undefined variable: value D:\xampp\htdocs\myShop\Application\Runtime\Cache\Home\1f500f88dc3c7a30fce9587ab1010eea.php 第 284 行.
NOTIC: [8] Undefined variable: value D:\xampp\htdocs\myShop\Application\Runtime\Cache\Home\1f500f88dc3c7a30fce9587ab1010eea.php 第 284 行.
NOTIC: [8] Undefined variable: value D:\xampp\htdocs\myShop\Application\Runtime\Cache\Home\1f500f88dc3c7a30fce9587ab1010eea.php 第 289 行.
NOTIC: [8] Undefined variable: value D:\xampp\htdocs\myShop\Application\Runtime\Cache\Home\1f500f88dc3c7a30fce9587ab1010eea.php 第 290 行.
NOTIC: [8] Undefined variable: value D:\xampp\htdocs\myShop\Application\Runtime\Cache\Home\1f500f88dc3c7a30fce9587ab1010eea.php 第 416 行.
NOTIC: [8] Undefined variable: v D:\xampp\htdocs\myShop\Application\Runtime\Cache\Home\1f500f88dc3c7a30fce9587ab1010eea.php 第 418 行.
NOTIC: [8] Undefined variable: v D:\xampp\htdocs\myShop\Application\Runtime\Cache\Home\1f500f88dc3c7a30fce9587ab1010eea.php 第 418 行.
NOTIC: [8] Undefined variable: value D:\xampp\htdocs\myShop\Application\Runtime\Cache\Home\1f500f88dc3c7a30fce9587ab1010eea.php 第 450 行.
NOTIC: [8] Undefined variable: value D:\xampp\htdocs\myShop\Application\Runtime\Cache\Home\1f500f88dc3c7a30fce9587ab1010eea.php 第 451 行.
INFO: Run Behavior\ParseTemplateBehavior [ RunTime:0.013000s ]
INFO: [ view_parse ] --END-- [ RunTime:0.013000s ]
INFO: [ view_filter ] --START--
INFO: Run Behavior\WriteHtmlCacheBehavior [ RunTime:0.001000s ]
INFO: [ view_filter ] --END-- [ RunTime:0.001000s ]
INFO: [ app_end ] --START--
INFO: Run Behavior\ShowPageTraceBehavior [ RunTime:0.001000s ]
INFO: [ app_end ] --END-- [ RunTime:0.001000s ]

[ 2017-03-03T18:27:13+08:00 ] 127.0.0.1 /Public/Uploads/16/06/21/5768d3c0629bf.png
INFO: [ app_init ] --START--
INFO: Run Behavior\BuildLiteBehavior [ RunTime:0.000000s ]
INFO: [ app_init ] --END-- [ RunTime:0.000000s ]

[ 2017-03-03T18:27:13+08:00 ] 127.0.0.1 /Public/Uploads/16/07/22/5791cf36a122e.jpg
INFO: [ app_init ] --START--
INFO: Run Behavior\BuildLiteBehavior [ RunTime:0.000000s ]
INFO: [ app_init ] --END-- [ RunTime:0.000000s ]

[ 2017-03-03T18:27:13+08:00 ] 127.0.0.1 /Public/Uploads/16/07/27/57985d52d7a9a.jpg
INFO: [ app_init ] --START--
INFO: Run Behavior\BuildLiteBehavior [ RunTime:0.000000s ]
INFO: [ app_init ] --END-- [ RunTime:0.001000s ]

[ 2017-03-03T18:34:03+08:00 ] 127.0.0.1 /Home/Resource/init
INFO: [ app_init ] --START--
INFO: Run Behavior\BuildLiteBehavior [ RunTime:0.000000s ]
INFO: [ app_init ] --END-- [ RunTime:0.000000s ]
INFO: [ app_begin ] --START--
INFO: Run Behavior\ReadHtmlCacheBehavior [ RunTime:0.001000s ]
INFO: Run Behavior\CheckLangBehavior [ RunTime:0.002000s ]
INFO: [ app_begin ] --END-- [ RunTime:0.003000s ]
NOTIC: [2048] Declaration of Home\Controller\HomeBaseController::error() should be compatible with Think\Controller::error($message = '', $jumpUrl = '', $ajax = false) D:\xampp\htdocs\myShop\Application\Home\Controller\HomeBaseController.class.php 第 41 行.
NOTIC: [2048] Declaration of Home\Controller\HomeBaseController::success() should be compatible with Think\Controller::success($message = '', $jumpUrl = '', $ajax = false) D:\xampp\htdocs\myShop\Application\Home\Controller\HomeBaseController.class.php 第 41 行.
SQL: SHOW COLUMNS FROM `p2p_resourcelib` [ RunTime:0.0310s ]
SQL: SHOW COLUMNS FROM `p2p_customer_contact` [ RunTime:0.0320s ]
SQL: SHOW COLUMNS FROM `p2p_setting` [ RunTime:0.0300s ]
SQL: SELECT * FROM `p2p_setting`  [ RunTime:0.0300s ]
SQL: SHOW COLUMNS FROM `p2p_customer_contact` [ RunTime:0.0310s ]
SQL: SELECT con.user_id,con.name,con.mobile,cus.c_name,ad.name as adname,ad.mobile as admobile,info.points FROM p2p_customer_contact con left JOIN p2p_customer cus on cus.c_id = con.c_id left JOIN p2p_admin ad on ad.admin_id = cus.customer_manager INNER JOIN p2p_contact_info info on info.user_id = con.user_id  WHERE ( con.user_id = 9270 ) LIMIT 1   [ RunTime:0.0330s ]
SQL: SHOW COLUMNS FROM `p2p_points_bill` [ RunTime:0.0340s ]
SQL: SELECT * FROM `p2p_points_bill` WHERE ( uid=9270 and type=1 and addtime>1488470400 ) LIMIT 1   [ RunTime:0.0310s ]
SQL: SELECT * FROM `p2p_points_bill` WHERE ( uid=9270 and type=9 and addtime>1488470400 ) LIMIT 1   [ RunTime:0.0300s ]
SQL: SELECT * FROM `p2p_points_bill` WHERE ( uid=9270 and type=10 and addtime>1488470400 ) LIMIT 1   [ RunTime:0.0320s ]
SQL: SELECT count(*) as count FROM `p2p_resourcelib` WHERE `type` = 1 LIMIT 1   [ RunTime:0.0300s ]
SQL: SELECT count(*) as count FROM `p2p_resourcelib` WHERE `type` = 0 LIMIT 1   [ RunTime:0.0300s ]
SQL: SELECT COUNT(*) AS tp_count FROM `p2p_resourcelib` WHERE (  type in (0,1)  ) LIMIT 1   [ RunTime:0.0290s ]
SQL: SELECT * FROM `p2p_resourcelib` WHERE (  type in (0,1)  ) ORDER BY input_time desc LIMIT 0,10   [ RunTime:0.0310s ]
SQL: SHOW COLUMNS FROM `p2p_purchase` [ RunTime:0.0470s ]
SQL: SHOW COLUMNS FROM `p2p_concerned_product` [ RunTime:0.0300s ]
SQL: SELECT `product_id` FROM `p2p_concerned_product` WHERE ( user_id = 9270 ) ORDER BY input_time desc LIMIT 1   [ RunTime:0.0300s ]
SQL: SELECT pur.*,pro.model,pro.f_id as prof_id,pro.product_type,pro.process_type,pro.status as pro_status,pro.remark as pro_remark,fa.f_name FROM p2p_purchase pur INNER JOIN p2p_product pro on pro.id = pur.p_id left JOIN p2p_factory fa on fa.fid = pro.f_id  WHERE ( pur.id = 42 ) LIMIT 1   [ RunTime:0.0320s ]
SQL: SHOW COLUMNS FROM `p2p_lib_region` [ RunTime:0.0300s ]
SQL: SELECT `name` FROM `p2p_lib_region` WHERE ( id=2 ) LIMIT 1   [ RunTime:0.0300s ]
INFO: [ view_parse ] --START--
INFO: [ template_filter ] --START--
INFO: Run Behavior\ContentReplaceBehavior [ RunTime:0.000000s ]
INFO: [ template_filter ] --END-- [ RunTime:0.000000s ]
NOTIC: [8] Undefined index: cate_name D:\xampp\htdocs\myShop\Application\Runtime\Cache\Home\1f500f88dc3c7a30fce9587ab1010eea.php 第 4 行.
NOTIC: [8] Undefined index: cate_name D:\xampp\htdocs\myShop\Application\Runtime\Cache\Home\1f500f88dc3c7a30fce9587ab1010eea.php 第 8 行.
NOTIC: [8] Undefined variable: auth_info D:\xampp\htdocs\myShop\Application\Runtime\Cache\Home\1f500f88dc3c7a30fce9587ab1010eea.php 第 53 行.
NOTIC: [8] Undefined variable: smarty D:\xampp\htdocs\myShop\Application\Runtime\Cache\Home\1f500f88dc3c7a30fce9587ab1010eea.php 第 56 行.
NOTIC: [8] Undefined variable: countall D:\xampp\htdocs\myShop\Application\Runtime\Cache\Home\1f500f88dc3c7a30fce9587ab1010eea.php 第 140 行.
NOTIC: [8] Undefined variable: smarty D:\xampp\htdocs\myShop\Application\Runtime\Cache\Home\1f500f88dc3c7a30fce9587ab1010eea.php 第 151 行.
NOTIC: [8] Undefined variable: countall D:\xampp\htdocs\myShop\Application\Runtime\Cache\Home\1f500f88dc3c7a30fce9587ab1010eea.php 第 152 行.
NOTIC: [8] Undefined variable: v D:\xampp\htdocs\myShop\Application\Runtime\Cache\Home\1f500f88dc3c7a30fce9587ab1010eea.php 第 165 行.
NOTIC: [8] Undefined variable: v D:\xampp\htdocs\myShop\Application\Runtime\Cache\Home\1f500f88dc3c7a30fce9587ab1010eea.php 第 170 行.
NOTIC: [8] Undefined variable: v D:\xampp\htdocs\myShop\Application\Runtime\Cache\Home\1f500f88dc3c7a30fce9587ab1010eea.php 第 170 行.
NOTIC: [8] Undefined variable: v D:\xampp\htdocs\myShop\Application\Runtime\Cache\Home\1f500f88dc3c7a30fce9587ab1010eea.php 第 172 行.
NOTIC: [8] Undefined variable: v D:\xampp\htdocs\myShop\Application\Runtime\Cache\Home\1f500f88dc3c7a30fce9587ab1010eea.php 第 172 行.
NOTIC: [8] Undefined variable: v D:\xampp\htdocs\myShop\Application\Runtime\Cache\Home\1f500f88dc3c7a30fce9587ab1010eea.php 第 174 行.
NOTIC: [8] Undefined variable: v D:\xampp\htdocs\myShop\Application\Runtime\Cache\Home\1f500f88dc3c7a30fce9587ab1010eea.php 第 175 行.
NOTIC: [8] Undefined variable: v D:\xampp\htdocs\myShop\Application\Runtime\Cache\Home\1f500f88dc3c7a30fce9587ab1010eea.php 第 177 行.
NOTIC: [8] Undefined variable: userInfo D:\xampp\htdocs\myShop\Application\Runtime\Cache\Home\1f500f88dc3c7a30fce9587ab1010eea.php 第 197 行.
NOTIC: [8] Undefined variable: value D:\xampp\htdocs\myShop\Application\Runtime\Cache\Home\1f500f88dc3c7a30fce9587ab1010eea.php 第 284 行.
NOTIC: [8] Undefined variable: value D:\xampp\htdocs\myShop\Application\Runtime\Cache\Home\1f500f88dc3c7a30fce9587ab1010eea.php 第 284 行.
NOTIC: [8] Undefined variable: value D:\xampp\htdocs\myShop\Application\Runtime\Cache\Home\1f500f88dc3c7a30fce9587ab1010eea.php 第 284 行.
NOTIC: [8] Undefined variable: value D:\xampp\htdocs\myShop\Application\Runtime\Cache\Home\1f500f88dc3c7a30fce9587ab1010eea.php 第 285 行.
NOTIC: [8] Undefined variable: value D:\xampp\htdocs\myShop\Application\Runtime\Cache\Home\1f500f88dc3c7a30fce9587ab1010eea.php 第 285 行.
NOTIC: [8] Undefined variable: value D:\xampp\htdocs\myShop\Application\Runtime\Cache\Home\1f500f88dc3c7a30fce9587ab1010eea.php 第 290 行.
NOTIC: [8] Undefined variable: value D:\xampp\htdocs\myShop\Application\Runtime\Cache\Home\1f500f88dc3c7a30fce9587ab1010eea.php 第 291 行.
NOTIC: [8] Undefined variable: value D:\xampp\htdocs\myShop\Application\Runtime\Cache\Home\1f500f88dc3c7a30fce9587ab1010eea.php 第 417 行.
NOTIC: [8] Undefined variable: v D:\xampp\htdocs\myShop\Application\Runtime\Cache\Home\1f500f88dc3c7a30fce9587ab1010eea.php 第 419 行.
NOTIC: [8] Undefined variable: v D:\xampp\htdocs\myShop\Application\Runtime\Cache\Home\1f500f88dc3c7a30fce9587ab1010eea.php 第 419 行.
NOTIC: [8] Undefined variable: value D:\xampp\htdocs\myShop\Application\Runtime\Cache\Home\1f500f88dc3c7a30fce9587ab1010eea.php 第 451 行.
NOTIC: [8] Undefined variable: value D:\xampp\htdocs\myShop\Application\Runtime\Cache\Home\1f500f88dc3c7a30fce9587ab1010eea.php 第 452 行.
INFO: Run Behavior\ParseTemplateBehavior [ RunTime:0.033002s ]
INFO: [ view_parse ] --END-- [ RunTime:0.033002s ]
INFO: [ view_filter ] --START--
INFO: Run Behavior\WriteHtmlCacheBehavior [ RunTime:0.002000s ]
INFO: [ view_filter ] --END-- [ RunTime:0.002000s ]
INFO: [ app_end ] --START--
INFO: Run Behavior\ShowPageTraceBehavior [ RunTime:0.001000s ]
INFO: [ app_end ] --END-- [ RunTime:0.001000s ]

[ 2017-03-03T18:34:03+08:00 ] 127.0.0.1 /Public/Uploads/16/06/21/5768d3c0629bf.png
INFO: [ app_init ] --START--
INFO: Run Behavior\BuildLiteBehavior [ RunTime:0.000000s ]
INFO: [ app_init ] --END-- [ RunTime:0.000000s ]

[ 2017-03-03T18:34:03+08:00 ] 127.0.0.1 /Public/Uploads/16/07/22/5791cf36a122e.jpg
INFO: [ app_init ] --START--
INFO: Run Behavior\BuildLiteBehavior [ RunTime:0.000000s ]
INFO: [ app_init ] --END-- [ RunTime:0.000000s ]

[ 2017-03-03T18:34:03+08:00 ] 127.0.0.1 /Public/Uploads/16/07/27/57985d52d7a9a.jpg
INFO: [ app_init ] --START--
INFO: Run Behavior\BuildLiteBehavior [ RunTime:0.000000s ]
INFO: [ app_init ] --END-- [ RunTime:0.001000s ]

