[ 2016-12-21T10:23:56+08:00 ] 127.0.0.1 /favicon.ico
INFO: [ app_init ] --START--
INFO: Run Behavior\BuildLiteBehavior [ RunTime:0.000000s ]
INFO: [ app_init ] --END-- [ RunTime:0.000000s ]
ERR: 无法加载模块:Favicon

[ 2016-12-21T10:37:06+08:00 ] 127.0.0.1 /favicon.ico
INFO: [ app_init ] --START--
INFO: Run Behavior\BuildLiteBehavior [ RunTime:0.000000s ]
INFO: [ app_init ] --END-- [ RunTime:0.000000s ]
ERR: 无法加载模块:Favicon

[ 2016-12-21T14:26:06+08:00 ] 127.0.0.1 /favicon.ico
INFO: [ app_init ] --START--
INFO: Run Behavior\BuildLiteBehavior [ RunTime:0.000000s ]
INFO: [ app_init ] --END-- [ RunTime:0.000000s ]
ERR: 无法加载模块:Favicon

[ 2016-12-21T14:26:12+08:00 ] 127.0.0.1 /Public/datepicker/datepicker-zh_cn.js
INFO: [ app_init ] --START--
INFO: Run Behavior\BuildLiteBehavior [ RunTime:0.000000s ]
INFO: [ app_init ] --END-- [ RunTime:0.000000s ]
ERR: 无法加载模块:Public

[ 2016-12-21T14:26:33+08:00 ] 127.0.0.1 /Public/datepicker/datepicker-zh_cn.js
INFO: [ app_init ] --START--
INFO: Run Behavior\BuildLiteBehavior [ RunTime:0.000000s ]
INFO: [ app_init ] --END-- [ RunTime:0.000000s ]
ERR: 无法加载模块:Public

[ 2016-12-21T14:26:45+08:00 ] 127.0.0.1 /Public/datepicker/datepicker-zh_cn.js
INFO: [ app_init ] --START--
INFO: Run Behavior\BuildLiteBehavior [ RunTime:0.000000s ]
INFO: [ app_init ] --END-- [ RunTime:0.000000s ]
ERR: 无法加载模块:Public

[ 2016-12-21T14:39:10+08:00 ] 127.0.0.1 /Public/datepicker/datepicker-zh_cn.js
INFO: [ app_init ] --START--
INFO: Run Behavior\BuildLiteBehavior [ RunTime:0.000000s ]
INFO: [ app_init ] --END-- [ RunTime:0.000000s ]
ERR: 无法加载模块:Public

[ 2016-12-21T14:39:34+08:00 ] 127.0.0.1 /Public/datepicker/datepicker-zh_cn.js
INFO: [ app_init ] --START--
INFO: Run Behavior\BuildLiteBehavior [ RunTime:0.000000s ]
INFO: [ app_init ] --END-- [ RunTime:0.000000s ]
ERR: 无法加载模块:Public

[ 2016-12-21T14:39:44+08:00 ] 127.0.0.1 /Public/datepicker/datepicker-zh_cn.js
INFO: [ app_init ] --START--
INFO: Run Behavior\BuildLiteBehavior [ RunTime:0.000000s ]
INFO: [ app_init ] --END-- [ RunTime:0.000000s ]
ERR: 无法加载模块:Public

[ 2016-12-21T14:39:51+08:00 ] 127.0.0.1 /Public/datepicker/datepicker-zh_cn.js
INFO: [ app_init ] --START--
INFO: Run Behavior\BuildLiteBehavior [ RunTime:0.000000s ]
INFO: [ app_init ] --END-- [ RunTime:0.001000s ]
ERR: 无法加载模块:Public

[ 2016-12-21T14:39:59+08:00 ] 127.0.0.1 /Public/datepicker/datepicker-zh_cn.js
INFO: [ app_init ] --START--
INFO: Run Behavior\BuildLiteBehavior [ RunTime:0.000000s ]
INFO: [ app_init ] --END-- [ RunTime:0.000000s ]
ERR: 无法加载模块:Public

[ 2016-12-21T14:40:10+08:00 ] 127.0.0.1 /Public/datepicker/datepicker-zh_cn.js
INFO: [ app_init ] --START--
INFO: Run Behavior\BuildLiteBehavior [ RunTime:0.000000s ]
INFO: [ app_init ] --END-- [ RunTime:0.000000s ]
ERR: 无法加载模块:Public

[ 2016-12-21T15:27:33+08:00 ] 127.0.0.1 /Public/datepicker/datepicker-zh_cn.js
INFO: [ app_init ] --START--
INFO: Run Behavior\BuildLiteBehavior [ RunTime:0.000000s ]
INFO: [ app_init ] --END-- [ RunTime:0.000000s ]
ERR: 无法加载模块:Public

[ 2016-12-21T15:27:37+08:00 ] 127.0.0.1 /Public/datepicker/datepicker-zh_cn.js
INFO: [ app_init ] --START--
INFO: Run Behavior\BuildLiteBehavior [ RunTime:0.000000s ]
INFO: [ app_init ] --END-- [ RunTime:0.000000s ]
ERR: 无法加载模块:Public

[ 2016-12-21T15:29:08+08:00 ] 127.0.0.1 /Public/datepicker/datepicker-zh_cn.js
INFO: [ app_init ] --START--
INFO: Run Behavior\BuildLiteBehavior [ RunTime:0.000000s ]
INFO: [ app_init ] --END-- [ RunTime:0.000000s ]
ERR: 无法加载模块:Public

[ 2016-12-21T16:46:56+08:00 ] 127.0.0.1 /Public/datepicker/datepicker-zh_cn.js
INFO: [ app_init ] --START--
INFO: Run Behavior\BuildLiteBehavior [ RunTime:0.000000s ]
INFO: [ app_init ] --END-- [ RunTime:0.000000s ]
ERR: _MODULE_NOT_EXIST_:Public

[ 2016-12-21T16:47:58+08:00 ] 127.0.0.1 /Public/datepicker/datepicker-zh_cn.js
INFO: [ app_init ] --START--
INFO: Run Behavior\BuildLiteBehavior [ RunTime:0.000000s ]
INFO: [ app_init ] --END-- [ RunTime:0.000000s ]
ERR: _MODULE_NOT_EXIST_:Public

[ 2016-12-21T16:48:02+08:00 ] 127.0.0.1 /Public/datepicker/datepicker-zh_cn.js
INFO: [ app_init ] --START--
INFO: Run Behavior\BuildLiteBehavior [ RunTime:0.000000s ]
INFO: [ app_init ] --END-- [ RunTime:0.000000s ]
ERR: _MODULE_NOT_EXIST_:Public

[ 2016-12-21T16:48:03+08:00 ] 127.0.0.1 /Public/datepicker/datepicker-zh_cn.js
INFO: [ app_init ] --START--
INFO: Run Behavior\BuildLiteBehavior [ RunTime:0.000000s ]
INFO: [ app_init ] --END-- [ RunTime:0.000000s ]
ERR: _MODULE_NOT_EXIST_:Public

[ 2016-12-21T16:50:12+08:00 ] 127.0.0.1 /Public/datepicker/datepicker-zh_cn.js
INFO: [ app_init ] --START--
INFO: Run Behavior\BuildLiteBehavior [ RunTime:0.000000s ]
INFO: [ app_init ] --END-- [ RunTime:0.000000s ]
ERR: _MODULE_NOT_EXIST_:Public

[ 2016-12-21T16:50:30+08:00 ] 127.0.0.1 /Public/datepicker/datepicker-zh_cn.js
INFO: [ app_init ] --START--
INFO: Run Behavior\BuildLiteBehavior [ RunTime:0.000000s ]
INFO: [ app_init ] --END-- [ RunTime:0.000000s ]
ERR: _MODULE_NOT_EXIST_:Public

[ 2016-12-21T16:51:46+08:00 ] 127.0.0.1 /Public/datepicker/datepicker-zh_cn.js
INFO: [ app_init ] --START--
INFO: Run Behavior\BuildLiteBehavior [ RunTime:0.000000s ]
INFO: [ app_init ] --END-- [ RunTime:0.001000s ]
ERR: _MODULE_NOT_EXIST_:Public

[ 2016-12-21T16:51:46+08:00 ] 127.0.0.1 /Public/UploadsGoods/2016-12-20/thumb_5858d40956c42.jpg
INFO: [ app_init ] --START--
INFO: Run Behavior\BuildLiteBehavior [ RunTime:0.000000s ]
INFO: [ app_init ] --END-- [ RunTime:0.000000s ]
ERR: _MODULE_NOT_EXIST_:Public

[ 2016-12-21T16:51:46+08:00 ] 127.0.0.1 /Public/UploadsGoods/2016-12-20/thumb_5858e5f6c0fda.jpg
INFO: [ app_init ] --START--
INFO: Run Behavior\BuildLiteBehavior [ RunTime:0.000000s ]
INFO: [ app_init ] --END-- [ RunTime:0.000000s ]
ERR: _MODULE_NOT_EXIST_:Public

[ 2016-12-21T16:51:46+08:00 ] 127.0.0.1 /Public/UploadsGoods/2016-12-20/thumb_5858d540e4917.jpg
INFO: [ app_init ] --START--
INFO: Run Behavior\BuildLiteBehavior [ RunTime:0.000000s ]
INFO: [ app_init ] --END-- [ RunTime:0.000000s ]
ERR: _MODULE_NOT_EXIST_:Public

[ 2016-12-21T16:51:46+08:00 ] 127.0.0.1 /Public/UploadsGoods/2016-12-20/thumb_5858d19d7d3ad.jpg
INFO: [ app_init ] --START--
INFO: Run Behavior\BuildLiteBehavior [ RunTime:0.000000s ]
INFO: [ app_init ] --END-- [ RunTime:0.000000s ]
ERR: _MODULE_NOT_EXIST_:Public

[ 2016-12-21T16:51:46+08:00 ] 127.0.0.1 /Public/UploadsGoods/2016-12-20/thumb_5858d02cd269f.jpg
INFO: [ app_init ] --START--
INFO: Run Behavior\BuildLiteBehavior [ RunTime:0.000000s ]
INFO: [ app_init ] --END-- [ RunTime:0.000000s ]
ERR: _MODULE_NOT_EXIST_:Public

[ 2016-12-21T16:51:46+08:00 ] 127.0.0.1 /Public/UploadsGoods/2016-12-20/thumb_5858ea61995ca.jpg
INFO: [ app_init ] --START--
INFO: Run Behavior\BuildLiteBehavior [ RunTime:0.000000s ]
INFO: [ app_init ] --END-- [ RunTime:0.001000s ]
ERR: _MODULE_NOT_EXIST_:Public

[ 2016-12-21T16:51:46+08:00 ] 127.0.0.1 /Public/UploadsGoods/2016-12-21/thumb_585a2ee405059.jpg
INFO: [ app_init ] --START--
INFO: Run Behavior\BuildLiteBehavior [ RunTime:0.000000s ]
INFO: [ app_init ] --END-- [ RunTime:0.000000s ]
ERR: _MODULE_NOT_EXIST_:Public

[ 2016-12-21T16:51:57+08:00 ] 127.0.0.1 /Public/datepicker/datepicker-zh_cn.js
INFO: [ app_init ] --START--
INFO: Run Behavior\BuildLiteBehavior [ RunTime:0.000000s ]
INFO: [ app_init ] --END-- [ RunTime:0.000000s ]
ERR: _MODULE_NOT_EXIST_:Public

[ 2016-12-21T16:54:47+08:00 ] 127.0.0.1 /Public/datepicker/datepicker-zh_cn.js
INFO: [ app_init ] --START--
INFO: Run Behavior\BuildLiteBehavior [ RunTime:0.000000s ]
INFO: [ app_init ] --END-- [ RunTime:0.000000s ]
ERR: _MODULE_NOT_EXIST_:Public

[ 2016-12-21T16:55:30+08:00 ] 127.0.0.1 /Public/datepicker/datepicker-zh_cn.js
INFO: [ app_init ] --START--
INFO: Run Behavior\BuildLiteBehavior [ RunTime:0.000000s ]
INFO: [ app_init ] --END-- [ RunTime:0.000000s ]
ERR: _MODULE_NOT_EXIST_:Public

[ 2016-12-21T16:55:47+08:00 ] 127.0.0.1 /Public/datepicker/datepicker-zh_cn.js
INFO: [ app_init ] --START--
INFO: Run Behavior\BuildLiteBehavior [ RunTime:0.000000s ]
INFO: [ app_init ] --END-- [ RunTime:0.000000s ]
ERR: _MODULE_NOT_EXIST_:Public

[ 2016-12-21T16:59:58+08:00 ] 127.0.0.1 /Public/datepicker/datepicker-zh_cn.js
INFO: [ app_init ] --START--
INFO: Run Behavior\BuildLiteBehavior [ RunTime:0.000000s ]
INFO: [ app_init ] --END-- [ RunTime:0.000000s ]
ERR: _MODULE_NOT_EXIST_:Public

[ 2016-12-21T17:30:03+08:00 ] 127.0.0.1 /Public/datepicker/datepicker-zh_cn.js
INFO: [ app_init ] --START--
INFO: Run Behavior\BuildLiteBehavior [ RunTime:0.000000s ]
INFO: [ app_init ] --END-- [ RunTime:0.000000s ]
ERR: _MODULE_NOT_EXIST_:Public

[ 2016-12-21T17:51:04+08:00 ] 127.0.0.1 /Public/datepicker/datepicker-zh_cn.js
INFO: [ app_init ] --START--
INFO: Run Behavior\BuildLiteBehavior [ RunTime:0.000000s ]
INFO: [ app_init ] --END-- [ RunTime:0.000000s ]
ERR: 无法加载模块:Public

[ 2016-12-21T17:51:09+08:00 ] 127.0.0.1 /Public/datepicker/datepicker-zh_cn.js
INFO: [ app_init ] --START--
INFO: Run Behavior\BuildLiteBehavior [ RunTime:0.000000s ]
INFO: [ app_init ] --END-- [ RunTime:0.000000s ]
ERR: 无法加载模块:Public

[ 2016-12-21T17:58:58+08:00 ] 127.0.0.1 /Public/datepicker/datepicker-zh_cn.js
INFO: [ app_init ] --START--
INFO: Run Behavior\BuildLiteBehavior [ RunTime:0.000000s ]
INFO: [ app_init ] --END-- [ RunTime:0.000000s ]
ERR: 无法加载模块:Public

[ 2016-12-21T17:59:35+08:00 ] 127.0.0.1 /Public/datepicker/datepicker-zh_cn.js
INFO: [ app_init ] --START--
INFO: Run Behavior\BuildLiteBehavior [ RunTime:0.000000s ]
INFO: [ app_init ] --END-- [ RunTime:0.000000s ]
ERR: 无法加载模块:Public

[ 2016-12-21T18:04:33+08:00 ] 127.0.0.1 /Public/datepicker/datepicker-zh_cn.js
INFO: [ app_init ] --START--
INFO: Run Behavior\BuildLiteBehavior [ RunTime:0.000000s ]
INFO: [ app_init ] --END-- [ RunTime:0.000000s ]
ERR: 无法加载模块:Public

[ 2016-12-21T18:07:14+08:00 ] 127.0.0.1 /Public/datepicker/datepicker-zh_cn.js
INFO: [ app_init ] --START--
INFO: Run Behavior\BuildLiteBehavior [ RunTime:0.000000s ]
INFO: [ app_init ] --END-- [ RunTime:0.000000s ]
ERR: 无法加载模块:Public

[ 2016-12-21T18:20:59+08:00 ] 127.0.0.1 /Public/datepicker/datepicker-zh_cn.js
INFO: [ app_init ] --START--
INFO: Run Behavior\BuildLiteBehavior [ RunTime:0.000000s ]
INFO: [ app_init ] --END-- [ RunTime:0.000000s ]
ERR: 无法加载模块:Public

[ 2016-12-21T18:22:24+08:00 ] 127.0.0.1 /Public/datepicker/datepicker-zh_cn.js
INFO: [ app_init ] --START--
INFO: Run Behavior\BuildLiteBehavior [ RunTime:0.000000s ]
INFO: [ app_init ] --END-- [ RunTime:0.001000s ]
ERR: 无法加载模块:Public

[ 2016-12-21T18:27:09+08:00 ] 127.0.0.1 /Public/datepicker/datepicker-zh_cn.js
INFO: [ app_init ] --START--
INFO: Run Behavior\BuildLiteBehavior [ RunTime:0.000000s ]
INFO: [ app_init ] --END-- [ RunTime:0.000000s ]
ERR: 无法加载模块:Public

[ 2016-12-21T21:33:59+08:00 ] 127.0.0.1 /favicon.ico
INFO: [ app_init ] --START--
INFO: Run Behavior\BuildLiteBehavior [ RunTime:0.000000s ]
INFO: [ app_init ] --END-- [ RunTime:0.001000s ]
ERR: 无法加载模块:Favicon

[ 2016-12-21T21:36:33+08:00 ] 127.0.0.1 /Public/datepicker/datepicker-zh_cn.js
INFO: [ app_init ] --START--
INFO: Run Behavior\BuildLiteBehavior [ RunTime:0.000000s ]
INFO: [ app_init ] --END-- [ RunTime:0.000000s ]
ERR: 无法加载模块:Public

[ 2016-12-21T21:36:33+08:00 ] 127.0.0.1 /Public/datepicker/datepicker-zh_cn.js
INFO: [ app_init ] --START--
INFO: Run Behavior\BuildLiteBehavior [ RunTime:0.000000s ]
INFO: [ app_init ] --END-- [ RunTime:0.000000s ]
ERR: 无法加载模块:Public

[ 2016-12-21T21:37:42+08:00 ] 127.0.0.1 /Public/datepicker/datepicker-zh_cn.js
INFO: [ app_init ] --START--
INFO: Run Behavior\BuildLiteBehavior [ RunTime:0.000000s ]
INFO: [ app_init ] --END-- [ RunTime:0.000000s ]
ERR: 无法加载模块:Public

[ 2016-12-21T21:56:55+08:00 ] 127.0.0.1 /Public/datepicker/datepicker-zh_cn.js
INFO: [ app_init ] --START--
INFO: Run Behavior\BuildLiteBehavior [ RunTime:0.000000s ]
INFO: [ app_init ] --END-- [ RunTime:0.000000s ]
ERR: 无法加载模块:Public

[ 2016-12-21T21:58:35+08:00 ] 127.0.0.1 /Public/datepicker/datepicker-zh_cn.js
INFO: [ app_init ] --START--
INFO: Run Behavior\BuildLiteBehavior [ RunTime:0.000000s ]
INFO: [ app_init ] --END-- [ RunTime:0.000000s ]
ERR: 无法加载模块:Public

[ 2016-12-21T21:58:35+08:00 ] 127.0.0.1 /Public/datepicker/datepicker-zh_cn.js
INFO: [ app_init ] --START--
INFO: Run Behavior\BuildLiteBehavior [ RunTime:0.000000s ]
INFO: [ app_init ] --END-- [ RunTime:0.001000s ]
ERR: 无法加载模块:Public

[ 2016-12-21T21:58:35+08:00 ] 127.0.0.1 /Public/datepicker/datepicker-zh_cn.js
INFO: [ app_init ] --START--
INFO: Run Behavior\BuildLiteBehavior [ RunTime:0.000000s ]
INFO: [ app_init ] --END-- [ RunTime:0.000000s ]
ERR: 无法加载模块:Public

[ 2016-12-21T21:58:36+08:00 ] 127.0.0.1 /Public/datepicker/datepicker-zh_cn.js
INFO: [ app_init ] --START--
INFO: Run Behavior\BuildLiteBehavior [ RunTime:0.000000s ]
INFO: [ app_init ] --END-- [ RunTime:0.000000s ]
ERR: 无法加载模块:Public

[ 2016-12-21T22:00:47+08:00 ] 127.0.0.1 /Public/datepicker/datepicker-zh_cn.js
INFO: [ app_init ] --START--
INFO: Run Behavior\BuildLiteBehavior [ RunTime:0.000000s ]
INFO: [ app_init ] --END-- [ RunTime:0.000000s ]
ERR: 无法加载模块:Public

[ 2016-12-21T22:01:08+08:00 ] 127.0.0.1 /Public/datepicker/datepicker-zh_cn.js
INFO: [ app_init ] --START--
INFO: Run Behavior\BuildLiteBehavior [ RunTime:0.000000s ]
INFO: [ app_init ] --END-- [ RunTime:0.000000s ]
ERR: _MODULE_NOT_EXIST_:Public

[ 2016-12-21T22:01:11+08:00 ] 127.0.0.1 /Public/datepicker/datepicker-zh_cn.js
INFO: [ app_init ] --START--
INFO: Run Behavior\BuildLiteBehavior [ RunTime:0.000000s ]
INFO: [ app_init ] --END-- [ RunTime:0.000000s ]
ERR: _MODULE_NOT_EXIST_:Public

[ 2016-12-21T22:03:07+08:00 ] 127.0.0.1 /Public/datepicker/datepicker-zh_cn.js
INFO: [ app_init ] --START--
INFO: Run Behavior\BuildLiteBehavior [ RunTime:0.000000s ]
INFO: [ app_init ] --END-- [ RunTime:0.000000s ]
ERR: 无法加载模块:Public

[ 2016-12-21T22:12:15+08:00 ] 127.0.0.1 /Public/datepicker/datepicker-zh_cn.js
INFO: [ app_init ] --START--
INFO: Run Behavior\BuildLiteBehavior [ RunTime:0.000000s ]
INFO: [ app_init ] --END-- [ RunTime:0.000000s ]
ERR: 无法加载模块:Public

[ 2016-12-21T22:13:20+08:00 ] 127.0.0.1 /Public/datepicker/datepicker-zh_cn.js
INFO: [ app_init ] --START--
INFO: Run Behavior\BuildLiteBehavior [ RunTime:0.000000s ]
INFO: [ app_init ] --END-- [ RunTime:0.000000s ]
ERR: 无法加载模块:Public

[ 2016-12-21T22:13:29+08:00 ] 127.0.0.1 /Public/datepicker/datepicker-zh_cn.js
INFO: [ app_init ] --START--
INFO: Run Behavior\BuildLiteBehavior [ RunTime:0.000000s ]
INFO: [ app_init ] --END-- [ RunTime:0.000000s ]
ERR: 无法加载模块:Public

[ 2016-12-21T22:13:35+08:00 ] 127.0.0.1 /Public/datepicker/datepicker-zh_cn.js
INFO: [ app_init ] --START--
INFO: Run Behavior\BuildLiteBehavior [ RunTime:0.000000s ]
INFO: [ app_init ] --END-- [ RunTime:0.000000s ]
ERR: 无法加载模块:Public

[ 2016-12-21T22:16:05+08:00 ] 127.0.0.1 /Public/datepicker/datepicker-zh_cn.js
INFO: [ app_init ] --START--
INFO: Run Behavior\BuildLiteBehavior [ RunTime:0.000000s ]
INFO: [ app_init ] --END-- [ RunTime:0.000000s ]
ERR: 无法加载模块:Public

[ 2016-12-21T22:16:10+08:00 ] 127.0.0.1 /Public/datepicker/datepicker-zh_cn.js
INFO: [ app_init ] --START--
INFO: Run Behavior\BuildLiteBehavior [ RunTime:0.000000s ]
INFO: [ app_init ] --END-- [ RunTime:0.000000s ]
ERR: 无法加载模块:Public

