[ 2016-12-26T10:12:35+08:00 ] 127.0.0.1 /Public/Uploads/16/06/21/5768d3c0629bf.png
INFO: [ app_init ] --START--
INFO: Run Behavior\BuildLiteBehavior [ RunTime:0.000000s ]
INFO: [ app_init ] --END-- [ RunTime:0.000000s ]
ERR: 无法加载模块:Public

[ 2016-12-26T10:12:35+08:00 ] 127.0.0.1 /Public/Uploads/16/07/22/5791cf36a122e.jpg
INFO: [ app_init ] --START--
INFO: Run Behavior\BuildLiteBehavior [ RunTime:0.000000s ]
INFO: [ app_init ] --END-- [ RunTime:0.000000s ]
ERR: 无法加载模块:Public

[ 2016-12-26T10:12:35+08:00 ] 127.0.0.1 /Public/Uploads/16/07/27/57985d52d7a9a.jpg
INFO: [ app_init ] --START--
INFO: Run Behavior\BuildLiteBehavior [ RunTime:0.000000s ]
INFO: [ app_init ] --END-- [ RunTime:0.000000s ]
ERR: 无法加载模块:Public

[ 2016-12-26T10:12:36+08:00 ] 127.0.0.1 /favicon.ico
INFO: [ app_init ] --START--
INFO: Run Behavior\BuildLiteBehavior [ RunTime:0.000000s ]
INFO: [ app_init ] --END-- [ RunTime:0.000000s ]
ERR: 无法加载模块:Favicon

[ 2016-12-26T10:15:25+08:00 ] 127.0.0.1 /Public/Uploads/16/06/21/5768d3c0629bf.png
INFO: [ app_init ] --START--
INFO: Run Behavior\BuildLiteBehavior [ RunTime:0.000000s ]
INFO: [ app_init ] --END-- [ RunTime:0.001000s ]
ERR: 无法加载模块:Public

[ 2016-12-26T10:15:25+08:00 ] 127.0.0.1 /Public/Uploads/16/07/22/5791cf36a122e.jpg
INFO: [ app_init ] --START--
INFO: Run Behavior\BuildLiteBehavior [ RunTime:0.000000s ]
INFO: [ app_init ] --END-- [ RunTime:0.000000s ]
ERR: 无法加载模块:Public

[ 2016-12-26T10:15:25+08:00 ] 127.0.0.1 /Public/Uploads/16/07/27/57985d52d7a9a.jpg
INFO: [ app_init ] --START--
INFO: Run Behavior\BuildLiteBehavior [ RunTime:0.000000s ]
INFO: [ app_init ] --END-- [ RunTime:0.000000s ]
ERR: 无法加载模块:Public

[ 2016-12-26T10:18:57+08:00 ] 127.0.0.1 /Public/Uploads/16/06/21/5768d3c0629bf.png
INFO: [ app_init ] --START--
INFO: Run Behavior\BuildLiteBehavior [ RunTime:0.000000s ]
INFO: [ app_init ] --END-- [ RunTime:0.000000s ]
ERR: 无法加载模块:Public

[ 2016-12-26T10:18:57+08:00 ] 127.0.0.1 /Public/Uploads/16/07/27/57985d52d7a9a.jpg
INFO: [ app_init ] --START--
INFO: Run Behavior\BuildLiteBehavior [ RunTime:0.000000s ]
INFO: [ app_init ] --END-- [ RunTime:0.000000s ]
ERR: 无法加载模块:Public

[ 2016-12-26T10:18:57+08:00 ] 127.0.0.1 /Public/Uploads/16/07/22/5791cf36a122e.jpg
INFO: [ app_init ] --START--
INFO: Run Behavior\BuildLiteBehavior [ RunTime:0.000000s ]
INFO: [ app_init ] --END-- [ RunTime:0.001000s ]
ERR: 无法加载模块:Public

[ 2016-12-26T10:21:17+08:00 ] 127.0.0.1 /Public/Uploads/16/06/21/5768d3c0629bf.png
INFO: [ app_init ] --START--
INFO: Run Behavior\BuildLiteBehavior [ RunTime:0.000000s ]
INFO: [ app_init ] --END-- [ RunTime:0.000000s ]
ERR: 无法加载模块:Public

[ 2016-12-26T10:21:17+08:00 ] 127.0.0.1 /Public/Uploads/16/07/27/57985d52d7a9a.jpg
INFO: [ app_init ] --START--
INFO: Run Behavior\BuildLiteBehavior [ RunTime:0.000000s ]
INFO: [ app_init ] --END-- [ RunTime:0.000000s ]
ERR: 无法加载模块:Public

[ 2016-12-26T10:21:17+08:00 ] 127.0.0.1 /Public/Uploads/16/07/22/5791cf36a122e.jpg
INFO: [ app_init ] --START--
INFO: Run Behavior\BuildLiteBehavior [ RunTime:0.000000s ]
INFO: [ app_init ] --END-- [ RunTime:0.000000s ]
ERR: 无法加载模块:Public

[ 2016-12-26T10:27:48+08:00 ] 127.0.0.1 /Public/Uploads/16/06/21/5768d3c0629bf.png
INFO: [ app_init ] --START--
INFO: Run Behavior\BuildLiteBehavior [ RunTime:0.000000s ]
INFO: [ app_init ] --END-- [ RunTime:0.000000s ]
ERR: 无法加载模块:Public

[ 2016-12-26T10:27:48+08:00 ] 127.0.0.1 /Public/Uploads/16/07/22/5791cf36a122e.jpg
INFO: [ app_init ] --START--
INFO: Run Behavior\BuildLiteBehavior [ RunTime:0.000000s ]
INFO: [ app_init ] --END-- [ RunTime:0.000000s ]
ERR: 无法加载模块:Public

[ 2016-12-26T10:27:48+08:00 ] 127.0.0.1 /Public/Uploads/16/07/27/57985d52d7a9a.jpg
INFO: [ app_init ] --START--
INFO: Run Behavior\BuildLiteBehavior [ RunTime:0.000000s ]
INFO: [ app_init ] --END-- [ RunTime:0.000000s ]
ERR: 无法加载模块:Public

[ 2016-12-26T10:32:58+08:00 ] 127.0.0.1 /Public/Uploads/16/06/21/5768d3c0629bf.png
INFO: [ app_init ] --START--
INFO: Run Behavior\BuildLiteBehavior [ RunTime:0.000000s ]
INFO: [ app_init ] --END-- [ RunTime:0.000000s ]
ERR: 无法加载模块:Public

[ 2016-12-26T10:32:58+08:00 ] 127.0.0.1 /Public/Uploads/16/07/22/5791cf36a122e.jpg
INFO: [ app_init ] --START--
INFO: Run Behavior\BuildLiteBehavior [ RunTime:0.000000s ]
INFO: [ app_init ] --END-- [ RunTime:0.000000s ]
ERR: 无法加载模块:Public

[ 2016-12-26T10:32:58+08:00 ] 127.0.0.1 /Public/Uploads/16/07/27/57985d52d7a9a.jpg
INFO: [ app_init ] --START--
INFO: Run Behavior\BuildLiteBehavior [ RunTime:0.000000s ]
INFO: [ app_init ] --END-- [ RunTime:0.000000s ]
ERR: 无法加载模块:Public

[ 2016-12-26T10:46:27+08:00 ] 127.0.0.1 /Public/Uploads/16/06/21/5768d3c0629bf.png
INFO: [ app_init ] --START--
INFO: Run Behavior\BuildLiteBehavior [ RunTime:0.000000s ]
INFO: [ app_init ] --END-- [ RunTime:0.000000s ]
ERR: 无法加载模块:Public

[ 2016-12-26T10:46:27+08:00 ] 127.0.0.1 /Public/Uploads/16/07/27/57985d52d7a9a.jpg
INFO: [ app_init ] --START--
INFO: Run Behavior\BuildLiteBehavior [ RunTime:0.000000s ]
INFO: [ app_init ] --END-- [ RunTime:0.000000s ]
ERR: 无法加载模块:Public

[ 2016-12-26T10:46:27+08:00 ] 127.0.0.1 /Public/Uploads/16/07/22/5791cf36a122e.jpg
INFO: [ app_init ] --START--
INFO: Run Behavior\BuildLiteBehavior [ RunTime:0.000000s ]
INFO: [ app_init ] --END-- [ RunTime:0.000000s ]
ERR: 无法加载模块:Public

[ 2016-12-26T10:50:07+08:00 ] 127.0.0.1 /Public/Uploads/16/06/21/5768d3c0629bf.png
INFO: [ app_init ] --START--
INFO: Run Behavior\BuildLiteBehavior [ RunTime:0.000000s ]
INFO: [ app_init ] --END-- [ RunTime:0.000000s ]
ERR: 无法加载模块:Public

[ 2016-12-26T10:50:07+08:00 ] 127.0.0.1 /Public/Uploads/16/07/22/5791cf36a122e.jpg
INFO: [ app_init ] --START--
INFO: Run Behavior\BuildLiteBehavior [ RunTime:0.000000s ]
INFO: [ app_init ] --END-- [ RunTime:0.000000s ]
ERR: 无法加载模块:Public

[ 2016-12-26T10:50:07+08:00 ] 127.0.0.1 /Public/Uploads/16/07/27/57985d52d7a9a.jpg
INFO: [ app_init ] --START--
INFO: Run Behavior\BuildLiteBehavior [ RunTime:0.000000s ]
INFO: [ app_init ] --END-- [ RunTime:0.000000s ]
ERR: 无法加载模块:Public

[ 2016-12-26T10:51:59+08:00 ] 127.0.0.1 /Public/Uploads/16/06/21/5768d3c0629bf.png
INFO: [ app_init ] --START--
INFO: Run Behavior\BuildLiteBehavior [ RunTime:0.001000s ]
INFO: [ app_init ] --END-- [ RunTime:0.001000s ]
ERR: 无法加载模块:Public

[ 2016-12-26T10:51:59+08:00 ] 127.0.0.1 /Public/Uploads/16/07/27/57985d52d7a9a.jpg
INFO: [ app_init ] --START--
INFO: Run Behavior\BuildLiteBehavior [ RunTime:0.000000s ]
INFO: [ app_init ] --END-- [ RunTime:0.001000s ]
ERR: 无法加载模块:Public

[ 2016-12-26T10:51:59+08:00 ] 127.0.0.1 /Public/Uploads/16/07/22/5791cf36a122e.jpg
INFO: [ app_init ] --START--
INFO: Run Behavior\BuildLiteBehavior [ RunTime:0.000000s ]
INFO: [ app_init ] --END-- [ RunTime:0.001000s ]
ERR: 无法加载模块:Public

[ 2016-12-26T10:57:10+08:00 ] 127.0.0.1 /Public/Uploads/16/07/22/5791cf36a122e.jpg
INFO: [ app_init ] --START--
INFO: Run Behavior\BuildLiteBehavior [ RunTime:0.000000s ]
INFO: [ app_init ] --END-- [ RunTime:0.001000s ]
ERR: 无法加载模块:Public

[ 2016-12-26T10:57:10+08:00 ] 127.0.0.1 /Public/Uploads/16/06/21/5768d3c0629bf.png
INFO: [ app_init ] --START--
INFO: Run Behavior\BuildLiteBehavior [ RunTime:0.001000s ]
INFO: [ app_init ] --END-- [ RunTime:0.001000s ]
ERR: 无法加载模块:Public

[ 2016-12-26T10:57:10+08:00 ] 127.0.0.1 /Public/Uploads/16/07/27/57985d52d7a9a.jpg
INFO: [ app_init ] --START--
INFO: Run Behavior\BuildLiteBehavior [ RunTime:0.000000s ]
INFO: [ app_init ] --END-- [ RunTime:0.000000s ]
ERR: 无法加载模块:Public

[ 2016-12-26T10:58:43+08:00 ] 127.0.0.1 /Public/Uploads/16/07/27/57985d52d7a9a.jpg
INFO: [ app_init ] --START--
INFO: Run Behavior\BuildLiteBehavior [ RunTime:0.000000s ]
INFO: [ app_init ] --END-- [ RunTime:0.000000s ]
ERR: 无法加载模块:Public

[ 2016-12-26T10:58:43+08:00 ] 127.0.0.1 /Public/Uploads/16/06/21/5768d3c0629bf.png
INFO: [ app_init ] --START--
INFO: Run Behavior\BuildLiteBehavior [ RunTime:0.000000s ]
INFO: [ app_init ] --END-- [ RunTime:0.000000s ]
ERR: 无法加载模块:Public

[ 2016-12-26T10:58:43+08:00 ] 127.0.0.1 /Public/Uploads/16/07/27/57985d52d7a9a.jpg
INFO: [ app_init ] --START--
INFO: Run Behavior\BuildLiteBehavior [ RunTime:0.000000s ]
INFO: [ app_init ] --END-- [ RunTime:0.001000s ]
ERR: 无法加载模块:Public

[ 2016-12-26T10:58:43+08:00 ] 127.0.0.1 /Public/Uploads/16/07/22/5791cf36a122e.jpg
INFO: [ app_init ] --START--
INFO: Run Behavior\BuildLiteBehavior [ RunTime:0.000000s ]
INFO: [ app_init ] --END-- [ RunTime:0.000000s ]
ERR: 无法加载模块:Public

[ 2016-12-26T10:58:44+08:00 ] 127.0.0.1 /favicon.ico
INFO: [ app_init ] --START--
INFO: Run Behavior\BuildLiteBehavior [ RunTime:0.000000s ]
INFO: [ app_init ] --END-- [ RunTime:0.000000s ]
ERR: 无法加载模块:Favicon

[ 2016-12-26T11:07:40+08:00 ] 127.0.0.1 /Public/Uploads/16/06/21/5768d3c0629bf.png
INFO: [ app_init ] --START--
INFO: Run Behavior\BuildLiteBehavior [ RunTime:0.000000s ]
INFO: [ app_init ] --END-- [ RunTime:0.000000s ]
ERR: 无法加载模块:Public

[ 2016-12-26T11:07:40+08:00 ] 127.0.0.1 /Public/Uploads/16/07/22/5791cf36a122e.jpg
INFO: [ app_init ] --START--
INFO: Run Behavior\BuildLiteBehavior [ RunTime:0.000000s ]
INFO: [ app_init ] --END-- [ RunTime:0.001000s ]
ERR: 无法加载模块:Public

[ 2016-12-26T11:07:40+08:00 ] 127.0.0.1 /Public/Uploads/16/07/27/57985d52d7a9a.jpg
INFO: [ app_init ] --START--
INFO: Run Behavior\BuildLiteBehavior [ RunTime:0.000000s ]
INFO: [ app_init ] --END-- [ RunTime:0.000000s ]
ERR: 无法加载模块:Public

[ 2016-12-26T11:07:44+08:00 ] 127.0.0.1 /user/myHomeWeb/getMyWeb
INFO: [ app_init ] --START--
INFO: Run Behavior\BuildLiteBehavior [ RunTime:0.000000s ]
INFO: [ app_init ] --END-- [ RunTime:0.000000s ]
ERR: 无法加载模块:User

[ 2016-12-26T11:08:15+08:00 ] 127.0.0.1 /Public/Uploads/16/07/27/57985d52d7a9a.jpg
INFO: [ app_init ] --START--
INFO: Run Behavior\BuildLiteBehavior [ RunTime:0.000000s ]
INFO: [ app_init ] --END-- [ RunTime:0.000000s ]
ERR: 无法加载模块:Public

[ 2016-12-26T11:08:15+08:00 ] 127.0.0.1 /Public/Uploads/16/07/22/5791cf36a122e.jpg
INFO: [ app_init ] --START--
INFO: Run Behavior\BuildLiteBehavior [ RunTime:0.000000s ]
INFO: [ app_init ] --END-- [ RunTime:0.000000s ]
ERR: 无法加载模块:Public

[ 2016-12-26T11:08:15+08:00 ] 127.0.0.1 /Public/Uploads/16/06/21/5768d3c0629bf.png
INFO: [ app_init ] --START--
INFO: Run Behavior\BuildLiteBehavior [ RunTime:0.000000s ]
INFO: [ app_init ] --END-- [ RunTime:0.000000s ]
ERR: 无法加载模块:Public

[ 2016-12-26T11:08:25+08:00 ] 127.0.0.1 /Public/Uploads/16/07/27/57985d52d7a9a.jpg
INFO: [ app_init ] --START--
INFO: Run Behavior\BuildLiteBehavior [ RunTime:0.000000s ]
INFO: [ app_init ] --END-- [ RunTime:0.000000s ]
ERR: 无法加载模块:Public

[ 2016-12-26T11:08:25+08:00 ] 127.0.0.1 /Public/Uploads/16/07/22/5791cf36a122e.jpg
INFO: [ app_init ] --START--
INFO: Run Behavior\BuildLiteBehavior [ RunTime:0.000000s ]
INFO: [ app_init ] --END-- [ RunTime:0.001000s ]
ERR: 无法加载模块:Public

[ 2016-12-26T11:08:25+08:00 ] 127.0.0.1 /Public/Uploads/16/06/21/5768d3c0629bf.png
INFO: [ app_init ] --START--
INFO: Run Behavior\BuildLiteBehavior [ RunTime:0.000000s ]
INFO: [ app_init ] --END-- [ RunTime:0.000000s ]
ERR: 无法加载模块:Public

[ 2016-12-26T11:15:43+08:00 ] 127.0.0.1 /Public/Uploads/16/06/21/5768d3c0629bf.png
INFO: [ app_init ] --START--
INFO: Run Behavior\BuildLiteBehavior [ RunTime:0.000000s ]
INFO: [ app_init ] --END-- [ RunTime:0.000000s ]
ERR: 无法加载模块:Public

[ 2016-12-26T11:15:43+08:00 ] 127.0.0.1 /Public/Uploads/16/07/27/57985d52d7a9a.jpg
INFO: [ app_init ] --START--
INFO: Run Behavior\BuildLiteBehavior [ RunTime:0.000000s ]
INFO: [ app_init ] --END-- [ RunTime:0.000000s ]
ERR: 无法加载模块:Public

[ 2016-12-26T11:15:43+08:00 ] 127.0.0.1 /Public/Uploads/16/07/22/5791cf36a122e.jpg
INFO: [ app_init ] --START--
INFO: Run Behavior\BuildLiteBehavior [ RunTime:0.000000s ]
INFO: [ app_init ] --END-- [ RunTime:0.000000s ]
ERR: 无法加载模块:Public

[ 2016-12-26T11:15:44+08:00 ] 127.0.0.1 /Public/Uploads/16/07/22/5791cf36a122e.jpg
INFO: [ app_init ] --START--
INFO: Run Behavior\BuildLiteBehavior [ RunTime:0.000000s ]
INFO: [ app_init ] --END-- [ RunTime:0.000000s ]
ERR: 无法加载模块:Public

[ 2016-12-26T11:15:44+08:00 ] 127.0.0.1 /Public/Uploads/16/07/27/57985d52d7a9a.jpg
INFO: [ app_init ] --START--
INFO: Run Behavior\BuildLiteBehavior [ RunTime:0.000000s ]
INFO: [ app_init ] --END-- [ RunTime:0.000000s ]
ERR: 无法加载模块:Public

[ 2016-12-26T11:17:36+08:00 ] 127.0.0.1 /Public/Uploads/16/06/21/5768d3c0629bf.png
INFO: [ app_init ] --START--
INFO: Run Behavior\BuildLiteBehavior [ RunTime:0.000000s ]
INFO: [ app_init ] --END-- [ RunTime:0.000000s ]
ERR: 无法加载模块:Public

[ 2016-12-26T11:17:36+08:00 ] 127.0.0.1 /Public/Uploads/16/07/27/57985d52d7a9a.jpg
INFO: [ app_init ] --START--
INFO: Run Behavior\BuildLiteBehavior [ RunTime:0.000000s ]
INFO: [ app_init ] --END-- [ RunTime:0.000000s ]
ERR: 无法加载模块:Public

[ 2016-12-26T11:17:36+08:00 ] 127.0.0.1 /Public/Uploads/16/07/22/5791cf36a122e.jpg
INFO: [ app_init ] --START--
INFO: Run Behavior\BuildLiteBehavior [ RunTime:0.000000s ]
INFO: [ app_init ] --END-- [ RunTime:0.000000s ]
ERR: 无法加载模块:Public

[ 2016-12-26T11:17:36+08:00 ] 127.0.0.1 /Public/Uploads/16/07/27/57985d52d7a9a.jpg
INFO: [ app_init ] --START--
INFO: Run Behavior\BuildLiteBehavior [ RunTime:0.000000s ]
INFO: [ app_init ] --END-- [ RunTime:0.000000s ]
ERR: 无法加载模块:Public

[ 2016-12-26T11:17:36+08:00 ] 127.0.0.1 /Public/Uploads/16/07/22/5791cf36a122e.jpg
INFO: [ app_init ] --START--
INFO: Run Behavior\BuildLiteBehavior [ RunTime:0.000000s ]
INFO: [ app_init ] --END-- [ RunTime:0.000000s ]
ERR: 无法加载模块:Public

[ 2016-12-26T11:18:14+08:00 ] 127.0.0.1 /Public/Uploads/16/07/27/57985d52d7a9a.jpg
INFO: [ app_init ] --START--
INFO: Run Behavior\BuildLiteBehavior [ RunTime:0.001000s ]
INFO: [ app_init ] --END-- [ RunTime:0.001000s ]
ERR: 无法加载模块:Public

[ 2016-12-26T11:18:14+08:00 ] 127.0.0.1 /Public/Uploads/16/07/22/5791cf36a122e.jpg
INFO: [ app_init ] --START--
INFO: Run Behavior\BuildLiteBehavior [ RunTime:0.000000s ]
INFO: [ app_init ] --END-- [ RunTime:0.000000s ]
ERR: 无法加载模块:Public

[ 2016-12-26T11:18:14+08:00 ] 127.0.0.1 /Public/Uploads/16/06/21/5768d3c0629bf.png
INFO: [ app_init ] --START--
INFO: Run Behavior\BuildLiteBehavior [ RunTime:0.000000s ]
INFO: [ app_init ] --END-- [ RunTime:0.000000s ]
ERR: 无法加载模块:Public

[ 2016-12-26T11:18:14+08:00 ] 127.0.0.1 /Public/Uploads/16/07/27/57985d52d7a9a.jpg
INFO: [ app_init ] --START--
INFO: Run Behavior\BuildLiteBehavior [ RunTime:0.000000s ]
INFO: [ app_init ] --END-- [ RunTime:0.000000s ]
ERR: 无法加载模块:Public

[ 2016-12-26T11:18:14+08:00 ] 127.0.0.1 /Public/Uploads/16/07/22/5791cf36a122e.jpg
INFO: [ app_init ] --START--
INFO: Run Behavior\BuildLiteBehavior [ RunTime:0.000000s ]
INFO: [ app_init ] --END-- [ RunTime:0.001000s ]
ERR: 无法加载模块:Public

[ 2016-12-26T11:19:07+08:00 ] 127.0.0.1 /Public/Uploads/16/07/27/57985d52d7a9a.jpg
INFO: [ app_init ] --START--
INFO: Run Behavior\BuildLiteBehavior [ RunTime:0.000000s ]
INFO: [ app_init ] --END-- [ RunTime:0.000000s ]
ERR: 无法加载模块:Public

[ 2016-12-26T11:19:07+08:00 ] 127.0.0.1 /Public/Uploads/16/06/21/5768d3c0629bf.png
INFO: [ app_init ] --START--
INFO: Run Behavior\BuildLiteBehavior [ RunTime:0.000000s ]
INFO: [ app_init ] --END-- [ RunTime:0.001000s ]
ERR: 无法加载模块:Public

[ 2016-12-26T11:19:07+08:00 ] 127.0.0.1 /Public/Uploads/16/07/22/5791cf36a122e.jpg
INFO: [ app_init ] --START--
INFO: Run Behavior\BuildLiteBehavior [ RunTime:0.000000s ]
INFO: [ app_init ] --END-- [ RunTime:0.000000s ]
ERR: 无法加载模块:Public

[ 2016-12-26T11:19:07+08:00 ] 127.0.0.1 /Public/Uploads/16/07/22/5791cf36a122e.jpg
INFO: [ app_init ] --START--
INFO: Run Behavior\BuildLiteBehavior [ RunTime:0.000000s ]
INFO: [ app_init ] --END-- [ RunTime:0.000000s ]
ERR: 无法加载模块:Public

[ 2016-12-26T11:19:07+08:00 ] 127.0.0.1 /Public/Uploads/16/07/27/57985d52d7a9a.jpg
INFO: [ app_init ] --START--
INFO: Run Behavior\BuildLiteBehavior [ RunTime:0.000000s ]
INFO: [ app_init ] --END-- [ RunTime:0.000000s ]
ERR: 无法加载模块:Public

[ 2016-12-26T11:19:16+08:00 ] 127.0.0.1 /Public/Uploads/16/07/27/57985d52d7a9a.jpg
INFO: [ app_init ] --START--
INFO: Run Behavior\BuildLiteBehavior [ RunTime:0.000000s ]
INFO: [ app_init ] --END-- [ RunTime:0.000000s ]
ERR: 无法加载模块:Public

[ 2016-12-26T11:19:16+08:00 ] 127.0.0.1 /Public/Uploads/16/07/22/5791cf36a122e.jpg
INFO: [ app_init ] --START--
INFO: Run Behavior\BuildLiteBehavior [ RunTime:0.000000s ]
INFO: [ app_init ] --END-- [ RunTime:0.000000s ]
ERR: 无法加载模块:Public

[ 2016-12-26T11:19:16+08:00 ] 127.0.0.1 /Public/Uploads/16/06/21/5768d3c0629bf.png
INFO: [ app_init ] --START--
INFO: Run Behavior\BuildLiteBehavior [ RunTime:0.000000s ]
INFO: [ app_init ] --END-- [ RunTime:0.000000s ]
ERR: 无法加载模块:Public

[ 2016-12-26T11:19:17+08:00 ] 127.0.0.1 /Public/Uploads/16/07/22/5791cf36a122e.jpg
INFO: [ app_init ] --START--
INFO: Run Behavior\BuildLiteBehavior [ RunTime:0.000000s ]
INFO: [ app_init ] --END-- [ RunTime:0.001000s ]
ERR: 无法加载模块:Public

[ 2016-12-26T11:19:17+08:00 ] 127.0.0.1 /Public/Uploads/16/07/27/57985d52d7a9a.jpg
INFO: [ app_init ] --START--
INFO: Run Behavior\BuildLiteBehavior [ RunTime:0.000000s ]
INFO: [ app_init ] --END-- [ RunTime:0.000000s ]
ERR: 无法加载模块:Public

[ 2016-12-26T11:21:54+08:00 ] 127.0.0.1 /Public/Uploads/16/07/22/5791cf36a122e.jpg
INFO: [ app_init ] --START--
INFO: Run Behavior\BuildLiteBehavior [ RunTime:0.000000s ]
INFO: [ app_init ] --END-- [ RunTime:0.000000s ]
ERR: 无法加载模块:Public

[ 2016-12-26T11:21:54+08:00 ] 127.0.0.1 /Public/Uploads/16/07/27/57985d52d7a9a.jpg
INFO: [ app_init ] --START--
INFO: Run Behavior\BuildLiteBehavior [ RunTime:0.000000s ]
INFO: [ app_init ] --END-- [ RunTime:0.000000s ]
ERR: 无法加载模块:Public

[ 2016-12-26T11:21:54+08:00 ] 127.0.0.1 /Public/Uploads/16/06/21/5768d3c0629bf.png
INFO: [ app_init ] --START--
INFO: Run Behavior\BuildLiteBehavior [ RunTime:0.000000s ]
INFO: [ app_init ] --END-- [ RunTime:0.000000s ]
ERR: 无法加载模块:Public

[ 2016-12-26T11:21:54+08:00 ] 127.0.0.1 /Public/Uploads/16/07/22/5791cf36a122e.jpg
INFO: [ app_init ] --START--
INFO: Run Behavior\BuildLiteBehavior [ RunTime:0.000000s ]
INFO: [ app_init ] --END-- [ RunTime:0.000000s ]
ERR: 无法加载模块:Public

[ 2016-12-26T11:21:54+08:00 ] 127.0.0.1 /Public/Uploads/16/07/27/57985d52d7a9a.jpg
INFO: [ app_init ] --START--
INFO: Run Behavior\BuildLiteBehavior [ RunTime:0.000000s ]
INFO: [ app_init ] --END-- [ RunTime:0.000000s ]
ERR: 无法加载模块:Public

[ 2016-12-26T11:22:31+08:00 ] 127.0.0.1 /Public/Uploads/16/06/21/5768d3c0629bf.png
INFO: [ app_init ] --START--
INFO: Run Behavior\BuildLiteBehavior [ RunTime:0.000000s ]
INFO: [ app_init ] --END-- [ RunTime:0.000000s ]
ERR: 无法加载模块:Public

[ 2016-12-26T11:22:31+08:00 ] 127.0.0.1 /Public/Uploads/16/07/22/5791cf36a122e.jpg
INFO: [ app_init ] --START--
INFO: Run Behavior\BuildLiteBehavior [ RunTime:0.000000s ]
INFO: [ app_init ] --END-- [ RunTime:0.000000s ]
ERR: 无法加载模块:Public

[ 2016-12-26T11:22:31+08:00 ] 127.0.0.1 /Public/Uploads/16/07/27/57985d52d7a9a.jpg
INFO: [ app_init ] --START--
INFO: Run Behavior\BuildLiteBehavior [ RunTime:0.000000s ]
INFO: [ app_init ] --END-- [ RunTime:0.000000s ]
ERR: 无法加载模块:Public

[ 2016-12-26T11:22:31+08:00 ] 127.0.0.1 /Public/Uploads/16/07/22/5791cf36a122e.jpg
INFO: [ app_init ] --START--
INFO: Run Behavior\BuildLiteBehavior [ RunTime:0.000000s ]
INFO: [ app_init ] --END-- [ RunTime:0.001000s ]
ERR: 无法加载模块:Public

[ 2016-12-26T11:22:31+08:00 ] 127.0.0.1 /Public/Uploads/16/07/27/57985d52d7a9a.jpg
INFO: [ app_init ] --START--
INFO: Run Behavior\BuildLiteBehavior [ RunTime:0.000000s ]
INFO: [ app_init ] --END-- [ RunTime:0.000000s ]
ERR: 无法加载模块:Public

[ 2016-12-26T11:22:49+08:00 ] 127.0.0.1 /Public/Uploads/16/06/21/5768d3c0629bf.png
INFO: [ app_init ] --START--
INFO: Run Behavior\BuildLiteBehavior [ RunTime:0.000000s ]
INFO: [ app_init ] --END-- [ RunTime:0.001000s ]
ERR: 无法加载模块:Public

[ 2016-12-26T11:22:49+08:00 ] 127.0.0.1 /Public/Uploads/16/07/22/5791cf36a122e.jpg
INFO: [ app_init ] --START--
INFO: Run Behavior\BuildLiteBehavior [ RunTime:0.000000s ]
INFO: [ app_init ] --END-- [ RunTime:0.000000s ]
ERR: 无法加载模块:Public

[ 2016-12-26T11:22:49+08:00 ] 127.0.0.1 /Public/Uploads/16/07/27/57985d52d7a9a.jpg
INFO: [ app_init ] --START--
INFO: Run Behavior\BuildLiteBehavior [ RunTime:0.000000s ]
INFO: [ app_init ] --END-- [ RunTime:0.000000s ]
ERR: 无法加载模块:Public

[ 2016-12-26T11:22:49+08:00 ] 127.0.0.1 /Public/Uploads/16/07/27/57985d52d7a9a.jpg
INFO: [ app_init ] --START--
INFO: Run Behavior\BuildLiteBehavior [ RunTime:0.000000s ]
INFO: [ app_init ] --END-- [ RunTime:0.000000s ]
ERR: 无法加载模块:Public

[ 2016-12-26T11:22:49+08:00 ] 127.0.0.1 /Public/Uploads/16/07/22/5791cf36a122e.jpg
INFO: [ app_init ] --START--
INFO: Run Behavior\BuildLiteBehavior [ RunTime:0.000000s ]
INFO: [ app_init ] --END-- [ RunTime:0.000000s ]
ERR: 无法加载模块:Public

[ 2016-12-26T11:24:40+08:00 ] 127.0.0.1 /Public/Uploads/16/06/21/5768d3c0629bf.png
INFO: [ app_init ] --START--
INFO: Run Behavior\BuildLiteBehavior [ RunTime:0.000000s ]
INFO: [ app_init ] --END-- [ RunTime:0.001000s ]
ERR: 无法加载模块:Public

[ 2016-12-26T11:24:40+08:00 ] 127.0.0.1 /Public/Uploads/16/07/27/57985d52d7a9a.jpg
INFO: [ app_init ] --START--
INFO: Run Behavior\BuildLiteBehavior [ RunTime:0.000000s ]
INFO: [ app_init ] --END-- [ RunTime:0.000000s ]
ERR: 无法加载模块:Public

[ 2016-12-26T11:24:40+08:00 ] 127.0.0.1 /Public/Uploads/16/07/22/5791cf36a122e.jpg
INFO: [ app_init ] --START--
INFO: Run Behavior\BuildLiteBehavior [ RunTime:0.000000s ]
INFO: [ app_init ] --END-- [ RunTime:0.000000s ]
ERR: 无法加载模块:Public

[ 2016-12-26T11:24:40+08:00 ] 127.0.0.1 /Public/Uploads/16/07/27/57985d52d7a9a.jpg
INFO: [ app_init ] --START--
INFO: Run Behavior\BuildLiteBehavior [ RunTime:0.001000s ]
INFO: [ app_init ] --END-- [ RunTime:0.001000s ]
ERR: 无法加载模块:Public

[ 2016-12-26T11:24:40+08:00 ] 127.0.0.1 /Public/Uploads/16/07/22/5791cf36a122e.jpg
INFO: [ app_init ] --START--
INFO: Run Behavior\BuildLiteBehavior [ RunTime:0.000000s ]
INFO: [ app_init ] --END-- [ RunTime:0.000000s ]
ERR: 无法加载模块:Public

[ 2016-12-26T11:25:47+08:00 ] 127.0.0.1 /Public/Uploads/16/07/27/57985d52d7a9a.jpg
INFO: [ app_init ] --START--
INFO: Run Behavior\BuildLiteBehavior [ RunTime:0.000000s ]
INFO: [ app_init ] --END-- [ RunTime:0.000000s ]
ERR: 无法加载模块:Public

[ 2016-12-26T11:25:47+08:00 ] 127.0.0.1 /Public/Uploads/16/06/21/5768d3c0629bf.png
INFO: [ app_init ] --START--
INFO: Run Behavior\BuildLiteBehavior [ RunTime:0.000000s ]
INFO: [ app_init ] --END-- [ RunTime:0.000000s ]
ERR: 无法加载模块:Public

[ 2016-12-26T11:25:47+08:00 ] 127.0.0.1 /Public/Uploads/16/07/22/5791cf36a122e.jpg
INFO: [ app_init ] --START--
INFO: Run Behavior\BuildLiteBehavior [ RunTime:0.000000s ]
INFO: [ app_init ] --END-- [ RunTime:0.000000s ]
ERR: 无法加载模块:Public

[ 2016-12-26T11:25:47+08:00 ] 127.0.0.1 /Public/Uploads/16/07/27/57985d52d7a9a.jpg
INFO: [ app_init ] --START--
INFO: Run Behavior\BuildLiteBehavior [ RunTime:0.000000s ]
INFO: [ app_init ] --END-- [ RunTime:0.000000s ]
ERR: 无法加载模块:Public

[ 2016-12-26T11:25:47+08:00 ] 127.0.0.1 /Public/Uploads/16/07/22/5791cf36a122e.jpg
INFO: [ app_init ] --START--
INFO: Run Behavior\BuildLiteBehavior [ RunTime:0.000000s ]
INFO: [ app_init ] --END-- [ RunTime:0.000000s ]
ERR: 无法加载模块:Public

[ 2016-12-26T11:41:19+08:00 ] 127.0.0.1 /Public/Uploads/16/06/21/5768d3c0629bf.png
INFO: [ app_init ] --START--
INFO: Run Behavior\BuildLiteBehavior [ RunTime:0.000000s ]
INFO: [ app_init ] --END-- [ RunTime:0.000000s ]
ERR: 无法加载模块:Public

[ 2016-12-26T11:41:19+08:00 ] 127.0.0.1 /Public/Uploads/16/07/22/5791cf36a122e.jpg
INFO: [ app_init ] --START--
INFO: Run Behavior\BuildLiteBehavior [ RunTime:0.000000s ]
INFO: [ app_init ] --END-- [ RunTime:0.000000s ]
ERR: 无法加载模块:Public

[ 2016-12-26T11:41:19+08:00 ] 127.0.0.1 /Public/Uploads/16/07/27/57985d52d7a9a.jpg
INFO: [ app_init ] --START--
INFO: Run Behavior\BuildLiteBehavior [ RunTime:0.000000s ]
INFO: [ app_init ] --END-- [ RunTime:0.000000s ]
ERR: 无法加载模块:Public

[ 2016-12-26T11:41:19+08:00 ] 127.0.0.1 /Public/Uploads/16/07/27/57985d52d7a9a.jpg
INFO: [ app_init ] --START--
INFO: Run Behavior\BuildLiteBehavior [ RunTime:0.000000s ]
INFO: [ app_init ] --END-- [ RunTime:0.000000s ]
ERR: 无法加载模块:Public

[ 2016-12-26T11:41:19+08:00 ] 127.0.0.1 /Public/Uploads/16/07/22/5791cf36a122e.jpg
INFO: [ app_init ] --START--
INFO: Run Behavior\BuildLiteBehavior [ RunTime:0.000000s ]
INFO: [ app_init ] --END-- [ RunTime:0.000000s ]
ERR: 无法加载模块:Public

[ 2016-12-26T11:43:08+08:00 ] 127.0.0.1 /Public/Uploads/16/06/21/5768d3c0629bf.png
INFO: [ app_init ] --START--
INFO: Run Behavior\BuildLiteBehavior [ RunTime:0.000000s ]
INFO: [ app_init ] --END-- [ RunTime:0.001000s ]
ERR: 无法加载模块:Public

[ 2016-12-26T11:43:08+08:00 ] 127.0.0.1 /Public/Uploads/16/07/22/5791cf36a122e.jpg
INFO: [ app_init ] --START--
INFO: Run Behavior\BuildLiteBehavior [ RunTime:0.000000s ]
INFO: [ app_init ] --END-- [ RunTime:0.000000s ]
ERR: 无法加载模块:Public

[ 2016-12-26T11:43:08+08:00 ] 127.0.0.1 /Public/Uploads/16/07/27/57985d52d7a9a.jpg
INFO: [ app_init ] --START--
INFO: Run Behavior\BuildLiteBehavior [ RunTime:0.000000s ]
INFO: [ app_init ] --END-- [ RunTime:0.001001s ]
ERR: 无法加载模块:Public

[ 2016-12-26T11:43:08+08:00 ] 127.0.0.1 /Public/Uploads/16/07/27/57985d52d7a9a.jpg
INFO: [ app_init ] --START--
INFO: Run Behavior\BuildLiteBehavior [ RunTime:0.000000s ]
INFO: [ app_init ] --END-- [ RunTime:0.000000s ]
ERR: 无法加载模块:Public

[ 2016-12-26T11:45:29+08:00 ] 127.0.0.1 /offers?key_model=&key_name=&cycle=&type=&process=&ct=&fa=
INFO: [ app_init ] --START--
INFO: Run Behavior\BuildLiteBehavior [ RunTime:0.001000s ]
INFO: [ app_init ] --END-- [ RunTime:0.001000s ]
ERR: 无法加载模块:Offers

[ 2016-12-26T11:51:01+08:00 ] 127.0.0.1 /Public/Uploads/16/06/21/5768d3c0629bf.png
INFO: [ app_init ] --START--
INFO: Run Behavior\BuildLiteBehavior [ RunTime:0.000000s ]
INFO: [ app_init ] --END-- [ RunTime:0.001000s ]
ERR: 无法加载模块:Public

[ 2016-12-26T11:51:01+08:00 ] 127.0.0.1 /Public/Uploads/16/07/27/57985d52d7a9a.jpg
INFO: [ app_init ] --START--
INFO: Run Behavior\BuildLiteBehavior [ RunTime:0.000000s ]
INFO: [ app_init ] --END-- [ RunTime:0.000000s ]
ERR: 无法加载模块:Public

[ 2016-12-26T11:51:01+08:00 ] 127.0.0.1 /Public/Uploads/16/07/22/5791cf36a122e.jpg
INFO: [ app_init ] --START--
INFO: Run Behavior\BuildLiteBehavior [ RunTime:0.000000s ]
INFO: [ app_init ] --END-- [ RunTime:0.001000s ]
ERR: 无法加载模块:Public

[ 2016-12-26T11:51:01+08:00 ] 127.0.0.1 /Public/Uploads/16/07/22/5791cf36a122e.jpg
INFO: [ app_init ] --START--
INFO: Run Behavior\BuildLiteBehavior [ RunTime:0.000000s ]
INFO: [ app_init ] --END-- [ RunTime:0.000000s ]
ERR: 无法加载模块:Public

[ 2016-12-26T11:51:01+08:00 ] 127.0.0.1 /Public/Uploads/16/07/27/57985d52d7a9a.jpg
INFO: [ app_init ] --START--
INFO: Run Behavior\BuildLiteBehavior [ RunTime:0.000000s ]
INFO: [ app_init ] --END-- [ RunTime:0.000000s ]
ERR: 无法加载模块:Public

[ 2016-12-26T11:53:45+08:00 ] 127.0.0.1 /offers?key_model=&key_name=&cycle=&type=&process=&ct=&fa=
INFO: [ app_init ] --START--
INFO: Run Behavior\BuildLiteBehavior [ RunTime:0.000000s ]
INFO: [ app_init ] --END-- [ RunTime:0.000000s ]
ERR: 无法加载模块:Offers

[ 2016-12-26T11:54:02+08:00 ] 127.0.0.1 /offers?key_model=&key_name=&cycle=&type=&process=&ct=&fa=
INFO: [ app_init ] --START--
INFO: Run Behavior\BuildLiteBehavior [ RunTime:0.000000s ]
INFO: [ app_init ] --END-- [ RunTime:0.000000s ]
ERR: 无法加载模块:Offers

[ 2016-12-26T11:57:41+08:00 ] 127.0.0.1 /Public/Uploads/16/07/22/5791cf36a122e.jpg
INFO: [ app_init ] --START--
INFO: Run Behavior\BuildLiteBehavior [ RunTime:0.000000s ]
INFO: [ app_init ] --END-- [ RunTime:0.000000s ]
ERR: 无法加载模块:Public

[ 2016-12-26T11:57:41+08:00 ] 127.0.0.1 /Public/Uploads/16/06/21/5768d3c0629bf.png
INFO: [ app_init ] --START--
INFO: Run Behavior\BuildLiteBehavior [ RunTime:0.000000s ]
INFO: [ app_init ] --END-- [ RunTime:0.000000s ]
ERR: 无法加载模块:Public

[ 2016-12-26T11:57:41+08:00 ] 127.0.0.1 /Public/Uploads/16/07/27/57985d52d7a9a.jpg
INFO: [ app_init ] --START--
INFO: Run Behavior\BuildLiteBehavior [ RunTime:0.000000s ]
INFO: [ app_init ] --END-- [ RunTime:0.000000s ]
ERR: 无法加载模块:Public

[ 2016-12-26T11:57:42+08:00 ] 127.0.0.1 /Public/Uploads/16/07/27/57985d52d7a9a.jpg
INFO: [ app_init ] --START--
INFO: Run Behavior\BuildLiteBehavior [ RunTime:0.000000s ]
INFO: [ app_init ] --END-- [ RunTime:0.000000s ]
ERR: 无法加载模块:Public

[ 2016-12-26T11:57:42+08:00 ] 127.0.0.1 /Public/Uploads/16/07/22/5791cf36a122e.jpg
INFO: [ app_init ] --START--
INFO: Run Behavior\BuildLiteBehavior [ RunTime:0.000000s ]
INFO: [ app_init ] --END-- [ RunTime:0.000000s ]
ERR: 无法加载模块:Public

[ 2016-12-26T11:57:55+08:00 ] 127.0.0.1 /Public/Uploads/16/06/21/5768d3c0629bf.png
INFO: [ app_init ] --START--
INFO: Run Behavior\BuildLiteBehavior [ RunTime:0.000000s ]
INFO: [ app_init ] --END-- [ RunTime:0.000000s ]
ERR: 无法加载模块:Public

[ 2016-12-26T11:57:55+08:00 ] 127.0.0.1 /Public/Uploads/16/07/22/5791cf36a122e.jpg
INFO: [ app_init ] --START--
INFO: Run Behavior\BuildLiteBehavior [ RunTime:0.000000s ]
INFO: [ app_init ] --END-- [ RunTime:0.000000s ]
ERR: 无法加载模块:Public

[ 2016-12-26T11:57:55+08:00 ] 127.0.0.1 /Public/Uploads/16/07/27/57985d52d7a9a.jpg
INFO: [ app_init ] --START--
INFO: Run Behavior\BuildLiteBehavior [ RunTime:0.000000s ]
INFO: [ app_init ] --END-- [ RunTime:0.000000s ]
ERR: 无法加载模块:Public

[ 2016-12-26T11:57:55+08:00 ] 127.0.0.1 /Public/Uploads/16/07/22/5791cf36a122e.jpg
INFO: [ app_init ] --START--
INFO: Run Behavior\BuildLiteBehavior [ RunTime:0.000000s ]
INFO: [ app_init ] --END-- [ RunTime:0.000000s ]
ERR: 无法加载模块:Public

[ 2016-12-26T11:57:55+08:00 ] 127.0.0.1 /Public/Uploads/16/07/27/57985d52d7a9a.jpg
INFO: [ app_init ] --START--
INFO: Run Behavior\BuildLiteBehavior [ RunTime:0.001000s ]
INFO: [ app_init ] --END-- [ RunTime:0.001000s ]
ERR: 无法加载模块:Public

[ 2016-12-26T11:58:42+08:00 ] 127.0.0.1 /Public/Uploads/16/06/21/5768d3c0629bf.png
INFO: [ app_init ] --START--
INFO: Run Behavior\BuildLiteBehavior [ RunTime:0.000000s ]
INFO: [ app_init ] --END-- [ RunTime:0.000000s ]
ERR: 无法加载模块:Public

[ 2016-12-26T11:58:42+08:00 ] 127.0.0.1 /Public/Uploads/16/07/27/57985d52d7a9a.jpg
INFO: [ app_init ] --START--
INFO: Run Behavior\BuildLiteBehavior [ RunTime:0.000000s ]
INFO: [ app_init ] --END-- [ RunTime:0.000000s ]
ERR: 无法加载模块:Public

[ 2016-12-26T11:58:42+08:00 ] 127.0.0.1 /Public/Uploads/16/07/22/5791cf36a122e.jpg
INFO: [ app_init ] --START--
INFO: Run Behavior\BuildLiteBehavior [ RunTime:0.000000s ]
INFO: [ app_init ] --END-- [ RunTime:0.000000s ]
ERR: 无法加载模块:Public

[ 2016-12-26T11:58:42+08:00 ] 127.0.0.1 /Public/Uploads/16/07/22/5791cf36a122e.jpg
INFO: [ app_init ] --START--
INFO: Run Behavior\BuildLiteBehavior [ RunTime:0.000000s ]
INFO: [ app_init ] --END-- [ RunTime:0.000000s ]
ERR: 无法加载模块:Public

[ 2016-12-26T11:58:42+08:00 ] 127.0.0.1 /Public/Uploads/16/07/27/57985d52d7a9a.jpg
INFO: [ app_init ] --START--
INFO: Run Behavior\BuildLiteBehavior [ RunTime:0.000000s ]
INFO: [ app_init ] --END-- [ RunTime:0.000000s ]
ERR: 无法加载模块:Public

[ 2016-12-26T12:56:32+08:00 ] 127.0.0.1 /Public/Uploads/16/06/21/5768d3c0629bf.png
INFO: [ app_init ] --START--
INFO: Run Behavior\BuildLiteBehavior [ RunTime:0.000000s ]
INFO: [ app_init ] --END-- [ RunTime:0.000000s ]
ERR: 无法加载模块:Public

[ 2016-12-26T12:56:32+08:00 ] 127.0.0.1 /Public/Uploads/16/07/27/57985d52d7a9a.jpg
INFO: [ app_init ] --START--
INFO: Run Behavior\BuildLiteBehavior [ RunTime:0.000000s ]
INFO: [ app_init ] --END-- [ RunTime:0.000000s ]
ERR: 无法加载模块:Public

[ 2016-12-26T12:56:32+08:00 ] 127.0.0.1 /Public/Uploads/16/07/22/5791cf36a122e.jpg
INFO: [ app_init ] --START--
INFO: Run Behavior\BuildLiteBehavior [ RunTime:0.000000s ]
INFO: [ app_init ] --END-- [ RunTime:0.001000s ]
ERR: 无法加载模块:Public

[ 2016-12-26T12:56:33+08:00 ] 127.0.0.1 /Public/Uploads/16/07/27/57985d52d7a9a.jpg
INFO: [ app_init ] --START--
INFO: Run Behavior\BuildLiteBehavior [ RunTime:0.000000s ]
INFO: [ app_init ] --END-- [ RunTime:0.000000s ]
ERR: 无法加载模块:Public

[ 2016-12-26T12:56:33+08:00 ] 127.0.0.1 /Public/Uploads/16/07/22/5791cf36a122e.jpg
INFO: [ app_init ] --START--
INFO: Run Behavior\BuildLiteBehavior [ RunTime:0.000000s ]
INFO: [ app_init ] --END-- [ RunTime:0.000000s ]
ERR: 无法加载模块:Public

[ 2016-12-26T12:57:45+08:00 ] 127.0.0.1 /Public/Uploads/16/07/22/5791cf36a122e.jpg
INFO: [ app_init ] --START--
INFO: Run Behavior\BuildLiteBehavior [ RunTime:0.000000s ]
INFO: [ app_init ] --END-- [ RunTime:0.000000s ]
ERR: 无法加载模块:Public

[ 2016-12-26T12:57:45+08:00 ] 127.0.0.1 /Public/Uploads/16/06/21/5768d3c0629bf.png
INFO: [ app_init ] --START--
INFO: Run Behavior\BuildLiteBehavior [ RunTime:0.000000s ]
INFO: [ app_init ] --END-- [ RunTime:0.000000s ]
ERR: 无法加载模块:Public

[ 2016-12-26T12:57:45+08:00 ] 127.0.0.1 /Public/Uploads/16/07/22/5791cf36a122e.jpg
INFO: [ app_init ] --START--
INFO: Run Behavior\BuildLiteBehavior [ RunTime:0.000000s ]
INFO: [ app_init ] --END-- [ RunTime:0.000000s ]
ERR: 无法加载模块:Public

[ 2016-12-26T12:57:45+08:00 ] 127.0.0.1 /Public/Uploads/16/07/27/57985d52d7a9a.jpg
INFO: [ app_init ] --START--
INFO: Run Behavior\BuildLiteBehavior [ RunTime:0.000000s ]
INFO: [ app_init ] --END-- [ RunTime:0.000000s ]
ERR: 无法加载模块:Public

[ 2016-12-26T12:57:59+08:00 ] 127.0.0.1 /Public/Uploads/16/06/21/5768d3c0629bf.png
INFO: [ app_init ] --START--
INFO: Run Behavior\BuildLiteBehavior [ RunTime:0.000000s ]
INFO: [ app_init ] --END-- [ RunTime:0.000000s ]
ERR: 无法加载模块:Public

[ 2016-12-26T12:57:59+08:00 ] 127.0.0.1 /Public/Uploads/16/07/22/5791cf36a122e.jpg
INFO: [ app_init ] --START--
INFO: Run Behavior\BuildLiteBehavior [ RunTime:0.000000s ]
INFO: [ app_init ] --END-- [ RunTime:0.000000s ]
ERR: 无法加载模块:Public

[ 2016-12-26T12:57:59+08:00 ] 127.0.0.1 /Public/Uploads/16/07/27/57985d52d7a9a.jpg
INFO: [ app_init ] --START--
INFO: Run Behavior\BuildLiteBehavior [ RunTime:0.000000s ]
INFO: [ app_init ] --END-- [ RunTime:0.000000s ]
ERR: 无法加载模块:Public

[ 2016-12-26T12:57:59+08:00 ] 127.0.0.1 /Public/Uploads/16/07/22/5791cf36a122e.jpg
INFO: [ app_init ] --START--
INFO: Run Behavior\BuildLiteBehavior [ RunTime:0.000000s ]
INFO: [ app_init ] --END-- [ RunTime:0.000000s ]
ERR: 无法加载模块:Public

[ 2016-12-26T12:57:59+08:00 ] 127.0.0.1 /Public/Uploads/16/07/27/57985d52d7a9a.jpg
INFO: [ app_init ] --START--
INFO: Run Behavior\BuildLiteBehavior [ RunTime:0.000000s ]
INFO: [ app_init ] --END-- [ RunTime:0.000000s ]
ERR: 无法加载模块:Public

[ 2016-12-26T12:58:02+08:00 ] 127.0.0.1 /Public/Uploads/16/06/21/5768d3c0629bf.png
INFO: [ app_init ] --START--
INFO: Run Behavior\BuildLiteBehavior [ RunTime:0.000000s ]
INFO: [ app_init ] --END-- [ RunTime:0.000000s ]
ERR: 无法加载模块:Public

[ 2016-12-26T12:58:02+08:00 ] 127.0.0.1 /Public/Uploads/16/07/22/5791cf36a122e.jpg
INFO: [ app_init ] --START--
INFO: Run Behavior\BuildLiteBehavior [ RunTime:0.000000s ]
INFO: [ app_init ] --END-- [ RunTime:0.001000s ]
ERR: 无法加载模块:Public

[ 2016-12-26T12:58:02+08:00 ] 127.0.0.1 /Public/Uploads/16/07/27/57985d52d7a9a.jpg
INFO: [ app_init ] --START--
INFO: Run Behavior\BuildLiteBehavior [ RunTime:0.000000s ]
INFO: [ app_init ] --END-- [ RunTime:0.000000s ]
ERR: 无法加载模块:Public

[ 2016-12-26T12:58:02+08:00 ] 127.0.0.1 /Public/Uploads/16/07/27/57985d52d7a9a.jpg
INFO: [ app_init ] --START--
INFO: Run Behavior\BuildLiteBehavior [ RunTime:0.000000s ]
INFO: [ app_init ] --END-- [ RunTime:0.001000s ]
ERR: 无法加载模块:Public

[ 2016-12-26T12:58:02+08:00 ] 127.0.0.1 /Public/Uploads/16/07/22/5791cf36a122e.jpg
INFO: [ app_init ] --START--
INFO: Run Behavior\BuildLiteBehavior [ RunTime:0.000000s ]
INFO: [ app_init ] --END-- [ RunTime:0.000000s ]
ERR: 无法加载模块:Public

[ 2016-12-26T13:26:31+08:00 ] 127.0.0.1 /Public/Uploads/16/07/27/57985d52d7a9a.jpg
INFO: [ app_init ] --START--
INFO: Run Behavior\BuildLiteBehavior [ RunTime:0.000000s ]
INFO: [ app_init ] --END-- [ RunTime:0.000000s ]
ERR: 无法加载模块:Public

[ 2016-12-26T13:26:31+08:00 ] 127.0.0.1 /Public/Uploads/16/06/21/5768d3c0629bf.png
INFO: [ app_init ] --START--
INFO: Run Behavior\BuildLiteBehavior [ RunTime:0.000000s ]
INFO: [ app_init ] --END-- [ RunTime:0.000000s ]
ERR: 无法加载模块:Public

[ 2016-12-26T13:26:31+08:00 ] 127.0.0.1 /Public/Uploads/16/07/22/5791cf36a122e.jpg
INFO: [ app_init ] --START--
INFO: Run Behavior\BuildLiteBehavior [ RunTime:0.000000s ]
INFO: [ app_init ] --END-- [ RunTime:0.000000s ]
ERR: 无法加载模块:Public

[ 2016-12-26T13:26:32+08:00 ] 127.0.0.1 /Public/Uploads/16/07/22/5791cf36a122e.jpg
INFO: [ app_init ] --START--
INFO: Run Behavior\BuildLiteBehavior [ RunTime:0.000000s ]
INFO: [ app_init ] --END-- [ RunTime:0.000000s ]
ERR: 无法加载模块:Public

[ 2016-12-26T13:26:32+08:00 ] 127.0.0.1 /Public/Uploads/16/07/27/57985d52d7a9a.jpg
INFO: [ app_init ] --START--
INFO: Run Behavior\BuildLiteBehavior [ RunTime:0.001000s ]
INFO: [ app_init ] --END-- [ RunTime:0.001000s ]
ERR: 无法加载模块:Public

[ 2016-12-26T13:27:34+08:00 ] 127.0.0.1 /Public/Uploads/16/06/21/5768d3c0629bf.png
INFO: [ app_init ] --START--
INFO: Run Behavior\BuildLiteBehavior [ RunTime:0.000000s ]
INFO: [ app_init ] --END-- [ RunTime:0.000000s ]
ERR: 无法加载模块:Public

[ 2016-12-26T13:27:34+08:00 ] 127.0.0.1 /Public/Uploads/16/07/27/57985d52d7a9a.jpg
INFO: [ app_init ] --START--
INFO: Run Behavior\BuildLiteBehavior [ RunTime:0.000000s ]
INFO: [ app_init ] --END-- [ RunTime:0.000000s ]
ERR: 无法加载模块:Public

[ 2016-12-26T13:27:34+08:00 ] 127.0.0.1 /Public/Uploads/16/07/22/5791cf36a122e.jpg
INFO: [ app_init ] --START--
INFO: Run Behavior\BuildLiteBehavior [ RunTime:0.000000s ]
INFO: [ app_init ] --END-- [ RunTime:0.000000s ]
ERR: 无法加载模块:Public

[ 2016-12-26T13:27:35+08:00 ] 127.0.0.1 /Public/Uploads/16/07/22/5791cf36a122e.jpg
INFO: [ app_init ] --START--
INFO: Run Behavior\BuildLiteBehavior [ RunTime:0.000000s ]
INFO: [ app_init ] --END-- [ RunTime:0.001001s ]
ERR: 无法加载模块:Public

[ 2016-12-26T13:27:35+08:00 ] 127.0.0.1 /Public/Uploads/16/07/27/57985d52d7a9a.jpg
INFO: [ app_init ] --START--
INFO: Run Behavior\BuildLiteBehavior [ RunTime:0.000000s ]
INFO: [ app_init ] --END-- [ RunTime:0.000000s ]
ERR: 无法加载模块:Public

[ 2016-12-26T13:27:38+08:00 ] 127.0.0.1 /Public/Uploads/16/07/22/5791cf36a122e.jpg
INFO: [ app_init ] --START--
INFO: Run Behavior\BuildLiteBehavior [ RunTime:0.001000s ]
INFO: [ app_init ] --END-- [ RunTime:0.001000s ]
ERR: 无法加载模块:Public

[ 2016-12-26T13:27:38+08:00 ] 127.0.0.1 /Public/Uploads/16/07/27/57985d52d7a9a.jpg
INFO: [ app_init ] --START--
INFO: Run Behavior\BuildLiteBehavior [ RunTime:0.000000s ]
INFO: [ app_init ] --END-- [ RunTime:0.000000s ]
ERR: 无法加载模块:Public

[ 2016-12-26T13:27:38+08:00 ] 127.0.0.1 /Public/Uploads/16/06/21/5768d3c0629bf.png
INFO: [ app_init ] --START--
INFO: Run Behavior\BuildLiteBehavior [ RunTime:0.000000s ]
INFO: [ app_init ] --END-- [ RunTime:0.000000s ]
ERR: 无法加载模块:Public

[ 2016-12-26T13:27:39+08:00 ] 127.0.0.1 /Public/Uploads/16/07/22/5791cf36a122e.jpg
INFO: [ app_init ] --START--
INFO: Run Behavior\BuildLiteBehavior [ RunTime:0.000000s ]
INFO: [ app_init ] --END-- [ RunTime:0.000000s ]
ERR: 无法加载模块:Public

[ 2016-12-26T13:27:39+08:00 ] 127.0.0.1 /Public/Uploads/16/07/27/57985d52d7a9a.jpg
INFO: [ app_init ] --START--
INFO: Run Behavior\BuildLiteBehavior [ RunTime:0.000000s ]
INFO: [ app_init ] --END-- [ RunTime:0.000000s ]
ERR: 无法加载模块:Public

[ 2016-12-26T13:28:08+08:00 ] 127.0.0.1 /Public/Uploads/16/06/21/5768d3c0629bf.png
INFO: [ app_init ] --START--
INFO: Run Behavior\BuildLiteBehavior [ RunTime:0.000000s ]
INFO: [ app_init ] --END-- [ RunTime:0.000000s ]
ERR: 无法加载模块:Public

[ 2016-12-26T13:28:08+08:00 ] 127.0.0.1 /Public/Uploads/16/07/22/5791cf36a122e.jpg
INFO: [ app_init ] --START--
INFO: Run Behavior\BuildLiteBehavior [ RunTime:0.000000s ]
INFO: [ app_init ] --END-- [ RunTime:0.000000s ]
ERR: 无法加载模块:Public

[ 2016-12-26T13:28:08+08:00 ] 127.0.0.1 /Public/Uploads/16/07/27/57985d52d7a9a.jpg
INFO: [ app_init ] --START--
INFO: Run Behavior\BuildLiteBehavior [ RunTime:0.000000s ]
INFO: [ app_init ] --END-- [ RunTime:0.000000s ]
ERR: 无法加载模块:Public

[ 2016-12-26T13:28:08+08:00 ] 127.0.0.1 /Public/Uploads/16/07/27/57985d52d7a9a.jpg
INFO: [ app_init ] --START--
INFO: Run Behavior\BuildLiteBehavior [ RunTime:0.000000s ]
INFO: [ app_init ] --END-- [ RunTime:0.000000s ]
ERR: 无法加载模块:Public

[ 2016-12-26T13:28:08+08:00 ] 127.0.0.1 /Public/Uploads/16/07/22/5791cf36a122e.jpg
INFO: [ app_init ] --START--
INFO: Run Behavior\BuildLiteBehavior [ RunTime:0.000000s ]
INFO: [ app_init ] --END-- [ RunTime:0.000000s ]
ERR: 无法加载模块:Public

[ 2016-12-26T14:26:29+08:00 ] 127.0.0.1 /Public/Uploads/16/07/22/5791cf36a122e.jpg
INFO: [ app_init ] --START--
INFO: Run Behavior\BuildLiteBehavior [ RunTime:0.000000s ]
INFO: [ app_init ] --END-- [ RunTime:0.000000s ]
ERR: 无法加载模块:Public

[ 2016-12-26T14:26:29+08:00 ] 127.0.0.1 /Public/Uploads/16/06/21/5768d3c0629bf.png
INFO: [ app_init ] --START--
INFO: Run Behavior\BuildLiteBehavior [ RunTime:0.000000s ]
INFO: [ app_init ] --END-- [ RunTime:0.000000s ]
ERR: 无法加载模块:Public

[ 2016-12-26T14:26:29+08:00 ] 127.0.0.1 /Public/Uploads/16/07/27/57985d52d7a9a.jpg
INFO: [ app_init ] --START--
INFO: Run Behavior\BuildLiteBehavior [ RunTime:0.000000s ]
INFO: [ app_init ] --END-- [ RunTime:0.001000s ]
ERR: 无法加载模块:Public

[ 2016-12-26T14:26:30+08:00 ] 127.0.0.1 /Public/Uploads/16/07/22/5791cf36a122e.jpg
INFO: [ app_init ] --START--
INFO: Run Behavior\BuildLiteBehavior [ RunTime:0.000000s ]
INFO: [ app_init ] --END-- [ RunTime:0.000000s ]
ERR: 无法加载模块:Public

[ 2016-12-26T14:26:30+08:00 ] 127.0.0.1 /Public/Uploads/16/07/27/57985d52d7a9a.jpg
INFO: [ app_init ] --START--
INFO: Run Behavior\BuildLiteBehavior [ RunTime:0.000000s ]
INFO: [ app_init ] --END-- [ RunTime:0.000000s ]
ERR: 无法加载模块:Public

[ 2016-12-26T15:52:17+08:00 ] 127.0.0.1 /Public/Uploads/16/07/22/5791cf36a122e.jpg
INFO: [ app_init ] --START--
INFO: Run Behavior\BuildLiteBehavior [ RunTime:0.000000s ]
INFO: [ app_init ] --END-- [ RunTime:0.000000s ]
ERR: 无法加载模块:Public

[ 2016-12-26T15:52:17+08:00 ] 127.0.0.1 /Public/Uploads/16/07/27/57985d52d7a9a.jpg
INFO: [ app_init ] --START--
INFO: Run Behavior\BuildLiteBehavior [ RunTime:0.000000s ]
INFO: [ app_init ] --END-- [ RunTime:0.000000s ]
ERR: 无法加载模块:Public

[ 2016-12-26T15:52:17+08:00 ] 127.0.0.1 /Public/Uploads/16/06/21/5768d3c0629bf.png
INFO: [ app_init ] --START--
INFO: Run Behavior\BuildLiteBehavior [ RunTime:0.000000s ]
INFO: [ app_init ] --END-- [ RunTime:0.000000s ]
ERR: 无法加载模块:Public

[ 2016-12-26T15:52:17+08:00 ] 127.0.0.1 /Public/Uploads/16/07/27/57985d52d7a9a.jpg
INFO: [ app_init ] --START--
INFO: Run Behavior\BuildLiteBehavior [ RunTime:0.000000s ]
INFO: [ app_init ] --END-- [ RunTime:0.000000s ]
ERR: 无法加载模块:Public

[ 2016-12-26T15:52:17+08:00 ] 127.0.0.1 /Public/Uploads/16/07/22/5791cf36a122e.jpg
INFO: [ app_init ] --START--
INFO: Run Behavior\BuildLiteBehavior [ RunTime:0.000000s ]
INFO: [ app_init ] --END-- [ RunTime:0.001000s ]
ERR: 无法加载模块:Public

[ 2016-12-26T15:53:11+08:00 ] 127.0.0.1 /Public/Uploads/16/07/27/57985d52d7a9a.jpg
INFO: [ app_init ] --START--
INFO: Run Behavior\BuildLiteBehavior [ RunTime:0.000000s ]
INFO: [ app_init ] --END-- [ RunTime:0.000000s ]
ERR: 无法加载模块:Public

[ 2016-12-26T15:53:11+08:00 ] 127.0.0.1 /Public/Uploads/16/07/22/5791cf36a122e.jpg
INFO: [ app_init ] --START--
INFO: Run Behavior\BuildLiteBehavior [ RunTime:0.000000s ]
INFO: [ app_init ] --END-- [ RunTime:0.000000s ]
ERR: 无法加载模块:Public

[ 2016-12-26T15:53:12+08:00 ] 127.0.0.1 /Public/Uploads/16/07/27/57985d52d7a9a.jpg
INFO: [ app_init ] --START--
INFO: Run Behavior\BuildLiteBehavior [ RunTime:0.000000s ]
INFO: [ app_init ] --END-- [ RunTime:0.000000s ]
ERR: 无法加载模块:Public

[ 2016-12-26T15:53:12+08:00 ] 127.0.0.1 /Public/Uploads/16/07/22/5791cf36a122e.jpg
INFO: [ app_init ] --START--
INFO: Run Behavior\BuildLiteBehavior [ RunTime:0.000000s ]
INFO: [ app_init ] --END-- [ RunTime:0.000000s ]
ERR: 无法加载模块:Public

[ 2016-12-26T15:53:37+08:00 ] 127.0.0.1 /Public/Uploads/16/06/21/5768d3c0629bf.png
INFO: [ app_init ] --START--
INFO: Run Behavior\BuildLiteBehavior [ RunTime:0.000000s ]
INFO: [ app_init ] --END-- [ RunTime:0.000000s ]
ERR: 无法加载模块:Public

[ 2016-12-26T15:53:37+08:00 ] 127.0.0.1 /Public/Uploads/16/07/27/57985d52d7a9a.jpg
INFO: [ app_init ] --START--
INFO: Run Behavior\BuildLiteBehavior [ RunTime:0.000000s ]
INFO: [ app_init ] --END-- [ RunTime:0.000000s ]
ERR: 无法加载模块:Public

[ 2016-12-26T15:53:37+08:00 ] 127.0.0.1 /Public/Uploads/16/07/22/5791cf36a122e.jpg
INFO: [ app_init ] --START--
INFO: Run Behavior\BuildLiteBehavior [ RunTime:0.000000s ]
INFO: [ app_init ] --END-- [ RunTime:0.000000s ]
ERR: 无法加载模块:Public

[ 2016-12-26T15:53:37+08:00 ] 127.0.0.1 /Public/Uploads/16/07/22/5791cf36a122e.jpg
INFO: [ app_init ] --START--
INFO: Run Behavior\BuildLiteBehavior [ RunTime:0.000000s ]
INFO: [ app_init ] --END-- [ RunTime:0.000000s ]
ERR: 无法加载模块:Public

[ 2016-12-26T15:53:37+08:00 ] 127.0.0.1 /Public/Uploads/16/07/27/57985d52d7a9a.jpg
INFO: [ app_init ] --START--
INFO: Run Behavior\BuildLiteBehavior [ RunTime:0.000000s ]
INFO: [ app_init ] --END-- [ RunTime:0.000000s ]
ERR: 无法加载模块:Public

[ 2016-12-26T15:55:07+08:00 ] 127.0.0.1 /Public/Uploads/16/06/21/5768d3c0629bf.png
INFO: [ app_init ] --START--
INFO: Run Behavior\BuildLiteBehavior [ RunTime:0.000000s ]
INFO: [ app_init ] --END-- [ RunTime:0.000000s ]
ERR: 无法加载模块:Public

[ 2016-12-26T15:55:07+08:00 ] 127.0.0.1 /Public/Uploads/16/07/27/57985d52d7a9a.jpg
INFO: [ app_init ] --START--
INFO: Run Behavior\BuildLiteBehavior [ RunTime:0.000000s ]
INFO: [ app_init ] --END-- [ RunTime:0.000000s ]
ERR: 无法加载模块:Public

[ 2016-12-26T15:55:07+08:00 ] 127.0.0.1 /Public/Uploads/16/07/22/5791cf36a122e.jpg
INFO: [ app_init ] --START--
INFO: Run Behavior\BuildLiteBehavior [ RunTime:0.000000s ]
INFO: [ app_init ] --END-- [ RunTime:0.000000s ]
ERR: 无法加载模块:Public

[ 2016-12-26T15:55:07+08:00 ] 127.0.0.1 /Public/Uploads/16/07/27/57985d52d7a9a.jpg
INFO: [ app_init ] --START--
INFO: Run Behavior\BuildLiteBehavior [ RunTime:0.000000s ]
INFO: [ app_init ] --END-- [ RunTime:0.000000s ]
ERR: 无法加载模块:Public

[ 2016-12-26T15:55:07+08:00 ] 127.0.0.1 /Public/Uploads/16/07/22/5791cf36a122e.jpg
INFO: [ app_init ] --START--
INFO: Run Behavior\BuildLiteBehavior [ RunTime:0.001000s ]
INFO: [ app_init ] --END-- [ RunTime:0.001000s ]
ERR: 无法加载模块:Public

[ 2016-12-26T15:57:35+08:00 ] 127.0.0.1 /Public/Uploads/16/06/21/5768d3c0629bf.png
INFO: [ app_init ] --START--
INFO: Run Behavior\BuildLiteBehavior [ RunTime:0.000000s ]
INFO: [ app_init ] --END-- [ RunTime:0.000000s ]
ERR: 无法加载模块:Public

[ 2016-12-26T15:57:35+08:00 ] 127.0.0.1 /Public/Uploads/16/07/27/57985d52d7a9a.jpg
INFO: [ app_init ] --START--
INFO: Run Behavior\BuildLiteBehavior [ RunTime:0.000000s ]
INFO: [ app_init ] --END-- [ RunTime:0.000000s ]
ERR: 无法加载模块:Public

[ 2016-12-26T15:57:35+08:00 ] 127.0.0.1 /Public/Uploads/16/07/22/5791cf36a122e.jpg
INFO: [ app_init ] --START--
INFO: Run Behavior\BuildLiteBehavior [ RunTime:0.000000s ]
INFO: [ app_init ] --END-- [ RunTime:0.000000s ]
ERR: 无法加载模块:Public

[ 2016-12-26T15:57:36+08:00 ] 127.0.0.1 /Public/Uploads/16/07/22/5791cf36a122e.jpg
INFO: [ app_init ] --START--
INFO: Run Behavior\BuildLiteBehavior [ RunTime:0.000000s ]
INFO: [ app_init ] --END-- [ RunTime:0.000000s ]
ERR: 无法加载模块:Public

[ 2016-12-26T15:57:36+08:00 ] 127.0.0.1 /Public/Uploads/16/07/27/57985d52d7a9a.jpg
INFO: [ app_init ] --START--
INFO: Run Behavior\BuildLiteBehavior [ RunTime:0.000000s ]
INFO: [ app_init ] --END-- [ RunTime:0.000000s ]
ERR: 无法加载模块:Public

[ 2016-12-26T16:10:08+08:00 ] 127.0.0.1 /Public/Uploads/16/06/21/5768d3c0629bf.png
INFO: [ app_init ] --START--
INFO: Run Behavior\BuildLiteBehavior [ RunTime:0.000000s ]
INFO: [ app_init ] --END-- [ RunTime:0.001000s ]
ERR: 无法加载模块:Public

[ 2016-12-26T16:10:08+08:00 ] 127.0.0.1 /Public/Uploads/16/07/22/5791cf36a122e.jpg
INFO: [ app_init ] --START--
INFO: Run Behavior\BuildLiteBehavior [ RunTime:0.000000s ]
INFO: [ app_init ] --END-- [ RunTime:0.000000s ]
ERR: 无法加载模块:Public

[ 2016-12-26T16:10:08+08:00 ] 127.0.0.1 /Public/Uploads/16/07/27/57985d52d7a9a.jpg
INFO: [ app_init ] --START--
INFO: Run Behavior\BuildLiteBehavior [ RunTime:0.000000s ]
INFO: [ app_init ] --END-- [ RunTime:0.000000s ]
ERR: 无法加载模块:Public

[ 2016-12-26T16:10:09+08:00 ] 127.0.0.1 /Public/Uploads/16/07/27/57985d52d7a9a.jpg
INFO: [ app_init ] --START--
INFO: Run Behavior\BuildLiteBehavior [ RunTime:0.000000s ]
INFO: [ app_init ] --END-- [ RunTime:0.000000s ]
ERR: 无法加载模块:Public

[ 2016-12-26T16:10:09+08:00 ] 127.0.0.1 /Public/Uploads/16/07/22/5791cf36a122e.jpg
INFO: [ app_init ] --START--
INFO: Run Behavior\BuildLiteBehavior [ RunTime:0.000000s ]
INFO: [ app_init ] --END-- [ RunTime:0.000000s ]
ERR: 无法加载模块:Public

[ 2016-12-26T16:10:11+08:00 ] 127.0.0.1 /offers?key_model=&key_name=&cycle=&type=1&process=&ct=&fa=
INFO: [ app_init ] --START--
INFO: Run Behavior\BuildLiteBehavior [ RunTime:0.000000s ]
INFO: [ app_init ] --END-- [ RunTime:0.000000s ]
ERR: 无法加载模块:Offers

[ 2016-12-26T16:10:20+08:00 ] 127.0.0.1 /offers?key_model=&key_name=&cycle=&type=2&process=&ct=&fa=
INFO: [ app_init ] --START--
INFO: Run Behavior\BuildLiteBehavior [ RunTime:0.000000s ]
INFO: [ app_init ] --END-- [ RunTime:0.000000s ]
ERR: 无法加载模块:Offers

[ 2016-12-26T16:10:51+08:00 ] 127.0.0.1 /Public/Uploads/16/07/27/57985d52d7a9a.jpg
INFO: [ app_init ] --START--
INFO: Run Behavior\BuildLiteBehavior [ RunTime:0.000000s ]
INFO: [ app_init ] --END-- [ RunTime:0.000000s ]
ERR: 无法加载模块:Public

[ 2016-12-26T16:10:51+08:00 ] 127.0.0.1 /Public/Uploads/16/06/21/5768d3c0629bf.png
INFO: [ app_init ] --START--
INFO: Run Behavior\BuildLiteBehavior [ RunTime:0.000000s ]
INFO: [ app_init ] --END-- [ RunTime:0.000000s ]
ERR: 无法加载模块:Public

[ 2016-12-26T16:10:51+08:00 ] 127.0.0.1 /Public/Uploads/16/07/22/5791cf36a122e.jpg
INFO: [ app_init ] --START--
INFO: Run Behavior\BuildLiteBehavior [ RunTime:0.000000s ]
INFO: [ app_init ] --END-- [ RunTime:0.000000s ]
ERR: 无法加载模块:Public

[ 2016-12-26T16:10:51+08:00 ] 127.0.0.1 /Public/Uploads/16/07/27/57985d52d7a9a.jpg
INFO: [ app_init ] --START--
INFO: Run Behavior\BuildLiteBehavior [ RunTime:0.000000s ]
INFO: [ app_init ] --END-- [ RunTime:0.000000s ]
ERR: 无法加载模块:Public

[ 2016-12-26T16:10:51+08:00 ] 127.0.0.1 /Public/Uploads/16/07/22/5791cf36a122e.jpg
INFO: [ app_init ] --START--
INFO: Run Behavior\BuildLiteBehavior [ RunTime:0.000000s ]
INFO: [ app_init ] --END-- [ RunTime:0.000000s ]
ERR: 无法加载模块:Public

[ 2016-12-26T16:13:19+08:00 ] 127.0.0.1 /offers?key_model=&key_name=&cycle=&type=1&process=&ct=&fa=
INFO: [ app_init ] --START--
INFO: Run Behavior\BuildLiteBehavior [ RunTime:0.000000s ]
INFO: [ app_init ] --END-- [ RunTime:0.000000s ]
ERR: 无法加载模块:Offers

[ 2016-12-26T16:16:08+08:00 ] 127.0.0.1 /offers?key_model=&key_name=&cycle=&type=1&process=&ct=&fa=
INFO: [ app_init ] --START--
INFO: Run Behavior\BuildLiteBehavior [ RunTime:0.000000s ]
INFO: [ app_init ] --END-- [ RunTime:0.000000s ]
ERR: 无法加载模块:Offers

[ 2016-12-26T16:16:09+08:00 ] 127.0.0.1 /offers?key_model=&key_name=&cycle=&type=1&process=&ct=&fa=
INFO: [ app_init ] --START--
INFO: Run Behavior\BuildLiteBehavior [ RunTime:0.000000s ]
INFO: [ app_init ] --END-- [ RunTime:0.000000s ]
ERR: 无法加载模块:Offers

[ 2016-12-26T16:16:09+08:00 ] 127.0.0.1 /offers?key_model=&key_name=&cycle=&type=1&process=&ct=&fa=
INFO: [ app_init ] --START--
INFO: Run Behavior\BuildLiteBehavior [ RunTime:0.000000s ]
INFO: [ app_init ] --END-- [ RunTime:0.000000s ]
ERR: 无法加载模块:Offers

[ 2016-12-26T16:16:09+08:00 ] 127.0.0.1 /offers?key_model=&key_name=&cycle=&type=1&process=&ct=&fa=
INFO: [ app_init ] --START--
INFO: Run Behavior\BuildLiteBehavior [ RunTime:0.000000s ]
INFO: [ app_init ] --END-- [ RunTime:0.000000s ]
ERR: 无法加载模块:Offers

[ 2016-12-26T16:16:09+08:00 ] 127.0.0.1 /offers?key_model=&key_name=&cycle=&type=1&process=&ct=&fa=
INFO: [ app_init ] --START--
INFO: Run Behavior\BuildLiteBehavior [ RunTime:0.000000s ]
INFO: [ app_init ] --END-- [ RunTime:0.000000s ]
ERR: 无法加载模块:Offers

[ 2016-12-26T16:16:10+08:00 ] 127.0.0.1 /offers?key_model=&key_name=&cycle=&type=1&process=&ct=&fa=
INFO: [ app_init ] --START--
INFO: Run Behavior\BuildLiteBehavior [ RunTime:0.000000s ]
INFO: [ app_init ] --END-- [ RunTime:0.000000s ]
ERR: 无法加载模块:Offers

[ 2016-12-26T16:16:23+08:00 ] 127.0.0.1 /Public/Uploads/16/06/21/5768d3c0629bf.png
INFO: [ app_init ] --START--
INFO: Run Behavior\BuildLiteBehavior [ RunTime:0.000000s ]
INFO: [ app_init ] --END-- [ RunTime:0.000000s ]
ERR: 无法加载模块:Public

[ 2016-12-26T16:16:23+08:00 ] 127.0.0.1 /Public/Uploads/16/07/22/5791cf36a122e.jpg
INFO: [ app_init ] --START--
INFO: Run Behavior\BuildLiteBehavior [ RunTime:0.000000s ]
INFO: [ app_init ] --END-- [ RunTime:0.000000s ]
ERR: 无法加载模块:Public

[ 2016-12-26T16:16:23+08:00 ] 127.0.0.1 /Public/Uploads/16/07/27/57985d52d7a9a.jpg
INFO: [ app_init ] --START--
INFO: Run Behavior\BuildLiteBehavior [ RunTime:0.000000s ]
INFO: [ app_init ] --END-- [ RunTime:0.000000s ]
ERR: 无法加载模块:Public

[ 2016-12-26T16:19:22+08:00 ] 127.0.0.1 /offers?key_model=&key_name=&cycle=&type=1&process=&ct=&fa=
INFO: [ app_init ] --START--
INFO: Run Behavior\BuildLiteBehavior [ RunTime:0.000000s ]
INFO: [ app_init ] --END-- [ RunTime:0.000000s ]
ERR: 无法加载模块:Offers

[ 2016-12-26T16:21:41+08:00 ] 127.0.0.1 /offers?key_model=&key_name=&cycle=&type=1&process=&ct=&fa=
INFO: [ app_init ] --START--
INFO: Run Behavior\BuildLiteBehavior [ RunTime:0.000000s ]
INFO: [ app_init ] --END-- [ RunTime:0.001000s ]
ERR: 无法加载模块:Offers

[ 2016-12-26T16:21:46+08:00 ] 127.0.0.1 /offers?key_model=&key_name=&cycle=&type=1&process=&ct=&fa=
INFO: [ app_init ] --START--
INFO: Run Behavior\BuildLiteBehavior [ RunTime:0.000000s ]
INFO: [ app_init ] --END-- [ RunTime:0.000000s ]
ERR: 无法加载模块:Offers

[ 2016-12-26T16:21:48+08:00 ] 127.0.0.1 /offers?key_model=&key_name=&cycle=&type=3&process=&ct=&fa=
INFO: [ app_init ] --START--
INFO: Run Behavior\BuildLiteBehavior [ RunTime:0.000000s ]
INFO: [ app_init ] --END-- [ RunTime:0.000000s ]
ERR: 无法加载模块:Offers

[ 2016-12-26T16:21:59+08:00 ] 127.0.0.1 /Public/Uploads/16/06/21/5768d3c0629bf.png
INFO: [ app_init ] --START--
INFO: Run Behavior\BuildLiteBehavior [ RunTime:0.000000s ]
INFO: [ app_init ] --END-- [ RunTime:0.000000s ]
ERR: 无法加载模块:Public

[ 2016-12-26T16:21:59+08:00 ] 127.0.0.1 /Public/Uploads/16/07/22/5791cf36a122e.jpg
INFO: [ app_init ] --START--
INFO: Run Behavior\BuildLiteBehavior [ RunTime:0.000000s ]
INFO: [ app_init ] --END-- [ RunTime:0.000000s ]
ERR: 无法加载模块:Public

[ 2016-12-26T16:21:59+08:00 ] 127.0.0.1 /Public/Uploads/16/07/27/57985d52d7a9a.jpg
INFO: [ app_init ] --START--
INFO: Run Behavior\BuildLiteBehavior [ RunTime:0.000000s ]
INFO: [ app_init ] --END-- [ RunTime:0.000000s ]
ERR: 无法加载模块:Public

[ 2016-12-26T16:22:01+08:00 ] 127.0.0.1 /offers
INFO: [ app_init ] --START--
INFO: Run Behavior\BuildLiteBehavior [ RunTime:0.000000s ]
INFO: [ app_init ] --END-- [ RunTime:0.000000s ]
ERR: 无法加载模块:Offers

[ 2016-12-26T16:22:02+08:00 ] 127.0.0.1 /offers
INFO: [ app_init ] --START--
INFO: Run Behavior\BuildLiteBehavior [ RunTime:0.000000s ]
INFO: [ app_init ] --END-- [ RunTime:0.000000s ]
ERR: 无法加载模块:Offers

[ 2016-12-26T16:22:07+08:00 ] 127.0.0.1 /offers?key_model=&key_name=&cycle=&type=1&process=&ct=&fa=
INFO: [ app_init ] --START--
INFO: Run Behavior\BuildLiteBehavior [ RunTime:0.000000s ]
INFO: [ app_init ] --END-- [ RunTime:0.000000s ]
ERR: 无法加载模块:Offers

[ 2016-12-26T16:23:56+08:00 ] 127.0.0.1 /offers?key_model=&key_name=&cycle=&type=1&process=&ct=&fa=
INFO: [ app_init ] --START--
INFO: Run Behavior\BuildLiteBehavior [ RunTime:0.000000s ]
INFO: [ app_init ] --END-- [ RunTime:0.000000s ]
ERR: 无法加载模块:Offers

[ 2016-12-26T16:23:59+08:00 ] 127.0.0.1 /offers?key_model=&key_name=&cycle=&type=1&process=&ct=&fa=
INFO: [ app_init ] --START--
INFO: Run Behavior\BuildLiteBehavior [ RunTime:0.000000s ]
INFO: [ app_init ] --END-- [ RunTime:0.000000s ]
ERR: 无法加载模块:Offers

[ 2016-12-26T16:24:44+08:00 ] 127.0.0.1 /user/myHomeWeb/getMyWeb
INFO: [ app_init ] --START--
INFO: Run Behavior\BuildLiteBehavior [ RunTime:0.000000s ]
INFO: [ app_init ] --END-- [ RunTime:0.000000s ]
ERR: 无法加载模块:User

[ 2016-12-26T16:26:03+08:00 ] 127.0.0.1 /Public/Uploads/16/06/21/5768d3c0629bf.png
INFO: [ app_init ] --START--
INFO: Run Behavior\BuildLiteBehavior [ RunTime:0.000000s ]
INFO: [ app_init ] --END-- [ RunTime:0.000000s ]
ERR: 无法加载模块:Public

[ 2016-12-26T16:26:03+08:00 ] 127.0.0.1 /Public/Uploads/16/07/22/5791cf36a122e.jpg
INFO: [ app_init ] --START--
INFO: Run Behavior\BuildLiteBehavior [ RunTime:0.000000s ]
INFO: [ app_init ] --END-- [ RunTime:0.000000s ]
ERR: 无法加载模块:Public

[ 2016-12-26T16:26:03+08:00 ] 127.0.0.1 /Public/Uploads/16/07/27/57985d52d7a9a.jpg
INFO: [ app_init ] --START--
INFO: Run Behavior\BuildLiteBehavior [ RunTime:0.000000s ]
INFO: [ app_init ] --END-- [ RunTime:0.000000s ]
ERR: 无法加载模块:Public

[ 2016-12-26T16:26:04+08:00 ] 127.0.0.1 /offers?key_model=&key_name=&cycle=&type=2&process=&ct=&fa=
INFO: [ app_init ] --START--
INFO: Run Behavior\BuildLiteBehavior [ RunTime:0.000000s ]
INFO: [ app_init ] --END-- [ RunTime:0.000000s ]
ERR: 无法加载模块:Offers

[ 2016-12-26T16:26:18+08:00 ] 127.0.0.1 /offers?key_model=&key_name=&cycle=&type=2&process=&ct=&fa=
INFO: [ app_init ] --START--
INFO: Run Behavior\BuildLiteBehavior [ RunTime:0.000000s ]
INFO: [ app_init ] --END-- [ RunTime:0.000000s ]
ERR: 无法加载模块:Offers

[ 2016-12-26T16:26:19+08:00 ] 127.0.0.1 /Public/Uploads/16/06/21/5768d3c0629bf.png
INFO: [ app_init ] --START--
INFO: Run Behavior\BuildLiteBehavior [ RunTime:0.000000s ]
INFO: [ app_init ] --END-- [ RunTime:0.000000s ]
ERR: 无法加载模块:Public

[ 2016-12-26T16:26:19+08:00 ] 127.0.0.1 /Public/Uploads/16/07/27/57985d52d7a9a.jpg
INFO: [ app_init ] --START--
INFO: Run Behavior\BuildLiteBehavior [ RunTime:0.000000s ]
INFO: [ app_init ] --END-- [ RunTime:0.001001s ]
ERR: 无法加载模块:Public

[ 2016-12-26T16:26:19+08:00 ] 127.0.0.1 /Public/Uploads/16/07/22/5791cf36a122e.jpg
INFO: [ app_init ] --START--
INFO: Run Behavior\BuildLiteBehavior [ RunTime:0.000000s ]
INFO: [ app_init ] --END-- [ RunTime:0.000000s ]
ERR: 无法加载模块:Public

[ 2016-12-26T16:26:21+08:00 ] 127.0.0.1 /offers?key_model=&key_name=&cycle=&type=1&process=&ct=&fa=
INFO: [ app_init ] --START--
INFO: Run Behavior\BuildLiteBehavior [ RunTime:0.000000s ]
INFO: [ app_init ] --END-- [ RunTime:0.000000s ]
ERR: 无法加载模块:Offers

[ 2016-12-26T16:27:37+08:00 ] 127.0.0.1 /offers?key_model=&key_name=&cycle=&type=1&process=&ct=&fa=
INFO: [ app_init ] --START--
INFO: Run Behavior\BuildLiteBehavior [ RunTime:0.000000s ]
INFO: [ app_init ] --END-- [ RunTime:0.000000s ]
ERR: 无法加载模块:Offers

[ 2016-12-26T16:27:39+08:00 ] 127.0.0.1 /offers?key_model=&key_name=&cycle=&type=1&process=&ct=&fa=
INFO: [ app_init ] --START--
INFO: Run Behavior\BuildLiteBehavior [ RunTime:0.000000s ]
INFO: [ app_init ] --END-- [ RunTime:0.000000s ]
ERR: 无法加载模块:Offers

[ 2016-12-26T16:35:06+08:00 ] 127.0.0.1 /offers?key_model=&key_name=&cycle=&type=2&process=&ct=&fa=
INFO: [ app_init ] --START--
INFO: Run Behavior\BuildLiteBehavior [ RunTime:0.000000s ]
INFO: [ app_init ] --END-- [ RunTime:0.000000s ]
ERR: 无法加载模块:Offers

[ 2016-12-26T16:35:11+08:00 ] 127.0.0.1 /Public/Uploads/16/06/21/5768d3c0629bf.png
INFO: [ app_init ] --START--
INFO: Run Behavior\BuildLiteBehavior [ RunTime:0.000000s ]
INFO: [ app_init ] --END-- [ RunTime:0.000000s ]
ERR: 无法加载模块:Public

[ 2016-12-26T16:35:11+08:00 ] 127.0.0.1 /Public/Uploads/16/07/22/5791cf36a122e.jpg
INFO: [ app_init ] --START--
INFO: Run Behavior\BuildLiteBehavior [ RunTime:0.000000s ]
INFO: [ app_init ] --END-- [ RunTime:0.000000s ]
ERR: 无法加载模块:Public

[ 2016-12-26T16:35:11+08:00 ] 127.0.0.1 /Public/Uploads/16/07/27/57985d52d7a9a.jpg
INFO: [ app_init ] --START--
INFO: Run Behavior\BuildLiteBehavior [ RunTime:0.000000s ]
INFO: [ app_init ] --END-- [ RunTime:0.001000s ]
ERR: 无法加载模块:Public

[ 2016-12-26T16:35:12+08:00 ] 127.0.0.1 /offers
INFO: [ app_init ] --START--
INFO: Run Behavior\BuildLiteBehavior [ RunTime:0.000000s ]
INFO: [ app_init ] --END-- [ RunTime:0.000000s ]
ERR: 无法加载模块:Offers

[ 2016-12-26T16:45:17+08:00 ] 127.0.0.1 /Public/Uploads/16/07/27/57985d52d7a9a.jpg
INFO: [ app_init ] --START--
INFO: Run Behavior\BuildLiteBehavior [ RunTime:0.000000s ]
INFO: [ app_init ] --END-- [ RunTime:0.000000s ]
ERR: 无法加载模块:Public

[ 2016-12-26T16:45:17+08:00 ] 127.0.0.1 /Public/Uploads/16/06/21/5768d3c0629bf.png
INFO: [ app_init ] --START--
INFO: Run Behavior\BuildLiteBehavior [ RunTime:0.000000s ]
INFO: [ app_init ] --END-- [ RunTime:0.001000s ]
ERR: 无法加载模块:Public

[ 2016-12-26T16:45:17+08:00 ] 127.0.0.1 /Public/Uploads/16/07/22/5791cf36a122e.jpg
INFO: [ app_init ] --START--
INFO: Run Behavior\BuildLiteBehavior [ RunTime:0.000000s ]
INFO: [ app_init ] --END-- [ RunTime:0.000000s ]
ERR: 无法加载模块:Public

[ 2016-12-26T16:49:10+08:00 ] 127.0.0.1 /Public/Uploads/16/06/21/5768d3c0629bf.png
INFO: [ app_init ] --START--
INFO: Run Behavior\BuildLiteBehavior [ RunTime:0.000000s ]
INFO: [ app_init ] --END-- [ RunTime:0.000000s ]
ERR: 无法加载模块:Public

[ 2016-12-26T16:49:10+08:00 ] 127.0.0.1 /Public/Uploads/16/07/27/57985d52d7a9a.jpg
INFO: [ app_init ] --START--
INFO: Run Behavior\BuildLiteBehavior [ RunTime:0.000000s ]
INFO: [ app_init ] --END-- [ RunTime:0.000000s ]
ERR: 无法加载模块:Public

[ 2016-12-26T16:49:10+08:00 ] 127.0.0.1 /Public/Uploads/16/07/22/5791cf36a122e.jpg
INFO: [ app_init ] --START--
INFO: Run Behavior\BuildLiteBehavior [ RunTime:0.000000s ]
INFO: [ app_init ] --END-- [ RunTime:0.000000s ]
ERR: 无法加载模块:Public

[ 2016-12-26T16:49:12+08:00 ] 127.0.0.1 /offers?key_model=&key_name=&cycle=&type=2&process=&ct=&fa=
INFO: [ app_init ] --START--
INFO: Run Behavior\BuildLiteBehavior [ RunTime:0.000000s ]
INFO: [ app_init ] --END-- [ RunTime:0.000000s ]
ERR: 无法加载模块:Offers

[ 2016-12-26T16:52:23+08:00 ] 127.0.0.1 /Public/Uploads/16/06/21/5768d3c0629bf.png
INFO: [ app_init ] --START--
INFO: Run Behavior\BuildLiteBehavior [ RunTime:0.000000s ]
INFO: [ app_init ] --END-- [ RunTime:0.000000s ]
ERR: 无法加载模块:Public

[ 2016-12-26T16:52:23+08:00 ] 127.0.0.1 /Public/Uploads/16/07/22/5791cf36a122e.jpg
INFO: [ app_init ] --START--
INFO: Run Behavior\BuildLiteBehavior [ RunTime:0.000000s ]
INFO: [ app_init ] --END-- [ RunTime:0.000000s ]
ERR: 无法加载模块:Public

[ 2016-12-26T16:52:23+08:00 ] 127.0.0.1 /Public/Uploads/16/07/27/57985d52d7a9a.jpg
INFO: [ app_init ] --START--
INFO: Run Behavior\BuildLiteBehavior [ RunTime:0.000000s ]
INFO: [ app_init ] --END-- [ RunTime:0.001000s ]
ERR: 无法加载模块:Public

[ 2016-12-26T16:52:25+08:00 ] 127.0.0.1 /Public/Uploads/16/07/27/57985d52d7a9a.jpg
INFO: [ app_init ] --START--
INFO: Run Behavior\BuildLiteBehavior [ RunTime:0.000000s ]
INFO: [ app_init ] --END-- [ RunTime:0.000000s ]
ERR: 无法加载模块:Public

[ 2016-12-26T16:52:25+08:00 ] 127.0.0.1 /Public/Uploads/16/06/21/5768d3c0629bf.png
INFO: [ app_init ] --START--
INFO: Run Behavior\BuildLiteBehavior [ RunTime:0.000000s ]
INFO: [ app_init ] --END-- [ RunTime:0.000000s ]
ERR: 无法加载模块:Public

[ 2016-12-26T16:52:25+08:00 ] 127.0.0.1 /Public/Uploads/16/07/22/5791cf36a122e.jpg
INFO: [ app_init ] --START--
INFO: Run Behavior\BuildLiteBehavior [ RunTime:0.000000s ]
INFO: [ app_init ] --END-- [ RunTime:0.001000s ]
ERR: 无法加载模块:Public

[ 2016-12-26T16:52:27+08:00 ] 127.0.0.1 /Public/Uploads/16/07/27/57985d52d7a9a.jpg
INFO: [ app_init ] --START--
INFO: Run Behavior\BuildLiteBehavior [ RunTime:0.000000s ]
INFO: [ app_init ] --END-- [ RunTime:0.000000s ]
ERR: 无法加载模块:Public

[ 2016-12-26T16:52:27+08:00 ] 127.0.0.1 /Public/Uploads/16/06/21/5768d3c0629bf.png
INFO: [ app_init ] --START--
INFO: Run Behavior\BuildLiteBehavior [ RunTime:0.000000s ]
INFO: [ app_init ] --END-- [ RunTime:0.000000s ]
ERR: 无法加载模块:Public

[ 2016-12-26T16:52:27+08:00 ] 127.0.0.1 /Public/Uploads/16/07/22/5791cf36a122e.jpg
INFO: [ app_init ] --START--
INFO: Run Behavior\BuildLiteBehavior [ RunTime:0.000000s ]
INFO: [ app_init ] --END-- [ RunTime:0.000000s ]
ERR: 无法加载模块:Public

[ 2016-12-26T16:53:30+08:00 ] 127.0.0.1 /Public/Uploads/16/06/21/5768d3c0629bf.png
INFO: [ app_init ] --START--
INFO: Run Behavior\BuildLiteBehavior [ RunTime:0.000000s ]
INFO: [ app_init ] --END-- [ RunTime:0.000000s ]
ERR: 无法加载模块:Public

[ 2016-12-26T16:53:30+08:00 ] 127.0.0.1 /Public/Uploads/16/07/27/57985d52d7a9a.jpg
INFO: [ app_init ] --START--
INFO: Run Behavior\BuildLiteBehavior [ RunTime:0.000000s ]
INFO: [ app_init ] --END-- [ RunTime:0.000000s ]
ERR: 无法加载模块:Public

[ 2016-12-26T16:53:30+08:00 ] 127.0.0.1 /Public/Uploads/16/07/22/5791cf36a122e.jpg
INFO: [ app_init ] --START--
INFO: Run Behavior\BuildLiteBehavior [ RunTime:0.000000s ]
INFO: [ app_init ] --END-- [ RunTime:0.000000s ]
ERR: 无法加载模块:Public

[ 2016-12-26T16:54:25+08:00 ] 127.0.0.1 /Public/Uploads/16/06/21/5768d3c0629bf.png
INFO: [ app_init ] --START--
INFO: Run Behavior\BuildLiteBehavior [ RunTime:0.000000s ]
INFO: [ app_init ] --END-- [ RunTime:0.001000s ]
ERR: 无法加载模块:Public

[ 2016-12-26T16:54:26+08:00 ] 127.0.0.1 /Public/Uploads/16/07/22/5791cf36a122e.jpg
INFO: [ app_init ] --START--
INFO: Run Behavior\BuildLiteBehavior [ RunTime:0.000000s ]
INFO: [ app_init ] --END-- [ RunTime:0.000000s ]
ERR: 无法加载模块:Public

[ 2016-12-26T16:54:26+08:00 ] 127.0.0.1 /Public/Uploads/16/07/27/57985d52d7a9a.jpg
INFO: [ app_init ] --START--
INFO: Run Behavior\BuildLiteBehavior [ RunTime:0.000000s ]
INFO: [ app_init ] --END-- [ RunTime:0.000000s ]
ERR: 无法加载模块:Public

[ 2016-12-26T16:54:56+08:00 ] 127.0.0.1 /Public/Uploads/16/06/21/5768d3c0629bf.png
INFO: [ app_init ] --START--
INFO: Run Behavior\BuildLiteBehavior [ RunTime:0.000000s ]
INFO: [ app_init ] --END-- [ RunTime:0.000000s ]
ERR: 无法加载模块:Public

[ 2016-12-26T16:54:57+08:00 ] 127.0.0.1 /Public/Uploads/16/07/27/57985d52d7a9a.jpg
INFO: [ app_init ] --START--
INFO: Run Behavior\BuildLiteBehavior [ RunTime:0.000000s ]
INFO: [ app_init ] --END-- [ RunTime:0.000000s ]
ERR: 无法加载模块:Public

[ 2016-12-26T16:54:57+08:00 ] 127.0.0.1 /Public/Uploads/16/07/22/5791cf36a122e.jpg
INFO: [ app_init ] --START--
INFO: Run Behavior\BuildLiteBehavior [ RunTime:0.000000s ]
INFO: [ app_init ] --END-- [ RunTime:0.000000s ]
ERR: 无法加载模块:Public

[ 2016-12-26T16:55:09+08:00 ] 127.0.0.1 /Public/Uploads/16/07/27/57985d52d7a9a.jpg
INFO: [ app_init ] --START--
INFO: Run Behavior\BuildLiteBehavior [ RunTime:0.000000s ]
INFO: [ app_init ] --END-- [ RunTime:0.000000s ]
ERR: 无法加载模块:Public

[ 2016-12-26T16:55:09+08:00 ] 127.0.0.1 /Public/Uploads/16/06/21/5768d3c0629bf.png
INFO: [ app_init ] --START--
INFO: Run Behavior\BuildLiteBehavior [ RunTime:0.000000s ]
INFO: [ app_init ] --END-- [ RunTime:0.000000s ]
ERR: 无法加载模块:Public

[ 2016-12-26T16:55:09+08:00 ] 127.0.0.1 /Public/Uploads/16/07/22/5791cf36a122e.jpg
INFO: [ app_init ] --START--
INFO: Run Behavior\BuildLiteBehavior [ RunTime:0.000000s ]
INFO: [ app_init ] --END-- [ RunTime:0.000000s ]
ERR: 无法加载模块:Public

[ 2016-12-26T16:55:10+08:00 ] 127.0.0.1 /offers?key_model=&key_name=&cycle=&type=1&process=&ct=&fa=
INFO: [ app_init ] --START--
INFO: Run Behavior\BuildLiteBehavior [ RunTime:0.000000s ]
INFO: [ app_init ] --END-- [ RunTime:0.000000s ]
ERR: 无法加载模块:Offers

[ 2016-12-26T16:55:13+08:00 ] 127.0.0.1 /offers?key_model=&key_name=&cycle=&type=&process=&ct=&fa=
INFO: [ app_init ] --START--
INFO: Run Behavior\BuildLiteBehavior [ RunTime:0.000000s ]
INFO: [ app_init ] --END-- [ RunTime:0.000000s ]
ERR: 无法加载模块:Offers

[ 2016-12-26T16:56:58+08:00 ] 127.0.0.1 /offers?key_model=&key_name=&cycle=&type=1&process=&ct=&fa=
INFO: [ app_init ] --START--
INFO: Run Behavior\BuildLiteBehavior [ RunTime:0.000000s ]
INFO: [ app_init ] --END-- [ RunTime:0.000000s ]
ERR: 无法加载模块:Offers

[ 2016-12-26T16:57:10+08:00 ] 127.0.0.1 /offers?key_model=&key_name=&cycle=&type=1&process=&ct=&fa=
INFO: [ app_init ] --START--
INFO: Run Behavior\BuildLiteBehavior [ RunTime:0.000000s ]
INFO: [ app_init ] --END-- [ RunTime:0.000000s ]
ERR: 无法加载模块:Offers

[ 2016-12-26T16:57:55+08:00 ] 127.0.0.1 /offers?key_model=&key_name=&cycle=&type=1&process=&ct=&fa=
INFO: [ app_init ] --START--
INFO: Run Behavior\BuildLiteBehavior [ RunTime:0.000000s ]
INFO: [ app_init ] --END-- [ RunTime:0.000000s ]
ERR: 无法加载模块:Offers

[ 2016-12-26T16:57:57+08:00 ] 127.0.0.1 /offers?key_model=&key_name=&cycle=&type=1&process=&ct=&fa=
INFO: [ app_init ] --START--
INFO: Run Behavior\BuildLiteBehavior [ RunTime:0.000000s ]
INFO: [ app_init ] --END-- [ RunTime:0.001000s ]
ERR: 无法加载模块:Offers

[ 2016-12-26T16:58:21+08:00 ] 127.0.0.1 /offers?key_model=&key_name=&cycle=&type=1&process=&ct=&fa=
INFO: [ app_init ] --START--
INFO: Run Behavior\BuildLiteBehavior [ RunTime:0.000000s ]
INFO: [ app_init ] --END-- [ RunTime:0.000000s ]
ERR: 无法加载模块:Offers

[ 2016-12-26T16:58:25+08:00 ] 127.0.0.1 /offers?key_model=&key_name=&cycle=&type=3&process=&ct=&fa=
INFO: [ app_init ] --START--
INFO: Run Behavior\BuildLiteBehavior [ RunTime:0.000000s ]
INFO: [ app_init ] --END-- [ RunTime:0.000000s ]
ERR: 无法加载模块:Offers

[ 2016-12-26T16:58:45+08:00 ] 127.0.0.1 /offers?key_model=&key_name=&cycle=&type=1&process=&ct=&fa=
INFO: [ app_init ] --START--
INFO: Run Behavior\BuildLiteBehavior [ RunTime:0.000000s ]
INFO: [ app_init ] --END-- [ RunTime:0.000000s ]
ERR: 无法加载模块:Offers

[ 2016-12-26T16:59:22+08:00 ] 127.0.0.1 /offers?key_model=&key_name=&cycle=&type=1&process=&ct=&fa=
INFO: [ app_init ] --START--
INFO: Run Behavior\BuildLiteBehavior [ RunTime:0.000000s ]
INFO: [ app_init ] --END-- [ RunTime:0.000000s ]
ERR: 无法加载模块:Offers

[ 2016-12-26T17:00:09+08:00 ] 127.0.0.1 /offers?key_model=&key_name=&cycle=&type=1&process=&ct=&fa=
INFO: [ app_init ] --START--
INFO: Run Behavior\BuildLiteBehavior [ RunTime:0.000000s ]
INFO: [ app_init ] --END-- [ RunTime:0.000000s ]
ERR: 无法加载模块:Offers

[ 2016-12-26T17:00:22+08:00 ] 127.0.0.1 /Public/Uploads/16/07/27/57985d52d7a9a.jpg
INFO: [ app_init ] --START--
INFO: Run Behavior\BuildLiteBehavior [ RunTime:0.000000s ]
INFO: [ app_init ] --END-- [ RunTime:0.000000s ]
ERR: 无法加载模块:Public

[ 2016-12-26T17:00:22+08:00 ] 127.0.0.1 /Public/Uploads/16/07/22/5791cf36a122e.jpg
INFO: [ app_init ] --START--
INFO: Run Behavior\BuildLiteBehavior [ RunTime:0.000000s ]
INFO: [ app_init ] --END-- [ RunTime:0.000000s ]
ERR: 无法加载模块:Public

[ 2016-12-26T17:00:22+08:00 ] 127.0.0.1 /Public/Uploads/16/06/21/5768d3c0629bf.png
INFO: [ app_init ] --START--
INFO: Run Behavior\BuildLiteBehavior [ RunTime:0.000000s ]
INFO: [ app_init ] --END-- [ RunTime:0.000000s ]
ERR: 无法加载模块:Public

[ 2016-12-26T17:01:30+08:00 ] 127.0.0.1 /Public/Uploads/16/06/21/5768d3c0629bf.png
INFO: [ app_init ] --START--
INFO: Run Behavior\BuildLiteBehavior [ RunTime:0.000000s ]
INFO: [ app_init ] --END-- [ RunTime:0.000000s ]
ERR: 无法加载模块:Public

[ 2016-12-26T17:01:30+08:00 ] 127.0.0.1 /Public/Uploads/16/07/27/57985d52d7a9a.jpg
INFO: [ app_init ] --START--
INFO: Run Behavior\BuildLiteBehavior [ RunTime:0.000000s ]
INFO: [ app_init ] --END-- [ RunTime:0.000000s ]
ERR: 无法加载模块:Public

[ 2016-12-26T17:01:30+08:00 ] 127.0.0.1 /Public/Uploads/16/07/22/5791cf36a122e.jpg
INFO: [ app_init ] --START--
INFO: Run Behavior\BuildLiteBehavior [ RunTime:0.000000s ]
INFO: [ app_init ] --END-- [ RunTime:0.000000s ]
ERR: 无法加载模块:Public

[ 2016-12-26T17:02:31+08:00 ] 127.0.0.1 /Public/Uploads/16/07/27/57985d52d7a9a.jpg
INFO: [ app_init ] --START--
INFO: Run Behavior\BuildLiteBehavior [ RunTime:0.000000s ]
INFO: [ app_init ] --END-- [ RunTime:0.001001s ]
ERR: 无法加载模块:Public

[ 2016-12-26T17:02:31+08:00 ] 127.0.0.1 /Public/Uploads/16/06/21/5768d3c0629bf.png
INFO: [ app_init ] --START--
INFO: Run Behavior\BuildLiteBehavior [ RunTime:0.000000s ]
INFO: [ app_init ] --END-- [ RunTime:0.000000s ]
ERR: 无法加载模块:Public

[ 2016-12-26T17:02:31+08:00 ] 127.0.0.1 /Public/Uploads/16/07/22/5791cf36a122e.jpg
INFO: [ app_init ] --START--
INFO: Run Behavior\BuildLiteBehavior [ RunTime:0.000000s ]
INFO: [ app_init ] --END-- [ RunTime:0.000000s ]
ERR: 无法加载模块:Public

[ 2016-12-26T17:06:33+08:00 ] 127.0.0.1 /Public/Uploads/16/06/21/5768d3c0629bf.png
INFO: [ app_init ] --START--
INFO: Run Behavior\BuildLiteBehavior [ RunTime:0.000000s ]
INFO: [ app_init ] --END-- [ RunTime:0.000000s ]
ERR: 无法加载模块:Public

[ 2016-12-26T17:06:33+08:00 ] 127.0.0.1 /Public/Uploads/16/07/27/57985d52d7a9a.jpg
INFO: [ app_init ] --START--
INFO: Run Behavior\BuildLiteBehavior [ RunTime:0.000000s ]
INFO: [ app_init ] --END-- [ RunTime:0.000000s ]
ERR: 无法加载模块:Public

[ 2016-12-26T17:06:33+08:00 ] 127.0.0.1 /Public/Uploads/16/07/22/5791cf36a122e.jpg
INFO: [ app_init ] --START--
INFO: Run Behavior\BuildLiteBehavior [ RunTime:0.000000s ]
INFO: [ app_init ] --END-- [ RunTime:0.000000s ]
ERR: 无法加载模块:Public

[ 2016-12-26T17:07:40+08:00 ] 127.0.0.1 /Public/Uploads/16/06/21/5768d3c0629bf.png
INFO: [ app_init ] --START--
INFO: Run Behavior\BuildLiteBehavior [ RunTime:0.000000s ]
INFO: [ app_init ] --END-- [ RunTime:0.000000s ]
ERR: 无法加载模块:Public

[ 2016-12-26T17:07:40+08:00 ] 127.0.0.1 /Public/Uploads/16/07/27/57985d52d7a9a.jpg
INFO: [ app_init ] --START--
INFO: Run Behavior\BuildLiteBehavior [ RunTime:0.000000s ]
INFO: [ app_init ] --END-- [ RunTime:0.000000s ]
ERR: 无法加载模块:Public

[ 2016-12-26T17:07:40+08:00 ] 127.0.0.1 /Public/Uploads/16/07/22/5791cf36a122e.jpg
INFO: [ app_init ] --START--
INFO: Run Behavior\BuildLiteBehavior [ RunTime:0.000000s ]
INFO: [ app_init ] --END-- [ RunTime:0.000000s ]
ERR: 无法加载模块:Public

[ 2016-12-26T17:08:39+08:00 ] 127.0.0.1 /Public/Uploads/16/07/22/5791cf36a122e.jpg
INFO: [ app_init ] --START--
INFO: Run Behavior\BuildLiteBehavior [ RunTime:0.000000s ]
INFO: [ app_init ] --END-- [ RunTime:0.000000s ]
ERR: 无法加载模块:Public

[ 2016-12-26T17:08:39+08:00 ] 127.0.0.1 /Public/Uploads/16/06/21/5768d3c0629bf.png
INFO: [ app_init ] --START--
INFO: Run Behavior\BuildLiteBehavior [ RunTime:0.000000s ]
INFO: [ app_init ] --END-- [ RunTime:0.000000s ]
ERR: 无法加载模块:Public

[ 2016-12-26T17:08:39+08:00 ] 127.0.0.1 /Public/Uploads/16/07/27/57985d52d7a9a.jpg
INFO: [ app_init ] --START--
INFO: Run Behavior\BuildLiteBehavior [ RunTime:0.001000s ]
INFO: [ app_init ] --END-- [ RunTime:0.001000s ]
ERR: 无法加载模块:Public

[ 2016-12-26T17:08:41+08:00 ] 127.0.0.1 /Public/Uploads/16/07/27/57985d52d7a9a.jpg
INFO: [ app_init ] --START--
INFO: Run Behavior\BuildLiteBehavior [ RunTime:0.000000s ]
INFO: [ app_init ] --END-- [ RunTime:0.000000s ]
ERR: 无法加载模块:Public

[ 2016-12-26T17:08:41+08:00 ] 127.0.0.1 /Public/Uploads/16/06/21/5768d3c0629bf.png
INFO: [ app_init ] --START--
INFO: Run Behavior\BuildLiteBehavior [ RunTime:0.000000s ]
INFO: [ app_init ] --END-- [ RunTime:0.000000s ]
ERR: 无法加载模块:Public

[ 2016-12-26T17:08:41+08:00 ] 127.0.0.1 /Public/Uploads/16/07/22/5791cf36a122e.jpg
INFO: [ app_init ] --START--
INFO: Run Behavior\BuildLiteBehavior [ RunTime:0.000000s ]
INFO: [ app_init ] --END-- [ RunTime:0.000000s ]
ERR: 无法加载模块:Public

[ 2016-12-26T17:08:44+08:00 ] 127.0.0.1 /Public/Uploads/16/07/27/57985d52d7a9a.jpg
INFO: [ app_init ] --START--
INFO: Run Behavior\BuildLiteBehavior [ RunTime:0.000000s ]
INFO: [ app_init ] --END-- [ RunTime:0.000000s ]
ERR: 无法加载模块:Public

[ 2016-12-26T17:08:44+08:00 ] 127.0.0.1 /Public/Uploads/16/06/21/5768d3c0629bf.png
INFO: [ app_init ] --START--
INFO: Run Behavior\BuildLiteBehavior [ RunTime:0.000000s ]
INFO: [ app_init ] --END-- [ RunTime:0.000000s ]
ERR: 无法加载模块:Public

[ 2016-12-26T17:08:44+08:00 ] 127.0.0.1 /Public/Uploads/16/07/22/5791cf36a122e.jpg
INFO: [ app_init ] --START--
INFO: Run Behavior\BuildLiteBehavior [ RunTime:0.000000s ]
INFO: [ app_init ] --END-- [ RunTime:0.000000s ]
ERR: 无法加载模块:Public

[ 2016-12-26T17:09:29+08:00 ] 127.0.0.1 /Public/Uploads/16/06/21/5768d3c0629bf.png
INFO: [ app_init ] --START--
INFO: Run Behavior\BuildLiteBehavior [ RunTime:0.000000s ]
INFO: [ app_init ] --END-- [ RunTime:0.000000s ]
ERR: 无法加载模块:Public

[ 2016-12-26T17:09:29+08:00 ] 127.0.0.1 /Public/Uploads/16/07/22/5791cf36a122e.jpg
INFO: [ app_init ] --START--
INFO: Run Behavior\BuildLiteBehavior [ RunTime:0.000000s ]
INFO: [ app_init ] --END-- [ RunTime:0.000000s ]
ERR: 无法加载模块:Public

[ 2016-12-26T17:09:29+08:00 ] 127.0.0.1 /Public/Uploads/16/07/27/57985d52d7a9a.jpg
INFO: [ app_init ] --START--
INFO: Run Behavior\BuildLiteBehavior [ RunTime:0.000000s ]
INFO: [ app_init ] --END-- [ RunTime:0.000000s ]
ERR: 无法加载模块:Public

[ 2016-12-26T17:09:33+08:00 ] 127.0.0.1 /Public/Uploads/16/07/22/5791cf36a122e.jpg
INFO: [ app_init ] --START--
INFO: Run Behavior\BuildLiteBehavior [ RunTime:0.000000s ]
INFO: [ app_init ] --END-- [ RunTime:0.000000s ]
ERR: 无法加载模块:Public

[ 2016-12-26T17:09:33+08:00 ] 127.0.0.1 /Public/Uploads/16/07/27/57985d52d7a9a.jpg
INFO: [ app_init ] --START--
INFO: Run Behavior\BuildLiteBehavior [ RunTime:0.000000s ]
INFO: [ app_init ] --END-- [ RunTime:0.000000s ]
ERR: 无法加载模块:Public

[ 2016-12-26T17:09:35+08:00 ] 127.0.0.1 /Public/Uploads/16/06/21/5768d3c0629bf.png
INFO: [ app_init ] --START--
INFO: Run Behavior\BuildLiteBehavior [ RunTime:0.000000s ]
INFO: [ app_init ] --END-- [ RunTime:0.000000s ]
ERR: 无法加载模块:Public

[ 2016-12-26T17:09:35+08:00 ] 127.0.0.1 /Public/Uploads/16/07/27/57985d52d7a9a.jpg
INFO: [ app_init ] --START--
INFO: Run Behavior\BuildLiteBehavior [ RunTime:0.000000s ]
INFO: [ app_init ] --END-- [ RunTime:0.000000s ]
ERR: 无法加载模块:Public

[ 2016-12-26T17:09:35+08:00 ] 127.0.0.1 /Public/Uploads/16/07/22/5791cf36a122e.jpg
INFO: [ app_init ] --START--
INFO: Run Behavior\BuildLiteBehavior [ RunTime:0.000000s ]
INFO: [ app_init ] --END-- [ RunTime:0.000000s ]
ERR: 无法加载模块:Public

[ 2016-12-26T17:09:36+08:00 ] 127.0.0.1 /Public/Uploads/16/07/22/5791cf36a122e.jpg
INFO: [ app_init ] --START--
INFO: Run Behavior\BuildLiteBehavior [ RunTime:0.000000s ]
INFO: [ app_init ] --END-- [ RunTime:0.001001s ]
ERR: 无法加载模块:Public

[ 2016-12-26T17:09:36+08:00 ] 127.0.0.1 /Public/Uploads/16/07/27/57985d52d7a9a.jpg
INFO: [ app_init ] --START--
INFO: Run Behavior\BuildLiteBehavior [ RunTime:0.000000s ]
INFO: [ app_init ] --END-- [ RunTime:0.000000s ]
ERR: 无法加载模块:Public

[ 2016-12-26T17:09:36+08:00 ] 127.0.0.1 /Public/Uploads/16/06/21/5768d3c0629bf.png
INFO: [ app_init ] --START--
INFO: Run Behavior\BuildLiteBehavior [ RunTime:0.000000s ]
INFO: [ app_init ] --END-- [ RunTime:0.000000s ]
ERR: 无法加载模块:Public

[ 2016-12-26T17:09:38+08:00 ] 127.0.0.1 /Public/Uploads/16/07/22/5791cf36a122e.jpg
INFO: [ app_init ] --START--
INFO: Run Behavior\BuildLiteBehavior [ RunTime:0.000000s ]
INFO: [ app_init ] --END-- [ RunTime:0.000000s ]
ERR: 无法加载模块:Public

[ 2016-12-26T17:09:38+08:00 ] 127.0.0.1 /Public/Uploads/16/07/27/57985d52d7a9a.jpg
INFO: [ app_init ] --START--
INFO: Run Behavior\BuildLiteBehavior [ RunTime:0.000000s ]
INFO: [ app_init ] --END-- [ RunTime:0.000000s ]
ERR: 无法加载模块:Public

[ 2016-12-26T17:09:38+08:00 ] 127.0.0.1 /Public/Uploads/16/06/21/5768d3c0629bf.png
INFO: [ app_init ] --START--
INFO: Run Behavior\BuildLiteBehavior [ RunTime:0.000000s ]
INFO: [ app_init ] --END-- [ RunTime:0.000000s ]
ERR: 无法加载模块:Public

