[ 2016-12-20T09:17:55+08:00 ] 127.0.0.1 /favicon.ico
INFO: [ app_init ] --START--
INFO: Run Behavior\BuildLiteBehavior [ RunTime:0.000000s ]
INFO: [ app_init ] --END-- [ RunTime:0.001000s ]
ERR: 无法加载模块:Favicon

[ 2016-12-20T10:11:38+08:00 ] 127.0.0.1 /index.php/index/5678.html
INFO: [ app_init ] --START--
INFO: Run Behavior\BuildLiteBehavior [ RunTime:0.000000s ]
INFO: [ app_init ] --END-- [ RunTime:0.000000s ]
NOTIC: [2] preg_match(): Unknown modifier ':' D:\xampp\htdocs\myShop\ThinkPHP\Library\Think\Route.class.php 第 58 行.
ERR: 无法加载模块:Index

[ 2016-12-20T10:11:51+08:00 ] 127.0.0.1 /index.php/index/5678.html
INFO: [ app_init ] --START--
INFO: Run Behavior\BuildLiteBehavior [ RunTime:0.000000s ]
INFO: [ app_init ] --END-- [ RunTime:0.000000s ]
NOTIC: [2] preg_match(): Unknown modifier ':' D:\xampp\htdocs\myShop\ThinkPHP\Library\Think\Route.class.php 第 58 行.
ERR: 无法加载模块:Index

[ 2016-12-20T10:15:59+08:00 ] 127.0.0.1 /index.php/index/5678.html
INFO: [ app_init ] --START--
INFO: Run Behavior\BuildLiteBehavior [ RunTime:0.000000s ]
INFO: [ app_init ] --END-- [ RunTime:0.000000s ]
NOTIC: [2] preg_match(): Unknown modifier ':' D:\xampp\htdocs\myShop\ThinkPHP\Library\Think\Route.class.php 第 58 行.
ERR: 无法加载模块:Index

[ 2016-12-20T10:18:32+08:00 ] 127.0.0.1 /index.php/index/5678.html
INFO: [ app_init ] --START--
INFO: Run Behavior\BuildLiteBehavior [ RunTime:0.000000s ]
INFO: [ app_init ] --END-- [ RunTime:0.000000s ]
NOTIC: [2] preg_match(): Unknown modifier ':' D:\xampp\htdocs\myShop\ThinkPHP\Library\Think\Route.class.php 第 58 行.
ERR: 无法加载模块:Index

[ 2016-12-20T10:20:34+08:00 ] 127.0.0.1 /index.php/index/56789.html
INFO: [ app_init ] --START--
INFO: Run Behavior\BuildLiteBehavior [ RunTime:0.000000s ]
INFO: [ app_init ] --END-- [ RunTime:0.000000s ]
NOTIC: [2] preg_match(): Unknown modifier ':' D:\xampp\htdocs\myShop\ThinkPHP\Library\Think\Route.class.php 第 58 行.
ERR: 无法加载模块:Index

[ 2016-12-20T10:21:04+08:00 ] 127.0.0.1 /index.php/index/56789.html
INFO: [ app_init ] --START--
INFO: Run Behavior\BuildLiteBehavior [ RunTime:0.000000s ]
INFO: [ app_init ] --END-- [ RunTime:0.000000s ]
NOTIC: [2] preg_match(): Unknown modifier ':' D:\xampp\htdocs\myShop\ThinkPHP\Library\Think\Route.class.php 第 58 行.
ERR: 无法加载模块:Index

[ 2016-12-20T10:21:27+08:00 ] 127.0.0.1 /index.php/index/56789.html
INFO: [ app_init ] --START--
INFO: Run Behavior\BuildLiteBehavior [ RunTime:0.000000s ]
INFO: [ app_init ] --END-- [ RunTime:0.000000s ]
NOTIC: [2] preg_match(): Unknown modifier ':' D:\xampp\htdocs\myShop\ThinkPHP\Library\Think\Route.class.php 第 58 行.
ERR: 无法加载模块:Index

[ 2016-12-20T16:03:42+08:00 ] 127.0.0.1 /favicon.ico
INFO: [ app_init ] --START--
INFO: Run Behavior\BuildLiteBehavior [ RunTime:0.000000s ]
INFO: [ app_init ] --END-- [ RunTime:0.000000s ]
ERR: 无法加载模块:Favicon

