[ 2017-01-05T09:18:11+08:00 ] 127.0.0.1 /Public/Uploads/16/07/27/57985d52d7a9a.jpg
INFO: [ app_init ] --START--
INFO: Run Behavior\BuildLiteBehavior [ RunTime:0.000000s ]
INFO: [ app_init ] --END-- [ RunTime:0.000000s ]
ERR: 无法加载模块:Public

[ 2017-01-05T09:18:11+08:00 ] 127.0.0.1 /Public/Uploads/16/07/22/5791cf36a122e.jpg
INFO: [ app_init ] --START--
INFO: Run Behavior\BuildLiteBehavior [ RunTime:0.000000s ]
INFO: [ app_init ] --END-- [ RunTime:0.000000s ]
ERR: 无法加载模块:Public

[ 2017-01-05T09:18:11+08:00 ] 127.0.0.1 /Public/Uploads/16/06/21/5768d3c0629bf.png
INFO: [ app_init ] --START--
INFO: Run Behavior\BuildLiteBehavior [ RunTime:0.001000s ]
INFO: [ app_init ] --END-- [ RunTime:0.001000s ]
ERR: 无法加载模块:Public

[ 2017-01-05T09:18:13+08:00 ] 127.0.0.1 /favicon.ico
INFO: [ app_init ] --START--
INFO: Run Behavior\BuildLiteBehavior [ RunTime:0.000000s ]
INFO: [ app_init ] --END-- [ RunTime:0.000000s ]
ERR: 无法加载模块:Favicon

[ 2017-01-05T09:18:38+08:00 ] 127.0.0.1 /Public/Uploads/16/07/22/5791cf36a122e.jpg
INFO: [ app_init ] --START--
INFO: Run Behavior\BuildLiteBehavior [ RunTime:0.000000s ]
INFO: [ app_init ] --END-- [ RunTime:0.000000s ]
ERR: 无法加载模块:Public

[ 2017-01-05T09:18:38+08:00 ] 127.0.0.1 /Public/Uploads/16/06/21/5768d3c0629bf.png
INFO: [ app_init ] --START--
INFO: Run Behavior\BuildLiteBehavior [ RunTime:0.000000s ]
INFO: [ app_init ] --END-- [ RunTime:0.000000s ]
ERR: 无法加载模块:Public

[ 2017-01-05T09:18:38+08:00 ] 127.0.0.1 /Public/Uploads/16/07/27/57985d52d7a9a.jpg
INFO: [ app_init ] --START--
INFO: Run Behavior\BuildLiteBehavior [ RunTime:0.000000s ]
INFO: [ app_init ] --END-- [ RunTime:0.000000s ]
ERR: 无法加载模块:Public

[ 2017-01-05T09:19:39+08:00 ] 127.0.0.1 /Public/Uploads/16/07/27/57985d52d7a9a.jpg
INFO: [ app_init ] --START--
INFO: Run Behavior\BuildLiteBehavior [ RunTime:0.000000s ]
INFO: [ app_init ] --END-- [ RunTime:0.000000s ]
ERR: 无法加载模块:Public

[ 2017-01-05T09:19:39+08:00 ] 127.0.0.1 /Public/Uploads/16/07/22/5791cf36a122e.jpg
INFO: [ app_init ] --START--
INFO: Run Behavior\BuildLiteBehavior [ RunTime:0.000000s ]
INFO: [ app_init ] --END-- [ RunTime:0.001000s ]
ERR: 无法加载模块:Public

[ 2017-01-05T09:19:39+08:00 ] 127.0.0.1 /Public/Uploads/16/06/21/5768d3c0629bf.png
INFO: [ app_init ] --START--
INFO: Run Behavior\BuildLiteBehavior [ RunTime:0.000000s ]
INFO: [ app_init ] --END-- [ RunTime:0.000000s ]
ERR: 无法加载模块:Public

[ 2017-01-05T09:19:40+08:00 ] 127.0.0.1 /Public/Uploads/16/07/22/5791cf36a122e.jpg
INFO: [ app_init ] --START--
INFO: Run Behavior\BuildLiteBehavior [ RunTime:0.000000s ]
INFO: [ app_init ] --END-- [ RunTime:0.000000s ]
ERR: 无法加载模块:Public

[ 2017-01-05T09:19:40+08:00 ] 127.0.0.1 /Public/Uploads/16/07/27/57985d52d7a9a.jpg
INFO: [ app_init ] --START--
INFO: Run Behavior\BuildLiteBehavior [ RunTime:0.000000s ]
INFO: [ app_init ] --END-- [ RunTime:0.001000s ]
ERR: 无法加载模块:Public

[ 2017-01-05T09:19:40+08:00 ] 127.0.0.1 /Public/Uploads/16/06/21/5768d3c0629bf.png
INFO: [ app_init ] --START--
INFO: Run Behavior\BuildLiteBehavior [ RunTime:0.000000s ]
INFO: [ app_init ] --END-- [ RunTime:0.000000s ]
ERR: 无法加载模块:Public

[ 2017-01-05T09:19:40+08:00 ] 127.0.0.1 /cart/index/loadCart
INFO: [ app_init ] --START--
INFO: Run Behavior\BuildLiteBehavior [ RunTime:0.000000s ]
INFO: [ app_init ] --END-- [ RunTime:0.001000s ]
ERR: 无法加载模块:Cart

[ 2017-01-05T10:06:36+08:00 ] 127.0.0.1 /Public/Uploads/16/06/21/5768d3c0629bf.png
INFO: [ app_init ] --START--
INFO: Run Behavior\BuildLiteBehavior [ RunTime:0.000000s ]
INFO: [ app_init ] --END-- [ RunTime:0.000000s ]
ERR: 无法加载模块:Public

[ 2017-01-05T10:06:36+08:00 ] 127.0.0.1 /Public/Uploads/16/07/22/5791cf36a122e.jpg
INFO: [ app_init ] --START--
INFO: Run Behavior\BuildLiteBehavior [ RunTime:0.000000s ]
INFO: [ app_init ] --END-- [ RunTime:0.000000s ]
ERR: 无法加载模块:Public

[ 2017-01-05T10:06:36+08:00 ] 127.0.0.1 /Public/Uploads/16/07/27/57985d52d7a9a.jpg
INFO: [ app_init ] --START--
INFO: Run Behavior\BuildLiteBehavior [ RunTime:0.000000s ]
INFO: [ app_init ] --END-- [ RunTime:0.001000s ]
ERR: 无法加载模块:Public

[ 2017-01-05T10:06:38+08:00 ] 127.0.0.1 /Public/Uploads/16/07/22/5791cf36a122e.jpg
INFO: [ app_init ] --START--
INFO: Run Behavior\BuildLiteBehavior [ RunTime:0.000000s ]
INFO: [ app_init ] --END-- [ RunTime:0.000000s ]
ERR: 无法加载模块:Public

[ 2017-01-05T10:06:38+08:00 ] 127.0.0.1 /Public/Uploads/16/06/21/5768d3c0629bf.png
INFO: [ app_init ] --START--
INFO: Run Behavior\BuildLiteBehavior [ RunTime:0.000000s ]
INFO: [ app_init ] --END-- [ RunTime:0.000000s ]
ERR: 无法加载模块:Public

[ 2017-01-05T10:06:38+08:00 ] 127.0.0.1 /Public/Uploads/16/07/27/57985d52d7a9a.jpg
INFO: [ app_init ] --START--
INFO: Run Behavior\BuildLiteBehavior [ RunTime:0.000000s ]
INFO: [ app_init ] --END-- [ RunTime:0.000000s ]
ERR: 无法加载模块:Public

[ 2017-01-05T10:07:02+08:00 ] 127.0.0.1 /Public/Uploads/16/07/22/5791cf36a122e.jpg
INFO: [ app_init ] --START--
INFO: Run Behavior\BuildLiteBehavior [ RunTime:0.000000s ]
INFO: [ app_init ] --END-- [ RunTime:0.000000s ]
ERR: 无法加载模块:Public

[ 2017-01-05T10:07:02+08:00 ] 127.0.0.1 /Public/Uploads/16/07/27/57985d52d7a9a.jpg
INFO: [ app_init ] --START--
INFO: Run Behavior\BuildLiteBehavior [ RunTime:0.000000s ]
INFO: [ app_init ] --END-- [ RunTime:0.000000s ]
ERR: 无法加载模块:Public

[ 2017-01-05T10:07:02+08:00 ] 127.0.0.1 /Public/Uploads/16/06/21/5768d3c0629bf.png
INFO: [ app_init ] --START--
INFO: Run Behavior\BuildLiteBehavior [ RunTime:0.000000s ]
INFO: [ app_init ] --END-- [ RunTime:0.000000s ]
ERR: 无法加载模块:Public

[ 2017-01-05T10:17:03+08:00 ] 127.0.0.1 /Public/Uploads/16/06/21/5768d3c0629bf.png
INFO: [ app_init ] --START--
INFO: Run Behavior\BuildLiteBehavior [ RunTime:0.000000s ]
INFO: [ app_init ] --END-- [ RunTime:0.000000s ]
ERR: 无法加载模块:Public

[ 2017-01-05T10:17:03+08:00 ] 127.0.0.1 /Public/Uploads/16/07/22/5791cf36a122e.jpg
INFO: [ app_init ] --START--
INFO: Run Behavior\BuildLiteBehavior [ RunTime:0.000000s ]
INFO: [ app_init ] --END-- [ RunTime:0.001000s ]
ERR: 无法加载模块:Public

[ 2017-01-05T10:17:03+08:00 ] 127.0.0.1 /Public/Uploads/16/07/27/57985d52d7a9a.jpg
INFO: [ app_init ] --START--
INFO: Run Behavior\BuildLiteBehavior [ RunTime:0.000000s ]
INFO: [ app_init ] --END-- [ RunTime:0.000000s ]
ERR: 无法加载模块:Public

[ 2017-01-05T10:18:16+08:00 ] 127.0.0.1 /Public/Uploads/16/06/21/5768d3c0629bf.png
INFO: [ app_init ] --START--
INFO: Run Behavior\BuildLiteBehavior [ RunTime:0.000000s ]
INFO: [ app_init ] --END-- [ RunTime:0.000000s ]
ERR: 无法加载模块:Public

[ 2017-01-05T10:18:16+08:00 ] 127.0.0.1 /Public/Uploads/16/07/27/57985d52d7a9a.jpg
INFO: [ app_init ] --START--
INFO: Run Behavior\BuildLiteBehavior [ RunTime:0.001000s ]
INFO: [ app_init ] --END-- [ RunTime:0.001000s ]
ERR: 无法加载模块:Public

[ 2017-01-05T10:18:16+08:00 ] 127.0.0.1 /Public/Uploads/16/07/22/5791cf36a122e.jpg
INFO: [ app_init ] --START--
INFO: Run Behavior\BuildLiteBehavior [ RunTime:0.000000s ]
INFO: [ app_init ] --END-- [ RunTime:0.000000s ]
ERR: 无法加载模块:Public

[ 2017-01-05T10:18:19+08:00 ] 127.0.0.1 /Public/Uploads/16/06/21/5768d3c0629bf.png
INFO: [ app_init ] --START--
INFO: Run Behavior\BuildLiteBehavior [ RunTime:0.000000s ]
INFO: [ app_init ] --END-- [ RunTime:0.000000s ]
ERR: 无法加载模块:Public

[ 2017-01-05T10:18:19+08:00 ] 127.0.0.1 /Public/Uploads/16/07/27/57985d52d7a9a.jpg
INFO: [ app_init ] --START--
INFO: Run Behavior\BuildLiteBehavior [ RunTime:0.000000s ]
INFO: [ app_init ] --END-- [ RunTime:0.000000s ]
ERR: 无法加载模块:Public

[ 2017-01-05T10:18:19+08:00 ] 127.0.0.1 /Public/Uploads/16/07/22/5791cf36a122e.jpg
INFO: [ app_init ] --START--
INFO: Run Behavior\BuildLiteBehavior [ RunTime:0.000000s ]
INFO: [ app_init ] --END-- [ RunTime:0.001000s ]
ERR: 无法加载模块:Public

[ 2017-01-05T10:18:21+08:00 ] 127.0.0.1 /offers/talk?id=25983
INFO: [ app_init ] --START--
INFO: Run Behavior\BuildLiteBehavior [ RunTime:0.000000s ]
INFO: [ app_init ] --END-- [ RunTime:0.000000s ]
ERR: 无法加载模块:Offers

[ 2017-01-05T10:18:28+08:00 ] 127.0.0.1 /Public/Uploads/16/07/22/5791cf36a122e.jpg
INFO: [ app_init ] --START--
INFO: Run Behavior\BuildLiteBehavior [ RunTime:0.000000s ]
INFO: [ app_init ] --END-- [ RunTime:0.000000s ]
ERR: 无法加载模块:Public

[ 2017-01-05T10:18:28+08:00 ] 127.0.0.1 /Public/Uploads/16/06/21/5768d3c0629bf.png
INFO: [ app_init ] --START--
INFO: Run Behavior\BuildLiteBehavior [ RunTime:0.000000s ]
INFO: [ app_init ] --END-- [ RunTime:0.000000s ]
ERR: 无法加载模块:Public

[ 2017-01-05T10:18:28+08:00 ] 127.0.0.1 /Public/Uploads/16/07/27/57985d52d7a9a.jpg
INFO: [ app_init ] --START--
INFO: Run Behavior\BuildLiteBehavior [ RunTime:0.000000s ]
INFO: [ app_init ] --END-- [ RunTime:0.000000s ]
ERR: 无法加载模块:Public

[ 2017-01-05T10:34:30+08:00 ] 127.0.0.1 /Public/Uploads/16/07/27/57985d52d7a9a.jpg
INFO: [ app_init ] --START--
INFO: Run Behavior\BuildLiteBehavior [ RunTime:0.000000s ]
INFO: [ app_init ] --END-- [ RunTime:0.000000s ]
ERR: 无法加载模块:Public

[ 2017-01-05T10:34:30+08:00 ] 127.0.0.1 /Public/Uploads/16/07/22/5791cf36a122e.jpg
INFO: [ app_init ] --START--
INFO: Run Behavior\BuildLiteBehavior [ RunTime:0.000000s ]
INFO: [ app_init ] --END-- [ RunTime:0.000000s ]
ERR: 无法加载模块:Public

[ 2017-01-05T10:34:30+08:00 ] 127.0.0.1 /Public/Uploads/16/06/21/5768d3c0629bf.png
INFO: [ app_init ] --START--
INFO: Run Behavior\BuildLiteBehavior [ RunTime:0.000000s ]
INFO: [ app_init ] --END-- [ RunTime:0.000000s ]
ERR: 无法加载模块:Public

[ 2017-01-05T10:34:56+08:00 ] 127.0.0.1 /Public/Uploads/16/06/21/5768d3c0629bf.png
INFO: [ app_init ] --START--
INFO: Run Behavior\BuildLiteBehavior [ RunTime:0.000000s ]
INFO: [ app_init ] --END-- [ RunTime:0.000000s ]
ERR: 无法加载模块:Public

[ 2017-01-05T10:34:56+08:00 ] 127.0.0.1 /Public/Uploads/16/07/27/57985d52d7a9a.jpg
INFO: [ app_init ] --START--
INFO: Run Behavior\BuildLiteBehavior [ RunTime:0.000000s ]
INFO: [ app_init ] --END-- [ RunTime:0.000000s ]
ERR: 无法加载模块:Public

[ 2017-01-05T10:34:56+08:00 ] 127.0.0.1 /Public/Uploads/16/07/22/5791cf36a122e.jpg
INFO: [ app_init ] --START--
INFO: Run Behavior\BuildLiteBehavior [ RunTime:0.000000s ]
INFO: [ app_init ] --END-- [ RunTime:0.000000s ]
ERR: 无法加载模块:Public

[ 2017-01-05T10:57:41+08:00 ] 127.0.0.1 /Public/Uploads/16/06/21/5768d3c0629bf.png
INFO: [ app_init ] --START--
INFO: Run Behavior\BuildLiteBehavior [ RunTime:0.000000s ]
INFO: [ app_init ] --END-- [ RunTime:0.000000s ]
ERR: 无法加载模块:Public

[ 2017-01-05T10:57:41+08:00 ] 127.0.0.1 /Public/Uploads/16/07/22/5791cf36a122e.jpg
INFO: [ app_init ] --START--
INFO: Run Behavior\BuildLiteBehavior [ RunTime:0.000000s ]
INFO: [ app_init ] --END-- [ RunTime:0.000000s ]
ERR: 无法加载模块:Public

[ 2017-01-05T10:57:41+08:00 ] 127.0.0.1 /Public/Uploads/16/07/27/57985d52d7a9a.jpg
INFO: [ app_init ] --START--
INFO: Run Behavior\BuildLiteBehavior [ RunTime:0.000000s ]
INFO: [ app_init ] --END-- [ RunTime:0.000000s ]
ERR: 无法加载模块:Public

[ 2017-01-05T10:57:41+08:00 ] 127.0.0.1 /cart/index/loadCart
INFO: [ app_init ] --START--
INFO: Run Behavior\BuildLiteBehavior [ RunTime:0.000000s ]
INFO: [ app_init ] --END-- [ RunTime:0.000000s ]
ERR: 无法加载模块:Cart

[ 2017-01-05T11:02:15+08:00 ] 127.0.0.1 /Public/Uploads/16/06/21/5768d3c0629bf.png
INFO: [ app_init ] --START--
INFO: Run Behavior\BuildLiteBehavior [ RunTime:0.000000s ]
INFO: [ app_init ] --END-- [ RunTime:0.000000s ]
ERR: 无法加载模块:Public

[ 2017-01-05T11:02:15+08:00 ] 127.0.0.1 /Public/Uploads/16/07/22/5791cf36a122e.jpg
INFO: [ app_init ] --START--
INFO: Run Behavior\BuildLiteBehavior [ RunTime:0.000000s ]
INFO: [ app_init ] --END-- [ RunTime:0.000000s ]
ERR: 无法加载模块:Public

[ 2017-01-05T11:02:15+08:00 ] 127.0.0.1 /Public/Uploads/16/07/27/57985d52d7a9a.jpg
INFO: [ app_init ] --START--
INFO: Run Behavior\BuildLiteBehavior [ RunTime:0.000000s ]
INFO: [ app_init ] --END-- [ RunTime:0.000000s ]
ERR: 无法加载模块:Public

[ 2017-01-05T11:02:15+08:00 ] 127.0.0.1 /cart/index/loadCart
INFO: [ app_init ] --START--
INFO: Run Behavior\BuildLiteBehavior [ RunTime:0.000000s ]
INFO: [ app_init ] --END-- [ RunTime:0.000000s ]
ERR: 无法加载模块:Cart

[ 2017-01-05T11:02:58+08:00 ] 127.0.0.1 /Public/Uploads/16/06/21/5768d3c0629bf.png
INFO: [ app_init ] --START--
INFO: Run Behavior\BuildLiteBehavior [ RunTime:0.000000s ]
INFO: [ app_init ] --END-- [ RunTime:0.000000s ]
ERR: 无法加载模块:Public

[ 2017-01-05T11:02:58+08:00 ] 127.0.0.1 /Public/Uploads/16/07/22/5791cf36a122e.jpg
INFO: [ app_init ] --START--
INFO: Run Behavior\BuildLiteBehavior [ RunTime:0.000000s ]
INFO: [ app_init ] --END-- [ RunTime:0.000000s ]
ERR: 无法加载模块:Public

[ 2017-01-05T11:02:58+08:00 ] 127.0.0.1 /Public/Uploads/16/07/27/57985d52d7a9a.jpg
INFO: [ app_init ] --START--
INFO: Run Behavior\BuildLiteBehavior [ RunTime:0.000000s ]
INFO: [ app_init ] --END-- [ RunTime:0.000000s ]
ERR: 无法加载模块:Public

[ 2017-01-05T11:02:58+08:00 ] 127.0.0.1 /cart/index/loadCart
INFO: [ app_init ] --START--
INFO: Run Behavior\BuildLiteBehavior [ RunTime:0.000000s ]
INFO: [ app_init ] --END-- [ RunTime:0.000000s ]
ERR: 无法加载模块:Cart

[ 2017-01-05T11:03:06+08:00 ] 127.0.0.1 /Public/Uploads/16/07/22/5791cf36a122e.jpg
INFO: [ app_init ] --START--
INFO: Run Behavior\BuildLiteBehavior [ RunTime:0.000000s ]
INFO: [ app_init ] --END-- [ RunTime:0.000000s ]
ERR: 无法加载模块:Public

[ 2017-01-05T11:03:06+08:00 ] 127.0.0.1 /Public/Uploads/16/06/21/5768d3c0629bf.png
INFO: [ app_init ] --START--
INFO: Run Behavior\BuildLiteBehavior [ RunTime:0.000000s ]
INFO: [ app_init ] --END-- [ RunTime:0.000000s ]
ERR: 无法加载模块:Public

[ 2017-01-05T11:03:07+08:00 ] 127.0.0.1 /Public/Uploads/16/07/27/57985d52d7a9a.jpg
INFO: [ app_init ] --START--
INFO: Run Behavior\BuildLiteBehavior [ RunTime:0.000000s ]
INFO: [ app_init ] --END-- [ RunTime:0.000000s ]
ERR: 无法加载模块:Public

[ 2017-01-05T11:03:07+08:00 ] 127.0.0.1 /cart/index/loadCart
INFO: [ app_init ] --START--
INFO: Run Behavior\BuildLiteBehavior [ RunTime:0.000000s ]
INFO: [ app_init ] --END-- [ RunTime:0.000000s ]
ERR: 无法加载模块:Cart

[ 2017-01-05T11:04:08+08:00 ] 127.0.0.1 /Public/Uploads/16/07/22/5791cf36a122e.jpg
INFO: [ app_init ] --START--
INFO: Run Behavior\BuildLiteBehavior [ RunTime:0.000000s ]
INFO: [ app_init ] --END-- [ RunTime:0.000000s ]
ERR: 无法加载模块:Public

[ 2017-01-05T11:04:08+08:00 ] 127.0.0.1 /Public/Uploads/16/07/27/57985d52d7a9a.jpg
INFO: [ app_init ] --START--
INFO: Run Behavior\BuildLiteBehavior [ RunTime:0.000000s ]
INFO: [ app_init ] --END-- [ RunTime:0.000000s ]
ERR: 无法加载模块:Public

[ 2017-01-05T11:04:08+08:00 ] 127.0.0.1 /Public/Uploads/16/06/21/5768d3c0629bf.png
INFO: [ app_init ] --START--
INFO: Run Behavior\BuildLiteBehavior [ RunTime:0.000000s ]
INFO: [ app_init ] --END-- [ RunTime:0.000000s ]
ERR: 无法加载模块:Public

[ 2017-01-05T11:04:10+08:00 ] 127.0.0.1 /cart/index/loadCart
INFO: [ app_init ] --START--
INFO: Run Behavior\BuildLiteBehavior [ RunTime:0.000000s ]
INFO: [ app_init ] --END-- [ RunTime:0.000000s ]
ERR: 无法加载模块:Cart

[ 2017-01-05T11:04:13+08:00 ] 127.0.0.1 /Public/Uploads/16/07/22/5791cf36a122e.jpg
INFO: [ app_init ] --START--
INFO: Run Behavior\BuildLiteBehavior [ RunTime:0.000000s ]
INFO: [ app_init ] --END-- [ RunTime:0.000000s ]
ERR: 无法加载模块:Public

[ 2017-01-05T11:04:13+08:00 ] 127.0.0.1 /Public/Uploads/16/07/27/57985d52d7a9a.jpg
INFO: [ app_init ] --START--
INFO: Run Behavior\BuildLiteBehavior [ RunTime:0.001000s ]
INFO: [ app_init ] --END-- [ RunTime:0.001000s ]
ERR: 无法加载模块:Public

[ 2017-01-05T11:04:13+08:00 ] 127.0.0.1 /Public/Uploads/16/06/21/5768d3c0629bf.png
INFO: [ app_init ] --START--
INFO: Run Behavior\BuildLiteBehavior [ RunTime:0.000000s ]
INFO: [ app_init ] --END-- [ RunTime:0.000000s ]
ERR: 无法加载模块:Public

[ 2017-01-05T11:04:13+08:00 ] 127.0.0.1 /cart/index/loadCart
INFO: [ app_init ] --START--
INFO: Run Behavior\BuildLiteBehavior [ RunTime:0.000000s ]
INFO: [ app_init ] --END-- [ RunTime:0.000000s ]
ERR: 无法加载模块:Cart

[ 2017-01-05T11:07:02+08:00 ] 127.0.0.1 /Public/Uploads/16/06/21/5768d3c0629bf.png
INFO: [ app_init ] --START--
INFO: Run Behavior\BuildLiteBehavior [ RunTime:0.000000s ]
INFO: [ app_init ] --END-- [ RunTime:0.000000s ]
ERR: 无法加载模块:Public

[ 2017-01-05T11:07:02+08:00 ] 127.0.0.1 /Public/Uploads/16/07/27/57985d52d7a9a.jpg
INFO: [ app_init ] --START--
INFO: Run Behavior\BuildLiteBehavior [ RunTime:0.000000s ]
INFO: [ app_init ] --END-- [ RunTime:0.000000s ]
ERR: 无法加载模块:Public

[ 2017-01-05T11:07:02+08:00 ] 127.0.0.1 /Public/Uploads/16/07/22/5791cf36a122e.jpg
INFO: [ app_init ] --START--
INFO: Run Behavior\BuildLiteBehavior [ RunTime:0.000000s ]
INFO: [ app_init ] --END-- [ RunTime:0.000000s ]
ERR: 无法加载模块:Public

[ 2017-01-05T11:07:02+08:00 ] 127.0.0.1 /cart/index/loadCart
INFO: [ app_init ] --START--
INFO: Run Behavior\BuildLiteBehavior [ RunTime:0.000000s ]
INFO: [ app_init ] --END-- [ RunTime:0.000000s ]
ERR: 无法加载模块:Cart

[ 2017-01-05T11:07:37+08:00 ] 127.0.0.1 /Public/Uploads/16/06/21/5768d3c0629bf.png
INFO: [ app_init ] --START--
INFO: Run Behavior\BuildLiteBehavior [ RunTime:0.000000s ]
INFO: [ app_init ] --END-- [ RunTime:0.001000s ]
ERR: 无法加载模块:Public

[ 2017-01-05T11:07:37+08:00 ] 127.0.0.1 /Public/Uploads/16/07/22/5791cf36a122e.jpg
INFO: [ app_init ] --START--
INFO: Run Behavior\BuildLiteBehavior [ RunTime:0.000000s ]
INFO: [ app_init ] --END-- [ RunTime:0.000000s ]
ERR: 无法加载模块:Public

[ 2017-01-05T11:07:37+08:00 ] 127.0.0.1 /Public/Uploads/16/07/27/57985d52d7a9a.jpg
INFO: [ app_init ] --START--
INFO: Run Behavior\BuildLiteBehavior [ RunTime:0.000000s ]
INFO: [ app_init ] --END-- [ RunTime:0.000000s ]
ERR: 无法加载模块:Public

[ 2017-01-05T11:07:37+08:00 ] 127.0.0.1 /cart/index/loadCart
INFO: [ app_init ] --START--
INFO: Run Behavior\BuildLiteBehavior [ RunTime:0.000000s ]
INFO: [ app_init ] --END-- [ RunTime:0.000000s ]
ERR: 无法加载模块:Cart

[ 2017-01-05T11:13:26+08:00 ] 127.0.0.1 /Public/Uploads/16/06/21/5768d3c0629bf.png
INFO: [ app_init ] --START--
INFO: Run Behavior\BuildLiteBehavior [ RunTime:0.000000s ]
INFO: [ app_init ] --END-- [ RunTime:0.000000s ]
ERR: 无法加载模块:Public

[ 2017-01-05T11:13:26+08:00 ] 127.0.0.1 /Public/Uploads/16/07/22/5791cf36a122e.jpg
INFO: [ app_init ] --START--
INFO: Run Behavior\BuildLiteBehavior [ RunTime:0.000000s ]
INFO: [ app_init ] --END-- [ RunTime:0.000000s ]
ERR: 无法加载模块:Public

[ 2017-01-05T11:13:26+08:00 ] 127.0.0.1 /Public/Uploads/%EF%BF%BD
INFO: [ app_init ] --START--
INFO: Run Behavior\BuildLiteBehavior [ RunTime:0.000000s ]
INFO: [ app_init ] --END-- [ RunTime:0.000000s ]
ERR: 无法加载模块:Public

[ 2017-01-05T11:13:26+08:00 ] 127.0.0.1 /Public/Uploads/16/07/27/57985d52d7a9a.jpg
INFO: [ app_init ] --START--
INFO: Run Behavior\BuildLiteBehavior [ RunTime:0.000000s ]
INFO: [ app_init ] --END-- [ RunTime:0.000000s ]
ERR: 无法加载模块:Public

[ 2017-01-05T11:13:29+08:00 ] 127.0.0.1 /Public/Uploads/%EF%BF%BD
INFO: [ app_init ] --START--
INFO: Run Behavior\BuildLiteBehavior [ RunTime:0.000000s ]
INFO: [ app_init ] --END-- [ RunTime:0.000000s ]
ERR: 无法加载模块:Public

[ 2017-01-05T11:13:29+08:00 ] 127.0.0.1 /cart/index/loadCart
INFO: [ app_init ] --START--
INFO: Run Behavior\BuildLiteBehavior [ RunTime:0.000000s ]
INFO: [ app_init ] --END-- [ RunTime:0.000000s ]
ERR: 无法加载模块:Cart

[ 2017-01-05T11:13:56+08:00 ] 127.0.0.1 /Public/Uploads/16/06/21/5768d3c0629bf.png
INFO: [ app_init ] --START--
INFO: Run Behavior\BuildLiteBehavior [ RunTime:0.000000s ]
INFO: [ app_init ] --END-- [ RunTime:0.000000s ]
ERR: 无法加载模块:Public

[ 2017-01-05T11:13:56+08:00 ] 127.0.0.1 /Public/Uploads/16/07/22/5791cf36a122e.jpg
INFO: [ app_init ] --START--
INFO: Run Behavior\BuildLiteBehavior [ RunTime:0.000000s ]
INFO: [ app_init ] --END-- [ RunTime:0.000000s ]
ERR: 无法加载模块:Public

[ 2017-01-05T11:13:56+08:00 ] 127.0.0.1 /Public/Uploads/16/07/27/57985d52d7a9a.jpg
INFO: [ app_init ] --START--
INFO: Run Behavior\BuildLiteBehavior [ RunTime:0.000000s ]
INFO: [ app_init ] --END-- [ RunTime:0.000000s ]
ERR: 无法加载模块:Public

[ 2017-01-05T11:13:56+08:00 ] 127.0.0.1 /Public/Uploads/%EF%BF%BD
INFO: [ app_init ] --START--
INFO: Run Behavior\BuildLiteBehavior [ RunTime:0.000000s ]
INFO: [ app_init ] --END-- [ RunTime:0.000000s ]
ERR: 无法加载模块:Public

[ 2017-01-05T11:13:56+08:00 ] 127.0.0.1 /Public/Uploads/%EF%BF%BD
INFO: [ app_init ] --START--
INFO: Run Behavior\BuildLiteBehavior [ RunTime:0.000000s ]
INFO: [ app_init ] --END-- [ RunTime:0.000000s ]
ERR: 无法加载模块:Public

[ 2017-01-05T11:13:57+08:00 ] 127.0.0.1 /cart/index/loadCart
INFO: [ app_init ] --START--
INFO: Run Behavior\BuildLiteBehavior [ RunTime:0.000000s ]
INFO: [ app_init ] --END-- [ RunTime:0.000000s ]
ERR: 无法加载模块:Cart

[ 2017-01-05T11:15:29+08:00 ] 127.0.0.1 /Public/Uploads/16/06/21/5768d3c0629bf.png
INFO: [ app_init ] --START--
INFO: Run Behavior\BuildLiteBehavior [ RunTime:0.000000s ]
INFO: [ app_init ] --END-- [ RunTime:0.000000s ]
ERR: 无法加载模块:Public

[ 2017-01-05T11:15:29+08:00 ] 127.0.0.1 /Public/Uploads/16/07/27/57985d52d7a9a.jpg
INFO: [ app_init ] --START--
INFO: Run Behavior\BuildLiteBehavior [ RunTime:0.000000s ]
INFO: [ app_init ] --END-- [ RunTime:0.000000s ]
ERR: 无法加载模块:Public

[ 2017-01-05T11:15:29+08:00 ] 127.0.0.1 /Public/Uploads/16/07/22/5791cf36a122e.jpg
INFO: [ app_init ] --START--
INFO: Run Behavior\BuildLiteBehavior [ RunTime:0.000000s ]
INFO: [ app_init ] --END-- [ RunTime:0.000000s ]
ERR: 无法加载模块:Public

[ 2017-01-05T11:15:29+08:00 ] 127.0.0.1 /Public/Uploads/%EF%BF%BD
INFO: [ app_init ] --START--
INFO: Run Behavior\BuildLiteBehavior [ RunTime:0.000000s ]
INFO: [ app_init ] --END-- [ RunTime:0.001000s ]
ERR: 无法加载模块:Public

[ 2017-01-05T11:15:29+08:00 ] 127.0.0.1 /Public/Uploads/%EF%BF%BD
INFO: [ app_init ] --START--
INFO: Run Behavior\BuildLiteBehavior [ RunTime:0.000000s ]
INFO: [ app_init ] --END-- [ RunTime:0.000000s ]
ERR: 无法加载模块:Public

[ 2017-01-05T11:15:29+08:00 ] 127.0.0.1 /cart/index/loadCart
INFO: [ app_init ] --START--
INFO: Run Behavior\BuildLiteBehavior [ RunTime:0.000000s ]
INFO: [ app_init ] --END-- [ RunTime:0.000000s ]
ERR: 无法加载模块:Cart

[ 2017-01-05T11:15:42+08:00 ] 127.0.0.1 /Public/Uploads/16/06/21/5768d3c0629bf.png
INFO: [ app_init ] --START--
INFO: Run Behavior\BuildLiteBehavior [ RunTime:0.000000s ]
INFO: [ app_init ] --END-- [ RunTime:0.000000s ]
ERR: 无法加载模块:Public

[ 2017-01-05T11:15:42+08:00 ] 127.0.0.1 /Public/Uploads/16/07/22/5791cf36a122e.jpg
INFO: [ app_init ] --START--
INFO: Run Behavior\BuildLiteBehavior [ RunTime:0.000000s ]
INFO: [ app_init ] --END-- [ RunTime:0.000000s ]
ERR: 无法加载模块:Public

[ 2017-01-05T11:15:42+08:00 ] 127.0.0.1 /Public/Uploads/16/07/27/57985d52d7a9a.jpg
INFO: [ app_init ] --START--
INFO: Run Behavior\BuildLiteBehavior [ RunTime:0.000000s ]
INFO: [ app_init ] --END-- [ RunTime:0.000000s ]
ERR: 无法加载模块:Public

[ 2017-01-05T11:15:42+08:00 ] 127.0.0.1 /Public/Uploads/%EF%BF%BD
INFO: [ app_init ] --START--
INFO: Run Behavior\BuildLiteBehavior [ RunTime:0.000000s ]
INFO: [ app_init ] --END-- [ RunTime:0.000000s ]
ERR: 无法加载模块:Public

[ 2017-01-05T11:15:43+08:00 ] 127.0.0.1 /Public/Uploads/%EF%BF%BD
INFO: [ app_init ] --START--
INFO: Run Behavior\BuildLiteBehavior [ RunTime:0.000000s ]
INFO: [ app_init ] --END-- [ RunTime:0.000000s ]
ERR: 无法加载模块:Public

[ 2017-01-05T11:15:43+08:00 ] 127.0.0.1 /cart/index/loadCart
INFO: [ app_init ] --START--
INFO: Run Behavior\BuildLiteBehavior [ RunTime:0.000000s ]
INFO: [ app_init ] --END-- [ RunTime:0.000000s ]
ERR: 无法加载模块:Cart

[ 2017-01-05T11:18:30+08:00 ] 127.0.0.1 /Public/Uploads/16/06/21/5768d3c0629bf.png
INFO: [ app_init ] --START--
INFO: Run Behavior\BuildLiteBehavior [ RunTime:0.000000s ]
INFO: [ app_init ] --END-- [ RunTime:0.000000s ]
ERR: 无法加载模块:Public

[ 2017-01-05T11:18:30+08:00 ] 127.0.0.1 /Public/Uploads/16/07/22/5791cf36a122e.jpg
INFO: [ app_init ] --START--
INFO: Run Behavior\BuildLiteBehavior [ RunTime:0.000000s ]
INFO: [ app_init ] --END-- [ RunTime:0.000000s ]
ERR: 无法加载模块:Public

[ 2017-01-05T11:18:30+08:00 ] 127.0.0.1 /Public/Uploads/16/07/27/57985d52d7a9a.jpg
INFO: [ app_init ] --START--
INFO: Run Behavior\BuildLiteBehavior [ RunTime:0.000000s ]
INFO: [ app_init ] --END-- [ RunTime:0.000000s ]
ERR: 无法加载模块:Public

[ 2017-01-05T11:18:34+08:00 ] 127.0.0.1 /Public/Uploads/16/06/21/5768d3c0629bf.png
INFO: [ app_init ] --START--
INFO: Run Behavior\BuildLiteBehavior [ RunTime:0.000000s ]
INFO: [ app_init ] --END-- [ RunTime:0.000000s ]
ERR: 无法加载模块:Public

[ 2017-01-05T11:18:34+08:00 ] 127.0.0.1 /Public/Uploads/16/07/22/5791cf36a122e.jpg
INFO: [ app_init ] --START--
INFO: Run Behavior\BuildLiteBehavior [ RunTime:0.000000s ]
INFO: [ app_init ] --END-- [ RunTime:0.000000s ]
ERR: 无法加载模块:Public

[ 2017-01-05T11:18:34+08:00 ] 127.0.0.1 /Public/Uploads/16/07/27/57985d52d7a9a.jpg
INFO: [ app_init ] --START--
INFO: Run Behavior\BuildLiteBehavior [ RunTime:0.000000s ]
INFO: [ app_init ] --END-- [ RunTime:0.000000s ]
ERR: 无法加载模块:Public

[ 2017-01-05T11:18:37+08:00 ] 127.0.0.1 /Public/Uploads/16/06/21/5768d3c0629bf.png
INFO: [ app_init ] --START--
INFO: Run Behavior\BuildLiteBehavior [ RunTime:0.000000s ]
INFO: [ app_init ] --END-- [ RunTime:0.001000s ]
ERR: 无法加载模块:Public

[ 2017-01-05T11:18:37+08:00 ] 127.0.0.1 /Public/Uploads/16/07/27/57985d52d7a9a.jpg
INFO: [ app_init ] --START--
INFO: Run Behavior\BuildLiteBehavior [ RunTime:0.000000s ]
INFO: [ app_init ] --END-- [ RunTime:0.000000s ]
ERR: 无法加载模块:Public

[ 2017-01-05T11:18:37+08:00 ] 127.0.0.1 /Public/Uploads/16/07/22/5791cf36a122e.jpg
INFO: [ app_init ] --START--
INFO: Run Behavior\BuildLiteBehavior [ RunTime:0.000000s ]
INFO: [ app_init ] --END-- [ RunTime:0.000000s ]
ERR: 无法加载模块:Public

[ 2017-01-05T11:18:38+08:00 ] 127.0.0.1 /cart/index/loadCart
INFO: [ app_init ] --START--
INFO: Run Behavior\BuildLiteBehavior [ RunTime:0.000000s ]
INFO: [ app_init ] --END-- [ RunTime:0.000000s ]
ERR: 无法加载模块:Cart

[ 2017-01-05T11:21:35+08:00 ] 127.0.0.1 /Public/Uploads/16/07/27/57985d52d7a9a.jpg
INFO: [ app_init ] --START--
INFO: Run Behavior\BuildLiteBehavior [ RunTime:0.000000s ]
INFO: [ app_init ] --END-- [ RunTime:0.000000s ]
ERR: 无法加载模块:Public

[ 2017-01-05T11:21:35+08:00 ] 127.0.0.1 /Public/Uploads/16/06/21/5768d3c0629bf.png
INFO: [ app_init ] --START--
INFO: Run Behavior\BuildLiteBehavior [ RunTime:0.000000s ]
INFO: [ app_init ] --END-- [ RunTime:0.000000s ]
ERR: 无法加载模块:Public

[ 2017-01-05T11:21:35+08:00 ] 127.0.0.1 /Public/Uploads/16/07/22/5791cf36a122e.jpg
INFO: [ app_init ] --START--
INFO: Run Behavior\BuildLiteBehavior [ RunTime:0.000000s ]
INFO: [ app_init ] --END-- [ RunTime:0.000000s ]
ERR: 无法加载模块:Public

[ 2017-01-05T11:22:04+08:00 ] 127.0.0.1 /Public/Uploads/16/07/22/5791cf36a122e.jpg
INFO: [ app_init ] --START--
INFO: Run Behavior\BuildLiteBehavior [ RunTime:0.000000s ]
INFO: [ app_init ] --END-- [ RunTime:0.000000s ]
ERR: 无法加载模块:Public

[ 2017-01-05T11:22:04+08:00 ] 127.0.0.1 /Public/Uploads/16/06/21/5768d3c0629bf.png
INFO: [ app_init ] --START--
INFO: Run Behavior\BuildLiteBehavior [ RunTime:0.000000s ]
INFO: [ app_init ] --END-- [ RunTime:0.000000s ]
ERR: 无法加载模块:Public

[ 2017-01-05T11:22:04+08:00 ] 127.0.0.1 /Public/Uploads/16/07/27/57985d52d7a9a.jpg
INFO: [ app_init ] --START--
INFO: Run Behavior\BuildLiteBehavior [ RunTime:0.000000s ]
INFO: [ app_init ] --END-- [ RunTime:0.000000s ]
ERR: 无法加载模块:Public

[ 2017-01-05T11:22:04+08:00 ] 127.0.0.1 /cart/index/loadCart
INFO: [ app_init ] --START--
INFO: Run Behavior\BuildLiteBehavior [ RunTime:0.001000s ]
INFO: [ app_init ] --END-- [ RunTime:0.001000s ]
ERR: 无法加载模块:Cart

[ 2017-01-05T11:22:41+08:00 ] 127.0.0.1 /Public/Uploads/16/06/21/5768d3c0629bf.png
INFO: [ app_init ] --START--
INFO: Run Behavior\BuildLiteBehavior [ RunTime:0.000000s ]
INFO: [ app_init ] --END-- [ RunTime:0.001000s ]
ERR: 无法加载模块:Public

[ 2017-01-05T11:22:41+08:00 ] 127.0.0.1 /Public/Uploads/16/07/27/57985d52d7a9a.jpg
INFO: [ app_init ] --START--
INFO: Run Behavior\BuildLiteBehavior [ RunTime:0.000000s ]
INFO: [ app_init ] --END-- [ RunTime:0.000000s ]
ERR: 无法加载模块:Public

[ 2017-01-05T11:22:41+08:00 ] 127.0.0.1 /Public/Uploads/16/07/22/5791cf36a122e.jpg
INFO: [ app_init ] --START--
INFO: Run Behavior\BuildLiteBehavior [ RunTime:0.000000s ]
INFO: [ app_init ] --END-- [ RunTime:0.000000s ]
ERR: 无法加载模块:Public

[ 2017-01-05T11:22:43+08:00 ] 127.0.0.1 /Public/Uploads/16/06/21/5768d3c0629bf.png
INFO: [ app_init ] --START--
INFO: Run Behavior\BuildLiteBehavior [ RunTime:0.000000s ]
INFO: [ app_init ] --END-- [ RunTime:0.000000s ]
ERR: 无法加载模块:Public

[ 2017-01-05T11:22:43+08:00 ] 127.0.0.1 /Public/Uploads/16/07/27/57985d52d7a9a.jpg
INFO: [ app_init ] --START--
INFO: Run Behavior\BuildLiteBehavior [ RunTime:0.000000s ]
INFO: [ app_init ] --END-- [ RunTime:0.001000s ]
ERR: 无法加载模块:Public

[ 2017-01-05T11:22:43+08:00 ] 127.0.0.1 /Public/Uploads/16/07/22/5791cf36a122e.jpg
INFO: [ app_init ] --START--
INFO: Run Behavior\BuildLiteBehavior [ RunTime:0.000000s ]
INFO: [ app_init ] --END-- [ RunTime:0.000000s ]
ERR: 无法加载模块:Public

[ 2017-01-05T11:22:44+08:00 ] 127.0.0.1 /cart/index/loadCart
INFO: [ app_init ] --START--
INFO: Run Behavior\BuildLiteBehavior [ RunTime:0.000000s ]
INFO: [ app_init ] --END-- [ RunTime:0.000000s ]
ERR: 无法加载模块:Cart

[ 2017-01-05T11:23:19+08:00 ] 127.0.0.1 /Public/Uploads/16/06/21/5768d3c0629bf.png
INFO: [ app_init ] --START--
INFO: Run Behavior\BuildLiteBehavior [ RunTime:0.000000s ]
INFO: [ app_init ] --END-- [ RunTime:0.000000s ]
ERR: 无法加载模块:Public

[ 2017-01-05T11:23:19+08:00 ] 127.0.0.1 /Public/Uploads/16/07/22/5791cf36a122e.jpg
INFO: [ app_init ] --START--
INFO: Run Behavior\BuildLiteBehavior [ RunTime:0.001000s ]
INFO: [ app_init ] --END-- [ RunTime:0.001000s ]
ERR: 无法加载模块:Public

[ 2017-01-05T11:23:19+08:00 ] 127.0.0.1 /Public/Uploads/16/07/27/57985d52d7a9a.jpg
INFO: [ app_init ] --START--
INFO: Run Behavior\BuildLiteBehavior [ RunTime:0.000000s ]
INFO: [ app_init ] --END-- [ RunTime:0.000000s ]
ERR: 无法加载模块:Public

[ 2017-01-05T11:23:20+08:00 ] 127.0.0.1 /cart/index/loadCart
INFO: [ app_init ] --START--
INFO: Run Behavior\BuildLiteBehavior [ RunTime:0.000000s ]
INFO: [ app_init ] --END-- [ RunTime:0.000000s ]
ERR: 无法加载模块:Cart

[ 2017-01-05T11:23:47+08:00 ] 127.0.0.1 /Public/Uploads/16/06/21/5768d3c0629bf.png
INFO: [ app_init ] --START--
INFO: Run Behavior\BuildLiteBehavior [ RunTime:0.000000s ]
INFO: [ app_init ] --END-- [ RunTime:0.001000s ]
ERR: 无法加载模块:Public

[ 2017-01-05T11:23:47+08:00 ] 127.0.0.1 /Public/Uploads/16/07/22/5791cf36a122e.jpg
INFO: [ app_init ] --START--
INFO: Run Behavior\BuildLiteBehavior [ RunTime:0.000000s ]
INFO: [ app_init ] --END-- [ RunTime:0.001000s ]
ERR: 无法加载模块:Public

[ 2017-01-05T11:23:47+08:00 ] 127.0.0.1 /Public/Uploads/16/07/27/57985d52d7a9a.jpg
INFO: [ app_init ] --START--
INFO: Run Behavior\BuildLiteBehavior [ RunTime:0.000000s ]
INFO: [ app_init ] --END-- [ RunTime:0.001000s ]
ERR: 无法加载模块:Public

[ 2017-01-05T11:23:54+08:00 ] 127.0.0.1 /cart/index/loadCart
INFO: [ app_init ] --START--
INFO: Run Behavior\BuildLiteBehavior [ RunTime:0.000000s ]
INFO: [ app_init ] --END-- [ RunTime:0.000000s ]
ERR: 无法加载模块:Cart

[ 2017-01-05T11:23:59+08:00 ] 127.0.0.1 /Public/Uploads/16/07/22/5791cf36a122e.jpg
INFO: [ app_init ] --START--
INFO: Run Behavior\BuildLiteBehavior [ RunTime:0.000000s ]
INFO: [ app_init ] --END-- [ RunTime:0.000000s ]
ERR: 无法加载模块:Public

[ 2017-01-05T11:23:59+08:00 ] 127.0.0.1 /Public/Uploads/16/07/27/57985d52d7a9a.jpg
INFO: [ app_init ] --START--
INFO: Run Behavior\BuildLiteBehavior [ RunTime:0.000000s ]
INFO: [ app_init ] --END-- [ RunTime:0.000000s ]
ERR: 无法加载模块:Public

[ 2017-01-05T11:23:59+08:00 ] 127.0.0.1 /Public/Uploads/16/06/21/5768d3c0629bf.png
INFO: [ app_init ] --START--
INFO: Run Behavior\BuildLiteBehavior [ RunTime:0.000000s ]
INFO: [ app_init ] --END-- [ RunTime:0.000000s ]
ERR: 无法加载模块:Public

[ 2017-01-05T11:24:04+08:00 ] 127.0.0.1 /cart/index/loadCart
INFO: [ app_init ] --START--
INFO: Run Behavior\BuildLiteBehavior [ RunTime:0.000000s ]
INFO: [ app_init ] --END-- [ RunTime:0.000000s ]
ERR: 无法加载模块:Cart

[ 2017-01-05T11:24:13+08:00 ] 127.0.0.1 /Public/Uploads/16/06/21/5768d3c0629bf.png
INFO: [ app_init ] --START--
INFO: Run Behavior\BuildLiteBehavior [ RunTime:0.000000s ]
INFO: [ app_init ] --END-- [ RunTime:0.000000s ]
ERR: 无法加载模块:Public

[ 2017-01-05T11:24:13+08:00 ] 127.0.0.1 /Public/Uploads/16/07/22/5791cf36a122e.jpg
INFO: [ app_init ] --START--
INFO: Run Behavior\BuildLiteBehavior [ RunTime:0.000000s ]
INFO: [ app_init ] --END-- [ RunTime:0.000000s ]
ERR: 无法加载模块:Public

[ 2017-01-05T11:24:13+08:00 ] 127.0.0.1 /Public/Uploads/16/07/27/57985d52d7a9a.jpg
INFO: [ app_init ] --START--
INFO: Run Behavior\BuildLiteBehavior [ RunTime:0.000000s ]
INFO: [ app_init ] --END-- [ RunTime:0.000000s ]
ERR: 无法加载模块:Public

[ 2017-01-05T11:24:14+08:00 ] 127.0.0.1 /cart/index/loadCart
INFO: [ app_init ] --START--
INFO: Run Behavior\BuildLiteBehavior [ RunTime:0.000000s ]
INFO: [ app_init ] --END-- [ RunTime:0.000000s ]
ERR: 无法加载模块:Cart

[ 2017-01-05T11:24:27+08:00 ] 127.0.0.1 /Public/Uploads/16/07/22/5791cf36a122e.jpg
INFO: [ app_init ] --START--
INFO: Run Behavior\BuildLiteBehavior [ RunTime:0.000000s ]
INFO: [ app_init ] --END-- [ RunTime:0.000000s ]
ERR: 无法加载模块:Public

[ 2017-01-05T11:24:27+08:00 ] 127.0.0.1 /Public/Uploads/16/06/21/5768d3c0629bf.png
INFO: [ app_init ] --START--
INFO: Run Behavior\BuildLiteBehavior [ RunTime:0.000000s ]
INFO: [ app_init ] --END-- [ RunTime:0.000000s ]
ERR: 无法加载模块:Public

[ 2017-01-05T11:24:27+08:00 ] 127.0.0.1 /Public/Uploads/16/07/27/57985d52d7a9a.jpg
INFO: [ app_init ] --START--
INFO: Run Behavior\BuildLiteBehavior [ RunTime:0.000000s ]
INFO: [ app_init ] --END-- [ RunTime:0.000000s ]
ERR: 无法加载模块:Public

[ 2017-01-05T11:24:27+08:00 ] 127.0.0.1 /cart/index/loadCart
INFO: [ app_init ] --START--
INFO: Run Behavior\BuildLiteBehavior [ RunTime:0.000000s ]
INFO: [ app_init ] --END-- [ RunTime:0.000000s ]
ERR: 无法加载模块:Cart

[ 2017-01-05T11:24:53+08:00 ] 127.0.0.1 /Public/Uploads/16/07/22/5791cf36a122e.jpg
INFO: [ app_init ] --START--
INFO: Run Behavior\BuildLiteBehavior [ RunTime:0.000000s ]
INFO: [ app_init ] --END-- [ RunTime:0.000000s ]
ERR: 无法加载模块:Public

[ 2017-01-05T11:24:53+08:00 ] 127.0.0.1 /Public/Uploads/16/06/21/5768d3c0629bf.png
INFO: [ app_init ] --START--
INFO: Run Behavior\BuildLiteBehavior [ RunTime:0.000000s ]
INFO: [ app_init ] --END-- [ RunTime:0.000000s ]
ERR: 无法加载模块:Public

[ 2017-01-05T11:24:53+08:00 ] 127.0.0.1 /Public/Uploads/16/07/27/57985d52d7a9a.jpg
INFO: [ app_init ] --START--
INFO: Run Behavior\BuildLiteBehavior [ RunTime:0.000000s ]
INFO: [ app_init ] --END-- [ RunTime:0.000000s ]
ERR: 无法加载模块:Public

[ 2017-01-05T11:24:59+08:00 ] 127.0.0.1 /cart/index/loadCart
INFO: [ app_init ] --START--
INFO: Run Behavior\BuildLiteBehavior [ RunTime:0.000000s ]
INFO: [ app_init ] --END-- [ RunTime:0.000000s ]
ERR: 无法加载模块:Cart

[ 2017-01-05T11:25:43+08:00 ] 127.0.0.1 /Public/Uploads/16/07/22/5791cf36a122e.jpg
INFO: [ app_init ] --START--
INFO: Run Behavior\BuildLiteBehavior [ RunTime:0.000000s ]
INFO: [ app_init ] --END-- [ RunTime:0.000000s ]
ERR: 无法加载模块:Public

[ 2017-01-05T11:25:43+08:00 ] 127.0.0.1 /Public/Uploads/16/06/21/5768d3c0629bf.png
INFO: [ app_init ] --START--
INFO: Run Behavior\BuildLiteBehavior [ RunTime:0.000000s ]
INFO: [ app_init ] --END-- [ RunTime:0.000000s ]
ERR: 无法加载模块:Public

[ 2017-01-05T11:25:43+08:00 ] 127.0.0.1 /Public/Uploads/16/07/27/57985d52d7a9a.jpg
INFO: [ app_init ] --START--
INFO: Run Behavior\BuildLiteBehavior [ RunTime:0.000000s ]
INFO: [ app_init ] --END-- [ RunTime:0.000000s ]
ERR: 无法加载模块:Public

[ 2017-01-05T11:25:44+08:00 ] 127.0.0.1 /cart/index/loadCart
INFO: [ app_init ] --START--
INFO: Run Behavior\BuildLiteBehavior [ RunTime:0.000000s ]
INFO: [ app_init ] --END-- [ RunTime:0.000000s ]
ERR: 无法加载模块:Cart

[ 2017-01-05T11:26:06+08:00 ] 127.0.0.1 /offers
INFO: [ app_init ] --START--
INFO: Run Behavior\BuildLiteBehavior [ RunTime:0.000000s ]
INFO: [ app_init ] --END-- [ RunTime:0.000000s ]
ERR: 无法加载模块:Offers

[ 2017-01-05T11:27:38+08:00 ] 127.0.0.1 /offers
INFO: [ app_init ] --START--
INFO: Run Behavior\BuildLiteBehavior [ RunTime:0.000000s ]
INFO: [ app_init ] --END-- [ RunTime:0.000000s ]
ERR: 无法加载模块:Offers

[ 2017-01-05T11:27:41+08:00 ] 127.0.0.1 /offers
INFO: [ app_init ] --START--
INFO: Run Behavior\BuildLiteBehavior [ RunTime:0.000000s ]
INFO: [ app_init ] --END-- [ RunTime:0.000000s ]
ERR: 无法加载模块:Offers

[ 2017-01-05T11:28:21+08:00 ] 127.0.0.1 /Public/Uploads/16/07/22/5791cf36a122e.jpg
INFO: [ app_init ] --START--
INFO: Run Behavior\BuildLiteBehavior [ RunTime:0.000000s ]
INFO: [ app_init ] --END-- [ RunTime:0.000000s ]
ERR: 无法加载模块:Public

[ 2017-01-05T11:28:21+08:00 ] 127.0.0.1 /Public/Uploads/16/07/27/57985d52d7a9a.jpg
INFO: [ app_init ] --START--
INFO: Run Behavior\BuildLiteBehavior [ RunTime:0.000000s ]
INFO: [ app_init ] --END-- [ RunTime:0.000000s ]
ERR: 无法加载模块:Public

[ 2017-01-05T11:28:21+08:00 ] 127.0.0.1 /Public/Uploads/16/06/21/5768d3c0629bf.png
INFO: [ app_init ] --START--
INFO: Run Behavior\BuildLiteBehavior [ RunTime:0.000000s ]
INFO: [ app_init ] --END-- [ RunTime:0.000000s ]
ERR: 无法加载模块:Public

[ 2017-01-05T11:28:26+08:00 ] 127.0.0.1 /Public/Uploads/16/07/22/5791cf36a122e.jpg
INFO: [ app_init ] --START--
INFO: Run Behavior\BuildLiteBehavior [ RunTime:0.000000s ]
INFO: [ app_init ] --END-- [ RunTime:0.000000s ]
ERR: 无法加载模块:Public

[ 2017-01-05T11:28:26+08:00 ] 127.0.0.1 /Public/Uploads/16/07/27/57985d52d7a9a.jpg
INFO: [ app_init ] --START--
INFO: Run Behavior\BuildLiteBehavior [ RunTime:0.000000s ]
INFO: [ app_init ] --END-- [ RunTime:0.000000s ]
ERR: 无法加载模块:Public

[ 2017-01-05T11:28:26+08:00 ] 127.0.0.1 /Public/Uploads/16/06/21/5768d3c0629bf.png
INFO: [ app_init ] --START--
INFO: Run Behavior\BuildLiteBehavior [ RunTime:0.000000s ]
INFO: [ app_init ] --END-- [ RunTime:0.000000s ]
ERR: 无法加载模块:Public

[ 2017-01-05T11:28:29+08:00 ] 127.0.0.1 /Public/Uploads/16/07/27/57985d52d7a9a.jpg
INFO: [ app_init ] --START--
INFO: Run Behavior\BuildLiteBehavior [ RunTime:0.000000s ]
INFO: [ app_init ] --END-- [ RunTime:0.000000s ]
ERR: 无法加载模块:Public

[ 2017-01-05T11:28:29+08:00 ] 127.0.0.1 /Public/Uploads/16/06/21/5768d3c0629bf.png
INFO: [ app_init ] --START--
INFO: Run Behavior\BuildLiteBehavior [ RunTime:0.000000s ]
INFO: [ app_init ] --END-- [ RunTime:0.000000s ]
ERR: 无法加载模块:Public

[ 2017-01-05T11:28:29+08:00 ] 127.0.0.1 /Public/Uploads/16/07/22/5791cf36a122e.jpg
INFO: [ app_init ] --START--
INFO: Run Behavior\BuildLiteBehavior [ RunTime:0.000000s ]
INFO: [ app_init ] --END-- [ RunTime:0.000000s ]
ERR: 无法加载模块:Public

[ 2017-01-05T11:28:29+08:00 ] 127.0.0.1 /cart/index/loadCart
INFO: [ app_init ] --START--
INFO: Run Behavior\BuildLiteBehavior [ RunTime:0.000000s ]
INFO: [ app_init ] --END-- [ RunTime:0.001000s ]
ERR: 无法加载模块:Cart

[ 2017-01-05T11:28:31+08:00 ] 127.0.0.1 /Public/Uploads/16/07/27/57985d52d7a9a.jpg
INFO: [ app_init ] --START--
INFO: Run Behavior\BuildLiteBehavior [ RunTime:0.000000s ]
INFO: [ app_init ] --END-- [ RunTime:0.000000s ]
ERR: 无法加载模块:Public

[ 2017-01-05T11:28:31+08:00 ] 127.0.0.1 /Public/Uploads/16/06/21/5768d3c0629bf.png
INFO: [ app_init ] --START--
INFO: Run Behavior\BuildLiteBehavior [ RunTime:0.000000s ]
INFO: [ app_init ] --END-- [ RunTime:0.000000s ]
ERR: 无法加载模块:Public

[ 2017-01-05T11:28:31+08:00 ] 127.0.0.1 /Public/Uploads/16/07/22/5791cf36a122e.jpg
INFO: [ app_init ] --START--
INFO: Run Behavior\BuildLiteBehavior [ RunTime:0.000000s ]
INFO: [ app_init ] --END-- [ RunTime:0.000000s ]
ERR: 无法加载模块:Public

[ 2017-01-05T11:31:12+08:00 ] 127.0.0.1 /Public/Uploads/16/07/27/57985d52d7a9a.jpg
INFO: [ app_init ] --START--
INFO: Run Behavior\BuildLiteBehavior [ RunTime:0.000000s ]
INFO: [ app_init ] --END-- [ RunTime:0.000000s ]
ERR: 无法加载模块:Public

[ 2017-01-05T11:31:12+08:00 ] 127.0.0.1 /Public/Uploads/16/07/22/5791cf36a122e.jpg
INFO: [ app_init ] --START--
INFO: Run Behavior\BuildLiteBehavior [ RunTime:0.000000s ]
INFO: [ app_init ] --END-- [ RunTime:0.000000s ]
ERR: 无法加载模块:Public

[ 2017-01-05T11:31:12+08:00 ] 127.0.0.1 /Public/Uploads/16/06/21/5768d3c0629bf.png
INFO: [ app_init ] --START--
INFO: Run Behavior\BuildLiteBehavior [ RunTime:0.000000s ]
INFO: [ app_init ] --END-- [ RunTime:0.001000s ]
ERR: 无法加载模块:Public

[ 2017-01-05T11:31:13+08:00 ] 127.0.0.1 /Public/Uploads/16/07/27/57985d52d7a9a.jpg
INFO: [ app_init ] --START--
INFO: Run Behavior\BuildLiteBehavior [ RunTime:0.000000s ]
INFO: [ app_init ] --END-- [ RunTime:0.000000s ]
ERR: 无法加载模块:Public

[ 2017-01-05T11:31:13+08:00 ] 127.0.0.1 /Public/Uploads/16/06/21/5768d3c0629bf.png
INFO: [ app_init ] --START--
INFO: Run Behavior\BuildLiteBehavior [ RunTime:0.000000s ]
INFO: [ app_init ] --END-- [ RunTime:0.000000s ]
ERR: 无法加载模块:Public

[ 2017-01-05T11:31:13+08:00 ] 127.0.0.1 /Public/Uploads/16/07/22/5791cf36a122e.jpg
INFO: [ app_init ] --START--
INFO: Run Behavior\BuildLiteBehavior [ RunTime:0.000000s ]
INFO: [ app_init ] --END-- [ RunTime:0.000000s ]
ERR: 无法加载模块:Public

[ 2017-01-05T11:31:14+08:00 ] 127.0.0.1 /cart/index/loadCart
INFO: [ app_init ] --START--
INFO: Run Behavior\BuildLiteBehavior [ RunTime:0.000000s ]
INFO: [ app_init ] --END-- [ RunTime:0.000000s ]
ERR: 无法加载模块:Cart

[ 2017-01-05T11:32:02+08:00 ] 127.0.0.1 /Public/Uploads/16/06/21/5768d3c0629bf.png
INFO: [ app_init ] --START--
INFO: Run Behavior\BuildLiteBehavior [ RunTime:0.000000s ]
INFO: [ app_init ] --END-- [ RunTime:0.000000s ]
ERR: 无法加载模块:Public

[ 2017-01-05T11:32:02+08:00 ] 127.0.0.1 /Public/Uploads/16/07/22/5791cf36a122e.jpg
INFO: [ app_init ] --START--
INFO: Run Behavior\BuildLiteBehavior [ RunTime:0.000000s ]
INFO: [ app_init ] --END-- [ RunTime:0.000000s ]
ERR: 无法加载模块:Public

[ 2017-01-05T11:32:02+08:00 ] 127.0.0.1 /Public/Uploads/16/07/27/57985d52d7a9a.jpg
INFO: [ app_init ] --START--
INFO: Run Behavior\BuildLiteBehavior [ RunTime:0.000000s ]
INFO: [ app_init ] --END-- [ RunTime:0.000000s ]
ERR: 无法加载模块:Public

[ 2017-01-05T11:32:02+08:00 ] 127.0.0.1 /cart/index/loadCart
INFO: [ app_init ] --START--
INFO: Run Behavior\BuildLiteBehavior [ RunTime:0.000000s ]
INFO: [ app_init ] --END-- [ RunTime:0.000000s ]
ERR: 无法加载模块:Cart

[ 2017-01-05T11:32:29+08:00 ] 127.0.0.1 /Public/Uploads/16/06/21/5768d3c0629bf.png
INFO: [ app_init ] --START--
INFO: Run Behavior\BuildLiteBehavior [ RunTime:0.000000s ]
INFO: [ app_init ] --END-- [ RunTime:0.001000s ]
ERR: 无法加载模块:Public

[ 2017-01-05T11:32:29+08:00 ] 127.0.0.1 /Public/Uploads/16/07/22/5791cf36a122e.jpg
INFO: [ app_init ] --START--
INFO: Run Behavior\BuildLiteBehavior [ RunTime:0.000000s ]
INFO: [ app_init ] --END-- [ RunTime:0.000000s ]
ERR: 无法加载模块:Public

[ 2017-01-05T11:32:29+08:00 ] 127.0.0.1 /Public/Uploads/16/07/27/57985d52d7a9a.jpg
INFO: [ app_init ] --START--
INFO: Run Behavior\BuildLiteBehavior [ RunTime:0.000000s ]
INFO: [ app_init ] --END-- [ RunTime:0.000000s ]
ERR: 无法加载模块:Public

[ 2017-01-05T11:32:32+08:00 ] 127.0.0.1 /cart/index/loadCart
INFO: [ app_init ] --START--
INFO: Run Behavior\BuildLiteBehavior [ RunTime:0.000000s ]
INFO: [ app_init ] --END-- [ RunTime:0.000000s ]
ERR: 无法加载模块:Cart

[ 2017-01-05T11:33:37+08:00 ] 127.0.0.1 /Public/Uploads/16/06/21/5768d3c0629bf.png
INFO: [ app_init ] --START--
INFO: Run Behavior\BuildLiteBehavior [ RunTime:0.000000s ]
INFO: [ app_init ] --END-- [ RunTime:0.000000s ]
ERR: 无法加载模块:Public

[ 2017-01-05T11:33:37+08:00 ] 127.0.0.1 /Public/Uploads/16/07/22/5791cf36a122e.jpg
INFO: [ app_init ] --START--
INFO: Run Behavior\BuildLiteBehavior [ RunTime:0.000000s ]
INFO: [ app_init ] --END-- [ RunTime:0.001000s ]
ERR: 无法加载模块:Public

[ 2017-01-05T11:33:37+08:00 ] 127.0.0.1 /Public/Uploads/16/07/27/57985d52d7a9a.jpg
INFO: [ app_init ] --START--
INFO: Run Behavior\BuildLiteBehavior [ RunTime:0.000000s ]
INFO: [ app_init ] --END-- [ RunTime:0.000000s ]
ERR: 无法加载模块:Public

[ 2017-01-05T11:33:37+08:00 ] 127.0.0.1 /cart/index/loadCart
INFO: [ app_init ] --START--
INFO: Run Behavior\BuildLiteBehavior [ RunTime:0.000000s ]
INFO: [ app_init ] --END-- [ RunTime:0.000000s ]
ERR: 无法加载模块:Cart

[ 2017-01-05T11:34:23+08:00 ] 127.0.0.1 /Public/Uploads/16/07/22/5791cf36a122e.jpg
INFO: [ app_init ] --START--
INFO: Run Behavior\BuildLiteBehavior [ RunTime:0.000000s ]
INFO: [ app_init ] --END-- [ RunTime:0.000000s ]
ERR: 无法加载模块:Public

[ 2017-01-05T11:34:23+08:00 ] 127.0.0.1 /Public/Uploads/16/06/21/5768d3c0629bf.png
INFO: [ app_init ] --START--
INFO: Run Behavior\BuildLiteBehavior [ RunTime:0.000000s ]
INFO: [ app_init ] --END-- [ RunTime:0.000000s ]
ERR: 无法加载模块:Public

[ 2017-01-05T11:34:23+08:00 ] 127.0.0.1 /Public/Uploads/16/07/27/57985d52d7a9a.jpg
INFO: [ app_init ] --START--
INFO: Run Behavior\BuildLiteBehavior [ RunTime:0.000000s ]
INFO: [ app_init ] --END-- [ RunTime:0.000000s ]
ERR: 无法加载模块:Public

[ 2017-01-05T11:34:23+08:00 ] 127.0.0.1 /cart/index/loadCart
INFO: [ app_init ] --START--
INFO: Run Behavior\BuildLiteBehavior [ RunTime:0.000000s ]
INFO: [ app_init ] --END-- [ RunTime:0.000000s ]
ERR: 无法加载模块:Cart

[ 2017-01-05T11:38:29+08:00 ] 127.0.0.1 /Public/Uploads/16/06/21/5768d3c0629bf.png
INFO: [ app_init ] --START--
INFO: Run Behavior\BuildLiteBehavior [ RunTime:0.000000s ]
INFO: [ app_init ] --END-- [ RunTime:0.000000s ]
ERR: 无法加载模块:Public

[ 2017-01-05T11:38:29+08:00 ] 127.0.0.1 /Public/Uploads/16/07/22/5791cf36a122e.jpg
INFO: [ app_init ] --START--
INFO: Run Behavior\BuildLiteBehavior [ RunTime:0.000000s ]
INFO: [ app_init ] --END-- [ RunTime:0.000000s ]
ERR: 无法加载模块:Public

[ 2017-01-05T11:38:29+08:00 ] 127.0.0.1 /Public/Uploads/16/07/27/57985d52d7a9a.jpg
INFO: [ app_init ] --START--
INFO: Run Behavior\BuildLiteBehavior [ RunTime:0.000000s ]
INFO: [ app_init ] --END-- [ RunTime:0.000000s ]
ERR: 无法加载模块:Public

[ 2017-01-05T11:38:32+08:00 ] 127.0.0.1 /cart/index/loadCart
INFO: [ app_init ] --START--
INFO: Run Behavior\BuildLiteBehavior [ RunTime:0.000000s ]
INFO: [ app_init ] --END-- [ RunTime:0.001000s ]
ERR: 无法加载模块:Cart

[ 2017-01-05T11:40:13+08:00 ] 127.0.0.1 /Public/Uploads/16/06/21/5768d3c0629bf.png
INFO: [ app_init ] --START--
INFO: Run Behavior\BuildLiteBehavior [ RunTime:0.000000s ]
INFO: [ app_init ] --END-- [ RunTime:0.001000s ]
ERR: 无法加载模块:Public

[ 2017-01-05T11:40:13+08:00 ] 127.0.0.1 /Public/Uploads/16/07/22/5791cf36a122e.jpg
INFO: [ app_init ] --START--
INFO: Run Behavior\BuildLiteBehavior [ RunTime:0.000000s ]
INFO: [ app_init ] --END-- [ RunTime:0.000000s ]
ERR: 无法加载模块:Public

[ 2017-01-05T11:40:13+08:00 ] 127.0.0.1 /Public/Uploads/16/07/27/57985d52d7a9a.jpg
INFO: [ app_init ] --START--
INFO: Run Behavior\BuildLiteBehavior [ RunTime:0.000000s ]
INFO: [ app_init ] --END-- [ RunTime:0.000000s ]
ERR: 无法加载模块:Public

[ 2017-01-05T11:40:14+08:00 ] 127.0.0.1 /cart/index/loadCart
INFO: [ app_init ] --START--
INFO: Run Behavior\BuildLiteBehavior [ RunTime:0.000000s ]
INFO: [ app_init ] --END-- [ RunTime:0.000000s ]
ERR: 无法加载模块:Cart

[ 2017-01-05T11:42:55+08:00 ] 127.0.0.1 /Public/Uploads/16/07/27/57985d52d7a9a.jpg
INFO: [ app_init ] --START--
INFO: Run Behavior\BuildLiteBehavior [ RunTime:0.000000s ]
INFO: [ app_init ] --END-- [ RunTime:0.000000s ]
ERR: 无法加载模块:Public

[ 2017-01-05T11:42:55+08:00 ] 127.0.0.1 /Public/Uploads/16/06/21/5768d3c0629bf.png
INFO: [ app_init ] --START--
INFO: Run Behavior\BuildLiteBehavior [ RunTime:0.000000s ]
INFO: [ app_init ] --END-- [ RunTime:0.000000s ]
ERR: 无法加载模块:Public

[ 2017-01-05T11:42:55+08:00 ] 127.0.0.1 /Public/Uploads/16/07/22/5791cf36a122e.jpg
INFO: [ app_init ] --START--
INFO: Run Behavior\BuildLiteBehavior [ RunTime:0.000000s ]
INFO: [ app_init ] --END-- [ RunTime:0.000000s ]
ERR: 无法加载模块:Public

[ 2017-01-05T11:42:55+08:00 ] 127.0.0.1 /cart/index/loadCart
INFO: [ app_init ] --START--
INFO: Run Behavior\BuildLiteBehavior [ RunTime:0.000000s ]
INFO: [ app_init ] --END-- [ RunTime:0.001000s ]
ERR: 无法加载模块:Cart

[ 2017-01-05T11:44:27+08:00 ] 127.0.0.1 /Public/Uploads/16/07/22/5791cf36a122e.jpg
INFO: [ app_init ] --START--
INFO: Run Behavior\BuildLiteBehavior [ RunTime:0.000000s ]
INFO: [ app_init ] --END-- [ RunTime:0.000000s ]
ERR: 无法加载模块:Public

[ 2017-01-05T11:44:27+08:00 ] 127.0.0.1 /Public/Uploads/16/06/21/5768d3c0629bf.png
INFO: [ app_init ] --START--
INFO: Run Behavior\BuildLiteBehavior [ RunTime:0.000000s ]
INFO: [ app_init ] --END-- [ RunTime:0.000000s ]
ERR: 无法加载模块:Public

[ 2017-01-05T11:44:27+08:00 ] 127.0.0.1 /Public/Uploads/16/07/27/57985d52d7a9a.jpg
INFO: [ app_init ] --START--
INFO: Run Behavior\BuildLiteBehavior [ RunTime:0.000000s ]
INFO: [ app_init ] --END-- [ RunTime:0.000000s ]
ERR: 无法加载模块:Public

[ 2017-01-05T11:44:27+08:00 ] 127.0.0.1 /cart/index/loadCart
INFO: [ app_init ] --START--
INFO: Run Behavior\BuildLiteBehavior [ RunTime:0.000000s ]
INFO: [ app_init ] --END-- [ RunTime:0.000000s ]
ERR: 无法加载模块:Cart

[ 2017-01-05T11:52:06+08:00 ] 127.0.0.1 /Public/Uploads/16/07/27/57985d52d7a9a.jpg
INFO: [ app_init ] --START--
INFO: Run Behavior\BuildLiteBehavior [ RunTime:0.000000s ]
INFO: [ app_init ] --END-- [ RunTime:0.001000s ]
ERR: 无法加载模块:Public

[ 2017-01-05T11:52:06+08:00 ] 127.0.0.1 /Public/Uploads/16/07/22/5791cf36a122e.jpg
INFO: [ app_init ] --START--
INFO: Run Behavior\BuildLiteBehavior [ RunTime:0.000000s ]
INFO: [ app_init ] --END-- [ RunTime:0.000000s ]
ERR: 无法加载模块:Public

[ 2017-01-05T11:52:06+08:00 ] 127.0.0.1 /Public/Uploads/16/06/21/5768d3c0629bf.png
INFO: [ app_init ] --START--
INFO: Run Behavior\BuildLiteBehavior [ RunTime:0.000000s ]
INFO: [ app_init ] --END-- [ RunTime:0.000000s ]
ERR: 无法加载模块:Public

[ 2017-01-05T11:52:06+08:00 ] 127.0.0.1 /cart/index/loadCart
INFO: [ app_init ] --START--
INFO: Run Behavior\BuildLiteBehavior [ RunTime:0.000000s ]
INFO: [ app_init ] --END-- [ RunTime:0.000000s ]
ERR: 无法加载模块:Cart

[ 2017-01-05T12:04:16+08:00 ] 127.0.0.1 /Public/Uploads/16/06/21/5768d3c0629bf.png
INFO: [ app_init ] --START--
INFO: Run Behavior\BuildLiteBehavior [ RunTime:0.000000s ]
INFO: [ app_init ] --END-- [ RunTime:0.000000s ]
ERR: 无法加载模块:Public

[ 2017-01-05T12:04:16+08:00 ] 127.0.0.1 /Public/Uploads/16/07/22/5791cf36a122e.jpg
INFO: [ app_init ] --START--
INFO: Run Behavior\BuildLiteBehavior [ RunTime:0.000000s ]
INFO: [ app_init ] --END-- [ RunTime:0.000000s ]
ERR: 无法加载模块:Public

[ 2017-01-05T12:04:16+08:00 ] 127.0.0.1 /Public/Uploads/16/07/27/57985d52d7a9a.jpg
INFO: [ app_init ] --START--
INFO: Run Behavior\BuildLiteBehavior [ RunTime:0.000000s ]
INFO: [ app_init ] --END-- [ RunTime:0.000000s ]
ERR: 无法加载模块:Public

[ 2017-01-05T12:04:18+08:00 ] 127.0.0.1 /cart/index/loadCart
INFO: [ app_init ] --START--
INFO: Run Behavior\BuildLiteBehavior [ RunTime:0.000000s ]
INFO: [ app_init ] --END-- [ RunTime:0.000000s ]
ERR: 无法加载模块:Cart

[ 2017-01-05T12:04:23+08:00 ] 127.0.0.1 /Public/Uploads/16/06/21/5768d3c0629bf.png
INFO: [ app_init ] --START--
INFO: Run Behavior\BuildLiteBehavior [ RunTime:0.000000s ]
INFO: [ app_init ] --END-- [ RunTime:0.000000s ]
ERR: 无法加载模块:Public

[ 2017-01-05T12:04:23+08:00 ] 127.0.0.1 /Public/Uploads/16/07/27/57985d52d7a9a.jpg
INFO: [ app_init ] --START--
INFO: Run Behavior\BuildLiteBehavior [ RunTime:0.000000s ]
INFO: [ app_init ] --END-- [ RunTime:0.000000s ]
ERR: 无法加载模块:Public

[ 2017-01-05T12:04:23+08:00 ] 127.0.0.1 /Public/Uploads/16/07/22/5791cf36a122e.jpg
INFO: [ app_init ] --START--
INFO: Run Behavior\BuildLiteBehavior [ RunTime:0.000000s ]
INFO: [ app_init ] --END-- [ RunTime:0.000000s ]
ERR: 无法加载模块:Public

[ 2017-01-05T12:04:24+08:00 ] 127.0.0.1 /cart/index/loadCart
INFO: [ app_init ] --START--
INFO: Run Behavior\BuildLiteBehavior [ RunTime:0.000000s ]
INFO: [ app_init ] --END-- [ RunTime:0.000000s ]
ERR: 无法加载模块:Cart

[ 2017-01-05T12:04:28+08:00 ] 127.0.0.1 /Public/Uploads/16/06/21/5768d3c0629bf.png
INFO: [ app_init ] --START--
INFO: Run Behavior\BuildLiteBehavior [ RunTime:0.000000s ]
INFO: [ app_init ] --END-- [ RunTime:0.000000s ]
ERR: 无法加载模块:Public

[ 2017-01-05T12:04:28+08:00 ] 127.0.0.1 /Public/Uploads/16/07/22/5791cf36a122e.jpg
INFO: [ app_init ] --START--
INFO: Run Behavior\BuildLiteBehavior [ RunTime:0.000000s ]
INFO: [ app_init ] --END-- [ RunTime:0.000000s ]
ERR: 无法加载模块:Public

[ 2017-01-05T12:04:28+08:00 ] 127.0.0.1 /Public/Uploads/16/07/27/57985d52d7a9a.jpg
INFO: [ app_init ] --START--
INFO: Run Behavior\BuildLiteBehavior [ RunTime:0.000000s ]
INFO: [ app_init ] --END-- [ RunTime:0.000000s ]
ERR: 无法加载模块:Public

[ 2017-01-05T12:04:28+08:00 ] 127.0.0.1 /cart/index/loadCart
INFO: [ app_init ] --START--
INFO: Run Behavior\BuildLiteBehavior [ RunTime:0.000000s ]
INFO: [ app_init ] --END-- [ RunTime:0.001000s ]
ERR: 无法加载模块:Cart

[ 2017-01-05T12:04:32+08:00 ] 127.0.0.1 /Public/Uploads/16/07/27/57985d52d7a9a.jpg
INFO: [ app_init ] --START--
INFO: Run Behavior\BuildLiteBehavior [ RunTime:0.000000s ]
INFO: [ app_init ] --END-- [ RunTime:0.000000s ]
ERR: 无法加载模块:Public

[ 2017-01-05T12:04:32+08:00 ] 127.0.0.1 /Public/Uploads/16/07/22/5791cf36a122e.jpg
INFO: [ app_init ] --START--
INFO: Run Behavior\BuildLiteBehavior [ RunTime:0.000000s ]
INFO: [ app_init ] --END-- [ RunTime:0.000000s ]
ERR: 无法加载模块:Public

[ 2017-01-05T12:04:32+08:00 ] 127.0.0.1 /Public/Uploads/16/06/21/5768d3c0629bf.png
INFO: [ app_init ] --START--
INFO: Run Behavior\BuildLiteBehavior [ RunTime:0.000000s ]
INFO: [ app_init ] --END-- [ RunTime:0.000000s ]
ERR: 无法加载模块:Public

[ 2017-01-05T12:04:33+08:00 ] 127.0.0.1 /cart/index/loadCart
INFO: [ app_init ] --START--
INFO: Run Behavior\BuildLiteBehavior [ RunTime:0.000000s ]
INFO: [ app_init ] --END-- [ RunTime:0.000000s ]
ERR: 无法加载模块:Cart

[ 2017-01-05T12:04:40+08:00 ] 127.0.0.1 /Public/Uploads/16/06/21/5768d3c0629bf.png
INFO: [ app_init ] --START--
INFO: Run Behavior\BuildLiteBehavior [ RunTime:0.000000s ]
INFO: [ app_init ] --END-- [ RunTime:0.000000s ]
ERR: 无法加载模块:Public

[ 2017-01-05T12:04:40+08:00 ] 127.0.0.1 /Public/Uploads/16/07/27/57985d52d7a9a.jpg
INFO: [ app_init ] --START--
INFO: Run Behavior\BuildLiteBehavior [ RunTime:0.000000s ]
INFO: [ app_init ] --END-- [ RunTime:0.000000s ]
ERR: 无法加载模块:Public

[ 2017-01-05T12:04:40+08:00 ] 127.0.0.1 /Public/Uploads/16/07/22/5791cf36a122e.jpg
INFO: [ app_init ] --START--
INFO: Run Behavior\BuildLiteBehavior [ RunTime:0.000000s ]
INFO: [ app_init ] --END-- [ RunTime:0.000000s ]
ERR: 无法加载模块:Public

[ 2017-01-05T12:04:40+08:00 ] 127.0.0.1 /cart/index/loadCart
INFO: [ app_init ] --START--
INFO: Run Behavior\BuildLiteBehavior [ RunTime:0.000000s ]
INFO: [ app_init ] --END-- [ RunTime:0.000000s ]
ERR: 无法加载模块:Cart

[ 2017-01-05T12:05:58+08:00 ] 127.0.0.1 /Public/Uploads/16/06/21/5768d3c0629bf.png
INFO: [ app_init ] --START--
INFO: Run Behavior\BuildLiteBehavior [ RunTime:0.000000s ]
INFO: [ app_init ] --END-- [ RunTime:0.000000s ]
ERR: 无法加载模块:Public

[ 2017-01-05T12:05:58+08:00 ] 127.0.0.1 /Public/Uploads/16/07/27/57985d52d7a9a.jpg
INFO: [ app_init ] --START--
INFO: Run Behavior\BuildLiteBehavior [ RunTime:0.000000s ]
INFO: [ app_init ] --END-- [ RunTime:0.000000s ]
ERR: 无法加载模块:Public

[ 2017-01-05T12:05:58+08:00 ] 127.0.0.1 /Public/Uploads/16/07/22/5791cf36a122e.jpg
INFO: [ app_init ] --START--
INFO: Run Behavior\BuildLiteBehavior [ RunTime:0.000000s ]
INFO: [ app_init ] --END-- [ RunTime:0.000000s ]
ERR: 无法加载模块:Public

[ 2017-01-05T12:05:58+08:00 ] 127.0.0.1 /cart/index/loadCart
INFO: [ app_init ] --START--
INFO: Run Behavior\BuildLiteBehavior [ RunTime:0.000000s ]
INFO: [ app_init ] --END-- [ RunTime:0.000000s ]
ERR: 无法加载模块:Cart

[ 2017-01-05T12:06:00+08:00 ] 127.0.0.1 /Public/Uploads/16/07/27/57985d52d7a9a.jpg
INFO: [ app_init ] --START--
INFO: Run Behavior\BuildLiteBehavior [ RunTime:0.000000s ]
INFO: [ app_init ] --END-- [ RunTime:0.000000s ]
ERR: 无法加载模块:Public

[ 2017-01-05T12:06:00+08:00 ] 127.0.0.1 /Public/Uploads/16/06/21/5768d3c0629bf.png
INFO: [ app_init ] --START--
INFO: Run Behavior\BuildLiteBehavior [ RunTime:0.000000s ]
INFO: [ app_init ] --END-- [ RunTime:0.000000s ]
ERR: 无法加载模块:Public

[ 2017-01-05T12:06:00+08:00 ] 127.0.0.1 /Public/Uploads/16/07/22/5791cf36a122e.jpg
INFO: [ app_init ] --START--
INFO: Run Behavior\BuildLiteBehavior [ RunTime:0.000000s ]
INFO: [ app_init ] --END-- [ RunTime:0.000000s ]
ERR: 无法加载模块:Public

[ 2017-01-05T12:06:01+08:00 ] 127.0.0.1 /cart/index/loadCart
INFO: [ app_init ] --START--
INFO: Run Behavior\BuildLiteBehavior [ RunTime:0.000000s ]
INFO: [ app_init ] --END-- [ RunTime:0.000000s ]
ERR: 无法加载模块:Cart

[ 2017-01-05T12:06:05+08:00 ] 127.0.0.1 /Public/Uploads/16/06/21/5768d3c0629bf.png
INFO: [ app_init ] --START--
INFO: Run Behavior\BuildLiteBehavior [ RunTime:0.000000s ]
INFO: [ app_init ] --END-- [ RunTime:0.000000s ]
ERR: 无法加载模块:Public

[ 2017-01-05T12:06:05+08:00 ] 127.0.0.1 /Public/Uploads/16/07/27/57985d52d7a9a.jpg
INFO: [ app_init ] --START--
INFO: Run Behavior\BuildLiteBehavior [ RunTime:0.000000s ]
INFO: [ app_init ] --END-- [ RunTime:0.000000s ]
ERR: 无法加载模块:Public

[ 2017-01-05T12:06:05+08:00 ] 127.0.0.1 /Public/Uploads/16/07/22/5791cf36a122e.jpg
INFO: [ app_init ] --START--
INFO: Run Behavior\BuildLiteBehavior [ RunTime:0.000000s ]
INFO: [ app_init ] --END-- [ RunTime:0.000000s ]
ERR: 无法加载模块:Public

[ 2017-01-05T12:06:05+08:00 ] 127.0.0.1 /cart/index/loadCart
INFO: [ app_init ] --START--
INFO: Run Behavior\BuildLiteBehavior [ RunTime:0.000000s ]
INFO: [ app_init ] --END-- [ RunTime:0.000000s ]
ERR: 无法加载模块:Cart

[ 2017-01-05T13:44:46+08:00 ] 127.0.0.1 /Public/Uploads/16/07/22/5791cf36a122e.jpg
INFO: [ app_init ] --START--
INFO: Run Behavior\BuildLiteBehavior [ RunTime:0.000000s ]
INFO: [ app_init ] --END-- [ RunTime:0.000000s ]
ERR: 无法加载模块:Public

[ 2017-01-05T13:44:46+08:00 ] 127.0.0.1 /Public/Uploads/16/06/21/5768d3c0629bf.png
INFO: [ app_init ] --START--
INFO: Run Behavior\BuildLiteBehavior [ RunTime:0.000000s ]
INFO: [ app_init ] --END-- [ RunTime:0.000000s ]
ERR: 无法加载模块:Public

[ 2017-01-05T13:44:46+08:00 ] 127.0.0.1 /Public/Uploads/16/07/27/57985d52d7a9a.jpg
INFO: [ app_init ] --START--
INFO: Run Behavior\BuildLiteBehavior [ RunTime:0.000000s ]
INFO: [ app_init ] --END-- [ RunTime:0.000000s ]
ERR: 无法加载模块:Public

[ 2017-01-05T13:44:52+08:00 ] 127.0.0.1 /Public/Uploads/16/07/27/57985d52d7a9a.jpg
INFO: [ app_init ] --START--
INFO: Run Behavior\BuildLiteBehavior [ RunTime:0.000000s ]
INFO: [ app_init ] --END-- [ RunTime:0.000000s ]
ERR: 无法加载模块:Public

[ 2017-01-05T13:44:52+08:00 ] 127.0.0.1 /Public/Uploads/16/07/22/5791cf36a122e.jpg
INFO: [ app_init ] --START--
INFO: Run Behavior\BuildLiteBehavior [ RunTime:0.000000s ]
INFO: [ app_init ] --END-- [ RunTime:0.000000s ]
ERR: 无法加载模块:Public

[ 2017-01-05T13:44:52+08:00 ] 127.0.0.1 /Public/Uploads/16/06/21/5768d3c0629bf.png
INFO: [ app_init ] --START--
INFO: Run Behavior\BuildLiteBehavior [ RunTime:0.000000s ]
INFO: [ app_init ] --END-- [ RunTime:0.001000s ]
ERR: 无法加载模块:Public

[ 2017-01-05T13:44:55+08:00 ] 127.0.0.1 /Public/Uploads/16/07/22/5791cf36a122e.jpg
INFO: [ app_init ] --START--
INFO: Run Behavior\BuildLiteBehavior [ RunTime:0.000000s ]
INFO: [ app_init ] --END-- [ RunTime:0.001000s ]
ERR: 无法加载模块:Public

[ 2017-01-05T13:44:55+08:00 ] 127.0.0.1 /Public/Uploads/16/06/21/5768d3c0629bf.png
INFO: [ app_init ] --START--
INFO: Run Behavior\BuildLiteBehavior [ RunTime:0.000000s ]
INFO: [ app_init ] --END-- [ RunTime:0.000000s ]
ERR: 无法加载模块:Public

[ 2017-01-05T13:44:55+08:00 ] 127.0.0.1 /Public/Uploads/16/07/27/57985d52d7a9a.jpg
INFO: [ app_init ] --START--
INFO: Run Behavior\BuildLiteBehavior [ RunTime:0.000000s ]
INFO: [ app_init ] --END-- [ RunTime:0.000000s ]
ERR: 无法加载模块:Public

[ 2017-01-05T13:45:06+08:00 ] 127.0.0.1 /Public/Uploads/16/06/21/5768d3c0629bf.png
INFO: [ app_init ] --START--
INFO: Run Behavior\BuildLiteBehavior [ RunTime:0.000000s ]
INFO: [ app_init ] --END-- [ RunTime:0.000000s ]
ERR: 无法加载模块:Public

[ 2017-01-05T13:45:06+08:00 ] 127.0.0.1 /Public/Uploads/16/07/27/57985d52d7a9a.jpg
INFO: [ app_init ] --START--
INFO: Run Behavior\BuildLiteBehavior [ RunTime:0.000000s ]
INFO: [ app_init ] --END-- [ RunTime:0.000000s ]
ERR: 无法加载模块:Public

[ 2017-01-05T13:45:06+08:00 ] 127.0.0.1 /Public/Uploads/16/07/22/5791cf36a122e.jpg
INFO: [ app_init ] --START--
INFO: Run Behavior\BuildLiteBehavior [ RunTime:0.000000s ]
INFO: [ app_init ] --END-- [ RunTime:0.000000s ]
ERR: 无法加载模块:Public

[ 2017-01-05T13:45:11+08:00 ] 127.0.0.1 /Public/Uploads/16/07/27/57985d52d7a9a.jpg
INFO: [ app_init ] --START--
INFO: Run Behavior\BuildLiteBehavior [ RunTime:0.000000s ]
INFO: [ app_init ] --END-- [ RunTime:0.000000s ]
ERR: 无法加载模块:Public

[ 2017-01-05T13:45:11+08:00 ] 127.0.0.1 /Public/Uploads/16/07/22/5791cf36a122e.jpg
INFO: [ app_init ] --START--
INFO: Run Behavior\BuildLiteBehavior [ RunTime:0.000000s ]
INFO: [ app_init ] --END-- [ RunTime:0.000000s ]
ERR: 无法加载模块:Public

[ 2017-01-05T13:45:11+08:00 ] 127.0.0.1 /Public/Uploads/16/06/21/5768d3c0629bf.png
INFO: [ app_init ] --START--
INFO: Run Behavior\BuildLiteBehavior [ RunTime:0.000000s ]
INFO: [ app_init ] --END-- [ RunTime:0.000000s ]
ERR: 无法加载模块:Public

[ 2017-01-05T13:45:57+08:00 ] 127.0.0.1 /Public/Uploads/16/06/21/5768d3c0629bf.png
INFO: [ app_init ] --START--
INFO: Run Behavior\BuildLiteBehavior [ RunTime:0.000000s ]
INFO: [ app_init ] --END-- [ RunTime:0.000000s ]
ERR: 无法加载模块:Public

[ 2017-01-05T13:45:57+08:00 ] 127.0.0.1 /Public/Uploads/16/07/27/57985d52d7a9a.jpg
INFO: [ app_init ] --START--
INFO: Run Behavior\BuildLiteBehavior [ RunTime:0.000000s ]
INFO: [ app_init ] --END-- [ RunTime:0.000000s ]
ERR: 无法加载模块:Public

[ 2017-01-05T13:45:57+08:00 ] 127.0.0.1 /Public/Uploads/16/07/22/5791cf36a122e.jpg
INFO: [ app_init ] --START--
INFO: Run Behavior\BuildLiteBehavior [ RunTime:0.000000s ]
INFO: [ app_init ] --END-- [ RunTime:0.000000s ]
ERR: 无法加载模块:Public

[ 2017-01-05T13:46:06+08:00 ] 127.0.0.1 /Public/Uploads/16/07/22/5791cf36a122e.jpg
INFO: [ app_init ] --START--
INFO: Run Behavior\BuildLiteBehavior [ RunTime:0.000000s ]
INFO: [ app_init ] --END-- [ RunTime:0.000000s ]
ERR: 无法加载模块:Public

[ 2017-01-05T13:46:06+08:00 ] 127.0.0.1 /Public/Uploads/16/06/21/5768d3c0629bf.png
INFO: [ app_init ] --START--
INFO: Run Behavior\BuildLiteBehavior [ RunTime:0.000000s ]
INFO: [ app_init ] --END-- [ RunTime:0.000000s ]
ERR: 无法加载模块:Public

[ 2017-01-05T13:46:06+08:00 ] 127.0.0.1 /Public/Uploads/16/07/27/57985d52d7a9a.jpg
INFO: [ app_init ] --START--
INFO: Run Behavior\BuildLiteBehavior [ RunTime:0.000000s ]
INFO: [ app_init ] --END-- [ RunTime:0.000000s ]
ERR: 无法加载模块:Public

[ 2017-01-05T13:46:21+08:00 ] 127.0.0.1 /Public/Uploads/16/07/22/5791cf36a122e.jpg
INFO: [ app_init ] --START--
INFO: Run Behavior\BuildLiteBehavior [ RunTime:0.000000s ]
INFO: [ app_init ] --END-- [ RunTime:0.000000s ]
ERR: 无法加载模块:Public

[ 2017-01-05T13:46:21+08:00 ] 127.0.0.1 /Public/Uploads/16/07/27/57985d52d7a9a.jpg
INFO: [ app_init ] --START--
INFO: Run Behavior\BuildLiteBehavior [ RunTime:0.001000s ]
INFO: [ app_init ] --END-- [ RunTime:0.001000s ]
ERR: 无法加载模块:Public

[ 2017-01-05T13:46:21+08:00 ] 127.0.0.1 /Public/Uploads/16/06/21/5768d3c0629bf.png
INFO: [ app_init ] --START--
INFO: Run Behavior\BuildLiteBehavior [ RunTime:0.000000s ]
INFO: [ app_init ] --END-- [ RunTime:0.000000s ]
ERR: 无法加载模块:Public

[ 2017-01-05T13:46:24+08:00 ] 127.0.0.1 /Public/Uploads/16/07/27/57985d52d7a9a.jpg
INFO: [ app_init ] --START--
INFO: Run Behavior\BuildLiteBehavior [ RunTime:0.000000s ]
INFO: [ app_init ] --END-- [ RunTime:0.000000s ]
ERR: 无法加载模块:Public

[ 2017-01-05T13:46:24+08:00 ] 127.0.0.1 /Public/Uploads/16/06/21/5768d3c0629bf.png
INFO: [ app_init ] --START--
INFO: Run Behavior\BuildLiteBehavior [ RunTime:0.000000s ]
INFO: [ app_init ] --END-- [ RunTime:0.000000s ]
ERR: 无法加载模块:Public

[ 2017-01-05T13:46:24+08:00 ] 127.0.0.1 /Public/Uploads/16/07/22/5791cf36a122e.jpg
INFO: [ app_init ] --START--
INFO: Run Behavior\BuildLiteBehavior [ RunTime:0.000000s ]
INFO: [ app_init ] --END-- [ RunTime:0.000000s ]
ERR: 无法加载模块:Public

[ 2017-01-05T13:46:39+08:00 ] 127.0.0.1 /Public/Uploads/16/07/22/5791cf36a122e.jpg
INFO: [ app_init ] --START--
INFO: Run Behavior\BuildLiteBehavior [ RunTime:0.000000s ]
INFO: [ app_init ] --END-- [ RunTime:0.000000s ]
ERR: 无法加载模块:Public

[ 2017-01-05T13:46:39+08:00 ] 127.0.0.1 /Public/Uploads/16/07/27/57985d52d7a9a.jpg
INFO: [ app_init ] --START--
INFO: Run Behavior\BuildLiteBehavior [ RunTime:0.000000s ]
INFO: [ app_init ] --END-- [ RunTime:0.000000s ]
ERR: 无法加载模块:Public

[ 2017-01-05T13:46:39+08:00 ] 127.0.0.1 /Public/Uploads/16/06/21/5768d3c0629bf.png
INFO: [ app_init ] --START--
INFO: Run Behavior\BuildLiteBehavior [ RunTime:0.000000s ]
INFO: [ app_init ] --END-- [ RunTime:0.000000s ]
ERR: 无法加载模块:Public

[ 2017-01-05T13:46:39+08:00 ] 127.0.0.1 /Public/Uploads/16/06/21/5768d3c0629bf.png
INFO: [ app_init ] --START--
INFO: Run Behavior\BuildLiteBehavior [ RunTime:0.000000s ]
INFO: [ app_init ] --END-- [ RunTime:0.000000s ]
ERR: 无法加载模块:Public

[ 2017-01-05T13:46:39+08:00 ] 127.0.0.1 /Public/Uploads/16/06/21/5768d3c0629bf.png
INFO: [ app_init ] --START--
INFO: Run Behavior\BuildLiteBehavior [ RunTime:0.001000s ]
INFO: [ app_init ] --END-- [ RunTime:0.001000s ]
ERR: 无法加载模块:Public

[ 2017-01-05T13:46:40+08:00 ] 127.0.0.1 /Public/Uploads/16/07/22/5791cf36a122e.jpg
INFO: [ app_init ] --START--
INFO: Run Behavior\BuildLiteBehavior [ RunTime:0.000000s ]
INFO: [ app_init ] --END-- [ RunTime:0.000000s ]
ERR: 无法加载模块:Public

[ 2017-01-05T13:46:40+08:00 ] 127.0.0.1 /Public/Uploads/16/06/21/5768d3c0629bf.png
INFO: [ app_init ] --START--
INFO: Run Behavior\BuildLiteBehavior [ RunTime:0.000000s ]
INFO: [ app_init ] --END-- [ RunTime:0.000000s ]
ERR: 无法加载模块:Public

[ 2017-01-05T13:46:40+08:00 ] 127.0.0.1 /Public/Uploads/16/07/27/57985d52d7a9a.jpg
INFO: [ app_init ] --START--
INFO: Run Behavior\BuildLiteBehavior [ RunTime:0.000000s ]
INFO: [ app_init ] --END-- [ RunTime:0.000000s ]
ERR: 无法加载模块:Public

[ 2017-01-05T13:46:44+08:00 ] 127.0.0.1 /Public/Uploads/16/07/22/5791cf36a122e.jpg
INFO: [ app_init ] --START--
INFO: Run Behavior\BuildLiteBehavior [ RunTime:0.000000s ]
INFO: [ app_init ] --END-- [ RunTime:0.000000s ]
ERR: 无法加载模块:Public

[ 2017-01-05T13:46:44+08:00 ] 127.0.0.1 /Public/Uploads/16/07/27/57985d52d7a9a.jpg
INFO: [ app_init ] --START--
INFO: Run Behavior\BuildLiteBehavior [ RunTime:0.000000s ]
INFO: [ app_init ] --END-- [ RunTime:0.000000s ]
ERR: 无法加载模块:Public

[ 2017-01-05T13:46:44+08:00 ] 127.0.0.1 /Public/Uploads/16/06/21/5768d3c0629bf.png
INFO: [ app_init ] --START--
INFO: Run Behavior\BuildLiteBehavior [ RunTime:0.000000s ]
INFO: [ app_init ] --END-- [ RunTime:0.000000s ]
ERR: 无法加载模块:Public

[ 2017-01-05T13:46:47+08:00 ] 127.0.0.1 /Public/Uploads/16/07/27/57985d52d7a9a.jpg
INFO: [ app_init ] --START--
INFO: Run Behavior\BuildLiteBehavior [ RunTime:0.000000s ]
INFO: [ app_init ] --END-- [ RunTime:0.000000s ]
ERR: 无法加载模块:Public

[ 2017-01-05T13:46:47+08:00 ] 127.0.0.1 /Public/Uploads/16/07/22/5791cf36a122e.jpg
INFO: [ app_init ] --START--
INFO: Run Behavior\BuildLiteBehavior [ RunTime:0.001000s ]
INFO: [ app_init ] --END-- [ RunTime:0.001000s ]
ERR: 无法加载模块:Public

[ 2017-01-05T13:46:47+08:00 ] 127.0.0.1 /Public/Uploads/16/06/21/5768d3c0629bf.png
INFO: [ app_init ] --START--
INFO: Run Behavior\BuildLiteBehavior [ RunTime:0.000000s ]
INFO: [ app_init ] --END-- [ RunTime:0.001000s ]
ERR: 无法加载模块:Public

[ 2017-01-05T13:46:50+08:00 ] 127.0.0.1 /Public/Uploads/16/07/27/57985d52d7a9a.jpg
INFO: [ app_init ] --START--
INFO: Run Behavior\BuildLiteBehavior [ RunTime:0.000000s ]
INFO: [ app_init ] --END-- [ RunTime:0.001000s ]
ERR: 无法加载模块:Public

[ 2017-01-05T13:46:50+08:00 ] 127.0.0.1 /Public/Uploads/16/07/22/5791cf36a122e.jpg
INFO: [ app_init ] --START--
INFO: Run Behavior\BuildLiteBehavior [ RunTime:0.000000s ]
INFO: [ app_init ] --END-- [ RunTime:0.000000s ]
ERR: 无法加载模块:Public

[ 2017-01-05T13:46:50+08:00 ] 127.0.0.1 /Public/Uploads/16/06/21/5768d3c0629bf.png
INFO: [ app_init ] --START--
INFO: Run Behavior\BuildLiteBehavior [ RunTime:0.000000s ]
INFO: [ app_init ] --END-- [ RunTime:0.000000s ]
ERR: 无法加载模块:Public

[ 2017-01-05T13:48:11+08:00 ] 127.0.0.1 /Public/Uploads/16/06/21/5768d3c0629bf.png
INFO: [ app_init ] --START--
INFO: Run Behavior\BuildLiteBehavior [ RunTime:0.000000s ]
INFO: [ app_init ] --END-- [ RunTime:0.001001s ]
ERR: 无法加载模块:Public

[ 2017-01-05T13:48:11+08:00 ] 127.0.0.1 /Public/Uploads/16/07/22/5791cf36a122e.jpg
INFO: [ app_init ] --START--
INFO: Run Behavior\BuildLiteBehavior [ RunTime:0.000000s ]
INFO: [ app_init ] --END-- [ RunTime:0.000000s ]
ERR: 无法加载模块:Public

[ 2017-01-05T13:48:11+08:00 ] 127.0.0.1 /Public/Uploads/16/07/27/57985d52d7a9a.jpg
INFO: [ app_init ] --START--
INFO: Run Behavior\BuildLiteBehavior [ RunTime:0.000000s ]
INFO: [ app_init ] --END-- [ RunTime:0.000000s ]
ERR: 无法加载模块:Public

[ 2017-01-05T13:48:11+08:00 ] 127.0.0.1 /cart/index/loadCart
INFO: [ app_init ] --START--
INFO: Run Behavior\BuildLiteBehavior [ RunTime:0.000000s ]
INFO: [ app_init ] --END-- [ RunTime:0.000000s ]
ERR: 无法加载模块:Cart

[ 2017-01-05T13:48:15+08:00 ] 127.0.0.1 /Public/Uploads/16/07/22/5791cf36a122e.jpg
INFO: [ app_init ] --START--
INFO: Run Behavior\BuildLiteBehavior [ RunTime:0.000000s ]
INFO: [ app_init ] --END-- [ RunTime:0.000000s ]
ERR: 无法加载模块:Public

[ 2017-01-05T13:48:15+08:00 ] 127.0.0.1 /Public/Uploads/16/07/27/57985d52d7a9a.jpg
INFO: [ app_init ] --START--
INFO: Run Behavior\BuildLiteBehavior [ RunTime:0.000000s ]
INFO: [ app_init ] --END-- [ RunTime:0.000000s ]
ERR: 无法加载模块:Public

[ 2017-01-05T13:48:15+08:00 ] 127.0.0.1 /Public/Uploads/16/06/21/5768d3c0629bf.png
INFO: [ app_init ] --START--
INFO: Run Behavior\BuildLiteBehavior [ RunTime:0.000000s ]
INFO: [ app_init ] --END-- [ RunTime:0.000000s ]
ERR: 无法加载模块:Public

[ 2017-01-05T13:48:15+08:00 ] 127.0.0.1 /cart/index/loadCart
INFO: [ app_init ] --START--
INFO: Run Behavior\BuildLiteBehavior [ RunTime:0.000000s ]
INFO: [ app_init ] --END-- [ RunTime:0.000000s ]
ERR: 无法加载模块:Cart

[ 2017-01-05T13:48:18+08:00 ] 127.0.0.1 /Public/Uploads/16/07/22/5791cf36a122e.jpg
INFO: [ app_init ] --START--
INFO: Run Behavior\BuildLiteBehavior [ RunTime:0.000000s ]
INFO: [ app_init ] --END-- [ RunTime:0.001000s ]
ERR: 无法加载模块:Public

[ 2017-01-05T13:48:18+08:00 ] 127.0.0.1 /Public/Uploads/16/07/27/57985d52d7a9a.jpg
INFO: [ app_init ] --START--
INFO: Run Behavior\BuildLiteBehavior [ RunTime:0.000000s ]
INFO: [ app_init ] --END-- [ RunTime:0.000000s ]
ERR: 无法加载模块:Public

[ 2017-01-05T13:48:18+08:00 ] 127.0.0.1 /Public/Uploads/16/06/21/5768d3c0629bf.png
INFO: [ app_init ] --START--
INFO: Run Behavior\BuildLiteBehavior [ RunTime:0.000000s ]
INFO: [ app_init ] --END-- [ RunTime:0.000000s ]
ERR: 无法加载模块:Public

[ 2017-01-05T13:48:18+08:00 ] 127.0.0.1 /cart/index/loadCart
INFO: [ app_init ] --START--
INFO: Run Behavior\BuildLiteBehavior [ RunTime:0.000000s ]
INFO: [ app_init ] --END-- [ RunTime:0.000000s ]
ERR: 无法加载模块:Cart

[ 2017-01-05T13:48:21+08:00 ] 127.0.0.1 /Public/Uploads/16/06/21/5768d3c0629bf.png
INFO: [ app_init ] --START--
INFO: Run Behavior\BuildLiteBehavior [ RunTime:0.000000s ]
INFO: [ app_init ] --END-- [ RunTime:0.000000s ]
ERR: 无法加载模块:Public

[ 2017-01-05T13:48:21+08:00 ] 127.0.0.1 /Public/Uploads/16/07/22/5791cf36a122e.jpg
INFO: [ app_init ] --START--
INFO: Run Behavior\BuildLiteBehavior [ RunTime:0.000000s ]
INFO: [ app_init ] --END-- [ RunTime:0.000000s ]
ERR: 无法加载模块:Public

[ 2017-01-05T13:48:21+08:00 ] 127.0.0.1 /Public/Uploads/16/07/27/57985d52d7a9a.jpg
INFO: [ app_init ] --START--
INFO: Run Behavior\BuildLiteBehavior [ RunTime:0.000000s ]
INFO: [ app_init ] --END-- [ RunTime:0.000000s ]
ERR: 无法加载模块:Public

[ 2017-01-05T13:48:21+08:00 ] 127.0.0.1 /cart/index/loadCart
INFO: [ app_init ] --START--
INFO: Run Behavior\BuildLiteBehavior [ RunTime:0.000000s ]
INFO: [ app_init ] --END-- [ RunTime:0.001000s ]
ERR: 无法加载模块:Cart

[ 2017-01-05T13:50:12+08:00 ] 127.0.0.1 /Public/Uploads/16/07/22/5791cf36a122e.jpg
INFO: [ app_init ] --START--
INFO: Run Behavior\BuildLiteBehavior [ RunTime:0.000000s ]
INFO: [ app_init ] --END-- [ RunTime:0.000000s ]
ERR: 无法加载模块:Public

[ 2017-01-05T13:50:12+08:00 ] 127.0.0.1 /Public/Uploads/16/06/21/5768d3c0629bf.png
INFO: [ app_init ] --START--
INFO: Run Behavior\BuildLiteBehavior [ RunTime:0.000000s ]
INFO: [ app_init ] --END-- [ RunTime:0.001000s ]
ERR: 无法加载模块:Public

[ 2017-01-05T13:50:12+08:00 ] 127.0.0.1 /Public/Uploads/16/07/27/57985d52d7a9a.jpg
INFO: [ app_init ] --START--
INFO: Run Behavior\BuildLiteBehavior [ RunTime:0.000000s ]
INFO: [ app_init ] --END-- [ RunTime:0.000000s ]
ERR: 无法加载模块:Public

[ 2017-01-05T13:50:12+08:00 ] 127.0.0.1 /cart/index/loadCart
INFO: [ app_init ] --START--
INFO: Run Behavior\BuildLiteBehavior [ RunTime:0.000000s ]
INFO: [ app_init ] --END-- [ RunTime:0.000000s ]
ERR: 无法加载模块:Cart

[ 2017-01-05T13:50:16+08:00 ] 127.0.0.1 /Public/Uploads/16/07/27/57985d52d7a9a.jpg
INFO: [ app_init ] --START--
INFO: Run Behavior\BuildLiteBehavior [ RunTime:0.000000s ]
INFO: [ app_init ] --END-- [ RunTime:0.000000s ]
ERR: 无法加载模块:Public

[ 2017-01-05T13:50:16+08:00 ] 127.0.0.1 /Public/Uploads/16/07/22/5791cf36a122e.jpg
INFO: [ app_init ] --START--
INFO: Run Behavior\BuildLiteBehavior [ RunTime:0.000000s ]
INFO: [ app_init ] --END-- [ RunTime:0.000000s ]
ERR: 无法加载模块:Public

[ 2017-01-05T13:50:16+08:00 ] 127.0.0.1 /Public/Uploads/16/06/21/5768d3c0629bf.png
INFO: [ app_init ] --START--
INFO: Run Behavior\BuildLiteBehavior [ RunTime:0.000000s ]
INFO: [ app_init ] --END-- [ RunTime:0.000000s ]
ERR: 无法加载模块:Public

[ 2017-01-05T13:50:16+08:00 ] 127.0.0.1 /cart/index/loadCart
INFO: [ app_init ] --START--
INFO: Run Behavior\BuildLiteBehavior [ RunTime:0.000000s ]
INFO: [ app_init ] --END-- [ RunTime:0.000000s ]
ERR: 无法加载模块:Cart

[ 2017-01-05T13:51:39+08:00 ] 127.0.0.1 /Public/Uploads/16/06/21/5768d3c0629bf.png
INFO: [ app_init ] --START--
INFO: Run Behavior\BuildLiteBehavior [ RunTime:0.000000s ]
INFO: [ app_init ] --END-- [ RunTime:0.000000s ]
ERR: 无法加载模块:Public

[ 2017-01-05T13:51:39+08:00 ] 127.0.0.1 /Public/Uploads/16/07/22/5791cf36a122e.jpg
INFO: [ app_init ] --START--
INFO: Run Behavior\BuildLiteBehavior [ RunTime:0.000000s ]
INFO: [ app_init ] --END-- [ RunTime:0.001001s ]
ERR: 无法加载模块:Public

[ 2017-01-05T13:51:39+08:00 ] 127.0.0.1 /Public/Uploads/16/07/27/57985d52d7a9a.jpg
INFO: [ app_init ] --START--
INFO: Run Behavior\BuildLiteBehavior [ RunTime:0.000000s ]
INFO: [ app_init ] --END-- [ RunTime:0.000000s ]
ERR: 无法加载模块:Public

[ 2017-01-05T13:51:40+08:00 ] 127.0.0.1 /cart/index/loadCart
INFO: [ app_init ] --START--
INFO: Run Behavior\BuildLiteBehavior [ RunTime:0.000000s ]
INFO: [ app_init ] --END-- [ RunTime:0.000000s ]
ERR: 无法加载模块:Cart

[ 2017-01-05T13:51:46+08:00 ] 127.0.0.1 /Public/Uploads/16/06/21/5768d3c0629bf.png
INFO: [ app_init ] --START--
INFO: Run Behavior\BuildLiteBehavior [ RunTime:0.000000s ]
INFO: [ app_init ] --END-- [ RunTime:0.001000s ]
ERR: 无法加载模块:Public

[ 2017-01-05T13:51:46+08:00 ] 127.0.0.1 /Public/Uploads/16/07/22/5791cf36a122e.jpg
INFO: [ app_init ] --START--
INFO: Run Behavior\BuildLiteBehavior [ RunTime:0.000000s ]
INFO: [ app_init ] --END-- [ RunTime:0.000000s ]
ERR: 无法加载模块:Public

[ 2017-01-05T13:51:46+08:00 ] 127.0.0.1 /Public/Uploads/16/07/27/57985d52d7a9a.jpg
INFO: [ app_init ] --START--
INFO: Run Behavior\BuildLiteBehavior [ RunTime:0.000000s ]
INFO: [ app_init ] --END-- [ RunTime:0.000000s ]
ERR: 无法加载模块:Public

[ 2017-01-05T13:51:46+08:00 ] 127.0.0.1 /cart/index/loadCart
INFO: [ app_init ] --START--
INFO: Run Behavior\BuildLiteBehavior [ RunTime:0.000000s ]
INFO: [ app_init ] --END-- [ RunTime:0.000000s ]
ERR: 无法加载模块:Cart

[ 2017-01-05T13:51:50+08:00 ] 127.0.0.1 /Public/Uploads/16/07/22/5791cf36a122e.jpg
INFO: [ app_init ] --START--
INFO: Run Behavior\BuildLiteBehavior [ RunTime:0.000000s ]
INFO: [ app_init ] --END-- [ RunTime:0.000000s ]
ERR: 无法加载模块:Public

[ 2017-01-05T13:51:50+08:00 ] 127.0.0.1 /Public/Uploads/16/06/21/5768d3c0629bf.png
INFO: [ app_init ] --START--
INFO: Run Behavior\BuildLiteBehavior [ RunTime:0.000000s ]
INFO: [ app_init ] --END-- [ RunTime:0.000000s ]
ERR: 无法加载模块:Public

[ 2017-01-05T13:51:50+08:00 ] 127.0.0.1 /Public/Uploads/16/07/27/57985d52d7a9a.jpg
INFO: [ app_init ] --START--
INFO: Run Behavior\BuildLiteBehavior [ RunTime:0.000000s ]
INFO: [ app_init ] --END-- [ RunTime:0.000000s ]
ERR: 无法加载模块:Public

[ 2017-01-05T13:51:50+08:00 ] 127.0.0.1 /cart/index/loadCart
INFO: [ app_init ] --START--
INFO: Run Behavior\BuildLiteBehavior [ RunTime:0.000000s ]
INFO: [ app_init ] --END-- [ RunTime:0.000000s ]
ERR: 无法加载模块:Cart

[ 2017-01-05T13:51:54+08:00 ] 127.0.0.1 /Public/Uploads/16/07/22/5791cf36a122e.jpg
INFO: [ app_init ] --START--
INFO: Run Behavior\BuildLiteBehavior [ RunTime:0.000000s ]
INFO: [ app_init ] --END-- [ RunTime:0.000000s ]
ERR: 无法加载模块:Public

[ 2017-01-05T13:51:54+08:00 ] 127.0.0.1 /Public/Uploads/16/07/27/57985d52d7a9a.jpg
INFO: [ app_init ] --START--
INFO: Run Behavior\BuildLiteBehavior [ RunTime:0.000000s ]
INFO: [ app_init ] --END-- [ RunTime:0.000000s ]
ERR: 无法加载模块:Public

[ 2017-01-05T13:51:54+08:00 ] 127.0.0.1 /Public/Uploads/16/06/21/5768d3c0629bf.png
INFO: [ app_init ] --START--
INFO: Run Behavior\BuildLiteBehavior [ RunTime:0.000000s ]
INFO: [ app_init ] --END-- [ RunTime:0.000000s ]
ERR: 无法加载模块:Public

[ 2017-01-05T13:51:54+08:00 ] 127.0.0.1 /cart/index/loadCart
INFO: [ app_init ] --START--
INFO: Run Behavior\BuildLiteBehavior [ RunTime:0.000000s ]
INFO: [ app_init ] --END-- [ RunTime:0.000000s ]
ERR: 无法加载模块:Cart

[ 2017-01-05T13:55:09+08:00 ] 127.0.0.1 /Public/Uploads/16/07/22/5791cf36a122e.jpg
INFO: [ app_init ] --START--
INFO: Run Behavior\BuildLiteBehavior [ RunTime:0.000000s ]
INFO: [ app_init ] --END-- [ RunTime:0.000000s ]
ERR: 无法加载模块:Public

[ 2017-01-05T13:55:09+08:00 ] 127.0.0.1 /Public/Uploads/16/06/21/5768d3c0629bf.png
INFO: [ app_init ] --START--
INFO: Run Behavior\BuildLiteBehavior [ RunTime:0.000000s ]
INFO: [ app_init ] --END-- [ RunTime:0.000000s ]
ERR: 无法加载模块:Public

[ 2017-01-05T13:55:09+08:00 ] 127.0.0.1 /Public/Uploads/16/07/27/57985d52d7a9a.jpg
INFO: [ app_init ] --START--
INFO: Run Behavior\BuildLiteBehavior [ RunTime:0.000000s ]
INFO: [ app_init ] --END-- [ RunTime:0.000000s ]
ERR: 无法加载模块:Public

[ 2017-01-05T13:55:10+08:00 ] 127.0.0.1 /cart/index/loadCart
INFO: [ app_init ] --START--
INFO: Run Behavior\BuildLiteBehavior [ RunTime:0.000000s ]
INFO: [ app_init ] --END-- [ RunTime:0.000000s ]
ERR: 无法加载模块:Cart

[ 2017-01-05T13:55:13+08:00 ] 127.0.0.1 /Public/Uploads/16/07/27/57985d52d7a9a.jpg
INFO: [ app_init ] --START--
INFO: Run Behavior\BuildLiteBehavior [ RunTime:0.000000s ]
INFO: [ app_init ] --END-- [ RunTime:0.000000s ]
ERR: 无法加载模块:Public

[ 2017-01-05T13:55:13+08:00 ] 127.0.0.1 /Public/Uploads/16/07/22/5791cf36a122e.jpg
INFO: [ app_init ] --START--
INFO: Run Behavior\BuildLiteBehavior [ RunTime:0.000000s ]
INFO: [ app_init ] --END-- [ RunTime:0.000000s ]
ERR: 无法加载模块:Public

[ 2017-01-05T13:55:13+08:00 ] 127.0.0.1 /Public/Uploads/16/06/21/5768d3c0629bf.png
INFO: [ app_init ] --START--
INFO: Run Behavior\BuildLiteBehavior [ RunTime:0.000000s ]
INFO: [ app_init ] --END-- [ RunTime:0.000000s ]
ERR: 无法加载模块:Public

[ 2017-01-05T13:55:13+08:00 ] 127.0.0.1 /cart/index/loadCart
INFO: [ app_init ] --START--
INFO: Run Behavior\BuildLiteBehavior [ RunTime:0.000000s ]
INFO: [ app_init ] --END-- [ RunTime:0.000000s ]
ERR: 无法加载模块:Cart

[ 2017-01-05T13:58:17+08:00 ] 127.0.0.1 /Public/Uploads/16/06/21/5768d3c0629bf.png
INFO: [ app_init ] --START--
INFO: Run Behavior\BuildLiteBehavior [ RunTime:0.000000s ]
INFO: [ app_init ] --END-- [ RunTime:0.000000s ]
ERR: 无法加载模块:Public

[ 2017-01-05T13:58:17+08:00 ] 127.0.0.1 /Public/Uploads/16/07/22/5791cf36a122e.jpg
INFO: [ app_init ] --START--
INFO: Run Behavior\BuildLiteBehavior [ RunTime:0.000000s ]
INFO: [ app_init ] --END-- [ RunTime:0.000000s ]
ERR: 无法加载模块:Public

[ 2017-01-05T13:58:17+08:00 ] 127.0.0.1 /Public/Uploads/16/07/27/57985d52d7a9a.jpg
INFO: [ app_init ] --START--
INFO: Run Behavior\BuildLiteBehavior [ RunTime:0.000000s ]
INFO: [ app_init ] --END-- [ RunTime:0.000000s ]
ERR: 无法加载模块:Public

[ 2017-01-05T13:58:17+08:00 ] 127.0.0.1 /cart/index/loadCart
INFO: [ app_init ] --START--
INFO: Run Behavior\BuildLiteBehavior [ RunTime:0.000000s ]
INFO: [ app_init ] --END-- [ RunTime:0.000000s ]
ERR: 无法加载模块:Cart

[ 2017-01-05T13:58:20+08:00 ] 127.0.0.1 /Public/Uploads/16/06/21/5768d3c0629bf.png
INFO: [ app_init ] --START--
INFO: Run Behavior\BuildLiteBehavior [ RunTime:0.000000s ]
INFO: [ app_init ] --END-- [ RunTime:0.000000s ]
ERR: 无法加载模块:Public

[ 2017-01-05T13:58:20+08:00 ] 127.0.0.1 /Public/Uploads/16/07/22/5791cf36a122e.jpg
INFO: [ app_init ] --START--
INFO: Run Behavior\BuildLiteBehavior [ RunTime:0.000000s ]
INFO: [ app_init ] --END-- [ RunTime:0.000000s ]
ERR: 无法加载模块:Public

[ 2017-01-05T13:58:20+08:00 ] 127.0.0.1 /Public/Uploads/16/07/27/57985d52d7a9a.jpg
INFO: [ app_init ] --START--
INFO: Run Behavior\BuildLiteBehavior [ RunTime:0.000000s ]
INFO: [ app_init ] --END-- [ RunTime:0.000000s ]
ERR: 无法加载模块:Public

[ 2017-01-05T13:58:20+08:00 ] 127.0.0.1 /cart/index/loadCart
INFO: [ app_init ] --START--
INFO: Run Behavior\BuildLiteBehavior [ RunTime:0.000000s ]
INFO: [ app_init ] --END-- [ RunTime:0.000000s ]
ERR: 无法加载模块:Cart

[ 2017-01-05T13:58:28+08:00 ] 127.0.0.1 /Public/Uploads/16/06/21/5768d3c0629bf.png
INFO: [ app_init ] --START--
INFO: Run Behavior\BuildLiteBehavior [ RunTime:0.000000s ]
INFO: [ app_init ] --END-- [ RunTime:0.000000s ]
ERR: 无法加载模块:Public

[ 2017-01-05T13:58:28+08:00 ] 127.0.0.1 /Public/Uploads/16/07/27/57985d52d7a9a.jpg
INFO: [ app_init ] --START--
INFO: Run Behavior\BuildLiteBehavior [ RunTime:0.000000s ]
INFO: [ app_init ] --END-- [ RunTime:0.000000s ]
ERR: 无法加载模块:Public

[ 2017-01-05T13:58:28+08:00 ] 127.0.0.1 /Public/Uploads/16/07/22/5791cf36a122e.jpg
INFO: [ app_init ] --START--
INFO: Run Behavior\BuildLiteBehavior [ RunTime:0.000000s ]
INFO: [ app_init ] --END-- [ RunTime:0.000000s ]
ERR: 无法加载模块:Public

[ 2017-01-05T13:58:28+08:00 ] 127.0.0.1 /cart/index/loadCart
INFO: [ app_init ] --START--
INFO: Run Behavior\BuildLiteBehavior [ RunTime:0.000000s ]
INFO: [ app_init ] --END-- [ RunTime:0.000000s ]
ERR: 无法加载模块:Cart

[ 2017-01-05T14:00:42+08:00 ] 127.0.0.1 /Public/Uploads/16/06/21/5768d3c0629bf.png
INFO: [ app_init ] --START--
INFO: Run Behavior\BuildLiteBehavior [ RunTime:0.000000s ]
INFO: [ app_init ] --END-- [ RunTime:0.000000s ]
ERR: 无法加载模块:Public

[ 2017-01-05T14:00:42+08:00 ] 127.0.0.1 /Public/Uploads/16/07/22/5791cf36a122e.jpg
INFO: [ app_init ] --START--
INFO: Run Behavior\BuildLiteBehavior [ RunTime:0.000000s ]
INFO: [ app_init ] --END-- [ RunTime:0.001000s ]
ERR: 无法加载模块:Public

[ 2017-01-05T14:00:42+08:00 ] 127.0.0.1 /Public/Uploads/16/07/27/57985d52d7a9a.jpg
INFO: [ app_init ] --START--
INFO: Run Behavior\BuildLiteBehavior [ RunTime:0.000000s ]
INFO: [ app_init ] --END-- [ RunTime:0.000000s ]
ERR: 无法加载模块:Public

[ 2017-01-05T14:00:42+08:00 ] 127.0.0.1 /cart/index/loadCart
INFO: [ app_init ] --START--
INFO: Run Behavior\BuildLiteBehavior [ RunTime:0.000000s ]
INFO: [ app_init ] --END-- [ RunTime:0.000000s ]
ERR: 无法加载模块:Cart

[ 2017-01-05T14:00:46+08:00 ] 127.0.0.1 /Public/Uploads/16/07/22/5791cf36a122e.jpg
INFO: [ app_init ] --START--
INFO: Run Behavior\BuildLiteBehavior [ RunTime:0.000000s ]
INFO: [ app_init ] --END-- [ RunTime:0.000000s ]
ERR: 无法加载模块:Public

[ 2017-01-05T14:00:46+08:00 ] 127.0.0.1 /Public/Uploads/16/07/27/57985d52d7a9a.jpg
INFO: [ app_init ] --START--
INFO: Run Behavior\BuildLiteBehavior [ RunTime:0.000000s ]
INFO: [ app_init ] --END-- [ RunTime:0.000000s ]
ERR: 无法加载模块:Public

[ 2017-01-05T14:00:46+08:00 ] 127.0.0.1 /Public/Uploads/16/06/21/5768d3c0629bf.png
INFO: [ app_init ] --START--
INFO: Run Behavior\BuildLiteBehavior [ RunTime:0.000000s ]
INFO: [ app_init ] --END-- [ RunTime:0.001000s ]
ERR: 无法加载模块:Public

[ 2017-01-05T14:00:47+08:00 ] 127.0.0.1 /cart/index/loadCart
INFO: [ app_init ] --START--
INFO: Run Behavior\BuildLiteBehavior [ RunTime:0.000000s ]
INFO: [ app_init ] --END-- [ RunTime:0.000000s ]
ERR: 无法加载模块:Cart

[ 2017-01-05T14:00:54+08:00 ] 127.0.0.1 /Public/Uploads/16/06/21/5768d3c0629bf.png
INFO: [ app_init ] --START--
INFO: Run Behavior\BuildLiteBehavior [ RunTime:0.000000s ]
INFO: [ app_init ] --END-- [ RunTime:0.000000s ]
ERR: 无法加载模块:Public

[ 2017-01-05T14:00:54+08:00 ] 127.0.0.1 /Public/Uploads/16/07/22/5791cf36a122e.jpg
INFO: [ app_init ] --START--
INFO: Run Behavior\BuildLiteBehavior [ RunTime:0.000000s ]
INFO: [ app_init ] --END-- [ RunTime:0.000000s ]
ERR: 无法加载模块:Public

[ 2017-01-05T14:00:54+08:00 ] 127.0.0.1 /Public/Uploads/16/07/27/57985d52d7a9a.jpg
INFO: [ app_init ] --START--
INFO: Run Behavior\BuildLiteBehavior [ RunTime:0.000000s ]
INFO: [ app_init ] --END-- [ RunTime:0.000000s ]
ERR: 无法加载模块:Public

[ 2017-01-05T14:00:54+08:00 ] 127.0.0.1 /cart/index/loadCart
INFO: [ app_init ] --START--
INFO: Run Behavior\BuildLiteBehavior [ RunTime:0.000000s ]
INFO: [ app_init ] --END-- [ RunTime:0.000000s ]
ERR: 无法加载模块:Cart

[ 2017-01-05T14:00:56+08:00 ] 127.0.0.1 /Public/Uploads/16/06/21/5768d3c0629bf.png
INFO: [ app_init ] --START--
INFO: Run Behavior\BuildLiteBehavior [ RunTime:0.000000s ]
INFO: [ app_init ] --END-- [ RunTime:0.000000s ]
ERR: 无法加载模块:Public

[ 2017-01-05T14:00:56+08:00 ] 127.0.0.1 /Public/Uploads/16/07/27/57985d52d7a9a.jpg
INFO: [ app_init ] --START--
INFO: Run Behavior\BuildLiteBehavior [ RunTime:0.000000s ]
INFO: [ app_init ] --END-- [ RunTime:0.000000s ]
ERR: 无法加载模块:Public

[ 2017-01-05T14:00:56+08:00 ] 127.0.0.1 /Public/Uploads/16/07/22/5791cf36a122e.jpg
INFO: [ app_init ] --START--
INFO: Run Behavior\BuildLiteBehavior [ RunTime:0.000000s ]
INFO: [ app_init ] --END-- [ RunTime:0.000000s ]
ERR: 无法加载模块:Public

[ 2017-01-05T14:00:57+08:00 ] 127.0.0.1 /cart/index/loadCart
INFO: [ app_init ] --START--
INFO: Run Behavior\BuildLiteBehavior [ RunTime:0.000000s ]
INFO: [ app_init ] --END-- [ RunTime:0.000000s ]
ERR: 无法加载模块:Cart

[ 2017-01-05T14:01:02+08:00 ] 127.0.0.1 /Public/Uploads/16/06/21/5768d3c0629bf.png
INFO: [ app_init ] --START--
INFO: Run Behavior\BuildLiteBehavior [ RunTime:0.000000s ]
INFO: [ app_init ] --END-- [ RunTime:0.000000s ]
ERR: 无法加载模块:Public

[ 2017-01-05T14:01:02+08:00 ] 127.0.0.1 /Public/Uploads/16/07/27/57985d52d7a9a.jpg
INFO: [ app_init ] --START--
INFO: Run Behavior\BuildLiteBehavior [ RunTime:0.000000s ]
INFO: [ app_init ] --END-- [ RunTime:0.001000s ]
ERR: 无法加载模块:Public

[ 2017-01-05T14:01:02+08:00 ] 127.0.0.1 /Public/Uploads/16/07/22/5791cf36a122e.jpg
INFO: [ app_init ] --START--
INFO: Run Behavior\BuildLiteBehavior [ RunTime:0.000000s ]
INFO: [ app_init ] --END-- [ RunTime:0.000000s ]
ERR: 无法加载模块:Public

[ 2017-01-05T14:01:02+08:00 ] 127.0.0.1 /cart/index/loadCart
INFO: [ app_init ] --START--
INFO: Run Behavior\BuildLiteBehavior [ RunTime:0.000000s ]
INFO: [ app_init ] --END-- [ RunTime:0.000000s ]
ERR: 无法加载模块:Cart

[ 2017-01-05T14:11:58+08:00 ] 127.0.0.1 /Public/Uploads/16/07/22/5791cf36a122e.jpg
INFO: [ app_init ] --START--
INFO: Run Behavior\BuildLiteBehavior [ RunTime:0.000000s ]
INFO: [ app_init ] --END-- [ RunTime:0.000000s ]
ERR: 无法加载模块:Public

[ 2017-01-05T14:11:58+08:00 ] 127.0.0.1 /Public/Uploads/16/06/21/5768d3c0629bf.png
INFO: [ app_init ] --START--
INFO: Run Behavior\BuildLiteBehavior [ RunTime:0.000000s ]
INFO: [ app_init ] --END-- [ RunTime:0.000000s ]
ERR: 无法加载模块:Public

[ 2017-01-05T14:11:58+08:00 ] 127.0.0.1 /Public/Uploads/16/07/27/57985d52d7a9a.jpg
INFO: [ app_init ] --START--
INFO: Run Behavior\BuildLiteBehavior [ RunTime:0.000000s ]
INFO: [ app_init ] --END-- [ RunTime:0.000000s ]
ERR: 无法加载模块:Public

[ 2017-01-05T14:12:19+08:00 ] 127.0.0.1 /Public/Uploads/16/06/21/5768d3c0629bf.png
INFO: [ app_init ] --START--
INFO: Run Behavior\BuildLiteBehavior [ RunTime:0.000000s ]
INFO: [ app_init ] --END-- [ RunTime:0.000000s ]
ERR: 无法加载模块:Public

[ 2017-01-05T14:12:19+08:00 ] 127.0.0.1 /Public/Uploads/16/07/27/57985d52d7a9a.jpg
INFO: [ app_init ] --START--
INFO: Run Behavior\BuildLiteBehavior [ RunTime:0.000000s ]
INFO: [ app_init ] --END-- [ RunTime:0.000000s ]
ERR: 无法加载模块:Public

[ 2017-01-05T14:12:19+08:00 ] 127.0.0.1 /Public/Uploads/16/07/22/5791cf36a122e.jpg
INFO: [ app_init ] --START--
INFO: Run Behavior\BuildLiteBehavior [ RunTime:0.000000s ]
INFO: [ app_init ] --END-- [ RunTime:0.000000s ]
ERR: 无法加载模块:Public

[ 2017-01-05T14:12:23+08:00 ] 127.0.0.1 /Public/Uploads/16/06/21/5768d3c0629bf.png
INFO: [ app_init ] --START--
INFO: Run Behavior\BuildLiteBehavior [ RunTime:0.000000s ]
INFO: [ app_init ] --END-- [ RunTime:0.000000s ]
ERR: 无法加载模块:Public

[ 2017-01-05T14:12:23+08:00 ] 127.0.0.1 /Public/Uploads/16/07/22/5791cf36a122e.jpg
INFO: [ app_init ] --START--
INFO: Run Behavior\BuildLiteBehavior [ RunTime:0.000000s ]
INFO: [ app_init ] --END-- [ RunTime:0.000000s ]
ERR: 无法加载模块:Public

[ 2017-01-05T14:12:23+08:00 ] 127.0.0.1 /Public/Uploads/16/07/27/57985d52d7a9a.jpg
INFO: [ app_init ] --START--
INFO: Run Behavior\BuildLiteBehavior [ RunTime:0.000000s ]
INFO: [ app_init ] --END-- [ RunTime:0.000000s ]
ERR: 无法加载模块:Public

[ 2017-01-05T14:12:28+08:00 ] 127.0.0.1 /Public/Uploads/16/06/21/5768d3c0629bf.png
INFO: [ app_init ] --START--
INFO: Run Behavior\BuildLiteBehavior [ RunTime:0.001000s ]
INFO: [ app_init ] --END-- [ RunTime:0.001000s ]
ERR: 无法加载模块:Public

[ 2017-01-05T14:12:28+08:00 ] 127.0.0.1 /Public/Uploads/16/07/22/5791cf36a122e.jpg
INFO: [ app_init ] --START--
INFO: Run Behavior\BuildLiteBehavior [ RunTime:0.000000s ]
INFO: [ app_init ] --END-- [ RunTime:0.000000s ]
ERR: 无法加载模块:Public

[ 2017-01-05T14:12:28+08:00 ] 127.0.0.1 /Public/Uploads/16/07/27/57985d52d7a9a.jpg
INFO: [ app_init ] --START--
INFO: Run Behavior\BuildLiteBehavior [ RunTime:0.000000s ]
INFO: [ app_init ] --END-- [ RunTime:0.000000s ]
ERR: 无法加载模块:Public

[ 2017-01-05T14:12:35+08:00 ] 127.0.0.1 /Public/Uploads/16/06/21/5768d3c0629bf.png
INFO: [ app_init ] --START--
INFO: Run Behavior\BuildLiteBehavior [ RunTime:0.000000s ]
INFO: [ app_init ] --END-- [ RunTime:0.000000s ]
ERR: 无法加载模块:Public

[ 2017-01-05T14:12:35+08:00 ] 127.0.0.1 /Public/Uploads/16/07/22/5791cf36a122e.jpg
INFO: [ app_init ] --START--
INFO: Run Behavior\BuildLiteBehavior [ RunTime:0.000000s ]
INFO: [ app_init ] --END-- [ RunTime:0.001000s ]
ERR: 无法加载模块:Public

[ 2017-01-05T14:12:35+08:00 ] 127.0.0.1 /Public/Uploads/16/07/27/57985d52d7a9a.jpg
INFO: [ app_init ] --START--
INFO: Run Behavior\BuildLiteBehavior [ RunTime:0.000000s ]
INFO: [ app_init ] --END-- [ RunTime:0.001000s ]
ERR: 无法加载模块:Public

[ 2017-01-05T14:14:41+08:00 ] 127.0.0.1 /Public/Uploads/16/06/21/5768d3c0629bf.png
INFO: [ app_init ] --START--
INFO: Run Behavior\BuildLiteBehavior [ RunTime:0.000000s ]
INFO: [ app_init ] --END-- [ RunTime:0.000000s ]
ERR: 无法加载模块:Public

[ 2017-01-05T14:14:41+08:00 ] 127.0.0.1 /Public/Uploads/16/07/22/5791cf36a122e.jpg
INFO: [ app_init ] --START--
INFO: Run Behavior\BuildLiteBehavior [ RunTime:0.000000s ]
INFO: [ app_init ] --END-- [ RunTime:0.000000s ]
ERR: 无法加载模块:Public

[ 2017-01-05T14:14:41+08:00 ] 127.0.0.1 /Public/Uploads/16/07/27/57985d52d7a9a.jpg
INFO: [ app_init ] --START--
INFO: Run Behavior\BuildLiteBehavior [ RunTime:0.000000s ]
INFO: [ app_init ] --END-- [ RunTime:0.000000s ]
ERR: 无法加载模块:Public

[ 2017-01-05T14:14:46+08:00 ] 127.0.0.1 /Public/Uploads/16/06/21/5768d3c0629bf.png
INFO: [ app_init ] --START--
INFO: Run Behavior\BuildLiteBehavior [ RunTime:0.000000s ]
INFO: [ app_init ] --END-- [ RunTime:0.000000s ]
ERR: 无法加载模块:Public

[ 2017-01-05T14:14:46+08:00 ] 127.0.0.1 /Public/Uploads/16/07/27/57985d52d7a9a.jpg
INFO: [ app_init ] --START--
INFO: Run Behavior\BuildLiteBehavior [ RunTime:0.000000s ]
INFO: [ app_init ] --END-- [ RunTime:0.001001s ]
ERR: 无法加载模块:Public

[ 2017-01-05T14:14:46+08:00 ] 127.0.0.1 /Public/Uploads/16/07/22/5791cf36a122e.jpg
INFO: [ app_init ] --START--
INFO: Run Behavior\BuildLiteBehavior [ RunTime:0.000000s ]
INFO: [ app_init ] --END-- [ RunTime:0.001000s ]
ERR: 无法加载模块:Public

[ 2017-01-05T14:14:48+08:00 ] 127.0.0.1 /Public/Uploads/16/07/27/57985d52d7a9a.jpg
INFO: [ app_init ] --START--
INFO: Run Behavior\BuildLiteBehavior [ RunTime:0.000000s ]
INFO: [ app_init ] --END-- [ RunTime:0.000000s ]
ERR: 无法加载模块:Public

[ 2017-01-05T14:14:48+08:00 ] 127.0.0.1 /Public/Uploads/16/06/21/5768d3c0629bf.png
INFO: [ app_init ] --START--
INFO: Run Behavior\BuildLiteBehavior [ RunTime:0.000000s ]
INFO: [ app_init ] --END-- [ RunTime:0.001000s ]
ERR: 无法加载模块:Public

[ 2017-01-05T14:14:48+08:00 ] 127.0.0.1 /Public/Uploads/16/07/22/5791cf36a122e.jpg
INFO: [ app_init ] --START--
INFO: Run Behavior\BuildLiteBehavior [ RunTime:0.000000s ]
INFO: [ app_init ] --END-- [ RunTime:0.000000s ]
ERR: 无法加载模块:Public

[ 2017-01-05T14:16:50+08:00 ] 127.0.0.1 /Public/Uploads/16/06/21/5768d3c0629bf.png
INFO: [ app_init ] --START--
INFO: Run Behavior\BuildLiteBehavior [ RunTime:0.000000s ]
INFO: [ app_init ] --END-- [ RunTime:0.000000s ]
ERR: 无法加载模块:Public

[ 2017-01-05T14:16:50+08:00 ] 127.0.0.1 /Public/Uploads/16/07/27/57985d52d7a9a.jpg
INFO: [ app_init ] --START--
INFO: Run Behavior\BuildLiteBehavior [ RunTime:0.000000s ]
INFO: [ app_init ] --END-- [ RunTime:0.000000s ]
ERR: 无法加载模块:Public

[ 2017-01-05T14:16:50+08:00 ] 127.0.0.1 /Public/Uploads/16/07/22/5791cf36a122e.jpg
INFO: [ app_init ] --START--
INFO: Run Behavior\BuildLiteBehavior [ RunTime:0.000000s ]
INFO: [ app_init ] --END-- [ RunTime:0.001000s ]
ERR: 无法加载模块:Public

