[ 2017-01-12T14:38:54+08:00 ] 127.0.0.1 /Public/Uploads/16/07/27/57985d52d7a9a.jpg
INFO: [ app_init ] --START--
INFO: Run Behavior\BuildLiteBehavior [ RunTime:0.000000s ]
INFO: [ app_init ] --END-- [ RunTime:0.000000s ]
ERR: 无法加载模块:Public

[ 2017-01-12T14:38:54+08:00 ] 127.0.0.1 /Public/Uploads/16/07/22/5791cf36a122e.jpg
INFO: [ app_init ] --START--
INFO: Run Behavior\BuildLiteBehavior [ RunTime:0.000000s ]
INFO: [ app_init ] --END-- [ RunTime:0.000000s ]
ERR: 无法加载模块:Public

[ 2017-01-12T14:38:54+08:00 ] 127.0.0.1 /Public/Uploads/16/06/21/5768d3c0629bf.png
INFO: [ app_init ] --START--
INFO: Run Behavior\BuildLiteBehavior [ RunTime:0.000000s ]
INFO: [ app_init ] --END-- [ RunTime:0.001000s ]
ERR: 无法加载模块:Public

[ 2017-01-12T14:38:55+08:00 ] 127.0.0.1 /favicon.ico
INFO: [ app_init ] --START--
INFO: Run Behavior\BuildLiteBehavior [ RunTime:0.000000s ]
INFO: [ app_init ] --END-- [ RunTime:0.000000s ]
ERR: 无法加载模块:Favicon

[ 2017-01-12T14:39:03+08:00 ] 127.0.0.1 /Public/Uploads/16/06/21/5768d3c0629bf.png
INFO: [ app_init ] --START--
INFO: Run Behavior\BuildLiteBehavior [ RunTime:0.000000s ]
INFO: [ app_init ] --END-- [ RunTime:0.000000s ]
ERR: 无法加载模块:Public

[ 2017-01-12T14:39:03+08:00 ] 127.0.0.1 /Public/Uploads/16/07/22/5791cf36a122e.jpg
INFO: [ app_init ] --START--
INFO: Run Behavior\BuildLiteBehavior [ RunTime:0.000000s ]
INFO: [ app_init ] --END-- [ RunTime:0.000000s ]
ERR: 无法加载模块:Public

[ 2017-01-12T14:39:03+08:00 ] 127.0.0.1 /Public/Uploads/16/07/27/57985d52d7a9a.jpg
INFO: [ app_init ] --START--
INFO: Run Behavior\BuildLiteBehavior [ RunTime:0.000000s ]
INFO: [ app_init ] --END-- [ RunTime:0.002000s ]
ERR: 无法加载模块:Public

[ 2017-01-12T14:39:07+08:00 ] 127.0.0.1 /Public/Uploads/16/06/21/5768d3c0629bf.png
INFO: [ app_init ] --START--
INFO: Run Behavior\BuildLiteBehavior [ RunTime:0.000000s ]
INFO: [ app_init ] --END-- [ RunTime:0.000000s ]
ERR: 无法加载模块:Public

[ 2017-01-12T14:39:07+08:00 ] 127.0.0.1 /Public/Uploads/16/07/27/57985d52d7a9a.jpg
INFO: [ app_init ] --START--
INFO: Run Behavior\BuildLiteBehavior [ RunTime:0.000000s ]
INFO: [ app_init ] --END-- [ RunTime:0.000000s ]
ERR: 无法加载模块:Public

[ 2017-01-12T14:39:07+08:00 ] 127.0.0.1 /Public/Uploads/16/07/22/5791cf36a122e.jpg
INFO: [ app_init ] --START--
INFO: Run Behavior\BuildLiteBehavior [ RunTime:0.000000s ]
INFO: [ app_init ] --END-- [ RunTime:0.000000s ]
ERR: 无法加载模块:Public

[ 2017-01-12T14:39:17+08:00 ] 127.0.0.1 /cart/index/error
INFO: [ app_init ] --START--
INFO: Run Behavior\BuildLiteBehavior [ RunTime:0.000000s ]
INFO: [ app_init ] --END-- [ RunTime:0.000000s ]
ERR: 无法加载模块:Cart

[ 2017-01-12T14:39:25+08:00 ] 127.0.0.1 /Public/Uploads/16/07/27/57985d52d7a9a.jpg
INFO: [ app_init ] --START--
INFO: Run Behavior\BuildLiteBehavior [ RunTime:0.000000s ]
INFO: [ app_init ] --END-- [ RunTime:0.000000s ]
ERR: 无法加载模块:Public

[ 2017-01-12T14:39:25+08:00 ] 127.0.0.1 /Public/Uploads/16/06/21/5768d3c0629bf.png
INFO: [ app_init ] --START--
INFO: Run Behavior\BuildLiteBehavior [ RunTime:0.000000s ]
INFO: [ app_init ] --END-- [ RunTime:0.000000s ]
ERR: 无法加载模块:Public

[ 2017-01-12T14:39:25+08:00 ] 127.0.0.1 /Public/Uploads/16/07/22/5791cf36a122e.jpg
INFO: [ app_init ] --START--
INFO: Run Behavior\BuildLiteBehavior [ RunTime:0.000000s ]
INFO: [ app_init ] --END-- [ RunTime:0.000000s ]
ERR: 无法加载模块:Public

[ 2017-01-12T14:55:58+08:00 ] 127.0.0.1 /Public/Uploads/16/07/22/5791cf36a122e.jpg
INFO: [ app_init ] --START--
INFO: Run Behavior\BuildLiteBehavior [ RunTime:0.000000s ]
INFO: [ app_init ] --END-- [ RunTime:0.000000s ]
ERR: 无法加载模块:Public

[ 2017-01-12T14:55:58+08:00 ] 127.0.0.1 /Public/Uploads/16/07/27/57985d52d7a9a.jpg
INFO: [ app_init ] --START--
INFO: Run Behavior\BuildLiteBehavior [ RunTime:0.000000s ]
INFO: [ app_init ] --END-- [ RunTime:0.000000s ]
ERR: 无法加载模块:Public

[ 2017-01-12T14:55:58+08:00 ] 127.0.0.1 /Public/Uploads/16/06/21/5768d3c0629bf.png
INFO: [ app_init ] --START--
INFO: Run Behavior\BuildLiteBehavior [ RunTime:0.000000s ]
INFO: [ app_init ] --END-- [ RunTime:0.000000s ]
ERR: 无法加载模块:Public

[ 2017-01-12T14:56:03+08:00 ] 127.0.0.1 /Public/Uploads/16/07/27/57985d52d7a9a.jpg
INFO: [ app_init ] --START--
INFO: Run Behavior\BuildLiteBehavior [ RunTime:0.000000s ]
INFO: [ app_init ] --END-- [ RunTime:0.000000s ]
ERR: 无法加载模块:Public

[ 2017-01-12T14:56:03+08:00 ] 127.0.0.1 /Public/Uploads/16/06/21/5768d3c0629bf.png
INFO: [ app_init ] --START--
INFO: Run Behavior\BuildLiteBehavior [ RunTime:0.000000s ]
INFO: [ app_init ] --END-- [ RunTime:0.001000s ]
ERR: 无法加载模块:Public

[ 2017-01-12T14:56:03+08:00 ] 127.0.0.1 /Public/Uploads/16/07/22/5791cf36a122e.jpg
INFO: [ app_init ] --START--
INFO: Run Behavior\BuildLiteBehavior [ RunTime:0.000000s ]
INFO: [ app_init ] --END-- [ RunTime:0.000000s ]
ERR: 无法加载模块:Public

[ 2017-01-12T14:56:06+08:00 ] 127.0.0.1 /Public/Uploads/16/07/22/5791cf36a122e.jpg
INFO: [ app_init ] --START--
INFO: Run Behavior\BuildLiteBehavior [ RunTime:0.000000s ]
INFO: [ app_init ] --END-- [ RunTime:0.000000s ]
ERR: 无法加载模块:Public

[ 2017-01-12T14:56:06+08:00 ] 127.0.0.1 /Public/Uploads/16/07/27/57985d52d7a9a.jpg
INFO: [ app_init ] --START--
INFO: Run Behavior\BuildLiteBehavior [ RunTime:0.000000s ]
INFO: [ app_init ] --END-- [ RunTime:0.000000s ]
ERR: 无法加载模块:Public

[ 2017-01-12T14:56:06+08:00 ] 127.0.0.1 /Public/Uploads/16/06/21/5768d3c0629bf.png
INFO: [ app_init ] --START--
INFO: Run Behavior\BuildLiteBehavior [ RunTime:0.000000s ]
INFO: [ app_init ] --END-- [ RunTime:0.000000s ]
ERR: 无法加载模块:Public

[ 2017-01-12T14:56:13+08:00 ] 127.0.0.1 /cart/index/error
INFO: [ app_init ] --START--
INFO: Run Behavior\BuildLiteBehavior [ RunTime:0.000000s ]
INFO: [ app_init ] --END-- [ RunTime:0.000000s ]
ERR: 无法加载模块:Cart

[ 2017-01-12T15:00:42+08:00 ] 127.0.0.1 /Public/Uploads/16/06/21/5768d3c0629bf.png
INFO: [ app_init ] --START--
INFO: Run Behavior\BuildLiteBehavior [ RunTime:0.000000s ]
INFO: [ app_init ] --END-- [ RunTime:0.000000s ]
ERR: 无法加载模块:Public

[ 2017-01-12T15:00:42+08:00 ] 127.0.0.1 /Public/Uploads/16/07/27/57985d52d7a9a.jpg
INFO: [ app_init ] --START--
INFO: Run Behavior\BuildLiteBehavior [ RunTime:0.000000s ]
INFO: [ app_init ] --END-- [ RunTime:0.000000s ]
ERR: 无法加载模块:Public

[ 2017-01-12T15:00:42+08:00 ] 127.0.0.1 /Public/Uploads/16/07/22/5791cf36a122e.jpg
INFO: [ app_init ] --START--
INFO: Run Behavior\BuildLiteBehavior [ RunTime:0.000000s ]
INFO: [ app_init ] --END-- [ RunTime:0.001000s ]
ERR: 无法加载模块:Public

[ 2017-01-12T15:00:45+08:00 ] 127.0.0.1 /Public/Uploads/16/07/27/57985d52d7a9a.jpg
INFO: [ app_init ] --START--
INFO: Run Behavior\BuildLiteBehavior [ RunTime:0.000000s ]
INFO: [ app_init ] --END-- [ RunTime:0.000000s ]
ERR: 无法加载模块:Public

[ 2017-01-12T15:00:45+08:00 ] 127.0.0.1 /Public/Uploads/16/07/22/5791cf36a122e.jpg
INFO: [ app_init ] --START--
INFO: Run Behavior\BuildLiteBehavior [ RunTime:0.000000s ]
INFO: [ app_init ] --END-- [ RunTime:0.000000s ]
ERR: 无法加载模块:Public

[ 2017-01-12T15:00:45+08:00 ] 127.0.0.1 /Public/Uploads/16/06/21/5768d3c0629bf.png
INFO: [ app_init ] --START--
INFO: Run Behavior\BuildLiteBehavior [ RunTime:0.000000s ]
INFO: [ app_init ] --END-- [ RunTime:0.000000s ]
ERR: 无法加载模块:Public

[ 2017-01-12T15:00:49+08:00 ] 127.0.0.1 /Public/Uploads/16/07/27/57985d52d7a9a.jpg
INFO: [ app_init ] --START--
INFO: Run Behavior\BuildLiteBehavior [ RunTime:0.000000s ]
INFO: [ app_init ] --END-- [ RunTime:0.000000s ]
ERR: 无法加载模块:Public

[ 2017-01-12T15:00:49+08:00 ] 127.0.0.1 /Public/Uploads/16/07/22/5791cf36a122e.jpg
INFO: [ app_init ] --START--
INFO: Run Behavior\BuildLiteBehavior [ RunTime:0.000000s ]
INFO: [ app_init ] --END-- [ RunTime:0.000000s ]
ERR: 无法加载模块:Public

[ 2017-01-12T15:00:49+08:00 ] 127.0.0.1 /Public/Uploads/16/06/21/5768d3c0629bf.png
INFO: [ app_init ] --START--
INFO: Run Behavior\BuildLiteBehavior [ RunTime:0.000000s ]
INFO: [ app_init ] --END-- [ RunTime:0.000000s ]
ERR: 无法加载模块:Public

[ 2017-01-12T15:01:03+08:00 ] 127.0.0.1 /cart/index/error
INFO: [ app_init ] --START--
INFO: Run Behavior\BuildLiteBehavior [ RunTime:0.000000s ]
INFO: [ app_init ] --END-- [ RunTime:0.000000s ]
ERR: 无法加载模块:Cart

[ 2017-01-12T15:02:13+08:00 ] 127.0.0.1 /Public/Uploads/16/06/21/5768d3c0629bf.png
INFO: [ app_init ] --START--
INFO: Run Behavior\BuildLiteBehavior [ RunTime:0.000000s ]
INFO: [ app_init ] --END-- [ RunTime:0.000000s ]
ERR: 无法加载模块:Public

[ 2017-01-12T15:02:13+08:00 ] 127.0.0.1 /Public/Uploads/16/07/22/5791cf36a122e.jpg
INFO: [ app_init ] --START--
INFO: Run Behavior\BuildLiteBehavior [ RunTime:0.000000s ]
INFO: [ app_init ] --END-- [ RunTime:0.000000s ]
ERR: 无法加载模块:Public

[ 2017-01-12T15:02:13+08:00 ] 127.0.0.1 /Public/Uploads/16/07/27/57985d52d7a9a.jpg
INFO: [ app_init ] --START--
INFO: Run Behavior\BuildLiteBehavior [ RunTime:0.000000s ]
INFO: [ app_init ] --END-- [ RunTime:0.000000s ]
ERR: 无法加载模块:Public

[ 2017-01-12T15:02:19+08:00 ] 127.0.0.1 /Public/Uploads/16/06/21/5768d3c0629bf.png
INFO: [ app_init ] --START--
INFO: Run Behavior\BuildLiteBehavior [ RunTime:0.000000s ]
INFO: [ app_init ] --END-- [ RunTime:0.000000s ]
ERR: 无法加载模块:Public

[ 2017-01-12T15:02:19+08:00 ] 127.0.0.1 /Public/Uploads/16/07/22/5791cf36a122e.jpg
INFO: [ app_init ] --START--
INFO: Run Behavior\BuildLiteBehavior [ RunTime:0.000000s ]
INFO: [ app_init ] --END-- [ RunTime:0.000000s ]
ERR: 无法加载模块:Public

[ 2017-01-12T15:02:19+08:00 ] 127.0.0.1 /Public/Uploads/16/07/27/57985d52d7a9a.jpg
INFO: [ app_init ] --START--
INFO: Run Behavior\BuildLiteBehavior [ RunTime:0.000000s ]
INFO: [ app_init ] --END-- [ RunTime:0.000000s ]
ERR: 无法加载模块:Public

[ 2017-01-12T15:02:21+08:00 ] 127.0.0.1 /Public/Uploads/16/07/22/5791cf36a122e.jpg
INFO: [ app_init ] --START--
INFO: Run Behavior\BuildLiteBehavior [ RunTime:0.000000s ]
INFO: [ app_init ] --END-- [ RunTime:0.000000s ]
ERR: 无法加载模块:Public

[ 2017-01-12T15:02:21+08:00 ] 127.0.0.1 /Public/Uploads/16/06/21/5768d3c0629bf.png
INFO: [ app_init ] --START--
INFO: Run Behavior\BuildLiteBehavior [ RunTime:0.000000s ]
INFO: [ app_init ] --END-- [ RunTime:0.000000s ]
ERR: 无法加载模块:Public

[ 2017-01-12T15:02:21+08:00 ] 127.0.0.1 /Public/Uploads/16/07/27/57985d52d7a9a.jpg
INFO: [ app_init ] --START--
INFO: Run Behavior\BuildLiteBehavior [ RunTime:0.000000s ]
INFO: [ app_init ] --END-- [ RunTime:0.000000s ]
ERR: 无法加载模块:Public

[ 2017-01-12T15:02:36+08:00 ] 127.0.0.1 /cart/index/error
INFO: [ app_init ] --START--
INFO: Run Behavior\BuildLiteBehavior [ RunTime:0.000000s ]
INFO: [ app_init ] --END-- [ RunTime:0.000000s ]
ERR: 无法加载模块:Cart

[ 2017-01-12T15:03:31+08:00 ] 127.0.0.1 /Public/Uploads/16/06/21/5768d3c0629bf.png
INFO: [ app_init ] --START--
INFO: Run Behavior\BuildLiteBehavior [ RunTime:0.000000s ]
INFO: [ app_init ] --END-- [ RunTime:0.000000s ]
ERR: 无法加载模块:Public

[ 2017-01-12T15:03:31+08:00 ] 127.0.0.1 /Public/Uploads/16/07/22/5791cf36a122e.jpg
INFO: [ app_init ] --START--
INFO: Run Behavior\BuildLiteBehavior [ RunTime:0.000000s ]
INFO: [ app_init ] --END-- [ RunTime:0.000000s ]
ERR: 无法加载模块:Public

[ 2017-01-12T15:03:31+08:00 ] 127.0.0.1 /Public/Uploads/16/07/27/57985d52d7a9a.jpg
INFO: [ app_init ] --START--
INFO: Run Behavior\BuildLiteBehavior [ RunTime:0.000000s ]
INFO: [ app_init ] --END-- [ RunTime:0.000000s ]
ERR: 无法加载模块:Public

[ 2017-01-12T15:03:34+08:00 ] 127.0.0.1 /Public/Uploads/16/07/27/57985d52d7a9a.jpg
INFO: [ app_init ] --START--
INFO: Run Behavior\BuildLiteBehavior [ RunTime:0.000000s ]
INFO: [ app_init ] --END-- [ RunTime:0.000000s ]
ERR: 无法加载模块:Public

[ 2017-01-12T15:03:35+08:00 ] 127.0.0.1 /Public/Uploads/16/07/22/5791cf36a122e.jpg
INFO: [ app_init ] --START--
INFO: Run Behavior\BuildLiteBehavior [ RunTime:0.000000s ]
INFO: [ app_init ] --END-- [ RunTime:0.000000s ]
ERR: 无法加载模块:Public

[ 2017-01-12T15:03:35+08:00 ] 127.0.0.1 /Public/Uploads/16/06/21/5768d3c0629bf.png
INFO: [ app_init ] --START--
INFO: Run Behavior\BuildLiteBehavior [ RunTime:0.000000s ]
INFO: [ app_init ] --END-- [ RunTime:0.000000s ]
ERR: 无法加载模块:Public

[ 2017-01-12T15:03:41+08:00 ] 127.0.0.1 /Public/Uploads/16/07/27/57985d52d7a9a.jpg
INFO: [ app_init ] --START--
INFO: Run Behavior\BuildLiteBehavior [ RunTime:0.000000s ]
INFO: [ app_init ] --END-- [ RunTime:0.000000s ]
ERR: 无法加载模块:Public

[ 2017-01-12T15:03:41+08:00 ] 127.0.0.1 /Public/Uploads/16/06/21/5768d3c0629bf.png
INFO: [ app_init ] --START--
INFO: Run Behavior\BuildLiteBehavior [ RunTime:0.000000s ]
INFO: [ app_init ] --END-- [ RunTime:0.000000s ]
ERR: 无法加载模块:Public

[ 2017-01-12T15:03:41+08:00 ] 127.0.0.1 /Public/Uploads/16/07/22/5791cf36a122e.jpg
INFO: [ app_init ] --START--
INFO: Run Behavior\BuildLiteBehavior [ RunTime:0.000000s ]
INFO: [ app_init ] --END-- [ RunTime:0.001000s ]
ERR: 无法加载模块:Public

[ 2017-01-12T15:03:54+08:00 ] 127.0.0.1 /cart/index/error
INFO: [ app_init ] --START--
INFO: Run Behavior\BuildLiteBehavior [ RunTime:0.000000s ]
INFO: [ app_init ] --END-- [ RunTime:0.000000s ]
ERR: 无法加载模块:Cart

[ 2017-01-12T15:04:46+08:00 ] 127.0.0.1 /Public/Uploads/16/06/21/5768d3c0629bf.png
INFO: [ app_init ] --START--
INFO: Run Behavior\BuildLiteBehavior [ RunTime:0.000000s ]
INFO: [ app_init ] --END-- [ RunTime:0.000000s ]
ERR: 无法加载模块:Public

[ 2017-01-12T15:04:46+08:00 ] 127.0.0.1 /Public/Uploads/16/07/27/57985d52d7a9a.jpg
INFO: [ app_init ] --START--
INFO: Run Behavior\BuildLiteBehavior [ RunTime:0.000000s ]
INFO: [ app_init ] --END-- [ RunTime:0.000000s ]
ERR: 无法加载模块:Public

[ 2017-01-12T15:04:46+08:00 ] 127.0.0.1 /Public/Uploads/16/07/22/5791cf36a122e.jpg
INFO: [ app_init ] --START--
INFO: Run Behavior\BuildLiteBehavior [ RunTime:0.000000s ]
INFO: [ app_init ] --END-- [ RunTime:0.000000s ]
ERR: 无法加载模块:Public

[ 2017-01-12T15:04:51+08:00 ] 127.0.0.1 /Public/Uploads/16/06/21/5768d3c0629bf.png
INFO: [ app_init ] --START--
INFO: Run Behavior\BuildLiteBehavior [ RunTime:0.000000s ]
INFO: [ app_init ] --END-- [ RunTime:0.000000s ]
ERR: 无法加载模块:Public

[ 2017-01-12T15:04:51+08:00 ] 127.0.0.1 /Public/Uploads/16/07/22/5791cf36a122e.jpg
INFO: [ app_init ] --START--
INFO: Run Behavior\BuildLiteBehavior [ RunTime:0.000000s ]
INFO: [ app_init ] --END-- [ RunTime:0.000000s ]
ERR: 无法加载模块:Public

[ 2017-01-12T15:04:51+08:00 ] 127.0.0.1 /Public/Uploads/16/07/27/57985d52d7a9a.jpg
INFO: [ app_init ] --START--
INFO: Run Behavior\BuildLiteBehavior [ RunTime:0.000000s ]
INFO: [ app_init ] --END-- [ RunTime:0.000000s ]
ERR: 无法加载模块:Public

[ 2017-01-12T15:04:57+08:00 ] 127.0.0.1 /Public/Uploads/16/07/22/5791cf36a122e.jpg
INFO: [ app_init ] --START--
INFO: Run Behavior\BuildLiteBehavior [ RunTime:0.000000s ]
INFO: [ app_init ] --END-- [ RunTime:0.001000s ]
ERR: 无法加载模块:Public

[ 2017-01-12T15:04:57+08:00 ] 127.0.0.1 /Public/Uploads/16/06/21/5768d3c0629bf.png
INFO: [ app_init ] --START--
INFO: Run Behavior\BuildLiteBehavior [ RunTime:0.000000s ]
INFO: [ app_init ] --END-- [ RunTime:0.000000s ]
ERR: 无法加载模块:Public

[ 2017-01-12T15:04:57+08:00 ] 127.0.0.1 /Public/Uploads/16/07/27/57985d52d7a9a.jpg
INFO: [ app_init ] --START--
INFO: Run Behavior\BuildLiteBehavior [ RunTime:0.000000s ]
INFO: [ app_init ] --END-- [ RunTime:0.001000s ]
ERR: 无法加载模块:Public

[ 2017-01-12T15:05:07+08:00 ] 127.0.0.1 /cart/index/error
INFO: [ app_init ] --START--
INFO: Run Behavior\BuildLiteBehavior [ RunTime:0.000000s ]
INFO: [ app_init ] --END-- [ RunTime:0.000000s ]
ERR: 无法加载模块:Cart

[ 2017-01-12T15:07:31+08:00 ] 127.0.0.1 /Public/Uploads/16/06/21/5768d3c0629bf.png
INFO: [ app_init ] --START--
INFO: Run Behavior\BuildLiteBehavior [ RunTime:0.000000s ]
INFO: [ app_init ] --END-- [ RunTime:0.000000s ]
ERR: 无法加载模块:Public

[ 2017-01-12T15:07:31+08:00 ] 127.0.0.1 /Public/Uploads/16/07/27/57985d52d7a9a.jpg
INFO: [ app_init ] --START--
INFO: Run Behavior\BuildLiteBehavior [ RunTime:0.000000s ]
INFO: [ app_init ] --END-- [ RunTime:0.000000s ]
ERR: 无法加载模块:Public

[ 2017-01-12T15:07:31+08:00 ] 127.0.0.1 /Public/Uploads/16/07/22/5791cf36a122e.jpg
INFO: [ app_init ] --START--
INFO: Run Behavior\BuildLiteBehavior [ RunTime:0.000000s ]
INFO: [ app_init ] --END-- [ RunTime:0.001000s ]
ERR: 无法加载模块:Public

[ 2017-01-12T15:08:14+08:00 ] 127.0.0.1 /Public/Uploads/16/06/21/5768d3c0629bf.png
INFO: [ app_init ] --START--
INFO: Run Behavior\BuildLiteBehavior [ RunTime:0.000000s ]
INFO: [ app_init ] --END-- [ RunTime:0.000000s ]
ERR: 无法加载模块:Public

[ 2017-01-12T15:08:14+08:00 ] 127.0.0.1 /Public/Uploads/16/07/27/57985d52d7a9a.jpg
INFO: [ app_init ] --START--
INFO: Run Behavior\BuildLiteBehavior [ RunTime:0.000000s ]
INFO: [ app_init ] --END-- [ RunTime:0.001000s ]
ERR: 无法加载模块:Public

[ 2017-01-12T15:08:14+08:00 ] 127.0.0.1 /Public/Uploads/16/07/22/5791cf36a122e.jpg
INFO: [ app_init ] --START--
INFO: Run Behavior\BuildLiteBehavior [ RunTime:0.001000s ]
INFO: [ app_init ] --END-- [ RunTime:0.001000s ]
ERR: 无法加载模块:Public

[ 2017-01-12T15:08:18+08:00 ] 127.0.0.1 /Public/Uploads/16/06/21/5768d3c0629bf.png
INFO: [ app_init ] --START--
INFO: Run Behavior\BuildLiteBehavior [ RunTime:0.000000s ]
INFO: [ app_init ] --END-- [ RunTime:0.000000s ]
ERR: 无法加载模块:Public

[ 2017-01-12T15:08:18+08:00 ] 127.0.0.1 /Public/Uploads/16/07/22/5791cf36a122e.jpg
INFO: [ app_init ] --START--
INFO: Run Behavior\BuildLiteBehavior [ RunTime:0.000000s ]
INFO: [ app_init ] --END-- [ RunTime:0.000000s ]
ERR: 无法加载模块:Public

[ 2017-01-12T15:08:18+08:00 ] 127.0.0.1 /Public/Uploads/16/07/27/57985d52d7a9a.jpg
INFO: [ app_init ] --START--
INFO: Run Behavior\BuildLiteBehavior [ RunTime:0.000000s ]
INFO: [ app_init ] --END-- [ RunTime:0.000000s ]
ERR: 无法加载模块:Public

[ 2017-01-12T15:08:27+08:00 ] 127.0.0.1 /cart/index/error
INFO: [ app_init ] --START--
INFO: Run Behavior\BuildLiteBehavior [ RunTime:0.000000s ]
INFO: [ app_init ] --END-- [ RunTime:0.000000s ]
ERR: 无法加载模块:Cart

[ 2017-01-12T15:08:43+08:00 ] 127.0.0.1 /Public/Uploads/16/06/21/5768d3c0629bf.png
INFO: [ app_init ] --START--
INFO: Run Behavior\BuildLiteBehavior [ RunTime:0.000000s ]
INFO: [ app_init ] --END-- [ RunTime:0.000000s ]
ERR: 无法加载模块:Public

[ 2017-01-12T15:08:43+08:00 ] 127.0.0.1 /Public/Uploads/16/07/22/5791cf36a122e.jpg
INFO: [ app_init ] --START--
INFO: Run Behavior\BuildLiteBehavior [ RunTime:0.000000s ]
INFO: [ app_init ] --END-- [ RunTime:0.000000s ]
ERR: 无法加载模块:Public

[ 2017-01-12T15:08:43+08:00 ] 127.0.0.1 /Public/Uploads/16/07/27/57985d52d7a9a.jpg
INFO: [ app_init ] --START--
INFO: Run Behavior\BuildLiteBehavior [ RunTime:0.000000s ]
INFO: [ app_init ] --END-- [ RunTime:0.000000s ]
ERR: 无法加载模块:Public

[ 2017-01-12T15:08:50+08:00 ] 127.0.0.1 /Public/Uploads/16/07/22/5791cf36a122e.jpg
INFO: [ app_init ] --START--
INFO: Run Behavior\BuildLiteBehavior [ RunTime:0.000000s ]
INFO: [ app_init ] --END-- [ RunTime:0.000000s ]
ERR: 无法加载模块:Public

[ 2017-01-12T15:08:50+08:00 ] 127.0.0.1 /Public/Uploads/16/06/21/5768d3c0629bf.png
INFO: [ app_init ] --START--
INFO: Run Behavior\BuildLiteBehavior [ RunTime:0.000000s ]
INFO: [ app_init ] --END-- [ RunTime:0.000000s ]
ERR: 无法加载模块:Public

[ 2017-01-12T15:08:50+08:00 ] 127.0.0.1 /Public/Uploads/16/07/27/57985d52d7a9a.jpg
INFO: [ app_init ] --START--
INFO: Run Behavior\BuildLiteBehavior [ RunTime:0.000000s ]
INFO: [ app_init ] --END-- [ RunTime:0.000000s ]
ERR: 无法加载模块:Public

[ 2017-01-12T15:09:01+08:00 ] 127.0.0.1 /Public/Uploads/16/07/22/5791cf36a122e.jpg
INFO: [ app_init ] --START--
INFO: Run Behavior\BuildLiteBehavior [ RunTime:0.000000s ]
INFO: [ app_init ] --END-- [ RunTime:0.000000s ]
ERR: 无法加载模块:Public

[ 2017-01-12T15:09:01+08:00 ] 127.0.0.1 /Public/Uploads/16/06/21/5768d3c0629bf.png
INFO: [ app_init ] --START--
INFO: Run Behavior\BuildLiteBehavior [ RunTime:0.000000s ]
INFO: [ app_init ] --END-- [ RunTime:0.000000s ]
ERR: 无法加载模块:Public

[ 2017-01-12T15:09:01+08:00 ] 127.0.0.1 /Public/Uploads/16/07/27/57985d52d7a9a.jpg
INFO: [ app_init ] --START--
INFO: Run Behavior\BuildLiteBehavior [ RunTime:0.000000s ]
INFO: [ app_init ] --END-- [ RunTime:0.000000s ]
ERR: 无法加载模块:Public

[ 2017-01-12T15:09:07+08:00 ] 127.0.0.1 /cart/index/error
INFO: [ app_init ] --START--
INFO: Run Behavior\BuildLiteBehavior [ RunTime:0.000000s ]
INFO: [ app_init ] --END-- [ RunTime:0.001000s ]
ERR: 无法加载模块:Cart

[ 2017-01-12T15:12:19+08:00 ] 127.0.0.1 /Public/Uploads/16/07/27/57985d52d7a9a.jpg
INFO: [ app_init ] --START--
INFO: Run Behavior\BuildLiteBehavior [ RunTime:0.000000s ]
INFO: [ app_init ] --END-- [ RunTime:0.000000s ]
ERR: 无法加载模块:Public

[ 2017-01-12T15:12:19+08:00 ] 127.0.0.1 /Public/Uploads/16/07/22/5791cf36a122e.jpg
INFO: [ app_init ] --START--
INFO: Run Behavior\BuildLiteBehavior [ RunTime:0.000000s ]
INFO: [ app_init ] --END-- [ RunTime:0.000000s ]
ERR: 无法加载模块:Public

[ 2017-01-12T15:12:19+08:00 ] 127.0.0.1 /Public/Uploads/16/06/21/5768d3c0629bf.png
INFO: [ app_init ] --START--
INFO: Run Behavior\BuildLiteBehavior [ RunTime:0.000000s ]
INFO: [ app_init ] --END-- [ RunTime:0.000000s ]
ERR: 无法加载模块:Public

[ 2017-01-12T15:12:23+08:00 ] 127.0.0.1 /Public/Uploads/16/07/27/57985d52d7a9a.jpg
INFO: [ app_init ] --START--
INFO: Run Behavior\BuildLiteBehavior [ RunTime:0.000000s ]
INFO: [ app_init ] --END-- [ RunTime:0.000000s ]
ERR: 无法加载模块:Public

[ 2017-01-12T15:12:23+08:00 ] 127.0.0.1 /Public/Uploads/16/06/21/5768d3c0629bf.png
INFO: [ app_init ] --START--
INFO: Run Behavior\BuildLiteBehavior [ RunTime:0.000000s ]
INFO: [ app_init ] --END-- [ RunTime:0.000000s ]
ERR: 无法加载模块:Public

[ 2017-01-12T15:12:23+08:00 ] 127.0.0.1 /Public/Uploads/16/07/22/5791cf36a122e.jpg
INFO: [ app_init ] --START--
INFO: Run Behavior\BuildLiteBehavior [ RunTime:0.000000s ]
INFO: [ app_init ] --END-- [ RunTime:0.001000s ]
ERR: 无法加载模块:Public

[ 2017-01-12T15:12:29+08:00 ] 127.0.0.1 /cart/index/error
INFO: [ app_init ] --START--
INFO: Run Behavior\BuildLiteBehavior [ RunTime:0.000000s ]
INFO: [ app_init ] --END-- [ RunTime:0.000000s ]
ERR: 无法加载模块:Cart

[ 2017-01-12T15:58:11+08:00 ] 127.0.0.1 /Public/Uploads/16/06/21/5768d3c0629bf.png
INFO: [ app_init ] --START--
INFO: Run Behavior\BuildLiteBehavior [ RunTime:0.000000s ]
INFO: [ app_init ] --END-- [ RunTime:0.000000s ]
ERR: 无法加载模块:Public

[ 2017-01-12T15:58:11+08:00 ] 127.0.0.1 /Public/Uploads/16/07/22/5791cf36a122e.jpg
INFO: [ app_init ] --START--
INFO: Run Behavior\BuildLiteBehavior [ RunTime:0.000000s ]
INFO: [ app_init ] --END-- [ RunTime:0.000000s ]
ERR: 无法加载模块:Public

[ 2017-01-12T15:58:11+08:00 ] 127.0.0.1 /Public/Uploads/16/07/27/57985d52d7a9a.jpg
INFO: [ app_init ] --START--
INFO: Run Behavior\BuildLiteBehavior [ RunTime:0.000000s ]
INFO: [ app_init ] --END-- [ RunTime:0.000000s ]
ERR: 无法加载模块:Public

[ 2017-01-12T15:58:14+08:00 ] 127.0.0.1 /Public/Uploads/16/06/21/5768d3c0629bf.png
INFO: [ app_init ] --START--
INFO: Run Behavior\BuildLiteBehavior [ RunTime:0.000000s ]
INFO: [ app_init ] --END-- [ RunTime:0.000000s ]
ERR: 无法加载模块:Public

[ 2017-01-12T15:58:14+08:00 ] 127.0.0.1 /Public/Uploads/16/07/22/5791cf36a122e.jpg
INFO: [ app_init ] --START--
INFO: Run Behavior\BuildLiteBehavior [ RunTime:0.000000s ]
INFO: [ app_init ] --END-- [ RunTime:0.000000s ]
ERR: 无法加载模块:Public

[ 2017-01-12T15:58:14+08:00 ] 127.0.0.1 /Public/Uploads/16/07/27/57985d52d7a9a.jpg
INFO: [ app_init ] --START--
INFO: Run Behavior\BuildLiteBehavior [ RunTime:0.000000s ]
INFO: [ app_init ] --END-- [ RunTime:0.000000s ]
ERR: 无法加载模块:Public

[ 2017-01-12T15:58:17+08:00 ] 127.0.0.1 /Public/Uploads/16/07/22/5791cf36a122e.jpg
INFO: [ app_init ] --START--
INFO: Run Behavior\BuildLiteBehavior [ RunTime:0.000000s ]
INFO: [ app_init ] --END-- [ RunTime:0.000000s ]
ERR: 无法加载模块:Public

[ 2017-01-12T15:58:17+08:00 ] 127.0.0.1 /Public/Uploads/16/06/21/5768d3c0629bf.png
INFO: [ app_init ] --START--
INFO: Run Behavior\BuildLiteBehavior [ RunTime:0.000000s ]
INFO: [ app_init ] --END-- [ RunTime:0.000000s ]
ERR: 无法加载模块:Public

[ 2017-01-12T15:58:17+08:00 ] 127.0.0.1 /Public/Uploads/16/07/27/57985d52d7a9a.jpg
INFO: [ app_init ] --START--
INFO: Run Behavior\BuildLiteBehavior [ RunTime:0.000000s ]
INFO: [ app_init ] --END-- [ RunTime:0.000000s ]
ERR: 无法加载模块:Public

[ 2017-01-12T15:58:28+08:00 ] 127.0.0.1 /cart/index/error
INFO: [ app_init ] --START--
INFO: Run Behavior\BuildLiteBehavior [ RunTime:0.000000s ]
INFO: [ app_init ] --END-- [ RunTime:0.000000s ]
ERR: 无法加载模块:Cart

[ 2017-01-12T15:58:31+08:00 ] 127.0.0.1 /Public/Uploads/16/06/21/5768d3c0629bf.png
INFO: [ app_init ] --START--
INFO: Run Behavior\BuildLiteBehavior [ RunTime:0.000000s ]
INFO: [ app_init ] --END-- [ RunTime:0.001000s ]
ERR: 无法加载模块:Public

[ 2017-01-12T15:58:31+08:00 ] 127.0.0.1 /Public/Uploads/16/07/22/5791cf36a122e.jpg
INFO: [ app_init ] --START--
INFO: Run Behavior\BuildLiteBehavior [ RunTime:0.000000s ]
INFO: [ app_init ] --END-- [ RunTime:0.000000s ]
ERR: 无法加载模块:Public

[ 2017-01-12T15:58:31+08:00 ] 127.0.0.1 /Public/Uploads/16/07/27/57985d52d7a9a.jpg
INFO: [ app_init ] --START--
INFO: Run Behavior\BuildLiteBehavior [ RunTime:0.000000s ]
INFO: [ app_init ] --END-- [ RunTime:0.001000s ]
ERR: 无法加载模块:Public

